[07/08/22] [20:06:48] Antu Donmez - 1 | 2 
[11/08/22] [00:38:14] Shybw Lone -  | 
[12/08/22] [11:35:48] Mehmet Ekinci -  | 
[12/08/22] [13:58:27] Mehmet Ekinci - 3 | nerdesin 
[14/08/22] [19:35:34] Mehmet Ekinci - 21 | yok 
[14/08/22] [20:21:35] Abbas Devir - 12 | 1 
[16/08/22] [00:07:55] Shybw Lone -  | 
[16/08/22] [00:09:59] Fuat Kocaeli - 5 | 
[16/08/22] [16:23:20] Abbas Devir - 5 | 
[20/08/22] [15:38:44] Noyan Cakiroglu - 1 | silah 
[23/08/22] [13:11:29] Mert Diler -  | 
[23/08/22] [13:13:21] Mert Diler - 3 | 
[23/08/22] [13:24:56] Mert Diler - 2 | 
[23/08/22] [13:26:34] Antu Donmez - 22 | yarrak 
[24/08/22] [03:42:33] Jack Harris - 14 | Canım istedi. 
[26/08/22] [00:00:49] Firat Donmez - 22 | ASALAK 
[26/08/22] [21:16:46] Antu Donmez - 22 | a 
[26/08/22] [21:28:37] Antu Donmez - 22 |  
[26/08/22] [21:51:03] Antu Donmez - 22 | yarrak 
[30/08/22] [18:40:38] Mert Diler -  | 
[01/09/22] [18:52:48] Mert Diler -  | 
