[07/08/22] [00:48:11] Antu Donmez - -72.68000030517578, -816.0700073242188, 242.38999938964844, -121.54110717773438
[07/08/22] [19:39:09] Antu Donmez - -1205.8321533203125, -279.7135314941406, 36.81517028808594, -63.706756591796875
[08/08/22] [00:34:39] Naqasake Xochiquetzal - 335.2398376464844, -1224.198974609375, 37.5384635925293, 69.56321716308594
[11/08/22] [03:26:37] Naqasake Komutan - 1755.73193359375, 2664.014404296875, 44.56491470336914, 106.23824310302734
[11/08/22] [03:26:38] Naqasake Komutan - 1755.73193359375, 2664.014404296875, 44.56491470336914, 106.23824310302734
[11/08/22] [03:26:39] Naqasake Komutan - 1755.73193359375, 2664.014404296875, 44.56491470336914, 106.23824310302734
[11/08/22] [03:26:39] Naqasake Komutan - 1755.73193359375, 2664.014404296875, 44.56491470336914, 106.23824310302734
[11/08/22] [03:26:39] Naqasake Komutan - 1755.73193359375, 2664.014404296875, 44.56491470336914, 106.23824310302734
[11/08/22] [03:28:44] Naqasake Komutan - 1046.3897705078125, 1656.2908935546875, 163.366943359375, -146.73980712890625
[11/08/22] [03:28:45] Naqasake Komutan - 1046.3897705078125, 1656.2908935546875, 163.366943359375, -146.73980712890625
[11/08/22] [03:50:01] Naqasake Komutan - -1359.6300048828125, -2571.516845703125, 12.944931983947754, 132.84068298339844
[11/08/22] [03:50:02] Naqasake Komutan - -1359.6300048828125, -2571.516845703125, 12.944931983947754, 132.84068298339844
[11/08/22] [03:50:02] Naqasake Komutan - -1359.6300048828125, -2571.516845703125, 12.944931983947754, 132.84068298339844
[11/08/22] [03:50:02] Naqasake Komutan - -1359.6300048828125, -2571.516845703125, 12.944931983947754, 132.84068298339844
[11/08/22] [03:50:02] Naqasake Komutan - -1359.6300048828125, -2571.516845703125, 12.944931983947754, 132.84068298339844
[11/08/22] [03:50:03] Naqasake Komutan - -1359.6300048828125, -2571.516845703125, 12.944931983947754, 132.84068298339844
[11/08/22] [03:50:03] Naqasake Komutan - -1359.6300048828125, -2571.516845703125, 12.944931983947754, 132.84068298339844
[11/08/22] [03:50:03] Naqasake Komutan - -1359.6300048828125, -2571.516845703125, 12.944931983947754, 132.84068298339844
[11/08/22] [03:50:10] Naqasake Komutan - -1359.6300048828125, -2571.516845703125, 12.944931983947754, 132.84068298339844
[11/08/22] [03:50:11] Naqasake Komutan - -1359.6300048828125, -2571.516845703125, 12.944931983947754, 132.84068298339844
[11/08/22] [03:50:12] Naqasake Komutan - -1359.6300048828125, -2571.516845703125, 12.944931983947754, 132.84068298339844
[11/08/22] [03:50:13] Naqasake Komutan - -1359.6300048828125, -2571.516845703125, 12.944931983947754, 132.84068298339844
[11/08/22] [03:50:14] Naqasake Komutan - -1359.6300048828125, -2571.516845703125, 12.944931983947754, 132.84068298339844
[11/08/22] [03:50:14] Naqasake Komutan - -1359.6300048828125, -2571.516845703125, 12.944931983947754, 132.84068298339844
[11/08/22] [03:50:15] Naqasake Komutan - -1359.6300048828125, -2571.516845703125, 12.944931983947754, 132.84068298339844
[11/08/22] [03:50:15] Naqasake Komutan - -1359.6300048828125, -2571.516845703125, 12.944931983947754, 132.84068298339844
[11/08/22] [03:50:16] Naqasake Komutan - -1359.6300048828125, -2571.516845703125, 12.944931983947754, 132.84068298339844
[11/08/22] [03:50:16] Naqasake Komutan - -1359.6300048828125, -2571.516845703125, 12.944931983947754, 132.84068298339844
[11/08/22] [03:50:16] Naqasake Komutan - -1359.6300048828125, -2571.516845703125, 12.944931983947754, 132.84068298339844
[11/08/22] [03:50:17] Naqasake Komutan - -1359.6300048828125, -2571.516845703125, 12.944931983947754, 132.84068298339844
[11/08/22] [03:50:17] Naqasake Komutan - -1359.6300048828125, -2571.516845703125, 12.944931983947754, 132.84068298339844
[11/08/22] [03:50:17] Naqasake Komutan - -1359.6300048828125, -2571.516845703125, 12.944931983947754, 132.84068298339844
[11/08/22] [03:50:17] Naqasake Komutan - -1359.6300048828125, -2571.516845703125, 12.944931983947754, 132.84068298339844
[11/08/22] [03:50:17] Naqasake Komutan - -1359.6300048828125, -2571.516845703125, 12.944931983947754, 132.84068298339844
[11/08/22] [03:50:17] Naqasake Komutan - -1359.6300048828125, -2571.516845703125, 12.944931983947754, 132.84068298339844
[11/08/22] [03:50:17] Naqasake Komutan - -1359.6300048828125, -2571.516845703125, 12.944931983947754, 132.84068298339844
[11/08/22] [03:50:18] Naqasake Komutan - -1359.6300048828125, -2571.516845703125, 12.944931983947754, 132.84068298339844
[11/08/22] [03:50:18] Naqasake Komutan - -1359.6300048828125, -2571.516845703125, 12.944931983947754, 132.84068298339844
[11/08/22] [03:50:18] Naqasake Komutan - -1359.6300048828125, -2571.516845703125, 12.944931983947754, 132.84068298339844
[11/08/22] [03:50:18] Naqasake Komutan - -1359.6300048828125, -2571.516845703125, 12.944931983947754, 132.84068298339844
[11/08/22] [03:50:18] Naqasake Komutan - -1359.6300048828125, -2571.516845703125, 12.944931983947754, 132.84068298339844
[11/08/22] [03:50:18] Naqasake Komutan - -1359.6300048828125, -2571.516845703125, 12.944931983947754, 132.84068298339844
[11/08/22] [03:50:18] Naqasake Komutan - -1359.6300048828125, -2571.516845703125, 12.944931983947754, 132.84068298339844
[11/08/22] [03:50:19] Naqasake Komutan - -1359.6300048828125, -2571.516845703125, 12.944931983947754, 132.84068298339844
[11/08/22] [03:50:19] Naqasake Komutan - -1359.6300048828125, -2571.516845703125, 12.944931983947754, 132.84068298339844
[11/08/22] [03:50:19] Naqasake Komutan - -1359.6300048828125, -2571.516845703125, 12.944931983947754, 132.84068298339844
[11/08/22] [03:50:19] Naqasake Komutan - -1359.6300048828125, -2571.516845703125, 12.944931983947754, 132.84068298339844
[11/08/22] [03:50:19] Naqasake Komutan - -1359.6300048828125, -2571.516845703125, 12.944931983947754, 132.84068298339844
[11/08/22] [03:50:19] Naqasake Komutan - -1359.6300048828125, -2571.516845703125, 12.944931983947754, 132.84068298339844
[11/08/22] [03:50:19] Naqasake Komutan - -1359.6300048828125, -2571.516845703125, 12.944931983947754, 132.84068298339844
[11/08/22] [03:50:21] Naqasake Komutan - -1359.6300048828125, -2571.516845703125, 12.944931983947754, 132.84068298339844
[11/08/22] [03:50:21] Naqasake Komutan - -1359.6300048828125, -2571.516845703125, 12.944931983947754, 132.84068298339844
[11/08/22] [03:50:21] Naqasake Komutan - -1359.6300048828125, -2571.516845703125, 12.944931983947754, 132.84068298339844
[11/08/22] [03:50:21] Naqasake Komutan - -1359.6300048828125, -2571.516845703125, 12.944931983947754, 132.84068298339844
[11/08/22] [03:50:21] Naqasake Komutan - -1359.6300048828125, -2571.516845703125, 12.944931983947754, 132.84068298339844
[11/08/22] [03:50:21] Naqasake Komutan - -1359.6300048828125, -2571.516845703125, 12.944931983947754, 132.84068298339844
[11/08/22] [03:50:21] Naqasake Komutan - -1359.6300048828125, -2571.516845703125, 12.944931983947754, 132.84068298339844
[11/08/22] [03:50:22] Naqasake Komutan - -1359.6300048828125, -2571.516845703125, 12.944931983947754, 132.84068298339844
[11/08/22] [03:50:22] Naqasake Komutan - -1359.6300048828125, -2571.516845703125, 12.944931983947754, 132.84068298339844
[11/08/22] [03:50:22] Naqasake Komutan - -1359.6300048828125, -2571.516845703125, 12.944931983947754, 132.84068298339844
[11/08/22] [03:50:22] Naqasake Komutan - -1359.6300048828125, -2571.516845703125, 12.944931983947754, 132.84068298339844
[11/08/22] [03:50:22] Naqasake Komutan - -1359.6300048828125, -2571.516845703125, 12.944931983947754, 132.84068298339844
[11/08/22] [03:50:22] Naqasake Komutan - -1359.6300048828125, -2571.516845703125, 12.944931983947754, 132.84068298339844
[11/08/22] [03:51:55] Naqasake Komutan - -1364.6181640625, -2566.76416015625, 12.944937705993652, 66.13121032714844
[11/08/22] [03:51:57] Naqasake Komutan - -1364.6181640625, -2566.76416015625, 12.944937705993652, 66.13121032714844
[11/08/22] [03:51:57] Naqasake Komutan - -1364.6181640625, -2566.76416015625, 12.944937705993652, 66.13121032714844
[11/08/22] [03:51:58] Naqasake Komutan - -1364.6181640625, -2566.76416015625, 12.944937705993652, 66.13121032714844
[11/08/22] [03:51:58] Naqasake Komutan - -1364.6181640625, -2566.76416015625, 12.944937705993652, 66.13121032714844
[11/08/22] [03:51:58] Naqasake Komutan - -1364.6181640625, -2566.76416015625, 12.944937705993652, 66.13121032714844
[11/08/22] [03:51:59] Naqasake Komutan - -1364.6181640625, -2566.76416015625, 12.944937705993652, 66.13121032714844
[11/08/22] [03:51:59] Naqasake Komutan - -1364.6181640625, -2566.76416015625, 12.944937705993652, 66.13121032714844
[11/08/22] [03:51:59] Naqasake Komutan - -1364.6181640625, -2566.76416015625, 12.944937705993652, 66.13121032714844
[11/08/22] [03:51:59] Naqasake Komutan - -1364.6181640625, -2566.76416015625, 12.944937705993652, 66.13121032714844
[11/08/22] [03:51:59] Naqasake Komutan - -1364.6181640625, -2566.76416015625, 12.944937705993652, 66.13121032714844
[11/08/22] [03:51:59] Naqasake Komutan - -1364.6181640625, -2566.76416015625, 12.944937705993652, 66.13121032714844
[11/08/22] [03:51:59] Naqasake Komutan - -1364.6181640625, -2566.76416015625, 12.944937705993652, 66.13121032714844
[11/08/22] [03:52:00] Naqasake Komutan - -1364.6181640625, -2566.76416015625, 12.944937705993652, 66.13121032714844
[11/08/22] [03:52:00] Naqasake Komutan - -1364.6181640625, -2566.76416015625, 12.944937705993652, 66.13121032714844
[11/08/22] [03:52:00] Naqasake Komutan - -1364.6181640625, -2566.76416015625, 12.944937705993652, 66.13121032714844
[11/08/22] [03:52:00] Naqasake Komutan - -1364.6181640625, -2566.76416015625, 12.944937705993652, 66.13121032714844
[11/08/22] [03:52:01] Naqasake Komutan - -1364.6181640625, -2566.76416015625, 12.944937705993652, 66.13121032714844
[11/08/22] [03:52:01] Naqasake Komutan - -1364.6181640625, -2566.76416015625, 12.944937705993652, 66.13121032714844
[11/08/22] [03:52:01] Naqasake Komutan - -1364.6181640625, -2566.76416015625, 12.944937705993652, 66.13121032714844
[11/08/22] [03:52:01] Naqasake Komutan - -1364.6181640625, -2566.76416015625, 12.944937705993652, 66.13121032714844
[11/08/22] [03:52:01] Naqasake Komutan - -1364.6181640625, -2566.76416015625, 12.944937705993652, 66.13121032714844
[11/08/22] [03:52:02] Naqasake Komutan - -1364.6181640625, -2566.76416015625, 12.944937705993652, 66.13121032714844
[11/08/22] [03:52:02] Naqasake Komutan - -1364.6181640625, -2566.76416015625, 12.944937705993652, 66.13121032714844
[11/08/22] [03:52:02] Naqasake Komutan - -1364.6181640625, -2566.76416015625, 12.944937705993652, 66.13121032714844
[11/08/22] [03:52:02] Naqasake Komutan - -1364.6181640625, -2566.76416015625, 12.944937705993652, 66.13121032714844
[11/08/22] [03:52:17] Naqasake Komutan - -1364.6181640625, -2566.76416015625, 12.944937705993652, 66.13121032714844
[11/08/22] [03:52:27] Naqasake Komutan - -1364.6181640625, -2566.76416015625, 12.944937705993652, 66.13121032714844
[11/08/22] [03:52:28] Naqasake Komutan - -1364.6181640625, -2566.76416015625, 12.944937705993652, 66.13121032714844
[11/08/22] [03:52:29] Naqasake Komutan - -1364.6181640625, -2566.76416015625, 12.944937705993652, 66.13121032714844
[11/08/22] [03:52:29] Naqasake Komutan - -1364.6181640625, -2566.76416015625, 12.944937705993652, 66.13121032714844
[11/08/22] [03:52:29] Naqasake Komutan - -1364.6181640625, -2566.76416015625, 12.944937705993652, 66.13121032714844
[11/08/22] [03:52:29] Naqasake Komutan - -1364.6181640625, -2566.76416015625, 12.944937705993652, 66.13121032714844
[11/08/22] [03:52:29] Naqasake Komutan - -1364.6181640625, -2566.76416015625, 12.944937705993652, 66.13121032714844
[11/08/22] [03:52:29] Naqasake Komutan - -1364.6181640625, -2566.76416015625, 12.944937705993652, 66.13121032714844
[11/08/22] [03:52:29] Naqasake Komutan - -1364.6181640625, -2566.76416015625, 12.944937705993652, 66.13121032714844
[11/08/22] [03:52:30] Naqasake Komutan - -1364.6181640625, -2566.76416015625, 12.944937705993652, 66.13121032714844
[11/08/22] [03:52:30] Naqasake Komutan - -1364.6181640625, -2566.76416015625, 12.944937705993652, 66.13121032714844
[11/08/22] [03:52:30] Naqasake Komutan - -1364.6181640625, -2566.76416015625, 12.944937705993652, 66.13121032714844
[11/08/22] [03:52:30] Naqasake Komutan - -1364.6181640625, -2566.76416015625, 12.944937705993652, 66.13121032714844
[11/08/22] [03:52:30] Naqasake Komutan - -1364.6181640625, -2566.76416015625, 12.944937705993652, 66.13121032714844
[11/08/22] [03:52:31] Naqasake Komutan - -1364.6181640625, -2566.76416015625, 12.944937705993652, 66.13121032714844
[11/08/22] [03:52:31] Naqasake Komutan - -1364.6181640625, -2566.76416015625, 12.944937705993652, 66.13121032714844
[11/08/22] [03:52:31] Naqasake Komutan - -1364.6181640625, -2566.76416015625, 12.944937705993652, 66.13121032714844
[11/08/22] [03:52:32] Naqasake Komutan - -1364.6181640625, -2566.76416015625, 12.944937705993652, 66.13121032714844
[11/08/22] [03:52:32] Naqasake Komutan - -1364.6181640625, -2566.76416015625, 12.944937705993652, 66.13121032714844
[11/08/22] [03:52:32] Naqasake Komutan - -1364.6181640625, -2566.76416015625, 12.944937705993652, 66.13121032714844
[11/08/22] [03:52:32] Naqasake Komutan - -1364.6181640625, -2566.76416015625, 12.944937705993652, 66.13121032714844
[11/08/22] [04:14:42] Naqasake Komutan - 3041.647216796875, -4654.14453125, 14.262394905090332, 172.01951599121094
[11/08/22] [17:56:37] Jack Harris - -79.7039794921875, 43.874149322509766, 70.84473419189453, -152.40634155273438
[12/08/22] [13:53:53] Antu Donmez - 1639.468505859375, 2571.120849609375, 43.76719284057617, 152.39573669433594
[12/08/22] [13:53:54] Antu Donmez - 1639.468505859375, 2571.120849609375, 43.76719284057617, 152.39573669433594
[12/08/22] [17:51:57] Abbas Devir - 316.03973388671875, -794.6668090820312, 107.15196990966797, -165.80209350585938
[12/08/22] [18:05:37] Abbas Devir - 354.9796142578125, -1353.464599609375, 31.25783920288086, -33.958797454833984
[12/08/22] [23:20:48] Ozgur Baba - -1078.1451416015625, -3159.9638671875, 13.137740135192871, -112.05293273925781
[12/08/22] [23:29:55] Ozgur Baba - 759.0001831054688, 105.9927978515625, 79.41127014160156, -132.117919921875
[12/08/22] [23:29:55] Ozgur Baba - 759.0001831054688, 105.9927978515625, 79.41127014160156, -132.117919921875
[12/08/22] [23:41:27] Emre Kurt - 758.3904418945312, 112.57075500488281, 77.93649291992188, -120.7848129272461
[13/08/22] [01:21:26] Jack Harris - 398.03228759765625, -1377.086669921875, -24.818857192993164, -20.190610885620117
[13/08/22] [01:21:30] Jack Harris - 396.5967712402344, -1375.740234375, -200.88787841796875, -20.190610885620117
[13/08/22] [01:21:31] Jack Harris - 404.24981689453125, -1379.4996337890625, 29.02741241455078, -20.190610885620117
[13/08/22] [01:21:32] Jack Harris - 404.24981689453125, -1379.4996337890625, 29.02741241455078, -20.190610885620117
[13/08/22] [01:21:40] Jack Harris - 404.24981689453125, -1379.4996337890625, 29.02741241455078, -20.190610885620117
[13/08/22] [01:36:54] Shybw Lone - -2113.52099609375, 3115.3212890625, 31.708988189697266, 111.68133544921875
[13/08/22] [02:24:28] Jack Harris - -1085.66943359375, 2876.587890625, 7.222357749938965, 69.15641021728516
[13/08/22] [12:21:04] Antu Donmez - 774.500732421875, -46.681636810302734, 78.892822265625, 98.81271362304688
[13/08/22] [12:46:06] Mehmet Ekinci - -1951.36572265625, 3296.452880859375, 32.08544921875, 65.39207458496094
[13/08/22] [18:13:32] Jack Harris - -176.8382568359375, 6354.1484375, 30.05770492553711, -171.1821746826172
[13/08/22] [18:13:32] Jack Harris - -176.8382568359375, 6354.1484375, 30.05770492553711, -171.1821746826172
[14/08/22] [21:08:51] Antu Donmez - 1707.287841796875, 2525.44384765625, 43.78420639038086, -144.49380493164062
[16/08/22] [19:08:44] Jack Harris - -310.0933532714844, 6039.63818359375, 30.441226959228516, -40.62228775024414
[16/08/22] [19:08:44] Jack Harris - -310.0933532714844, 6039.63818359375, 30.441226959228516, -40.62228775024414
[16/08/22] [19:22:46] Noyan Cakiroglu - -454.8731689453125, 6015.75927734375, 30.716442108154297, -41.39577865600586
[16/08/22] [19:24:45] Noyan Cakiroglu - -455.1339111328125, 6004.04052734375, 30.34052848815918, -133.9227294921875
[18/08/22] [01:15:17] Abbas Devir - 36.64704895019531, -1110.4366455078125, 28.197994232177734, -61.191471099853516
[18/08/22] [03:52:45] Jack Harris - 1857.3604736328125, 3695.19775390625, 32.41130065917969, 170.61578369140625
[18/08/22] [21:15:02] Jack Harris - 288.6114807128906, -1345.5357666015625, 23.53780174255371, -0.005313886795192957
[23/08/22] [00:26:37] Jack Harris - -42.201744079589844, -1122.1868896484375, 48.684356689453125, -0.005313886795192957
[23/08/22] [12:55:16] Firat Donmez - 336.2287292480469, -1347.46533203125, 31.500492095947266, -38.58828353881836
[23/08/22] [14:28:31] Ozgur Baba - 780.3887329101562, 1180.5423583984375, 324.3760070800781, -5.545812606811523
[23/08/22] [14:28:32] Ozgur Baba - 780.3887329101562, 1180.5423583984375, 324.3760070800781, -5.545812606811523
[28/08/22] [19:44:18] Mert Diler - 1828.4765625, 3654.370361328125, 33.8072624206543, -152.8074188232422
[01/09/22] [19:26:11] Jack Harris - 1852.3585205078125, 3697.955810546875, 32.500240325927734, -32.961849212646484
