[11/08/22] [01:00:16] Emre Kurt | Adrenaline to id: 7
[11/08/22] [02:43:01] Emre Kurt | Heal to id: 7
[11/08/22] [02:44:33] Naqasake Komutan | Adrenaline to id: 7
[11/08/22] [02:46:20] Emre Kurt | Heal to id: 7
[11/08/22] [02:53:40] Naqasake Komutan | Adrenaline to id: 9
[11/08/22] [02:53:48] Naqasake Komutan | Adrenaline to id: 1
[11/08/22] [02:56:15] Jack Harris | Adrenaline to id: 1
[11/08/22] [02:57:28] Naqasake Komutan | Heal to id: 9
[11/08/22] [03:24:50] Naqasake Komutan | Adrenaline to id: 14
[11/08/22] [03:25:11] Naqasake Komutan | Adrenaline to id: 14
[11/08/22] [03:25:17] Naqasake Komutan | Heal to id: 14
[11/08/22] [03:29:05] Naqasake Komutan | Adrenaline to id: 14
[11/08/22] [03:29:58] Naqasake Komutan | Heal to id: 9
[11/08/22] [03:56:22] Naqasake Komutan | Adrenaline to id: 9
[11/08/22] [03:56:34] Naqasake Komutan | Heal to id: 9
[11/08/22] [15:42:21] Naqasake Komutan | Adrenaline to id: 9
[11/08/22] [16:01:14] Naqasake Komutan | Adrenaline to id: 9
[11/08/22] [16:01:29] Naqasake Komutan | Heal to id: 9
[11/08/22] [16:05:33] Naqasake Komutan | Adrenaline to id: 15
[11/08/22] [16:05:36] Naqasake Komutan | Adrenaline to id: 15
[11/08/22] [16:05:40] Naqasake Komutan | Heal to id: 15
[11/08/22] [16:05:44] Naqasake Komutan | Adrenaline to id: 15
[11/08/22] [16:05:59] Naqasake Komutan | Adrenaline to id: 15
[11/08/22] [16:06:03] Naqasake Komutan | Heal to id: 15
[11/08/22] [16:10:05] Naqasake Komutan | Adrenaline to id: 15
[11/08/22] [16:10:08] Naqasake Komutan | Heal to id: 15
[11/08/22] [16:49:17] Ahmet Tufan | Heal to id: 6
[11/08/22] [16:53:36] Antu Donmez | Adrenaline to id: 8
[11/08/22] [17:02:45] Naqasake Komutan | Adrenaline to id: 9
[11/08/22] [17:03:58] Ahmet Tufan | Adrenaline to id: 8
[11/08/22] [17:04:11] Ahmet Tufan | Adrenaline to id: 8
[11/08/22] [17:04:16] Ahmet Tufan | Heal to id: 8
[11/08/22] [17:14:01] Naqasake Komutan | Adrenaline to id: 8
[11/08/22] [17:14:21] Ahmet Tufan | Adrenaline to id: 8
[11/08/22] [17:14:29] Ahmet Tufan | Heal to id: 8
[11/08/22] [17:15:45] Mehmet Ekinci | Heal to id: 8
[11/08/22] [17:56:22] Jack Harris | Adrenaline to id: 3
[11/08/22] [17:56:32] Jack Harris | Adrenaline to id: 3
[11/08/22] [17:56:39] Jack Harris | Adrenaline to id: 3
[11/08/22] [17:56:48] Antu Donmez | Adrenaline to id: 3
[11/08/22] [17:57:01] Antu Donmez | Adrenaline to id: 1
[11/08/22] [18:01:10] Antu Donmez | Adrenaline to id: 1
[11/08/22] [18:07:37] Antu Donmez | Adrenaline to id: 1
[11/08/22] [18:08:59] Antu Donmez | Adrenaline to id: 1
[11/08/22] [18:34:11] Naqasake Komutan | Adrenaline to id: 9
[11/08/22] [18:35:25] Naqasake Komutan | Adrenaline to id: 9
[11/08/22] [18:37:04] Naqasake Komutan | Adrenaline to id: 9
[11/08/22] [18:37:37] Naqasake Komutan | Adrenaline to id: 1
[11/08/22] [18:38:39] Antu Donmez | Adrenaline to id: 3
[11/08/22] [18:39:01] Antu Donmez | Adrenaline to id: 3
[12/08/22] [12:15:31] Naqasake Komutan | Adrenaline to id: 16
[12/08/22] [12:15:39] Naqasake Komutan | Adrenaline to id: 16
[12/08/22] [12:15:48] Naqasake Komutan | Adrenaline to id: 16
[12/08/22] [12:15:57] Naqasake Komutan | Heal to id: 16
[12/08/22] [12:16:32] Naqasake Komutan | Adrenaline to id: 16
[12/08/22] [12:16:37] Naqasake Komutan | Adrenaline to id: 16
[12/08/22] [12:16:41] Naqasake Komutan | Heal to id: 16
[12/08/22] [12:16:49] Naqasake Komutan | Adrenaline to id: 16
[12/08/22] [12:16:53] Naqasake Komutan | Heal to id: 16
[12/08/22] [12:25:25] Naqasake Komutan | Adrenaline to id: 16
[12/08/22] [12:25:52] Naqasake Komutan | Adrenaline to id: 16
[12/08/22] [12:26:28] Naqasake Komutan | Adrenaline to id: 16
[12/08/22] [12:26:34] Naqasake Komutan | Adrenaline to id: 16
[12/08/22] [12:26:48] Naqasake Komutan | Adrenaline to id: 16
[12/08/22] [12:27:25] Naqasake Komutan | Adrenaline to id: 16
[12/08/22] [12:27:47] Naqasake Komutan | Adrenaline to id: 16
[12/08/22] [12:44:05] Naqasake Komutan | Adrenaline to id: 16
[12/08/22] [12:44:22] Naqasake Komutan | Adrenaline to id: 16
[12/08/22] [12:46:37] Jack Harris | Heal to id: 14
[12/08/22] [12:46:43] Jack Harris | Heal to id: 16
[12/08/22] [12:46:53] Jack Harris | Adrenaline to id: 16
[12/08/22] [12:48:01] Naqasake Komutan | Adrenaline to id: 16
[12/08/22] [12:48:15] Naqasake Komutan | Adrenaline to id: 16
[12/08/22] [12:48:28] Naqasake Komutan | Adrenaline to id: 16
[12/08/22] [12:51:59] Naqasake Komutan | Adrenaline to id: 16
[12/08/22] [12:52:42] Naqasake Komutan | Adrenaline to id: 16
[12/08/22] [12:56:04] Naqasake Komutan | Adrenaline to id: 16
[12/08/22] [12:57:22] Naqasake Komutan | Adrenaline to id: 16
[12/08/22] [12:57:41] Naqasake Komutan | Adrenaline to id: 16
[12/08/22] [12:57:45] Naqasake Komutan | Adrenaline to id: 16
[12/08/22] [12:57:49] Naqasake Komutan | Adrenaline to id: 16
[12/08/22] [12:57:54] Naqasake Komutan | Heal to id: 16
[12/08/22] [12:58:37] Naqasake Komutan | Adrenaline to id: 16
[12/08/22] [12:58:44] Naqasake Komutan | Adrenaline to id: 16
[12/08/22] [12:58:47] Naqasake Komutan | Heal to id: 16
[12/08/22] [12:58:54] Naqasake Komutan | Heal to id: 16
[12/08/22] [12:59:16] Naqasake Komutan | Adrenaline to id: 16
[12/08/22] [12:59:19] Naqasake Komutan | Heal to id: 16
[12/08/22] [13:02:16] Naqasake Komutan | Adrenaline to id: 16
[12/08/22] [13:02:21] Naqasake Komutan | Heal to id: 16
[12/08/22] [13:13:37] Naqasake Komutan | Adrenaline to id: 16
[12/08/22] [13:16:01] Naqasake Komutan | Adrenaline to id: 16
[12/08/22] [13:16:08] Naqasake Komutan | Heal to id: 16
[12/08/22] [13:17:37] Naqasake Komutan | Adrenaline to id: 3
[12/08/22] [13:39:51] Antu Donmez | Adrenaline to id: 3
[12/08/22] [13:40:55] Antu Donmez | Adrenaline to id: 16
[12/08/22] [13:42:34] Jack Harris | Adrenaline to id: 1
[12/08/22] [13:50:17] Jack Harris | Adrenaline to id: 16
[12/08/22] [13:50:21] Jack Harris | Adrenaline to id: 16
[12/08/22] [13:50:24] Jack Harris | Heal to id: 16
[12/08/22] [13:51:46] Antu Donmez | Adrenaline to id: 16
[12/08/22] [13:52:25] Antu Donmez | Adrenaline to id: 3
[12/08/22] [13:52:36] Antu Donmez | Adrenaline to id: 16
[12/08/22] [13:52:57] Jack Harris | Adrenaline to id: 16
[12/08/22] [13:53:55] Antu Donmez | Adrenaline to id: 3
[12/08/22] [13:56:13] Jack Harris | Adrenaline to id: 16
[12/08/22] [13:57:38] Jack Harris | Adrenaline to id: 16
[12/08/22] [13:57:53] Jack Harris | Adrenaline to id: 16
[12/08/22] [14:47:28] Jack Harris | Adrenaline to id: 5
[12/08/22] [14:47:36] Fuat Kocaeli | Adrenaline to id: 5
[12/08/22] [14:48:15] Jack Harris | Adrenaline to id: 5
[12/08/22] [15:01:25] Fuat Kocaeli | Heal to id: 5
[12/08/22] [15:09:27] Antu Donmez | Adrenaline to id: 3
[12/08/22] [15:09:35] Antu Donmez | Adrenaline to id: 1
[12/08/22] [15:18:02] Fuat Kocaeli | Adrenaline to id: 5
[12/08/22] [15:23:00] Antu Donmez | Adrenaline to id: 1
[12/08/22] [15:34:59] Fuat Kocaeli | Heal to id: 5
[12/08/22] [15:42:57] Fuat Kocaeli | Heal to id: 5
[12/08/22] [16:40:48] Jack Harris | Adrenaline to id: 1
[12/08/22] [17:25:09] Mehmet Ekinci | Heal to id: 8
[12/08/22] [17:26:13] Jack Harris | Adrenaline to id: 17
[12/08/22] [17:26:22] Jack Harris | Heal to id: 17
[12/08/22] [17:26:26] Mehmet Ekinci | Heal to id: 18
[12/08/22] [17:26:28] Ahmet Tufan | Adrenaline to id: 17
[12/08/22] [17:26:29] Jack Harris | Adrenaline to id: 17
[12/08/22] [17:27:40] Ahmet Tufan | Adrenaline to id: 17
[12/08/22] [17:27:53] Ahmet Tufan | Heal to id: 17
[12/08/22] [17:28:50] Ahmet Tufan | Adrenaline to id: 17
[12/08/22] [17:29:11] Mehmet Ekinci | Heal to id: 17
[12/08/22] [17:30:31] Mehmet Ekinci | Heal to id: 8
[12/08/22] [17:36:45] Ahmet Tufan | Adrenaline to id: 17
[12/08/22] [17:36:56] Fuat Kocaeli | Heal to id: 17
[12/08/22] [17:37:00] Ahmet Tufan | Heal to id: 17
[12/08/22] [17:37:11] Fuat Kocaeli | Heal to id: 17
[12/08/22] [17:39:59] Abbas Devir | Heal to id: 31
[12/08/22] [17:42:28] Mehmet Ekinci | Heal to id: 8
[12/08/22] [17:45:06] Ahmet Tufan | Adrenaline to id: 17
[12/08/22] [17:45:13] Abbas Devir | Adrenaline to id: 31
[12/08/22] [17:46:25] Abbas Devir | Adrenaline to id: 18
[12/08/22] [17:46:31] Abbas Devir | Adrenaline to id: 17
[12/08/22] [17:46:38] Abbas Devir | Adrenaline to id: 17
[12/08/22] [17:46:46] Abbas Devir | Adrenaline to id: 31
[12/08/22] [17:47:17] Naqasake Komutan | Adrenaline to id: 17
[12/08/22] [17:47:19] Fuat Kocaeli | Heal to id: 17
[12/08/22] [17:48:54] Fuat Kocaeli | Adrenaline to id: 17
[12/08/22] [17:49:31] Abbas Devir | Heal to id: 17
[12/08/22] [18:16:30] Abbas Devir | Adrenaline to id: 18
[12/08/22] [18:16:39] Abbas Devir | Heal to id: 18
[12/08/22] [18:25:01] Abbas Devir | Adrenaline to id: 18
[12/08/22] [18:25:05] Abbas Devir | Heal to id: 18
[12/08/22] [18:26:40] Abbas Devir | Adrenaline to id: 18
[12/08/22] [18:26:48] Abbas Devir | Adrenaline to id: 18
[12/08/22] [18:26:53] Abbas Devir | Adrenaline to id: 18
[12/08/22] [18:26:57] Abbas Devir | Heal to id: 18
[12/08/22] [18:34:21] Abbas Devir | Adrenaline to id: 18
[12/08/22] [18:34:25] Abbas Devir | Adrenaline to id: 18
[12/08/22] [18:34:28] Abbas Devir | Adrenaline to id: 18
[12/08/22] [18:34:33] Abbas Devir | Heal to id: 18
[12/08/22] [18:34:36] Abbas Devir | Adrenaline to id: 18
[12/08/22] [18:34:40] Abbas Devir | Adrenaline to id: 18
[12/08/22] [18:35:14] Abbas Devir | Adrenaline to id: 18
[12/08/22] [18:35:18] Abbas Devir | Heal to id: 18
[12/08/22] [18:52:19] Abbas Devir | Adrenaline to id: 1
[12/08/22] [18:52:22] Abbas Devir | Heal to id: 1
[12/08/22] [18:57:30] Jack Harris | Adrenaline to id: 1
[12/08/22] [19:00:07] Abbas Devir | Heal to id: 17
[12/08/22] [19:10:58] Antu Donmez | Adrenaline to id: 3
[12/08/22] [19:11:03] Antu Donmez | Adrenaline to id: 3
[12/08/22] [19:11:11] Mehmet Ekinci | Adrenaline to id: 8
[12/08/22] [19:11:16] Antu Donmez | Adrenaline to id: 3
[12/08/22] [19:11:21] Mehmet Ekinci | Adrenaline to id: 8
[12/08/22] [19:11:37] Antu Donmez | Adrenaline to id: 3
[12/08/22] [19:11:52] Abbas Devir | Adrenaline to id: 17
[12/08/22] [19:11:56] Mehmet Ekinci | Heal to id: 8
[12/08/22] [19:12:00] Antu Donmez | Adrenaline to id: 3
[12/08/22] [19:12:06] Abbas Devir | Heal to id: 17
[12/08/22] [19:13:15] Antu Donmez | Adrenaline to id: 3
[12/08/22] [19:32:00] Mehmet Ekinci | Adrenaline to id: 8
[12/08/22] [19:32:07] Mehmet Ekinci | Heal to id: 8
[12/08/22] [19:44:40] Antu Donmez | Adrenaline to id: 3
[12/08/22] [23:10:49] Jack Harris | Adrenaline to id: 12
[12/08/22] [23:20:54] Ozgur Baba | Adrenaline to id: 1
[12/08/22] [23:35:25] Jack Harris | Adrenaline to id: 12
[12/08/22] [23:43:48] Emre Kurt | Adrenaline to id: 7
[12/08/22] [23:44:12] Emre Kurt | Adrenaline to id: 7
[12/08/22] [23:49:52] Jack Harris | Adrenaline to id: 1
[13/08/22] [00:04:43] Shybw Lone | Adrenaline to id: 11
[13/08/22] [00:13:48] Mehmet Ekinci | Adrenaline to id: 8
[13/08/22] [00:13:53] Mehmet Ekinci | Heal to id: 8
[13/08/22] [00:16:56] Mehmet Ekinci | Adrenaline to id: 8
[13/08/22] [00:17:04] Mehmet Ekinci | Heal to id: 8
[13/08/22] [00:17:40] Jack Harris | Adrenaline to id: 1
[13/08/22] [00:21:56] Mehmet Ekinci | Adrenaline to id: 8
[13/08/22] [00:22:06] Mehmet Ekinci | Adrenaline to id: 8
[13/08/22] [00:22:10] Mehmet Ekinci | Heal to id: 8
[13/08/22] [00:28:18] Mehmet Ekinci | Adrenaline to id: 8
[13/08/22] [00:28:27] Mehmet Ekinci | Adrenaline to id: 8
[13/08/22] [00:28:33] Mehmet Ekinci | Adrenaline to id: 8
[13/08/22] [00:32:04] Mehmet Ekinci | Adrenaline to id: 8
[13/08/22] [00:52:42] Naqasake Komutan | Adrenaline to id: 9
[13/08/22] [00:52:54] Naqasake Komutan | Heal to id: 9
[13/08/22] [00:59:32] Fuat Kocaeli | Adrenaline to id: 5
[13/08/22] [01:00:29] Fuat Kocaeli | Heal to id: 5
[13/08/22] [01:07:24] Ozgur Baba | Heal to id: 12
[13/08/22] [01:25:34] Fuat Kocaeli | Heal to id: 5
[13/08/22] [03:04:19] Emre Kurt | Adrenaline to id: 7
[13/08/22] [03:10:09] Abbas Devir | Heal to id: 17
[13/08/22] [03:11:39] Emre Kurt | Adrenaline to id: 7
[13/08/22] [03:23:21] Abbas Devir | Adrenaline to id: 17
[13/08/22] [03:23:32] Abbas Devir | Heal to id: 17
[13/08/22] [03:35:22] Abbas Devir | Heal to id: 17
[13/08/22] [03:36:23] Emre Kurt | Adrenaline to id: 7
[13/08/22] [12:02:08] Naqasake Komutan | Adrenaline to id: 4
[13/08/22] [12:02:17] Naqasake Komutan | Heal to id: 4
[13/08/22] [12:07:33] Mehmet Ekinci | Heal to id: 8
[13/08/22] [12:17:18] Antu Donmez | Adrenaline to id: 8
[13/08/22] [12:17:22] Antu Donmez | Adrenaline to id: 4
[13/08/22] [12:18:49] Antu Donmez | Adrenaline to id: 3
[13/08/22] [12:18:55] Antu Donmez | Adrenaline to id: 4
[13/08/22] [12:19:04] Antu Donmez | Adrenaline to id: 3
[13/08/22] [12:19:07] Antu Donmez | Adrenaline to id: 4
[13/08/22] [12:19:15] Antu Donmez | Adrenaline to id: 4
[13/08/22] [12:21:06] Antu Donmez | Adrenaline to id: 3
[13/08/22] [12:21:13] Antu Donmez | Adrenaline to id: 3
[13/08/22] [12:21:54] Antu Donmez | Adrenaline to id: 4
[13/08/22] [12:26:11] Antu Donmez | Adrenaline to id: 3
[13/08/22] [12:26:16] Antu Donmez | Adrenaline to id: 4
[13/08/22] [12:26:22] Antu Donmez | Adrenaline to id: 4
[13/08/22] [12:26:28] Antu Donmez | Adrenaline to id: 4
[13/08/22] [12:26:34] Antu Donmez | Adrenaline to id: 4
[13/08/22] [12:26:39] Naqasake Komutan | Adrenaline to id: 4
[13/08/22] [12:27:51] Antu Donmez | Adrenaline to id: 3
[13/08/22] [12:27:58] Antu Donmez | Adrenaline to id: 4
[13/08/22] [12:28:09] Antu Donmez | Adrenaline to id: 4
[13/08/22] [12:29:15] Antu Donmez | Adrenaline to id: 3
[13/08/22] [12:39:28] Mehmet Ekinci | Adrenaline to id: 8
[13/08/22] [12:39:38] Mehmet Ekinci | Heal to id: 8
[13/08/22] [12:44:27] Mehmet Ekinci | Adrenaline to id: 6
[13/08/22] [12:44:33] Mehmet Ekinci | Adrenaline to id: 16
[13/08/22] [12:44:37] Mehmet Ekinci | Heal to id: 16
[13/08/22] [12:45:54] Mehmet Ekinci | Adrenaline to id: 16
[13/08/22] [12:45:57] Naqasake Komutan | Adrenaline to id: 16
[13/08/22] [12:46:02] Naqasake Komutan | Heal to id: 16
[13/08/22] [13:00:25] Naqasake Komutan | Adrenaline to id: 16
[13/08/22] [13:00:36] Naqasake Komutan | Adrenaline to id: 16
[13/08/22] [13:01:49] Antu Donmez | Adrenaline to id: 16
[13/08/22] [13:05:23] Antu Donmez | Adrenaline to id: 16
[13/08/22] [13:05:46] Mehmet Ekinci | Adrenaline to id: 8
[13/08/22] [13:05:55] Naqasake Komutan | Adrenaline to id: 16
[13/08/22] [13:05:55] Mehmet Ekinci | Heal to id: 8
[13/08/22] [13:06:02] Naqasake Komutan | Adrenaline to id: 16
[13/08/22] [13:14:54] Fuat Kocaeli | Adrenaline to id: 5
[13/08/22] [13:20:53] Ahmet Tufan | Adrenaline to id: 6
[13/08/22] [13:21:09] Ahmet Tufan | Heal to id: 6
[13/08/22] [13:25:34] Fuat Kocaeli | Adrenaline to id: 16
[13/08/22] [13:25:41] Fuat Kocaeli | Adrenaline to id: 16
[13/08/22] [13:25:46] Fuat Kocaeli | Heal to id: 16
[13/08/22] [13:26:01] Fuat Kocaeli | Adrenaline to id: 16
[13/08/22] [13:26:53] Ahmet Tufan | Adrenaline to id: 16
[13/08/22] [13:27:24] Ahmet Tufan | Adrenaline to id: 16
[13/08/22] [13:27:56] Mehmet Ekinci | Adrenaline to id: 8
[13/08/22] [13:28:13] Mehmet Ekinci | Heal to id: 8
[13/08/22] [13:28:42] Fuat Kocaeli | Adrenaline to id: 8
[13/08/22] [15:03:11] Jack Harris | Adrenaline to id: 1
[13/08/22] [16:43:25] Fuat Kocaeli | Adrenaline to id: 7
[13/08/22] [17:16:15] Fuat Kocaeli | Adrenaline to id: 16
[13/08/22] [17:59:40] Antu Donmez | Adrenaline to id: 3
[13/08/22] [18:04:59] Antu Donmez | Adrenaline to id: 3
[13/08/22] [18:12:39] Antu Donmez | Adrenaline to id: 1
[13/08/22] [18:13:23] Antu Donmez | Adrenaline to id: 3
[13/08/22] [18:13:29] Antu Donmez | Adrenaline to id: 3
[13/08/22] [18:13:34] Jack Harris | Adrenaline to id: 1
[13/08/22] [18:13:43] Mehmet Ekinci | Adrenaline to id: 8
[13/08/22] [18:13:44] Antu Donmez | Adrenaline to id: 16
[13/08/22] [18:13:46] Mehmet Ekinci | Heal to id: 8
[13/08/22] [18:14:18] Mehmet Ekinci | Adrenaline to id: 8
[13/08/22] [18:14:28] Mehmet Ekinci | Adrenaline to id: 8
[13/08/22] [18:14:31] Mehmet Ekinci | Heal to id: 8
[13/08/22] [18:14:56] Antu Donmez | Adrenaline to id: 3
[13/08/22] [18:15:02] Antu Donmez | Adrenaline to id: 3
[13/08/22] [18:15:24] Antu Donmez | Adrenaline to id: 3
[13/08/22] [18:15:39] Emre Kurt | Adrenaline to id: 16
[13/08/22] [18:15:51] Mehmet Ekinci | Adrenaline to id: 8
[13/08/22] [18:15:56] Emre Kurt | Adrenaline to id: 16
[13/08/22] [18:15:57] Mehmet Ekinci | Adrenaline to id: 8
[13/08/22] [18:16:04] Mehmet Ekinci | Heal to id: 8
[13/08/22] [18:17:35] Antu Donmez | Adrenaline to id: 16
[13/08/22] [18:18:02] Emre Kurt | Adrenaline to id: 7
[13/08/22] [18:18:16] Mehmet Ekinci | Adrenaline to id: 8
[13/08/22] [18:18:20] Emre Kurt | Adrenaline to id: 7
[13/08/22] [18:19:44] Antu Donmez | Adrenaline to id: 16
[13/08/22] [18:19:45] Mehmet Ekinci | Adrenaline to id: 8
[13/08/22] [18:21:21] Antu Donmez | Adrenaline to id: 1
[13/08/22] [18:21:44] Mehmet Ekinci | Adrenaline to id: 8
[13/08/22] [18:21:55] Antu Donmez | Adrenaline to id: 1
[13/08/22] [18:22:03] Antu Donmez | Adrenaline to id: 1
[13/08/22] [18:27:18] Antu Donmez | Adrenaline to id: 8
[13/08/22] [18:27:32] Antu Donmez | Adrenaline to id: 8
[13/08/22] [18:28:57] Antu Donmez | Adrenaline to id: 8
[13/08/22] [18:29:50] Antu Donmez | Adrenaline to id: 8
[14/08/22] [11:10:24] Mehmet Ekinci | Adrenaline to id: 8
[14/08/22] [11:10:35] Mehmet Ekinci | Heal to id: 8
[14/08/22] [12:27:46] Antu Donmez | Adrenaline to id: 9
[14/08/22] [17:39:39] Mehmet Ekinci | Heal to id: 8
[14/08/22] [19:01:11] Abbas Devir | Heal to id: 17
[14/08/22] [19:10:21] Mehmet Ekinci | Adrenaline to id: 8
[14/08/22] [19:10:24] Mehmet Ekinci | Heal to id: 8
[14/08/22] [19:16:02] Mehmet Ekinci | Adrenaline to id: 8
[14/08/22] [19:16:07] Mehmet Ekinci | Heal to id: 8
[14/08/22] [19:18:30] Antu Donmez | Adrenaline to id: 3
[14/08/22] [19:21:36] Abbas Devir | Adrenaline to id: 17
[14/08/22] [19:22:48] Abbas Devir | Adrenaline to id: 1
[14/08/22] [19:22:56] Abbas Devir | Adrenaline to id: 17
[14/08/22] [19:22:58] Jack Harris | Adrenaline to id: 1
[14/08/22] [19:25:05] Mehmet Ekinci | Adrenaline to id: 8
[14/08/22] [19:25:13] Mehmet Ekinci | Adrenaline to id: 8
[14/08/22] [19:25:21] Mehmet Ekinci | Adrenaline to id: 8
[14/08/22] [19:37:59] Mehmet Ekinci | Heal to id: 21
[14/08/22] [19:43:05] Ozgur Baba | Adrenaline to id: 8
[14/08/22] [19:43:14] Ozgur Baba | Adrenaline to id: 21
[14/08/22] [19:46:43] Antu Donmez | Adrenaline to id: 3
[14/08/22] [20:05:19] Mehmet Ekinci | Adrenaline to id: 8
[14/08/22] [20:09:14] Mehmet Ekinci | Adrenaline to id: 5
[14/08/22] [20:09:33] Mehmet Ekinci | Adrenaline to id: 5
[14/08/22] [20:14:33] Abbas Devir | Adrenaline to id: 5
[14/08/22] [20:14:38] Abbas Devir | Adrenaline to id: 5
[14/08/22] [20:24:51] Abbas Devir | Adrenaline to id: 5
[14/08/22] [20:30:17] Abbas Devir | Adrenaline to id: 12
[14/08/22] [20:30:28] Ozgur Baba | Heal to id: 12
[14/08/22] [20:37:15] Abbas Devir | Adrenaline to id: 1
[14/08/22] [20:38:08] Ozgur Baba | Adrenaline to id: 1
[14/08/22] [20:38:55] Abbas Devir | Heal to id: 17
[14/08/22] [21:00:30] Abbas Devir | Adrenaline to id: 1
[14/08/22] [21:00:34] Abbas Devir | Adrenaline to id: 1
[14/08/22] [21:02:45] Abbas Devir | Heal to id: 17
[14/08/22] [21:03:38] Antu Donmez | Adrenaline to id: 3
[14/08/22] [21:04:12] Antu Donmez | Adrenaline to id: 3
[14/08/22] [21:08:33] Antu Donmez | Adrenaline to id: 3
[14/08/22] [21:08:39] Antu Donmez | Adrenaline to id: 3
[14/08/22] [21:08:43] Antu Donmez | Adrenaline to id: 3
[14/08/22] [21:08:47] Ozgur Baba | Adrenaline to id: 1
[14/08/22] [21:08:52] Antu Donmez | Adrenaline to id: 3
[14/08/22] [21:08:56] Ozgur Baba | Adrenaline to id: 1
[14/08/22] [21:08:57] Antu Donmez | Adrenaline to id: 3
[14/08/22] [21:09:04] Ozgur Baba | Adrenaline to id: 3
[14/08/22] [21:09:12] Antu Donmez | Adrenaline to id: 3
[14/08/22] [21:09:23] Antu Donmez | Adrenaline to id: 3
[14/08/22] [21:10:09] Ozgur Baba | Adrenaline to id: 12
[14/08/22] [21:10:13] Mehmet Ekinci | Heal to id: 8
[14/08/22] [21:10:43] Antu Donmez | Adrenaline to id: 3
[14/08/22] [21:12:44] Mehmet Ekinci | Adrenaline to id: 8
[14/08/22] [21:12:46] Antu Donmez | Adrenaline to id: 8
[14/08/22] [21:12:56] Antu Donmez | Adrenaline to id: 8
[14/08/22] [21:21:00] Jack Harris | Adrenaline to id: 1
[14/08/22] [21:36:02] Abbas Devir | Adrenaline to id: 1
[14/08/22] [21:37:14] Mehmet Ekinci | Adrenaline to id: 8
[14/08/22] [21:37:31] Mehmet Ekinci | Adrenaline to id: 8
[14/08/22] [21:37:38] Mehmet Ekinci | Adrenaline to id: 8
[14/08/22] [21:37:50] Mehmet Ekinci | Adrenaline to id: 8
[14/08/22] [21:38:03] Mehmet Ekinci | Adrenaline to id: 8
[14/08/22] [21:58:00] Naqasake Komutan | Adrenaline to id: 9
[14/08/22] [21:58:19] Naqasake Komutan | Heal to id: 9
[14/08/22] [22:04:31] Naqasake Komutan | Adrenaline to id: 9
[14/08/22] [22:11:41] Abbas Devir | Adrenaline to id: 9
[14/08/22] [22:11:56] Abbas Devir | Adrenaline to id: 9
[14/08/22] [22:11:59] Abbas Devir | Adrenaline to id: 1
[15/08/22] [00:38:01] Abbas Devir | Heal to id: 17
[15/08/22] [00:49:09] Abbas Devir | Heal to id: 17
[15/08/22] [00:53:46] Abbas Devir | Adrenaline to id: 1
[15/08/22] [00:53:53] Abbas Devir | Adrenaline to id: 1
[15/08/22] [00:54:03] Abbas Devir | Adrenaline to id: 1
[15/08/22] [00:54:07] Abbas Devir | Heal to id: 1
[15/08/22] [00:54:22] Abbas Devir | Heal to id: 1
[15/08/22] [01:21:57] Abbas Devir | Heal to id: 17
[15/08/22] [01:24:04] Jack Harris | Adrenaline to id: 1
[15/08/22] [02:12:53] Jack Harris | Adrenaline to id: 1
[15/08/22] [13:04:58] Emre Kurt | Adrenaline to id: 7
[15/08/22] [13:06:42] Jack Harris | Adrenaline to id: 1
[15/08/22] [13:47:21] Antu Donmez | Adrenaline to id: 3
[15/08/22] [13:54:21] Antu Donmez | Adrenaline to id: 3
[15/08/22] [13:55:02] Jack Harris | Adrenaline to id: 1
[15/08/22] [15:08:42] Emre Kurt | Adrenaline to id: 7
[15/08/22] [15:27:44] Emre Kurt | Adrenaline to id: 7
[15/08/22] [15:28:46] Antu Donmez | Adrenaline to id: 3
[15/08/22] [15:34:14] Antu Donmez | Adrenaline to id: 3
[15/08/22] [15:49:07] Emre Kurt | Adrenaline to id: 3
[15/08/22] [15:49:49] Emre Kurt | Adrenaline to id: 7
[15/08/22] [16:11:44] Antu Donmez | Adrenaline to id: 3
[15/08/22] [16:12:23] Antu Donmez | Adrenaline to id: 3
[15/08/22] [16:13:38] Antu Donmez | Adrenaline to id: 22
[15/08/22] [16:13:49] Antu Donmez | Adrenaline to id: 3
[15/08/22] [16:14:02] Antu Donmez | Adrenaline to id: 3
[15/08/22] [16:14:09] Antu Donmez | Adrenaline to id: 2
[15/08/22] [16:14:14] Antu Donmez | Adrenaline to id: 22
[15/08/22] [16:18:26] Antu Donmez | Adrenaline to id: 22
[15/08/22] [16:46:43] Jack Harris | Adrenaline to id: 16
[15/08/22] [16:47:13] Emre Kurt | Adrenaline to id: 22
[15/08/22] [16:47:25] Emre Kurt | Adrenaline to id: 22
[15/08/22] [16:47:35] Emre Kurt | Adrenaline to id: 22
[15/08/22] [16:48:13] Emre Kurt | Adrenaline to id: 22
[15/08/22] [16:48:51] Antu Donmez | Adrenaline to id: 22
[15/08/22] [16:50:57] Emre Kurt | Heal to id: 7
[15/08/22] [17:03:15] Jack Harris | Adrenaline to id: 1
[15/08/22] [17:03:21] Jack Harris | Adrenaline to id: 1
[15/08/22] [17:08:11] Antu Donmez | Adrenaline to id: 22
[15/08/22] [17:09:04] Antu Donmez | Adrenaline to id: 22
[15/08/22] [17:09:13] Antu Donmez | Adrenaline to id: 22
[15/08/22] [17:25:10] Naqasake Komutan | Adrenaline to id: 22
[15/08/22] [17:25:15] Naqasake Komutan | Heal to id: 22
[15/08/22] [17:26:22] Antu Donmez | Adrenaline to id: 22
[15/08/22] [17:27:11] Naqasake Komutan | Adrenaline to id: 16
[15/08/22] [17:27:15] Naqasake Komutan | Heal to id: 16
[15/08/22] [17:27:20] Naqasake Komutan | Heal to id: 16
[15/08/22] [17:30:54] Naqasake Komutan | Adrenaline to id: 22
[15/08/22] [17:30:59] Naqasake Komutan | Adrenaline to id: 22
[15/08/22] [17:36:08] Naqasake Komutan | Adrenaline to id: 22
[15/08/22] [23:46:15] Shybw Lone | Adrenaline to id: 11
[15/08/22] [23:46:40] Fuat Kocaeli | Adrenaline to id: 5
[15/08/22] [23:46:46] Fuat Kocaeli | Heal to id: 5
[15/08/22] [23:49:24] Antu Donmez | Adrenaline to id: 3
[15/08/22] [23:50:55] Jack Harris | Adrenaline to id: 3
[15/08/22] [23:51:05] Jack Harris | Adrenaline to id: 1
[15/08/22] [23:53:18] Shybw Lone | Adrenaline to id: 11
[16/08/22] [00:07:48] Abbas Devir | Adrenaline to id: 17
[16/08/22] [00:13:10] Abbas Devir | Adrenaline to id: 17
[16/08/22] [00:13:24] Abbas Devir | Adrenaline to id: 17
[16/08/22] [00:15:04] Emre Kurt | Adrenaline to id: 7
[16/08/22] [00:15:23] Fuat Kocaeli | Adrenaline to id: 5
[16/08/22] [00:20:34] Shybw Lone | Adrenaline to id: 11
[16/08/22] [00:21:52] Antu Donmez | Heal to id: 3
[16/08/22] [01:03:29] Naqasake Komutan | Heal to id: 9
[16/08/22] [01:03:38] Naqasake Komutan | Adrenaline to id: 20
[16/08/22] [01:03:42] Naqasake Komutan | Heal to id: 20
[16/08/22] [01:03:47] Naqasake Komutan | Heal to id: 20
[16/08/22] [01:07:32] Naqasake Komutan | Adrenaline to id: 20
[16/08/22] [01:07:36] Naqasake Komutan | Heal to id: 20
[16/08/22] [01:17:41] Jack Harris | Adrenaline to id: 2
[16/08/22] [01:17:59] Jack Harris | Adrenaline to id: 2
[16/08/22] [01:18:02] Jack Harris | Adrenaline to id: 2
[16/08/22] [01:18:06] Jack Harris | Adrenaline to id: 2
[16/08/22] [01:18:10] Jack Harris | Adrenaline to id: 2
[16/08/22] [01:24:31] Jack Harris | Adrenaline to id: 1
[16/08/22] [01:35:59] Naqasake Komutan | Adrenaline to id: 1
[16/08/22] [01:36:00] Jack Harris | Adrenaline to id: 1
[16/08/22] [01:36:18] Naqasake Komutan | Heal to id: 1
[16/08/22] [01:36:27] Naqasake Komutan | Heal to id: 9
[16/08/22] [02:09:15] Jack Harris | Adrenaline to id: 1
[16/08/22] [02:25:27] Abbas Devir | Adrenaline to id: 17
[16/08/22] [02:31:51] Naqasake Komutan | Adrenaline to id: 17
[16/08/22] [02:31:51] Abbas Devir | Adrenaline to id: 17
[16/08/22] [02:52:04] Abbas Devir | Adrenaline to id: 17
[16/08/22] [02:56:46] Abbas Devir | Adrenaline to id: 17
[16/08/22] [03:55:07] Halis Mulis | Adrenaline to id: 1
[16/08/22] [03:55:22] Halis Mulis | Adrenaline to id: 1
[16/08/22] [03:55:25] Halis Mulis | Adrenaline to id: 1
[16/08/22] [04:29:53] Abbas Devir | Adrenaline to id: 14
[16/08/22] [05:46:23] Halis Mulis | Adrenaline to id: 1
[16/08/22] [05:46:27] Halis Mulis | Adrenaline to id: 1
[16/08/22] [05:46:46] Halis Mulis | Adrenaline to id: 14
[16/08/22] [05:47:00] Halis Mulis | Adrenaline to id: 14
[16/08/22] [06:01:10] Halis Mulis | Adrenaline to id: 14
[16/08/22] [13:40:15] Naqasake Komutan | Adrenaline to id: 9
[16/08/22] [13:40:19] Naqasake Komutan | Heal to id: 9
[16/08/22] [15:37:28] Jack Harris | Adrenaline to id: 1
[16/08/22] [15:37:37] Jack Harris | Adrenaline to id: 22
[16/08/22] [15:46:11] Abbas Devir | Adrenaline to id: 22
[16/08/22] [15:46:34] Jack Harris | Adrenaline to id: 22
[16/08/22] [15:46:35] Abbas Devir | Adrenaline to id: 22
[16/08/22] [15:52:28] Jack Harris | Adrenaline to id: 22
[16/08/22] [15:52:31] Jack Harris | Heal to id: 22
[16/08/22] [15:52:34] Jack Harris | Adrenaline to id: 22
[16/08/22] [15:55:31] Abbas Devir | Adrenaline to id: 22
[16/08/22] [15:55:41] Abbas Devir | Heal to id: 22
[16/08/22] [16:00:43] Abbas Devir | Adrenaline to id: 22
[16/08/22] [16:03:29] Abbas Devir | Adrenaline to id: 22
[16/08/22] [16:03:38] Abbas Devir | Heal to id: 22
[16/08/22] [16:08:09] Abbas Devir | Adrenaline to id: 22
[16/08/22] [16:08:14] Abbas Devir | Heal to id: 22
[16/08/22] [16:10:58] Abbas Devir | Adrenaline to id: 22
[16/08/22] [16:14:07] Abbas Devir | Adrenaline to id: 22
[16/08/22] [16:14:11] Abbas Devir | Adrenaline to id: 22
[16/08/22] [16:14:15] Abbas Devir | Adrenaline to id: 22
[16/08/22] [16:14:19] Abbas Devir | Adrenaline to id: 22
[16/08/22] [16:14:25] Abbas Devir | Adrenaline to id: 22
[16/08/22] [16:14:30] Abbas Devir | Adrenaline to id: 22
[16/08/22] [16:15:24] Abbas Devir | Adrenaline to id: 22
[16/08/22] [16:15:28] Abbas Devir | Adrenaline to id: 2
[16/08/22] [16:15:35] Abbas Devir | Adrenaline to id: 2
[16/08/22] [16:15:39] Abbas Devir | Adrenaline to id: 22
[16/08/22] [16:15:44] Abbas Devir | Adrenaline to id: 22
[16/08/22] [16:15:50] Abbas Devir | Adrenaline to id: 22
[16/08/22] [16:15:54] Abbas Devir | Heal to id: 22
[16/08/22] [16:16:37] Abbas Devir | Adrenaline to id: 22
[16/08/22] [16:16:45] Abbas Devir | Adrenaline to id: 22
[16/08/22] [16:16:48] Abbas Devir | Adrenaline to id: 222
[16/08/22] [16:16:50] Abbas Devir | Adrenaline to id: 2
[16/08/22] [16:16:53] Abbas Devir | Adrenaline to id: 22
[16/08/22] [16:16:57] Abbas Devir | Adrenaline to id: 22
[16/08/22] [16:17:00] Abbas Devir | Adrenaline to id: 22
[16/08/22] [16:17:03] Abbas Devir | Adrenaline to id: 22
[16/08/22] [16:17:06] Abbas Devir | Adrenaline to id: 22
[16/08/22] [16:17:10] Abbas Devir | Adrenaline to id: 22
[16/08/22] [16:17:16] Abbas Devir | Adrenaline to id: 22
[16/08/22] [16:17:23] Abbas Devir | Heal to id: 22
[16/08/22] [16:20:26] Fuat Kocaeli | Adrenaline to id: 5
[16/08/22] [16:20:42] Fuat Kocaeli | Adrenaline to id: 5
[16/08/22] [16:21:00] Fuat Kocaeli | Heal to id: 5
[16/08/22] [16:21:08] Fuat Kocaeli | Adrenaline to id: 5
[16/08/22] [16:23:41] Abbas Devir | Adrenaline to id: 17
[16/08/22] [16:23:48] Abbas Devir | Heal to id: 22
[16/08/22] [16:23:56] Abbas Devir | Heal to id: 17
[16/08/22] [16:26:44] Abbas Devir | Adrenaline to id: 17
[16/08/22] [16:27:05] Jack Harris | Adrenaline to id: 2
[16/08/22] [16:27:07] Fuat Kocaeli | Adrenaline to id: 22
[16/08/22] [16:27:08] Jack Harris | Adrenaline to id: 22
[16/08/22] [16:29:00] Jack Harris | Adrenaline to id: 22
[16/08/22] [16:30:00] Jack Harris | Adrenaline to id: 1
[16/08/22] [16:33:05] Abbas Devir | Adrenaline to id: 17
[16/08/22] [16:34:51] Abbas Devir | Adrenaline to id: 22
[16/08/22] [16:34:58] Fuat Kocaeli | Heal to id: 22
[16/08/22] [16:35:03] Abbas Devir | Adrenaline to id: 22
[16/08/22] [16:46:51] Jack Harris | Adrenaline to id: 22
[16/08/22] [16:46:57] Jack Harris | Adrenaline to id: 2
[16/08/22] [16:47:00] Jack Harris | Adrenaline to id: 22
[16/08/22] [16:47:04] Jack Harris | Heal to id: 22
[16/08/22] [16:47:06] Jack Harris | Adrenaline to id: 22
[16/08/22] [16:47:47] Jack Harris | Adrenaline to id: 22
[16/08/22] [17:45:56] Naqasake Komutan | Adrenaline to id: 9
[16/08/22] [17:49:50] Naqasake Komutan | Heal to id: 9
[16/08/22] [18:55:56] Jack Harris | Adrenaline to id: 16
[16/08/22] [19:08:46] Jack Harris | Adrenaline to id: 16
[16/08/22] [19:15:35] Noyan Cakiroglu | Heal to id: 16
[16/08/22] [19:26:17] Noyan Cakiroglu | Adrenaline to id: 1
[16/08/22] [19:30:30] Noyan Cakiroglu | Adrenaline to id: 16
[16/08/22] [21:02:44] Jack Harris | Adrenaline to id: 1
[17/08/22] [00:26:31] Antu Donmez | Adrenaline to id: 3
[17/08/22] [00:26:54] Antu Donmez | Adrenaline to id: 3
[17/08/22] [02:38:04] Fuat Kocaeli | Adrenaline to id: 5
[17/08/22] [03:29:40] Emre Kurt | Adrenaline to id: 1
[17/08/22] [03:30:32] Fuat Kocaeli | Adrenaline to id: 7
[17/08/22] [03:30:32] Emre Kurt | Adrenaline to id: 7
[17/08/22] [03:35:04] Emre Kurt | Adrenaline to id: 7
[17/08/22] [04:09:11] Jack Harris | Adrenaline to id: 1
[17/08/22] [04:12:29] Jack Harris | Adrenaline to id: 1
[17/08/22] [20:39:20] Antu Donmez | Adrenaline to id: 3
[17/08/22] [21:13:37] Antu Donmez | Adrenaline to id: 3
[17/08/22] [21:16:17] Antu Donmez | Adrenaline to id: 3
[17/08/22] [21:30:39] Antu Donmez | Adrenaline to id: 3
[17/08/22] [21:31:10] Antu Donmez | Adrenaline to id: 3
[17/08/22] [21:31:15] Antu Donmez | Adrenaline to id: 3
[17/08/22] [21:31:30] Antu Donmez | Adrenaline to id: 3
[17/08/22] [21:31:38] Antu Donmez | Adrenaline to id: 3
[17/08/22] [22:23:48] Antu Donmez | Adrenaline to id: 3
[17/08/22] [22:24:16] Antu Donmez | Adrenaline to id: 3
[17/08/22] [22:24:47] Antu Donmez | Adrenaline to id: 3
[17/08/22] [22:25:01] Antu Donmez | Adrenaline to id: 3
[17/08/22] [22:34:27] Antu Donmez | Adrenaline to id: 3
[17/08/22] [22:36:28] Antu Donmez | Adrenaline to id: 3
[17/08/22] [22:37:08] Antu Donmez | Adrenaline to id: 3
[17/08/22] [22:47:21] Ozgur Baba | Adrenaline to id: 12
[17/08/22] [22:48:24] Ozgur Baba | Heal to id: 12
[18/08/22] [00:30:06] Antu Donmez | Adrenaline to id: 3
[18/08/22] [00:37:03] Emre Kurt | Adrenaline to id: 7
[18/08/22] [01:06:59] Emre Kurt | Adrenaline to id: 7
[18/08/22] [01:09:12] Emre Kurt | Adrenaline to id: 7
[18/08/22] [01:26:33] Abbas Devir | Adrenaline to id: 17
[18/08/22] [01:26:38] Abbas Devir | Heal to id: 17
[18/08/22] [02:51:55] Fuat Kocaeli | Adrenaline to id: 5
[18/08/22] [03:04:59] Emre Kurt | Adrenaline to id: 7
[18/08/22] [03:39:14] Naqasake Komutan | Adrenaline to id: 9
[18/08/22] [03:50:59] Emre Kurt | Adrenaline to id: 9
[18/08/22] [03:51:57] Naqasake Komutan | Adrenaline to id: 20
[18/08/22] [03:52:41] Naqasake Komutan | Adrenaline to id: 20
[18/08/22] [03:52:46] Jack Harris | Adrenaline to id: 1
[18/08/22] [03:55:31] Naqasake Komutan | Adrenaline to id: 20
[18/08/22] [03:55:42] Naqasake Komutan | Adrenaline to id: 20
[18/08/22] [03:56:31] Jack Harris | Adrenaline to id: 1
[18/08/22] [03:56:52] Jack Harris | Adrenaline to id: 1
[18/08/22] [03:57:17] Naqasake Komutan | Adrenaline to id: 24
[18/08/22] [03:57:23] Naqasake Komutan | Adrenaline to id: 24
[18/08/22] [03:59:29] Naqasake Komutan | Adrenaline to id: 24
[18/08/22] [03:59:38] Naqasake Komutan | Adrenaline to id: 20
[18/08/22] [04:00:25] Naqasake Komutan | Adrenaline to id: 24
[18/08/22] [04:00:29] Naqasake Komutan | Adrenaline to id: 20
[18/08/22] [04:00:58] Naqasake Komutan | Heal to id: 20
[18/08/22] [04:02:01] Emre Kurt | Adrenaline to id: 24
[18/08/22] [04:02:11] Emre Kurt | Heal to id: 24
[18/08/22] [04:02:16] Naqasake Komutan | Adrenaline to id: 24
[18/08/22] [04:02:20] Naqasake Komutan | Heal to id: 24
[18/08/22] [04:02:33] Naqasake Komutan | Adrenaline to id: 20
[18/08/22] [04:02:36] Naqasake Komutan | Heal to id: 20
[18/08/22] [04:02:44] Naqasake Komutan | Adrenaline to id: 20
[18/08/22] [04:02:51] Naqasake Komutan | Adrenaline to id: 20
[18/08/22] [04:03:03] Naqasake Komutan | Adrenaline to id: 20
[18/08/22] [04:03:15] Naqasake Komutan | Heal to id: 20
[18/08/22] [04:05:23] Emre Kurt | Adrenaline to id: 20
[18/08/22] [04:05:35] Emre Kurt | Adrenaline to id: 20
[18/08/22] [04:05:39] Emre Kurt | Heal to id: 20
[18/08/22] [04:05:48] Emre Kurt | Adrenaline to id: 20
[18/08/22] [04:05:53] Emre Kurt | Adrenaline to id: 20
[18/08/22] [04:06:20] Emre Kurt | Adrenaline to id: 20
[18/08/22] [04:06:36] Naqasake Komutan | Adrenaline to id: 20
[18/08/22] [04:11:46] Naqasake Komutan | Adrenaline to id: 20
[18/08/22] [04:11:53] Naqasake Komutan | Adrenaline to id: 20
[18/08/22] [04:12:00] Naqasake Komutan | Adrenaline to id: 20
[18/08/22] [04:12:09] Naqasake Komutan | Heal to id: 20
[18/08/22] [04:12:29] Emre Kurt | Adrenaline to id: 7
[18/08/22] [04:13:02] Jack Harris | Adrenaline to id: 1
[18/08/22] [04:13:50] Jack Harris | Adrenaline to id: 1
[18/08/22] [04:17:47] Emre Kurt | Adrenaline to id: 7
[18/08/22] [04:22:56] Emre Kurt | Heal to id: 24
[18/08/22] [05:50:04] Emre Kurt | Adrenaline to id: 1
[18/08/22] [05:50:18] Emre Kurt | Adrenaline to id: 1
[18/08/22] [05:50:25] Emre Kurt | Adrenaline to id: 1
[18/08/22] [05:50:33] Emre Kurt | Adrenaline to id: 1
[18/08/22] [05:50:42] Emre Kurt | Adrenaline to id: 1
[18/08/22] [14:24:07] Jack Harris | Adrenaline to id: 1
[18/08/22] [18:01:33] Jack Harris | Adrenaline to id: 1
[18/08/22] [18:59:03] Ozgur Baba | Heal to id: 12
[18/08/22] [19:12:09] Ozgur Baba | Heal to id: 12
[18/08/22] [19:16:29] Jack Harris | Adrenaline to id: 1
[18/08/22] [19:16:34] Jack Harris | Adrenaline to id: 1
[18/08/22] [19:41:48] Jack Harris | Adrenaline to id: 12
[18/08/22] [19:41:50] Ozgur Baba | Adrenaline to id: 12
[18/08/22] [19:41:59] Ozgur Baba | Heal to id: 12
[18/08/22] [19:44:25] Jack Harris | Adrenaline to id: 1
[18/08/22] [19:46:28] Ozgur Baba | Adrenaline to id: 12
[18/08/22] [20:19:57] Jack Harris | Adrenaline to id: 1
[18/08/22] [20:26:20] Jack Harris | Adrenaline to id: 1
[18/08/22] [20:48:27] Jack Harris | Adrenaline to id: 1
[18/08/22] [20:49:41] Jack Harris | Adrenaline to id: 1
[18/08/22] [21:12:33] Jack Harris | Adrenaline to id: 2
[18/08/22] [21:12:43] Jack Harris | Adrenaline to id: 1
[18/08/22] [21:14:36] Jack Harris | Adrenaline to id: 2
[18/08/22] [21:14:39] Jack Harris | Adrenaline to id: 2
[18/08/22] [21:14:42] Jack Harris | Heal to id: 2
[18/08/22] [21:18:42] Jack Harris | Adrenaline to id: 1
[18/08/22] [21:21:31] Jack Harris | Adrenaline to id: 1
[18/08/22] [21:27:31] Antu Donmez | Adrenaline to id: 3
[18/08/22] [21:32:49] Antu Donmez | Adrenaline to id: 3
[18/08/22] [21:37:14] Antu Donmez | Adrenaline to id: 3
[18/08/22] [21:39:39] Antu Donmez | Adrenaline to id: 3
[18/08/22] [21:41:49] Jack Harris | Adrenaline to id: 2
[18/08/22] [21:42:23] Jack Harris | Adrenaline to id: 2
[18/08/22] [21:42:31] Jack Harris | Adrenaline to id: 2
[18/08/22] [22:26:36] Antu Donmez | Adrenaline to id: 3
[18/08/22] [22:46:04] Mehmet Ekinci | Adrenaline to id: 8
[18/08/22] [22:46:07] Mehmet Ekinci | Heal to id: 8
[18/08/22] [23:24:49] Antu Donmez | Adrenaline to id: 3
[18/08/22] [23:40:33] Jack Harris | Adrenaline to id: 1
[19/08/22] [18:57:02] Fuat Kocaeli | Adrenaline to id: 1
[19/08/22] [19:37:47] Jack Harris | Adrenaline to id: 1
[19/08/22] [19:40:53] Abbas Devir | Adrenaline to id: 17
[19/08/22] [19:41:04] Abbas Devir | Adrenaline to id: 17
[19/08/22] [20:03:44] Fuat Kocaeli | Heal to id: 5
[19/08/22] [20:13:13] Fuat Kocaeli | Adrenaline to id: 5
[19/08/22] [20:15:03] Fuat Kocaeli | Heal to id: 5
[19/08/22] [20:20:17] Jack Harris | Adrenaline to id: 1
[19/08/22] [22:37:33] Mehmet Ekinci | Adrenaline to id: 8
[20/08/22] [15:13:32] Jack Harris | Adrenaline to id: 1
[20/08/22] [15:13:37] Noyan Cakiroglu | Adrenaline to id: 1
[20/08/22] [15:14:12] Jack Harris | Adrenaline to id: 1
[20/08/22] [15:17:34] Noyan Cakiroglu | Adrenaline to id: 1
[20/08/22] [15:20:54] Noyan Cakiroglu | Adrenaline to id: 1
[20/08/22] [18:29:17] Jack Harris | Adrenaline to id: 1
[20/08/22] [19:58:01] Jack Harris | Adrenaline to id: 1
[20/08/22] [19:58:14] Antu Donmez | Adrenaline to id: 1
[20/08/22] [19:58:23] Jack Harris | Adrenaline to id: 1
[20/08/22] [19:58:35] Jack Harris | Adrenaline to id: 1
[20/08/22] [19:58:35] Antu Donmez | Adrenaline to id: 1
[20/08/22] [19:58:41] Jack Harris | Adrenaline to id: 1
[20/08/22] [19:58:48] Antu Donmez | Adrenaline to id: 1
[20/08/22] [19:58:49] Jack Harris | Adrenaline to id: 1
[20/08/22] [19:58:56] Jack Harris | Adrenaline to id: 1
[20/08/22] [19:59:17] Antu Donmez | Adrenaline to id: 1
[20/08/22] [19:59:18] Jack Harris | Adrenaline to id: 1
[20/08/22] [20:00:08] Antu Donmez | Adrenaline to id: 1
[20/08/22] [20:00:10] Antu Donmez | Adrenaline to id: 3
[20/08/22] [20:00:15] Antu Donmez | Adrenaline to id: 3
[20/08/22] [20:00:19] Antu Donmez | Adrenaline to id: 3
[20/08/22] [20:00:26] Antu Donmez | Adrenaline to id: 3
[20/08/22] [20:00:30] Antu Donmez | Adrenaline to id: 3
[20/08/22] [20:01:01] Antu Donmez | Adrenaline to id: 3
[21/08/22] [12:31:21] Mehmet Ekinci | Heal to id: 8
[21/08/22] [17:46:10] Jack Harris | Adrenaline to id: 1
[21/08/22] [17:49:32] Antu Donmez | Adrenaline to id: 1
[21/08/22] [17:51:19] Antu Donmez | Adrenaline to id: 1
[21/08/22] [17:51:23] Antu Donmez | Adrenaline to id: 1
[21/08/22] [19:03:25] Jack Harris | Adrenaline to id: 1
[21/08/22] [19:21:05] Jack Harris | Adrenaline to id: 25
[21/08/22] [22:01:33] Antu Donmez | Adrenaline to id: 1
[21/08/22] [22:04:02] Antu Donmez | Adrenaline to id: 3
[21/08/22] [22:19:33] Antu Donmez | Adrenaline to id: 3
[21/08/22] [22:30:42] Antu Donmez | Adrenaline to id: 3
[21/08/22] [22:34:42] Jack Harris | Adrenaline to id: 1
[21/08/22] [22:35:15] Antu Donmez | Adrenaline to id: 3
[21/08/22] [23:16:15] Jack Harris | Adrenaline to id: 1
[21/08/22] [23:25:57] Jack Harris | Adrenaline to id: 1
[21/08/22] [23:25:58] Antu Donmez | Adrenaline to id: 1
[21/08/22] [23:35:44] Jack Harris | Adrenaline to id: 1
[21/08/22] [23:35:54] Jack Harris | Adrenaline to id: 1
[22/08/22] [02:06:06] Jack Harris | Adrenaline to id: 1
[22/08/22] [13:08:23] Noyan Cakiroglu | Adrenaline to id: 1
[23/08/22] [00:26:38] Jack Harris | Adrenaline to id: 1
[23/08/22] [03:04:27] Jack Harris | Adrenaline to id: 1
[23/08/22] [03:06:57] Jack Harris | Adrenaline to id: 1
[23/08/22] [03:19:58] Jack Harris | Adrenaline to id: 1
[23/08/22] [03:26:20] Jack Harris | Adrenaline to id: 1
[23/08/22] [03:33:08] Jack Harris | Adrenaline to id: 1
[23/08/22] [03:42:20] Jack Harris | Adrenaline to id: 1
[23/08/22] [03:42:35] Jack Harris | Adrenaline to id: 1
[23/08/22] [03:42:39] Jack Harris | Adrenaline to id: 14
[23/08/22] [03:42:43] Jack Harris | Heal to id: 14
[23/08/22] [03:42:54] Jack Harris | Adrenaline to id: 14
[23/08/22] [03:44:38] Jack Harris | Adrenaline to id: 14
[23/08/22] [09:22:57] Noyan Cakiroglu | Heal to id: 16
[23/08/22] [09:23:06] Noyan Cakiroglu | Heal to id: 1
[23/08/22] [20:47:50] Jack Harris | Adrenaline to id: 1
[23/08/22] [20:49:40] Jack Harris | Adrenaline to id: 1
[23/08/22] [12:46:06] Jack Harris | Adrenaline to id: 1
[23/08/22] [12:46:58] Jack Harris | Adrenaline to id: 22
[23/08/22] [12:47:16] Jack Harris | Adrenaline to id: 22
[23/08/22] [12:47:22] Jack Harris | Heal to id: 22
[23/08/22] [12:47:29] Jack Harris | Adrenaline to id: 22
[23/08/22] [12:47:35] Jack Harris | Heal to id: 22
[23/08/22] [12:47:39] Jack Harris | Adrenaline to id: 22
[23/08/22] [12:50:06] Antu Donmez | Adrenaline to id: 22
[23/08/22] [12:50:43] Jack Harris | Adrenaline to id: 22
[23/08/22] [12:52:40] Antu Donmez | Adrenaline to id: 22
[23/08/22] [12:54:39] Firat Donmez | Adrenaline to id: 2
[23/08/22] [13:02:28] Antu Donmez | Adrenaline to id: 22
[23/08/22] [13:02:32] Antu Donmez | Adrenaline to id: 22
[23/08/22] [13:02:50] Mert Diler | Heal to id: 22
[23/08/22] [13:02:50] Antu Donmez | Adrenaline to id: 22
[23/08/22] [13:03:02] Antu Donmez | Adrenaline to id: 22
[23/08/22] [13:06:27] Antu Donmez | Adrenaline to id: 3
[23/08/22] [13:11:00] Mert Diler | Heal to id: 22
[23/08/22] [13:13:04] Antu Donmez | Adrenaline to id: 22
[23/08/22] [13:14:29] Mert Diler | Heal to id: 22
[23/08/22] [13:15:39] Jack Harris | Adrenaline to id: 1
[23/08/22] [13:15:57] Antu Donmez | Adrenaline to id: 22
[23/08/22] [14:07:25] Jack Harris | Adrenaline to id: 1
[23/08/22] [14:17:19] Jack Harris | Adrenaline to id: 1
[23/08/22] [14:17:28] Jack Harris | Adrenaline to id: 1
[23/08/22] [14:17:49] Abbas Devir | Adrenaline to id: 1
[23/08/22] [14:17:53] Abbas Devir | Heal to id: 1
[23/08/22] [14:19:52] Abbas Devir | Adrenaline to id: 17
[23/08/22] [14:19:58] Abbas Devir | Heal to id: 17
[23/08/22] [14:26:24] Ozgur Baba | Adrenaline to id: 12
[23/08/22] [14:26:41] Ozgur Baba | Heal to id: 12
[23/08/22] [14:27:52] Ozgur Baba | Adrenaline to id: 12
[23/08/22] [14:29:40] Ozgur Baba | Adrenaline to id: 12
[23/08/22] [14:31:15] Ozgur Baba | Heal to id: 12
[23/08/22] [14:32:15] Emre Kurt | Adrenaline to id: 7
[24/08/22] [00:43:41] Jack Harris | Adrenaline to id: 1
[24/08/22] [18:54:27] Mert Diler | Adrenaline to id: 22
[24/08/22] [18:54:40] Mert Diler | Heal to id: 22
[24/08/22] [21:57:13] Jack Harris | Adrenaline to id: 2
[24/08/22] [22:30:35] Antu Donmez | Adrenaline to id: 3
[24/08/22] [22:59:22] Antu Donmez | Adrenaline to id: 3
[24/08/22] [23:01:53] Antu Donmez | Adrenaline to id: 3
[24/08/22] [23:02:19] Emre Kurt | Adrenaline to id: 7
[24/08/22] [23:04:37] Antu Donmez | Adrenaline to id: 18
[24/08/22] [23:04:43] Antu Donmez | Adrenaline to id: 18
[24/08/22] [23:06:54] Antu Donmez | Adrenaline to id: 18
[24/08/22] [23:08:01] Antu Donmez | Adrenaline to id: 3
[24/08/22] [23:11:23] Antu Donmez | Adrenaline to id: 18
[24/08/22] [23:14:25] Antu Donmez | Adrenaline to id: 3
[24/08/22] [23:28:42] Antu Donmez | Adrenaline to id: 7
[24/08/22] [23:31:39] Antu Donmez | Adrenaline to id: 3
[24/08/22] [23:31:43] Antu Donmez | Adrenaline to id: 3
[24/08/22] [23:31:56] Antu Donmez | Adrenaline to id: 3
[24/08/22] [23:32:25] Antu Donmez | Adrenaline to id: 8
[24/08/22] [23:32:28] Antu Donmez | Adrenaline to id: 18
[25/08/22] [00:01:37] Antu Donmez | Adrenaline to id: 18
[25/08/22] [00:01:46] Antu Donmez | Adrenaline to id: 3
[25/08/22] [00:01:51] Antu Donmez | Adrenaline to id: 3
[25/08/22] [00:02:13] Antu Donmez | Adrenaline to id: 18
[25/08/22] [00:02:18] Antu Donmez | Adrenaline to id: 18
[25/08/22] [00:02:26] Antu Donmez | Adrenaline to id: 18
[25/08/22] [00:02:58] Antu Donmez | Adrenaline to id: 18
[25/08/22] [00:03:51] Antu Donmez | Adrenaline to id: 18
[25/08/22] [00:11:20] Antu Donmez | Adrenaline to id: 18
[25/08/22] [00:16:06] Antu Donmez | Adrenaline to id: 18
[25/08/22] [00:18:18] Antu Donmez | Adrenaline to id: 18
[25/08/22] [00:29:04] Antu Donmez | Adrenaline to id: 18
[25/08/22] [17:21:47] Jack Harris | Adrenaline to id: 1
[25/08/22] [22:08:11] Antu Donmez | Adrenaline to id: 1
[25/08/22] [22:09:44] Antu Donmez | Adrenaline to id: 1
[25/08/22] [22:09:51] Antu Donmez | Adrenaline to id: 1
[25/08/22] [22:33:38] Antu Donmez | Adrenaline to id: 1
[25/08/22] [22:33:38] Jack Harris | Adrenaline to id: 1
[25/08/22] [22:36:00] Antu Donmez | Adrenaline to id: 2
[25/08/22] [22:36:04] Antu Donmez | Adrenaline to id: 2
[25/08/22] [22:42:22] Jack Harris | Adrenaline to id: 1
[25/08/22] [22:42:23] Antu Donmez | Adrenaline to id: 1
[25/08/22] [22:50:22] Firat Donmez | Heal to id: 20
[25/08/22] [22:50:50] Firat Donmez | Adrenaline to id: 20
[25/08/22] [22:52:31] Antu Donmez | Adrenaline to id: 2
[25/08/22] [22:52:52] Antu Donmez | Adrenaline to id: 20
[25/08/22] [22:55:19] Antu Donmez | Adrenaline to id: 2
[25/08/22] [23:06:52] Antu Donmez | Adrenaline to id: 20
[25/08/22] [23:07:06] Antu Donmez | Adrenaline to id: 9
[25/08/22] [23:14:31] Antu Donmez | Adrenaline to id: 3
[25/08/22] [23:16:06] Jack Harris | Adrenaline to id: 1
[25/08/22] [23:17:03] Jack Harris | Adrenaline to id: 1
[25/08/22] [23:17:56] Jack Harris | Adrenaline to id: 1
[25/08/22] [23:18:00] Jack Harris | Adrenaline to id: 1
[25/08/22] [23:21:18] Jack Harris | Adrenaline to id: 1
[25/08/22] [23:21:24] Antu Donmez | Adrenaline to id: 3
[25/08/22] [23:21:30] Antu Donmez | Adrenaline to id: 3
[25/08/22] [23:21:35] Antu Donmez | Adrenaline to id: 3
[25/08/22] [23:21:38] Antu Donmez | Adrenaline to id: 3
[25/08/22] [23:21:47] Antu Donmez | Adrenaline to id: 3
[25/08/22] [23:21:54] Antu Donmez | Adrenaline to id: 3
[25/08/22] [23:22:01] Antu Donmez | Adrenaline to id: 3
[25/08/22] [23:22:07] Antu Donmez | Adrenaline to id: 3
[25/08/22] [23:22:15] Antu Donmez | Adrenaline to id: 3
[25/08/22] [23:22:39] Jack Harris | Adrenaline to id: 1
[25/08/22] [23:23:05] Antu Donmez | Adrenaline to id: 3
[25/08/22] [23:25:45] Antu Donmez | Adrenaline to id: 20
[25/08/22] [23:41:54] Firat Donmez | Heal to id: 1
[25/08/22] [23:46:53] Mehmet Ekinci | Adrenaline to id: 8
[25/08/22] [23:47:39] Mehmet Ekinci | Adrenaline to id: 8
[25/08/22] [23:47:50] Mehmet Ekinci | Adrenaline to id: 8
[25/08/22] [23:48:23] Emre Kurt | Adrenaline to id: 7
[25/08/22] [23:49:32] Emre Kurt | Adrenaline to id: 7
[25/08/22] [23:49:50] Emre Kurt | Adrenaline to id: 7
[25/08/22] [23:50:58] Mehmet Ekinci | Adrenaline to id: 8
[25/08/22] [23:50:59] Emre Kurt | Adrenaline to id: 7
[25/08/22] [23:51:08] Mehmet Ekinci | Heal to id: 8
[25/08/22] [23:52:34] Emre Kurt | Adrenaline to id: 7
[26/08/22] [00:04:06] Abbas Devir | Adrenaline to id: 7
[26/08/22] [00:04:06] Emre Kurt | Adrenaline to id: 7
[26/08/22] [00:07:28] Asena Cakiiroglu | Heal to id: 24
[26/08/22] [00:15:32] Jack Harris | Adrenaline to id: 1
[26/08/22] [00:50:27] Abbas Devir | Adrenaline to id: 4
[26/08/22] [00:50:28] Faruk Devir | Adrenaline to id: 4
[26/08/22] [00:50:55] Abbas Devir | Adrenaline to id: 4
[26/08/22] [00:50:59] Abbas Devir | Adrenaline to id: 4
[26/08/22] [00:51:18] Abbas Devir | Adrenaline to id: 4
[26/08/22] [00:58:43] Abbas Devir | Adrenaline to id: 17
[26/08/22] [00:58:53] Abbas Devir | Heal to id: 17
[26/08/22] [20:49:01] Mert Diler | Adrenaline to id: 22
[26/08/22] [20:49:24] Mert Diler | Heal to id: 22
[26/08/22] [21:14:43] Mert Diler | Adrenaline to id: 22
[26/08/22] [21:27:01] Antu Donmez | Adrenaline to id: 3
[26/08/22] [21:27:13] Antu Donmez | Adrenaline to id: 3
[26/08/22] [21:27:19] Antu Donmez | Adrenaline to id: 3
[26/08/22] [21:27:22] Antu Donmez | Adrenaline to id: 3
[26/08/22] [21:27:28] Antu Donmez | Adrenaline to id: 3
[26/08/22] [21:27:32] Antu Donmez | Adrenaline to id: 3
[26/08/22] [21:27:35] Antu Donmez | Adrenaline to id: 3
[26/08/22] [21:27:39] Antu Donmez | Adrenaline to id: 3
[26/08/22] [21:27:42] Antu Donmez | Adrenaline to id: 3
[26/08/22] [21:27:45] Antu Donmez | Adrenaline to id: 3
[26/08/22] [21:27:47] Antu Donmez | Adrenaline to id: 3
[26/08/22] [21:27:50] Antu Donmez | Adrenaline to id: 3
[26/08/22] [21:27:53] Antu Donmez | Adrenaline to id: 3
[26/08/22] [21:27:57] Antu Donmez | Adrenaline to id: 3
[26/08/22] [21:28:41] Antu Donmez | Adrenaline to id: 3
[26/08/22] [21:30:25] Antu Donmez | Adrenaline to id: 3
[26/08/22] [21:30:34] Antu Donmez | Adrenaline to id: 1
[26/08/22] [21:32:09] Antu Donmez | Adrenaline to id: 3
[26/08/22] [21:35:51] Antu Donmez | Adrenaline to id: 3
[26/08/22] [21:37:03] Antu Donmez | Adrenaline to id: 3
[26/08/22] [21:37:17] Antu Donmez | Adrenaline to id: 1
[26/08/22] [21:41:28] Antu Donmez | Adrenaline to id: 3
[26/08/22] [21:43:33] Antu Donmez | Adrenaline to id: 3
[26/08/22] [21:43:39] Antu Donmez | Adrenaline to id: 3
[26/08/22] [21:44:33] Antu Donmez | Adrenaline to id: 3
[26/08/22] [21:45:07] Antu Donmez | Adrenaline to id: 3
[26/08/22] [21:45:37] Mert Diler | Adrenaline to id: 22
[26/08/22] [21:45:48] Mert Diler | Adrenaline to id: 22
[26/08/22] [21:46:03] Mert Diler | Adrenaline to id: 22
[26/08/22] [21:46:10] Mert Diler | Adrenaline to id: 22
[26/08/22] [21:46:30] Mert Diler | Adrenaline to id: 22
[26/08/22] [21:47:38] Antu Donmez | Adrenaline to id: 3
[26/08/22] [21:48:07] Antu Donmez | Heal to id: 3
[26/08/22] [21:48:15] Antu Donmez | Adrenaline to id: 3
[26/08/22] [21:50:27] Antu Donmez | Adrenaline to id: 3
[26/08/22] [21:50:32] Antu Donmez | Adrenaline to id: 3
[26/08/22] [21:50:36] Antu Donmez | Adrenaline to id: 3
[26/08/22] [21:50:40] Antu Donmez | Adrenaline to id: 3
[26/08/22] [21:51:07] Antu Donmez | Adrenaline to id: 3
[26/08/22] [21:51:58] Antu Donmez | Adrenaline to id: 1
[26/08/22] [21:57:11] Antu Donmez | Adrenaline to id: 1
[26/08/22] [22:11:41] Jack Harris | Adrenaline to id: 1
[26/08/22] [22:12:02] Jack Harris | Adrenaline to id: 1
[26/08/22] [22:14:55] Jack Harris | Adrenaline to id: 1
[26/08/22] [22:15:53] Mert Diler | Heal to id: 1
[26/08/22] [22:20:03] Mert Diler | Adrenaline to id: 1
[26/08/22] [22:20:08] Mert Diler | Heal to id: 1
[27/08/22] [16:41:29] Jack Harris | Adrenaline to id: 1
[27/08/22] [16:41:39] Jack Harris | Adrenaline to id: 1
[27/08/22] [17:44:15] Mert Diler | Adrenaline to id: 22
[27/08/22] [17:44:29] Mert Diler | Heal to id: 22
[27/08/22] [18:27:24] Mert Diler | Heal to id: 22
[27/08/22] [19:01:14] Mert Diler | Adrenaline to id: 22
[27/08/22] [19:01:23] Mert Diler | Heal to id: 22
[27/08/22] [19:39:39] Mert Diler | Adrenaline to id: 22
[27/08/22] [19:41:02] Mert Diler | Heal to id: 22
[27/08/22] [20:28:05] Mert Diler | Adrenaline to id: 22
[27/08/22] [21:12:17] Naqasake Komutan | Adrenaline to id: 9
[27/08/22] [21:15:27] Naqasake Komutan | Adrenaline to id: 9
[27/08/22] [21:56:33] Mert Diler | Heal to id: 22
[28/08/22] [19:44:19] Mert Diler | Adrenaline to id: 22
[28/08/22] [19:45:07] Mert Diler | Heal to id: 22
[28/08/22] [20:51:07] Mert Diler | Adrenaline to id: 18
[28/08/22] [20:51:10] Mert Diler | Heal to id: 18
[28/08/22] [20:51:52] Mert Diler | Adrenaline to id: 18
[28/08/22] [20:51:57] Mert Diler | Adrenaline to id: 18
[28/08/22] [20:52:02] Mert Diler | Adrenaline to id: 18
[28/08/22] [20:52:06] Mert Diler | Heal to id: 18
[28/08/22] [21:03:04] Mert Diler | Adrenaline to id: 18
[28/08/22] [21:03:26] Mert Diler | Heal to id: 18
[28/08/22] [21:12:16] Mert Diler | Adrenaline to id: 18
[28/08/22] [21:12:20] Mert Diler | Heal to id: 18
[28/08/22] [21:19:10] Mert Diler | Adrenaline to id: 22
[28/08/22] [21:19:15] Mert Diler | Adrenaline to id: 18
[28/08/22] [21:21:39] Mert Diler | Heal to id: 22
[28/08/22] [21:24:38] Mert Diler | Adrenaline to id: 1
[28/08/22] [21:25:13] Mert Diler | Adrenaline to id: 18
[28/08/22] [21:25:18] Mert Diler | Adrenaline to id: 18
[28/08/22] [21:25:47] Mert Diler | Adrenaline to id: 18
[28/08/22] [21:25:52] Mert Diler | Adrenaline to id: 18
[28/08/22] [21:25:56] Mert Diler | Adrenaline to id: 18
[28/08/22] [21:25:59] Mert Diler | Heal to id: 18
[28/08/22] [21:26:30] Mert Diler | Adrenaline to id: 18
[28/08/22] [21:27:16] Mert Diler | Adrenaline to id: 18
[28/08/22] [21:27:19] Mert Diler | Adrenaline to id: 18
[28/08/22] [21:28:49] Mert Diler | Adrenaline to id: 19
[28/08/22] [21:28:53] Mert Diler | Adrenaline to id: 18
[28/08/22] [21:58:24] Mert Diler | Adrenaline to id: 22
[28/08/22] [21:58:33] Mert Diler | Heal to id: 22
[28/08/22] [21:59:25] Mert Diler | Heal to id: 22
[28/08/22] [21:59:38] Mert Diler | Heal to id: 22
[28/08/22] [21:59:50] Mert Diler | Adrenaline to id: 22
[28/08/22] [21:59:53] Mert Diler | Heal to id: 22
[28/08/22] [22:00:17] Mert Diler | Adrenaline to id: 19
[28/08/22] [22:00:49] Mert Diler | Heal to id: 1
[28/08/22] [22:02:58] Mert Diler | Adrenaline to id: 1
[28/08/22] [22:03:02] Mert Diler | Heal to id: 1
[28/08/22] [22:03:29] Mert Diler | Adrenaline to id: 1
[28/08/22] [22:03:33] Mert Diler | Adrenaline to id: 1
[28/08/22] [22:03:46] Mert Diler | Heal to id: 1
[28/08/22] [22:13:11] Mert Diler | Heal to id: 22
[28/08/22] [22:19:43] Mert Diler | Heal to id: 22
[28/08/22] [22:20:07] Mert Diler | Heal to id: 22
[28/08/22] [22:20:55] Mert Diler | Adrenaline to id: 1
[28/08/22] [22:21:07] Mert Diler | Heal to id: 1
[28/08/22] [22:27:05] Mert Diler | Heal to id: 1
[28/08/22] [22:27:20] Jack Harris | Adrenaline to id: 1
[28/08/22] [22:27:59] Jack Harris | Adrenaline to id: 1
[28/08/22] [22:28:06] Mert Diler | Heal to id: 22
[28/08/22] [22:28:30] Mert Diler | Heal to id: 2
[28/08/22] [22:28:34] Mert Diler | Heal to id: 22
[28/08/22] [22:28:39] Mert Diler | Heal to id: 22
[28/08/22] [22:28:44] Mert Diler | Heal to id: 22
[28/08/22] [22:29:03] Mert Diler | Adrenaline to id: 22
[28/08/22] [22:29:12] Mert Diler | Adrenaline to id: 22
[28/08/22] [22:30:10] Mert Diler | Adrenaline to id: 22
[28/08/22] [22:30:46] Mert Diler | Adrenaline to id: 1
[28/08/22] [22:30:52] Mert Diler | Heal to id: 1
[28/08/22] [23:28:02] Mert Diler | Heal to id: 22
[28/08/22] [23:29:54] Mert Diler | Heal to id: 1
[28/08/22] [23:30:03] Mert Diler | Heal to id: 1
[28/08/22] [23:35:55] Mert Diler | Adrenaline to id: 1
[28/08/22] [23:36:01] Mert Diler | Adrenaline to id: 1
[28/08/22] [23:36:06] Mert Diler | Adrenaline to id: 1
[28/08/22] [23:36:09] Mert Diler | Heal to id: 1
[29/08/22] [03:37:37] Jack Harris | Adrenaline to id: 1
[29/08/22] [05:13:40] Jack Harris | Adrenaline to id: 1
[29/08/22] [12:43:34] Mert Diler | Adrenaline to id: 1
[29/08/22] [12:43:39] Mert Diler | Adrenaline to id: 1
[29/08/22] [12:44:10] Mert Diler | Adrenaline to id: 1
[29/08/22] [12:46:38] Mert Diler | Adrenaline to id: 22
[29/08/22] [14:43:26] Jack Harris | Adrenaline to id: 1
[29/08/22] [17:28:49] Abbas Devir | Heal to id: 17
[29/08/22] [17:33:21] Abbas Devir | Heal to id: 17
[29/08/22] [17:35:31] Jack Harris | Adrenaline to id: 1
[29/08/22] [17:35:38] Jack Harris | Adrenaline to id: 1
[29/08/22] [17:45:54] Mert Diler | Adrenaline to id: 22
[29/08/22] [17:46:04] Mert Diler | Adrenaline to id: 22
[29/08/22] [17:46:26] Mert Diler | Adrenaline to id: 22
[29/08/22] [17:46:31] Mert Diler | Adrenaline to id: 22
[29/08/22] [17:47:00] Mert Diler | Heal to id: 22
[29/08/22] [17:49:03] Jack Harris | Adrenaline to id: 1
[29/08/22] [17:49:10] Jack Harris | Adrenaline to id: 1
[29/08/22] [18:18:07] Mert Diler | Adrenaline to id: 22
[29/08/22] [18:18:13] Mert Diler | Adrenaline to id: 22
[29/08/22] [18:45:30] Mert Diler | Heal to id: 22
[30/08/22] [03:39:42] Antu Donmez | Adrenaline to id: 3
[30/08/22] [03:50:44] Antu Donmez | Adrenaline to id: 3
[30/08/22] [04:00:32] Antu Donmez | Adrenaline to id: 3
[30/08/22] [04:01:00] Antu Donmez | Adrenaline to id: 3
[30/08/22] [04:01:07] Antu Donmez | Adrenaline to id: 3
[30/08/22] [04:01:17] Antu Donmez | Adrenaline to id: 3
[30/08/22] [04:01:23] Antu Donmez | Adrenaline to id: 3
[30/08/22] [04:01:30] Antu Donmez | Adrenaline to id: 3
[30/08/22] [04:03:29] Antu Donmez | Adrenaline to id: 3
[30/08/22] [04:03:35] Antu Donmez | Adrenaline to id: 3
[30/08/22] [04:04:14] Antu Donmez | Adrenaline to id: 3
[30/08/22] [04:05:18] Antu Donmez | Adrenaline to id: 3
[30/08/22] [04:05:29] Antu Donmez | Adrenaline to id: 3
[30/08/22] [14:34:19] Mert Diler | Adrenaline to id: 1
[30/08/22] [14:34:25] Mert Diler | Adrenaline to id: 1
[30/08/22] [15:42:01] Mert Diler | Heal to id: 1
[30/08/22] [15:42:58] Mert Diler | Adrenaline to id: 22
[30/08/22] [15:43:08] Mert Diler | Heal to id: 22
[30/08/22] [15:47:33] Mert Diler | Adrenaline to id: 22
[30/08/22] [15:47:35] Mert Diler | Heal to id: 22
[30/08/22] [15:47:41] Mert Diler | Adrenaline to id: 22
[30/08/22] [15:49:02] Fuat Kocaeli | Heal to id: 5
[30/08/22] [15:51:35] Fuat Kocaeli | Heal to id: 56
[30/08/22] [15:53:23] Mert Diler | Heal to id: 22
[30/08/22] [16:21:25] Jack Harris | Adrenaline to id: 1
[30/08/22] [16:22:01] Jack Harris | Adrenaline to id: 1
[30/08/22] [16:22:22] Jack Harris | Adrenaline to id: 1
[30/08/22] [16:34:59] Mert Diler | Adrenaline to id: 22
[30/08/22] [16:35:35] Mert Diler | Adrenaline to id: 22
[30/08/22] [16:47:16] Mert Diler | Adrenaline to id: 22
[30/08/22] [16:47:21] Mert Diler | Heal to id: 22
[30/08/22] [16:51:59] Mert Diler | Adrenaline to id: 22
[30/08/22] [16:52:17] Mert Diler | Adrenaline to id: 2
[30/08/22] [16:52:21] Mert Diler | Adrenaline to id: 22
[30/08/22] [16:55:21] Abbas Devir | Adrenaline to id: 22
[30/08/22] [16:55:47] Abbas Devir | Adrenaline to id: 22
[30/08/22] [16:56:39] Abbas Devir | Adrenaline to id: 22
[30/08/22] [16:56:43] Abbas Devir | Adrenaline to id: 22
[30/08/22] [16:59:51] Mert Diler | Adrenaline to id: 22
[30/08/22] [17:00:18] Mert Diler | Heal to id: 22
[30/08/22] [17:03:20] Mert Diler | Adrenaline to id: 22
[30/08/22] [17:03:34] Mert Diler | Heal to id: 22
[30/08/22] [19:28:22] Jack Harris | Adrenaline to id: 1
[30/08/22] [19:49:15] Jack Harris | Adrenaline to id: 1
[30/08/22] [19:51:00] Mert Diler | Adrenaline to id: 1
[30/08/22] [19:54:30] Mert Diler | Adrenaline to id: 22
[30/08/22] [19:55:59] Mert Diler | Adrenaline to id: 22
[30/08/22] [21:33:14] Mert Diler | Adrenaline to id: 22
[30/08/22] [21:33:23] Mert Diler | Adrenaline to id: 22
[30/08/22] [21:33:33] Mert Diler | Heal to id: 22
[30/08/22] [22:28:10] Mehmet Ekinci | Adrenaline to id: 8
[30/08/22] [22:28:15] Mehmet Ekinci | Heal to id: 8
[31/08/22] [16:56:52] Jack Harris | Adrenaline to id: 1
[31/08/22] [17:01:17] Jack Harris | Adrenaline to id: 1
[31/08/22] [19:35:04] Mert Diler | Adrenaline to id: 1
[31/08/22] [22:36:14] Mert Diler | Adrenaline to id: 22
[31/08/22] [22:36:18] Mert Diler | Heal to id: 22
[01/09/22] [04:01:33] Jack Harris | Adrenaline to id: 1
[01/09/22] [18:46:46] Mert Diler | Adrenaline to id: 22
[01/09/22] [18:46:56] Mert Diler | Heal to id: 22
[01/09/22] [18:47:35] Mert Diler | Heal to id: 22
[01/09/22] [19:07:36] Mert Diler | Heal to id: 22
[01/09/22] [19:09:44] Mert Diler | Adrenaline to id: 22
[01/09/22] [19:10:06] Mert Diler | Heal to id: 22
[01/09/22] [19:12:08] Mert Diler | Adrenaline to id: 1
[01/09/22] [19:24:35] Mert Diler | Heal to id: 22
[01/09/22] [19:28:35] Mert Diler | Adrenaline to id: 1
[01/09/22] [19:48:11] Mert Diler | Adrenaline to id: 1
[01/09/22] [22:21:14] Jack Harris | Adrenaline to id: 1
[01/09/22] [22:21:32] Jack Harris | Adrenaline to id: 2
[01/09/22] [22:21:44] Jack Harris | Adrenaline to id: 1
[01/09/22] [22:31:39] Jack Harris | Adrenaline to id: 1
[01/09/22] [23:42:59] Jack Harris | Adrenaline to id: 1
[02/09/22] [02:20:36] Antu Donmez | Adrenaline to id: 3
[02/09/22] [02:55:21] Jack Harris | Adrenaline to id: 1
[02/09/22] [03:03:25] Jack Harris | Adrenaline to id: 1
[02/09/22] [13:06:03] Mert Diler | Adrenaline to id: 22
[02/09/22] [13:06:15] Mert Diler | Adrenaline to id: 22
[02/09/22] [13:09:49] Mert Diler | Heal to id: 22
[02/09/22] [19:35:32] Mert Diler | Heal to id: 22
[02/09/22] [19:43:42] Mert Diler | Adrenaline to id: 1
