[07/08/22] [00:50:30] Antu Donmez - 1
[07/08/22] [04:06:42] Antu Donmez - 2
[07/08/22] [04:07:19] Jack Harriq - 2
[07/08/22] [04:16:31] Jack Harriq - 1
[07/08/22] [04:18:51] Jack Harriq - 200
[07/08/22] [04:18:57] Jack Harriq - 400
[07/08/22] [04:20:00] Antu Donmez - 45
[07/08/22] [14:21:12] Antu Donmez - 1
[07/08/22] [19:32:05] Jack Harriq - 3
[07/08/22] [19:34:53] Antu Donmez - 2
[07/08/22] [19:56:34] Jack Harriq - 3
[07/08/22] [19:56:39] Jack Harriq - 25
[07/08/22] [20:18:21] Jack Harriq - 3
[07/08/22] [23:15:44] Jack Harriq - 3
[10/08/22] [22:43:31] Jack Harris - RapidGT
[10/08/22] [23:06:39] Ahmet Tufan - drafter
[10/08/22] [23:08:11] Ahmet Tufan - drafter
[10/08/22] [23:10:27] Ahmet Tufan - m5f90
[10/08/22] [23:22:38] Ahmet Tufan - fordgt
[10/08/22] [23:22:45] Ahmet Tufan - m5f90
[11/08/22] [00:07:39] Ahmet Tufan - m5f80
[11/08/22] [00:07:40] Shybw Lone - m5f90
[11/08/22] [00:07:57] Ahmet Tufan - m5f90
[11/08/22] [00:11:05] Shybw Lone - amggt63s
[11/08/22] [00:11:06] Ahmet Tufan - m5f90
[11/08/22] [00:13:19] Emre Kurt - m5f90
[11/08/22] [00:15:23] Shybw Lone - m5f90
[11/08/22] [00:24:33] Emre Kurt - m5f90
[11/08/22] [00:28:11] Ahmet Tufan - hunter
[11/08/22] [00:30:31] Fuat Kocaeli - hunter
[11/08/22] [00:45:17] Ahmet Tufan - buzzoff
[11/08/22] [01:20:09] Fuat Kocaeli - hunter
[11/08/22] [01:38:02] Emre Kurt - buzzard
[11/08/22] [02:34:10] Emre Kurt - m5f90
[11/08/22] [02:37:17] Naqasake Komutan - m5f90
[11/08/22] [03:04:10] Naqasake Komutan - offroad
[11/08/22] [03:04:17] Naqasake Komutan - m5f90
[11/08/22] [03:51:06] Jack Harris - RapidGT
[11/08/22] [03:52:54] Naqasake Komutan - drapper
[11/08/22] [03:53:46] Naqasake Komutan - drafter
[11/08/22] [03:54:17] Naqasake Komutan - jet
[11/08/22] [03:55:03] Jack Harris - JET
[11/08/22] [03:55:28] Naqasake Komutan - lazer
[11/08/22] [03:56:49] Naqasake Komutan - lazer
[11/08/22] [03:56:57] Jack Harris - LAZER
[11/08/22] [03:57:48] Jack Harris - lazer
[11/08/22] [03:58:26] Jack Harris - jetmax
[11/08/22] [03:58:40] Jack Harris - PBUS
[11/08/22] [12:30:20] Naqasake Komutan - m5f90
[11/08/22] [15:23:41] Jack Harris - m5f90
[11/08/22] [15:39:18] Naqasake Komutan - m5f90
[11/08/22] [16:02:23] Naqasake Komutan - m5f90
[11/08/22] [16:06:24] Naqasake Komutan - m5f90
[11/08/22] [16:07:58] Naqasake Komutan - g500
[11/08/22] [16:08:14] Naqasake Komutan - m5f90
[11/08/22] [16:09:24] Naqasake Komutan - lazer
[11/08/22] [16:09:40] Naqasake Komutan - rhino
[11/08/22] [16:15:37] Fuat Kocaeli - hunter
[11/08/22] [16:15:52] Fuat Kocaeli - hunter
[11/08/22] [16:27:16] Naqasake Komutan - lazer
[11/08/22] [16:29:11] Naqasake Komutan - bandito
[11/08/22] [16:29:16] Naqasake Komutan - rc
[11/08/22] [16:33:40] Naqasake Komutan - nisgtr
[11/08/22] [16:35:13] Fuat Kocaeli - hunter
[11/08/22] [16:39:38] Ahmet Tufan - m5f90
[11/08/22] [16:42:58] Ahmet Tufan - m5f90
[11/08/22] [16:46:39] Ahmet Tufan - m5f90
[11/08/22] [16:55:19] Ahmet Tufan - m5f90
[11/08/22] [17:01:22] Naqasake Komutan - m5f90
[11/08/22] [17:02:02] Ahmet Tufan - m5f90
[11/08/22] [17:03:42] Jack Harris - m5f90
[11/08/22] [17:05:00] Ahmet Tufan - m5f90
[11/08/22] [17:06:38] Antu Donmez - m5f90
[11/08/22] [17:06:42] Ahmet Tufan - m5f90
[11/08/22] [17:07:17] Antu Donmez - m5f90
[11/08/22] [17:07:27] Naqasake Komutan - nisgtr
[11/08/22] [17:12:06] Naqasake Komutan - m5f90
[11/08/22] [17:12:16] Ahmet Tufan - m5f90
[11/08/22] [17:12:33] Ahmet Tufan - drafter
[11/08/22] [17:12:49] Ahmet Tufan - hunter
[11/08/22] [17:20:48] Ahmet Tufan - m5f90
[11/08/22] [17:31:56] Jack Harris - porche
[11/08/22] [17:32:57] Ahmet Tufan - panemera17turbo
[11/08/22] [17:34:52] Ahmet Tufan - panemera17turbo
[11/08/22] [18:10:51] Jack Harris - LAZER
[11/08/22] [18:24:22] Naqasake Komutan - f620
[11/08/22] [18:24:41] Naqasake Komutan - g500
[11/08/22] [18:25:40] Naqasake Komutan - nisgtr
[11/08/22] [18:27:05] Naqasake Komutan - lp700
[11/08/22] [18:28:47] Naqasake Komutan - f620
[11/08/22] [18:28:57] Naqasake Komutan - g63s
[11/08/22] [18:29:21] Naqasake Komutan - e63s
[11/08/22] [18:33:04] Naqasake Komutan - m5f90
[11/08/22] [18:34:19] Naqasake Komutan - e63s
[11/08/22] [18:40:03] Jack Harris - M5F90
[11/08/22] [18:51:20] Ozgur Baba - 8
[11/08/22] [19:40:29] Naqasake Komutan - lazer
[11/08/22] [19:52:40] Naqasake Komutan - m3
[11/08/22] [19:52:55] Naqasake Komutan - rhino
[11/08/22] [19:54:24] Naqasake Komutan - m5f90
[12/08/22] [00:55:43] Jack Harris - m5f90
[12/08/22] [01:19:19] Jack Harris - m5f90
[12/08/22] [02:24:23] Jack Harris - porche
[12/08/22] [03:00:51] Naqasake Komutan - lazer
[12/08/22] [03:02:41] Naqasake Komutan - buzzer
[12/08/22] [11:47:42] Mehmet Ekinci - m5
[12/08/22] [11:49:33] Mehmet Ekinci - panemera17gt
[12/08/22] [12:17:31] Naqasake Komutan - m5f90
[12/08/22] [12:22:40] Naqasake Komutan - nisgtr
[12/08/22] [12:27:53] Naqasake Komutan - rhino
[12/08/22] [13:03:15] Naqasake Komutan - m5f90
[12/08/22] [13:07:33] Naqasake Komutan - rhino
[12/08/22] [13:27:03] Jack Harris - m5gtr
[12/08/22] [13:27:08] Jack Harris - m5f90
[12/08/22] [14:13:44] Jack Harris - m5f90
[12/08/22] [14:43:21] Jack Harris - m5f90
[12/08/22] [14:48:05] Jack Harris - FIB2
[12/08/22] [15:22:03] Fuat Kocaeli - hunte
[12/08/22] [15:22:15] Fuat Kocaeli - hunter
[12/08/22] [15:22:42] Fuat Kocaeli - hunter
[12/08/22] [15:31:29] Fuat Kocaeli - m5f90
[12/08/22] [15:33:47] Fuat Kocaeli - m5f90
[12/08/22] [16:46:06] Ahmet Tufan - m5f90
[12/08/22] [17:22:58] Jack Harris - m5f90
[12/08/22] [17:26:10] Ahmet Tufan - m5f90
[12/08/22] [17:52:12] Mehmet Ekinci - Rhino
[12/08/22] [17:53:39] Naqasake Komutan - Lazer
[12/08/22] [17:54:03] Naqasake Komutan - lazer
[12/08/22] [17:54:15] Ahmet Tufan - f35
[12/08/22] [17:54:28] Ahmet Tufan - lazer
[12/08/22] [17:54:49] Naqasake Komutan - jet
[12/08/22] [17:55:59] Mehmet Ekinci - Cargobob
[12/08/22] [17:56:22] Naqasake Komutan - jet
[12/08/22] [17:56:59] Mehmet Ekinci - Hydra
[12/08/22] [17:57:01] Naqasake Komutan - jet
[12/08/22] [17:57:16] Naqasake Komutan - jet
[12/08/22] [17:57:23] Naqasake Komutan - jet
[12/08/22] [17:59:42] Mehmet Ekinci - Lazer
[12/08/22] [17:59:57] Mehmet Ekinci - P-996
[12/08/22] [18:00:29] Ahmet Tufan - lazer
[12/08/22] [18:00:41] Mehmet Ekinci - Lazer
[12/08/22] [18:01:00] Abbas Devir - M5,
[12/08/22] [18:01:06] Naqasake Komutan - jet
[12/08/22] [18:01:07] Abbas Devir - M5
[12/08/22] [18:01:12] Naqasake Komutan - jet
[12/08/22] [18:01:16] Abbas Devir - M5F90
[12/08/22] [18:01:20] Naqasake Komutan - jet
[12/08/22] [18:01:27] Naqasake Komutan - jet
[12/08/22] [18:01:35] Naqasake Komutan - jet
[12/08/22] [18:02:03] Abbas Devir - fordgt
[12/08/22] [18:02:17] Abbas Devir - Ferrari
[12/08/22] [18:02:28] Abbas Devir - gls
[12/08/22] [18:02:48] Abbas Devir - m5f90
[12/08/22] [18:08:45] Mehmet Ekinci - Hydra
[12/08/22] [18:09:22] Mehmet Ekinci - Hydra
[12/08/22] [18:11:07] Mehmet Ekinci - SuperVolito
[12/08/22] [18:11:47] Mehmet Ekinci - Cargobob
[12/08/22] [18:12:01] Mehmet Ekinci - Cargobob
[12/08/22] [18:12:18] Mehmet Ekinci - Cargobob
[12/08/22] [18:12:27] Mehmet Ekinci - Cargobob
[12/08/22] [18:12:57] Mehmet Ekinci - Savage
[12/08/22] [18:13:28] Mehmet Ekinci - Annihilator
[12/08/22] [18:13:59] Mehmet Ekinci - Mil-Jet
[12/08/22] [18:14:17] Mehmet Ekinci - Buckingham
[12/08/22] [18:17:04] Abbas Devir - m5f90
[12/08/22] [18:23:28] Abbas Devir - m5f90
[12/08/22] [19:01:52] Mehmet Ekinci - Rhino
[12/08/22] [19:03:36] Mehmet Ekinci - Lazer
[12/08/22] [19:03:58] Mehmet Ekinci - Hydra
[12/08/22] [19:08:24] Abbas Devir - f35
[12/08/22] [19:08:45] Mehmet Ekinci - Hydra
[12/08/22] [19:08:56] Abbas Devir - hdyra
[12/08/22] [19:09:07] Abbas Devir - hydra
[12/08/22] [19:10:06] Mehmet Ekinci - Lazer
[12/08/22] [19:21:42] Abbas Devir - e63s
[12/08/22] [19:40:15] Antu Donmez - m5f90
[12/08/22] [21:04:13] Jack Harris - m5f90
[12/08/22] [21:21:41] Jack Harris - laser
[12/08/22] [21:21:45] Jack Harris - lazer
[12/08/22] [21:22:58] Jack Harris - lazer
[12/08/22] [21:41:23] Jack Harris - m5f90
[12/08/22] [21:55:01] Jack Harris - lazer
[12/08/22] [22:40:03] Jack Harris - lazer
[12/08/22] [22:40:38] Jack Harris - flashgt
[12/08/22] [22:41:04] Jack Harris - flashgt
[12/08/22] [22:51:32] Jack Harris - chernobog
[12/08/22] [22:54:11] Jack Harris - hydra
[12/08/22] [22:57:09] Jack Harris - hunter
[12/08/22] [23:06:48] Jack Harris - lazer
[12/08/22] [23:12:18] Jack Harris - lazer
[12/08/22] [23:13:37] Jack Harris - rhino
[12/08/22] [23:14:42] Ozgur Baba - GT
[12/08/22] [23:16:26] Ozgur Baba - APC
[12/08/22] [23:18:05] Jack Harris - apc
[12/08/22] [23:18:47] Ozgur Baba - TM-02_Khanjali
[12/08/22] [23:19:10] Ozgur Baba - T-34
[12/08/22] [23:19:21] Ozgur Baba - SCARAB
[12/08/22] [23:20:14] Ozgur Baba - INVADE
[12/08/22] [23:20:29] Ozgur Baba - M3
[12/08/22] [23:23:11] Ozgur Baba - Skylift
[12/08/22] [23:25:10] Ozgur Baba - rhino
[12/08/22] [23:27:18] Ozgur Baba - forklift
[12/08/22] [23:28:14] Ozgur Baba - tractor
[12/08/22] [23:28:25] Ozgur Baba - Towtruck 
[12/08/22] [23:28:37] Ozgur Baba - Towtruck
[12/08/22] [23:29:43] Ozgur Baba - xero
[12/08/22] [23:31:14] Jack Harris - m5f90
[12/08/22] [23:33:14] Ozgur Baba - rhino
[12/08/22] [23:38:08] Ozgur Baba - apc
[12/08/22] [23:38:40] Emre Kurt - m5f90
[12/08/22] [23:41:45] Ozgur Baba - m3
[12/08/22] [23:42:04] Ozgur Baba - mercedes
[12/08/22] [23:47:16] Ozgur Baba - apc
[12/08/22] [23:49:57] Jack Harris - m5f90
[12/08/22] [23:51:39] Jack Harris - lazer
[12/08/22] [23:51:39] Ozgur Baba - rhino
[12/08/22] [23:53:29] Jack Harris - lazer
[12/08/22] [23:53:41] Ozgur Baba - ford
[12/08/22] [23:54:56] Mehmet Ekinci - Lazer
[12/08/22] [23:55:26] Mehmet Ekinci - Lazer
[12/08/22] [23:56:02] Ozgur Baba - lazer
[12/08/22] [23:56:17] Mehmet Ekinci - Titan
[12/08/22] [23:57:50] Shybw Lone - m5f90
[12/08/22] [23:59:11] Mehmet Ekinci - Besra
[12/08/22] [23:59:35] Mehmet Ekinci - Besra
[12/08/22] [23:59:58] Ozgur Baba - fib
[13/08/22] [00:01:53] Mehmet Ekinci - Hunter
[13/08/22] [00:02:14] Ozgur Baba - ford
[13/08/22] [00:03:01] Mehmet Ekinci - Hunter
[13/08/22] [00:04:21] Ozgur Baba - rhino
[13/08/22] [00:04:32] Jack Harris - lazer
[13/08/22] [00:05:37] Mehmet Ekinci - Hydra
[13/08/22] [00:06:00] Emre Kurt -  Sikorsky UH-60
[13/08/22] [00:06:25] Mehmet Ekinci - Annihilator
[13/08/22] [00:06:35] Emre Kurt - Savage
[13/08/22] [00:06:47] Emre Kurt - Savage
[13/08/22] [00:07:17] Ozgur Baba - Atomic Blimp
[13/08/22] [00:07:30] Emre Kurt - Savage
[13/08/22] [00:08:08] Ozgur Baba - sherrif suv
[13/08/22] [00:08:16] Ozgur Baba - sheriff suv
[13/08/22] [00:08:31] Ozgur Baba - Sheriff SUV
[13/08/22] [00:08:45] Ozgur Baba - unmarked
[13/08/22] [00:08:57] Ozgur Baba - cruiser
[13/08/22] [00:10:03] Ozgur Baba - Truffade
[13/08/22] [00:10:15] Ozgur Baba - audi
[13/08/22] [00:11:41] Jack Harris - lazer
[13/08/22] [00:12:15] Mehmet Ekinci - Hydra
[13/08/22] [00:12:18] Shybw Lone - rihinno
[13/08/22] [00:12:27] Shybw Lone - rihino
[13/08/22] [00:12:27] Ozgur Baba - rhino
[13/08/22] [00:12:55] Jack Harris - lazer
[13/08/22] [00:12:55] Shybw Lone - lazer
[13/08/22] [00:12:57] Ozgur Baba - apc
[13/08/22] [00:14:06] Ozgur Baba - porsche
[13/08/22] [00:14:11] Jack Harris - HUNTER
[13/08/22] [00:14:31] Mehmet Ekinci - Lazer
[13/08/22] [00:14:57] Shybw Lone - hunter
[13/08/22] [00:15:06] Ozgur Baba - hunter
[13/08/22] [00:16:43] Shybw Lone - rehino
[13/08/22] [00:16:56] Shybw Lone - hydra
[13/08/22] [00:17:46] Jack Harris - LAZER
[13/08/22] [00:17:50] Shybw Lone - hunter
[13/08/22] [00:18:27] Jack Harris - lazer
[13/08/22] [00:19:02] Emre Kurt - m5f90
[13/08/22] [00:19:18] Shybw Lone - hunter
[13/08/22] [00:24:31] Jack Harris - hunter
[13/08/22] [00:24:44] Shybw Lone - amggt63s
[13/08/22] [00:25:01] Shybw Lone - lazer
[13/08/22] [00:25:38] Jack Harris - lazer
[13/08/22] [00:25:57] Jack Harris - lazer
[13/08/22] [00:26:29] Shybw Lone - m5f90,
[13/08/22] [00:28:07] Shybw Lone - rhino
[13/08/22] [00:29:29] Shybw Lone - rhino
[13/08/22] [00:29:56] Jack Harris - m5f90
[13/08/22] [00:30:08] Jack Harris - m5f90
[13/08/22] [00:30:19] Naqasake Komutan - lazer
[13/08/22] [00:31:36] Naqasake Komutan - lazer
[13/08/22] [00:32:56] Naqasake Komutan - rhino
[13/08/22] [00:33:38] Naqasake Komutan - lightning
[13/08/22] [00:34:46] Naqasake Komutan - titan
[13/08/22] [00:35:12] Naqasake Komutan - titan
[13/08/22] [00:36:24] Naqasake Komutan - titan
[13/08/22] [00:36:34] Naqasake Komutan - jet
[13/08/22] [00:36:40] Shybw Lone - rhino
[13/08/22] [00:37:19] Naqasake Komutan - titan
[13/08/22] [00:38:20] Shybw Lone - rhino
[13/08/22] [00:38:28] Fuat Kocaeli - titan
[13/08/22] [00:38:34] Naqasake Komutan - titan
[13/08/22] [00:38:40] Fuat Kocaeli - titan
[13/08/22] [00:38:54] Shybw Lone - rhino
[13/08/22] [00:39:32] Fuat Kocaeli - titan
[13/08/22] [00:40:31] Shybw Lone - titan
[13/08/22] [00:40:32] Naqasake Komutan - mammoth
[13/08/22] [00:41:03] Naqasake Komutan - hydra
[13/08/22] [01:04:11] Ozgur Baba - rhino
[13/08/22] [01:06:21] Ozgur Baba - hydra
[13/08/22] [01:08:43] Ozgur Baba - shamal
[13/08/22] [01:09:22] Ozgur Baba - shamal
[13/08/22] [01:11:37] Ozgur Baba - shamal
[13/08/22] [01:16:36] Ozgur Baba - titan
[13/08/22] [01:18:16] Fuat Kocaeli - hunter
[13/08/22] [01:22:33] Shybw Lone - m5f90
[13/08/22] [01:22:40] Fuat Kocaeli - m5f90
[13/08/22] [01:24:52] Fuat Kocaeli - huracon
[13/08/22] [01:25:02] Fuat Kocaeli - huracan
[13/08/22] [01:25:10] Fuat Kocaeli - huracon
[13/08/22] [01:25:29] Jack Harris - m5f90
[13/08/22] [01:25:44] Fuat Kocaeli - lp700
[13/08/22] [01:27:24] Fuat Kocaeli - titan
[13/08/22] [01:36:14] Ozgur Baba - gtr
[13/08/22] [01:36:21] Ozgur Baba - wols
[13/08/22] [01:36:29] Ozgur Baba - range
[13/08/22] [01:36:37] Ozgur Baba - ferra
[13/08/22] [01:36:47] Ozgur Baba - bmw
[13/08/22] [01:37:39] Ozgur Baba - Dundreary
[13/08/22] [01:38:08] Ozgur Baba - grotti
[13/08/22] [01:38:27] Ozgur Baba - f620
[13/08/22] [02:46:24] Ozgur Baba - ranio
[13/08/22] [02:48:06] Ozgur Baba - s
[13/08/22] [03:03:27] Emre Kurt - m5f90
[13/08/22] [03:04:28] Ozgur Baba - cc
[13/08/22] [03:07:13] Emre Kurt - cayenne
[13/08/22] [03:15:53] Abbas Devir - e63s
[13/08/22] [03:17:53] Abbas Devir - panamera
[13/08/22] [03:18:05] Abbas Devir - hydra
[13/08/22] [03:18:13] Abbas Devir - buzzard
[13/08/22] [03:18:22] Abbas Devir - buzzard
[13/08/22] [03:19:49] Jack Harris - lazer
[13/08/22] [03:20:06] Abbas Devir - m5f90
[13/08/22] [03:21:41] Jack Harris - apc
[13/08/22] [03:22:17] Jack Harris - hunter
[13/08/22] [03:22:39] Emre Kurt - hunter
[13/08/22] [03:23:50] Abbas Devir - hydra
[13/08/22] [03:23:59] Abbas Devir - hunter
[13/08/22] [03:34:35] Jack Harris - harvinoiidc8z06
[13/08/22] [03:35:11] Jack Harris - c8z0623
[13/08/22] [03:38:01] Jack Harris - c8z0623
[13/08/22] [03:38:39] Emre Kurt - c8z0623
[13/08/22] [03:50:54] Emre Kurt - 745le
[13/08/22] [03:52:10] Jack Harris - 745le
[13/08/22] [03:52:25] Jack Harris - 745le
[13/08/22] [03:53:30] Jack Harris - 745le
[13/08/22] [04:07:31] Emre Kurt - m3e36
[13/08/22] [04:07:54] Jack Harris - boss429
[13/08/22] [04:09:31] Jack Harris - boss429
[13/08/22] [04:09:59] Emre Kurt - boss429
[13/08/22] [04:10:35] Emre Kurt - m3e36
[13/08/22] [04:10:42] Jack Harris - boss429
[13/08/22] [04:11:10] Emre Kurt - m3e36
[13/08/22] [04:30:29] Jack Harris - lazer
[13/08/22] [04:37:20] Jack Harris - boss429
[13/08/22] [12:03:08] Naqasake Komutan - m5f90
[13/08/22] [12:18:58] Naqasake Komutan - m5f90
[13/08/22] [12:19:07] Naqasake Komutan - g500
[13/08/22] [12:20:03] Naqasake Komutan - bmw3
[13/08/22] [12:20:46] Antu Donmez - e63s
[13/08/22] [12:20:51] Naqasake Komutan - polcorvet
[13/08/22] [12:21:35] Antu Donmez - g500
[13/08/22] [12:22:01] Antu Donmez - amggt
[13/08/22] [12:22:12] Antu Donmez - amggt63s
[13/08/22] [12:26:09] Mehmet Ekinci - Lazer
[13/08/22] [12:26:33] Mehmet Ekinci - Lazer
[13/08/22] [12:26:54] Mehmet Ekinci - Lazer
[13/08/22] [12:27:23] Naqasake Komutan - polcorvet
[13/08/22] [12:27:23] Mehmet Ekinci - Lazer
[13/08/22] [12:27:44] Naqasake Komutan - rhino
[13/08/22] [12:28:04] Mehmet Ekinci - Savage
[13/08/22] [12:28:25] Mehmet Ekinci - Annihilator
[13/08/22] [12:28:43] Mehmet Ekinci - Cargobob
[13/08/22] [12:28:54] Mehmet Ekinci - Cargobob
[13/08/22] [12:29:02] Naqasake Komutan - lazer
[13/08/22] [12:29:11] Mehmet Ekinci - Cargobob
[13/08/22] [12:29:21] Mehmet Ekinci - Cargobob
[13/08/22] [12:30:37] Mehmet Ekinci - Besra
[13/08/22] [12:30:51] Mehmet Ekinci - Besra
[13/08/22] [12:32:29] Naqasake Komutan - titan
[13/08/22] [12:34:18] Mehmet Ekinci - Hydra
[13/08/22] [12:34:46] Mehmet Ekinci - Hydra
[13/08/22] [12:35:20] Naqasake Komutan - polcorvet
[13/08/22] [12:35:35] Naqasake Komutan - m5f90
[13/08/22] [12:40:01] Naqasake Komutan - 307713837
[13/08/22] [12:40:16] Naqasake Komutan - 1
[13/08/22] [12:40:29] Naqasake Komutan - 654126534116541a
[13/08/22] [12:47:06] Antu Donmez - titan
[13/08/22] [12:51:09] Naqasake Komutan - lazer
[13/08/22] [13:13:48] Antu Donmez - m5f90
[13/08/22] [13:19:04] Fuat Kocaeli - titan
[13/08/22] [13:21:28] Ahmet Tufan - titan
[13/08/22] [13:23:19] Ahmet Tufan - titan
[13/08/22] [13:24:50] Fuat Kocaeli - titam
[13/08/22] [13:25:08] Fuat Kocaeli - titan
[13/08/22] [15:03:55] Jack Harris - boss429
[13/08/22] [15:52:05] Jack Harris - c80623
[13/08/22] [15:52:12] Jack Harris - c8z0623
[13/08/22] [16:05:34] Emre Kurt - m3e36
[13/08/22] [16:09:30] Emre Kurt - 745le
[13/08/22] [16:10:48] Emre Kurt - boss429
[13/08/22] [16:15:30] Emre Kurt - m3e36
[13/08/22] [16:16:53] Jack Harris - LAZER
[13/08/22] [16:22:59] Emre Kurt - 745le
[13/08/22] [16:37:15] Emre Kurt - c8z0623
[13/08/22] [16:54:15] Fuat Kocaeli - titan
[13/08/22] [17:20:43] Emre Kurt - 745le
[13/08/22] [17:20:53] Emre Kurt - m3e36
[13/08/22] [17:22:37] Antu Donmez - 745LE
[13/08/22] [17:25:25] Antu Donmez - E36
[13/08/22] [17:25:37] Antu Donmez - M3E36
[13/08/22] [17:26:11] Antu Donmez - boss429
[13/08/22] [17:26:35] Antu Donmez - c8z0623
[13/08/22] [17:51:49] Antu Donmez - 745le
[13/08/22] [18:13:22] Emre Kurt - m3e36
[13/08/22] [18:26:56] Emre Kurt - m3e36
[13/08/22] [18:28:32] Emre Kurt - c8z0623
[13/08/22] [18:34:01] Jack Harris - boss429
[13/08/22] [18:35:12] Antu Donmez - m5f90
[14/08/22] [05:58:43] Jack Harris - 429boss
[14/08/22] [05:58:49] Jack Harris - boss429
[14/08/22] [11:44:07] Antu Donmez - rs6c8
[14/08/22] [11:44:24] Antu Donmez - q820
[14/08/22] [11:44:52] Antu Donmez - abtaudş
[14/08/22] [11:44:59] Antu Donmez - abtaudi
[14/08/22] [11:45:10] Antu Donmez - sq72016
[14/08/22] [11:50:05] Antu Donmez - sq72016
[14/08/22] [11:50:41] Antu Donmez - abtaudi
[14/08/22] [11:51:03] Antu Donmez - abtaudi
[14/08/22] [11:51:15] Antu Donmez - q820
[14/08/22] [11:52:11] Antu Donmez - rs6c8
[14/08/22] [11:55:31] Antu Donmez - Q820
[14/08/22] [11:55:55] Antu Donmez - SQ72016
[14/08/22] [12:16:40] Antu Donmez - 17cliofl
[14/08/22] [12:20:45] Naqasake Komutan - 17cliofl
[14/08/22] [12:22:54] Naqasake Komutan - sq72016
[14/08/22] [12:24:00] Naqasake Komutan - q820
[14/08/22] [12:24:59] Naqasake Komutan - rs6c8
[14/08/22] [12:26:09] Naqasake Komutan - rs6c8
[14/08/22] [12:28:38] Antu Donmez - rs6c8
[14/08/22] [12:48:00] Antu Donmez - escade
[14/08/22] [12:48:23] Antu Donmez - gt17
[14/08/22] [12:48:57] Antu Donmez - mulca21
[14/08/22] [12:49:39] Antu Donmez - harvinoiidrs7c8
[14/08/22] [12:50:02] Antu Donmez - harvinoiidrs7c8
[14/08/22] [12:50:14] Antu Donmez - 9cec00
[14/08/22] [12:52:01] Antu Donmez - gt17
[14/08/22] [12:53:54] Antu Donmez - escade
[14/08/22] [12:54:39] Antu Donmez - gt17
[14/08/22] [12:55:03] Antu Donmez - mulca21
[14/08/22] [12:55:50] Antu Donmez - 17cliofl
[14/08/22] [12:56:11] Antu Donmez - sq72016
[14/08/22] [12:56:29] Antu Donmez - q820
[14/08/22] [12:56:53] Antu Donmez - rs6c8
[14/08/22] [13:00:52] Naqasake Komutan - gt17
[14/08/22] [16:03:34] Mehmet Ekinci - GT17
[14/08/22] [16:05:05] Mehmet Ekinci - harvinoiidrs7c8
[14/08/22] [16:05:40] Mehmet Ekinci - GT17
[14/08/22] [16:07:39] Mehmet Ekinci - rs6
[14/08/22] [16:10:48] Naqasake Komutan - gt17
[14/08/22] [16:12:24] Naqasake Komutan - gt17
[14/08/22] [16:13:13] Naqasake Komutan - gt17
[14/08/22] [18:04:25] Jack Harris - 9cec00
[14/08/22] [18:04:39] Jack Harris - gt17
[14/08/22] [18:10:35] Jack Harris - abtaudi
[14/08/22] [18:11:43] Jack Harris - 9cec00
[14/08/22] [18:12:33] Jack Harris - rs6c8
[14/08/22] [18:19:00] Antu Donmez - q820
[14/08/22] [18:20:17] Antu Donmez - sq72016
[14/08/22] [18:22:23] Antu Donmez - 17cliofl
[14/08/22] [18:23:31] Antu Donmez - escade
[14/08/22] [18:24:30] Antu Donmez - gt17
[14/08/22] [18:25:55] Antu Donmez - mulca21
[14/08/22] [18:27:09] Antu Donmez - abtaudi
[14/08/22] [18:27:52] Antu Donmez - abtaudi
[14/08/22] [18:28:18] Antu Donmez - harvinoiidrs7c8
[14/08/22] [18:28:29] Antu Donmez - 9cec00
[14/08/22] [18:28:58] Antu Donmez - q820
[14/08/22] [18:28:59] Jack Harris - abtaudi
[14/08/22] [18:31:25] Jack Harris - aaq4
[14/08/22] [18:35:06] Antu Donmez - gt17
[14/08/22] [18:47:52] Antu Donmez - rs6c8
[14/08/22] [18:48:37] Antu Donmez - q820
[14/08/22] [18:50:37] Antu Donmez - escape
[14/08/22] [18:50:55] Antu Donmez - escade
[14/08/22] [18:51:55] Antu Donmez - 17cliofl
[14/08/22] [18:55:05] Antu Donmez - gt17
[14/08/22] [18:55:26] Antu Donmez - mulca21
[14/08/22] [18:56:25] Antu Donmez - m5f90
[14/08/22] [19:02:38] Abbas Devir - FORDGT
[14/08/22] [19:03:02] Abbas Devir - GT17
[14/08/22] [19:04:55] Abbas Devir - GT17
[14/08/22] [19:17:42] Antu Donmez - gt17
[14/08/22] [19:18:49] Antu Donmez - gt17
[14/08/22] [19:27:53] Jack Harris - m5f90
[14/08/22] [19:38:07] Ozgur Baba - rs6c8
[14/08/22] [19:38:50] Ozgur Baba - clio
[14/08/22] [19:39:04] Ozgur Baba - 17cliofl
[14/08/22] [19:40:19] Ozgur Baba - q820
[14/08/22] [19:41:18] Ozgur Baba - rs6c7
[14/08/22] [19:41:29] Ozgur Baba - rs6c7
[14/08/22] [19:41:39] Ozgur Baba - rs6c
[14/08/22] [19:42:29] Ozgur Baba - rs6c8
[14/08/22] [19:42:29] Fuat Kocaeli - rs6cs
[14/08/22] [19:42:45] Fuat Kocaeli - ares6cs
[14/08/22] [19:43:06] Fuat Kocaeli - r6cs8
[14/08/22] [19:43:20] Fuat Kocaeli - rs6cs
[14/08/22] [19:43:27] Ozgur Baba - rs6c8
[14/08/22] [19:43:58] Fuat Kocaeli - rs6c8
[14/08/22] [19:46:23] Ozgur Baba - rs6c8
[14/08/22] [19:50:02] Ozgur Baba - gt17
[14/08/22] [19:52:08] Abbas Devir - hunter
[14/08/22] [20:07:43] Mehmet Ekinci - gt17
[14/08/22] [20:17:09] Abbas Devir - apc
[14/08/22] [20:17:55] Abbas Devir - rs6
[14/08/22] [20:18:37] Abbas Devir - raptor
[14/08/22] [20:19:06] Abbas Devir - raptor
[14/08/22] [20:33:25] Abbas Devir - gt17
[14/08/22] [20:33:33] Ozgur Baba - gt17
[14/08/22] [20:37:49] Ozgur Baba - gt17
[14/08/22] [20:37:51] Abbas Devir - raptor
[14/08/22] [20:38:22] Ozgur Baba - rhino
[14/08/22] [20:38:54] Ozgur Baba - apc
[14/08/22] [20:39:31] Ozgur Baba - clio
[14/08/22] [20:39:31] Abbas Devir - comet
[14/08/22] [20:39:41] Ozgur Baba - rq18
[14/08/22] [20:39:52] Abbas Devir - bmx
[14/08/22] [20:40:25] Ozgur Baba - s
[14/08/22] [20:40:54] Ozgur Baba - forklift
[14/08/22] [20:42:51] Abbas Devir - BUZZARD
[14/08/22] [20:44:40] Ozgur Baba - Wastelander
[14/08/22] [20:45:44] Ozgur Baba - Phantom
[14/08/22] [20:45:57] Ozgur Baba - wedge
[14/08/22] [20:46:00] Abbas Devir - sumocars
[14/08/22] [20:46:24] Ozgur Baba - Desert
[14/08/22] [20:46:43] Ozgur Baba - Ramp Buggy
[14/08/22] [20:46:59] Abbas Devir - bubbles
[14/08/22] [20:47:39] Abbas Devir - gt17
[14/08/22] [20:47:48] Ozgur Baba - Roosevelt 
[14/08/22] [20:50:15] Ozgur Baba - Stinger by Grotti
[14/08/22] [20:50:24] Ozgur Baba - Tornado Rat Rod by D
[14/08/22] [20:50:36] Ozgur Baba - Truffade
[14/08/22] [20:51:12] Ozgur Baba - Coquette 
[14/08/22] [20:51:16] Ozgur Baba - Coquette
[14/08/22] [21:02:19] Ozgur Baba - rhino
[14/08/22] [21:04:42] Jack Harris - hunter
[14/08/22] [21:05:15] Ozgur Baba - clio8
[14/08/22] [21:05:18] Jack Harris - hunter
[14/08/22] [21:08:34] Ozgur Baba - audi
[14/08/22] [21:09:27] Ozgur Baba - Bravado
[14/08/22] [21:11:54] Ozgur Baba - rhino
[14/08/22] [21:12:09] Jack Harris - hunter
[14/08/22] [21:13:00] Ozgur Baba - ss
[14/08/22] [21:22:11] Ozgur Baba - gtr
[14/08/22] [21:24:04] Mehmet Ekinci - gt17
[14/08/22] [21:31:18] Ozgur Baba - s
[14/08/22] [21:47:11] Ozgur Baba - r19
[14/08/22] [21:53:46] Abbas Devir - GT17
[14/08/22] [21:58:25] Antu Donmez - 17cliofl
[14/08/22] [21:58:41] Naqasake Komutan - gt17
[14/08/22] [22:00:35] Antu Donmez - rs6c8
[14/08/22] [22:02:37] Antu Donmez - gt17
[14/08/22] [22:14:36] Shybw Lone - gt17
[14/08/22] [22:16:25] Shybw Lone - gt17
[14/08/22] [22:23:45] Jack Harris - lazer
[14/08/22] [22:25:51] Jack Harris - hunter
[14/08/22] [22:36:31] Shybw Lone - BMW3
[14/08/22] [22:37:01] Shybw Lone - polcorvet
[14/08/22] [22:37:52] Shybw Lone - gt17
[14/08/22] [22:39:51] Shybw Lone - gt17
[14/08/22] [23:00:05] Shybw Lone - VOLATUS
[14/08/22] [23:44:14] Shybw Lone - gt17
[15/08/22] [00:35:20] Abbas Devir - gt17
[15/08/22] [00:50:54] Abbas Devir - hunter
[15/08/22] [01:30:05] Antu Donmez - rs6c8
[15/08/22] [01:44:09] Jack Harris - boss429
[15/08/22] [01:45:15] Antu Donmez - escade
[15/08/22] [01:45:33] Jack Harris - unter
[15/08/22] [01:45:39] Antu Donmez - mulca21
[15/08/22] [01:46:15] Jack Harris - m5f90
[15/08/22] [01:46:27] Jack Harris - hunter
[15/08/22] [01:46:54] Jack Harris - lazer
[15/08/22] [01:48:53] Antu Donmez - gt17
[15/08/22] [01:56:17] Antu Donmez - gt17
[15/08/22] [02:06:14] Jack Harris - cargobob
[15/08/22] [02:06:45] Antu Donmez - gt17
[15/08/22] [02:08:14] Jack Harris - bluzzardd
[15/08/22] [02:08:21] Jack Harris - buzzar
[15/08/22] [02:08:25] Jack Harris - buzzard
[15/08/22] [02:09:21] Jack Harris - maverick
[15/08/22] [02:40:34] Antu Donmez - rs6c8
[15/08/22] [02:41:14] Jack Harris - a8le
[15/08/22] [02:41:20] Jack Harris - rs6c8
[15/08/22] [12:53:40] Antu Donmez - gt17
[15/08/22] [13:00:48] Emre Kurt - rs6c8
[15/08/22] [13:00:50] Shybw Lone - RS6C8
[15/08/22] [13:01:40] Antu Donmez - rs6c8
[15/08/22] [13:02:02] Antu Donmez - q820
[15/08/22] [13:02:53] Antu Donmez - aaq4
[15/08/22] [13:03:11] Jack Harris - m5f90
[15/08/22] [13:03:23] Antu Donmez - sq72016
[15/08/22] [13:04:10] Antu Donmez - 17cliofl
[15/08/22] [13:04:19] Emre Kurt - 17cliofl
[15/08/22] [13:04:43] Antu Donmez - escade
[15/08/22] [13:05:07] Antu Donmez - gt17
[15/08/22] [13:05:28] Jack Harris - lazer
[15/08/22] [13:05:31] Antu Donmez - mulca21
[15/08/22] [13:06:34] Emre Kurt - m3e36
[15/08/22] [13:06:56] Antu Donmez - escade
[15/08/22] [13:07:23] Emre Kurt - escade
[15/08/22] [13:07:44] Antu Donmez - sq72016
[15/08/22] [13:09:50] Emre Kurt - 745le
[15/08/22] [13:11:52] Antu Donmez - esdace
[15/08/22] [13:50:20] Antu Donmez - rs6c8
[15/08/22] [14:25:22] Emre Kurt - m3e36
[15/08/22] [14:26:09] Emre Kurt - 745le
[15/08/22] [14:26:50] Emre Kurt - c8z0623
[15/08/22] [14:27:17] Emre Kurt - boss429
[15/08/22] [14:58:54] Antu Donmez - gt17
[15/08/22] [15:04:23] Antu Donmez - rs6c8
[15/08/22] [15:11:03] Emre Kurt - 745le
[15/08/22] [15:11:35] Emre Kurt - 745le
[15/08/22] [15:29:06] Emre Kurt - m3e36
[15/08/22] [15:59:07] Jack Harris - BMWM5
[15/08/22] [15:59:12] Jack Harris - M5
[15/08/22] [15:59:19] Jack Harris - M5F90
[15/08/22] [16:09:46] Emre Kurt - 745le
[15/08/22] [16:10:49] Antu Donmez - rs6c8
[15/08/22] [16:11:10] Antu Donmez - gt17
[15/08/22] [16:19:07] Antu Donmez - gt17
[15/08/22] [16:20:03] Antu Donmez - q820
[15/08/22] [16:20:39] Antu Donmez - gt17
[15/08/22] [16:21:34] Antu Donmez - rs6c8
[15/08/22] [16:26:49] Jack Harris - m5f90
[15/08/22] [16:49:10] Antu Donmez - tank
[15/08/22] [16:49:26] Antu Donmez - m5f90
[15/08/22] [16:49:40] Antu Donmez - 745le
[15/08/22] [16:52:35] Jack Harris - lazer
[15/08/22] [17:23:59] Naqasake Komutan - m5f90
[15/08/22] [17:26:15] Naqasake Komutan - rhino
[15/08/22] [17:28:37] Naqasake Komutan - m5f90
[15/08/22] [17:30:25] Naqasake Komutan - m5f90
[15/08/22] [17:30:43] Naqasake Komutan - m5f90
[15/08/22] [17:39:39] Naqasake Komutan - nisgtr
[15/08/22] [17:39:50] Naqasake Komutan - gt17
[15/08/22] [23:46:11] Emre Kurt - m3e30
[15/08/22] [23:46:43] Antu Donmez - impala67
[15/08/22] [23:46:52] Emre Kurt - m4f82
[15/08/22] [23:46:55] Shybw Lone - bmwı8
[15/08/22] [23:47:16] Shybw Lone - m4f82
[15/08/22] [23:47:43] Fuat Kocaeli - m4f80
[15/08/22] [23:47:55] Fuat Kocaeli - m4f82
[15/08/22] [23:48:21] Emre Kurt - w210
[15/08/22] [23:49:23] Emre Kurt - c632205
[15/08/22] [23:49:32] Antu Donmez - bmwm8
[15/08/22] [23:50:03] Antu Donmez - 19s650
[15/08/22] [23:50:21] Emre Kurt - 19s650
[15/08/22] [23:50:22] Jack Harris - m5f90
[15/08/22] [23:50:32] Jack Harris - hunter
[15/08/22] [23:51:15] Jack Harris - hunter
[15/08/22] [23:51:24] Fuat Kocaeli - hunter
[15/08/22] [23:51:29] Emre Kurt - c63w285
[15/08/22] [23:51:32] Shybw Lone - hunter
[15/08/22] [23:51:42] Shybw Lone - hunter
[15/08/22] [23:51:43] Antu Donmez - w210
[15/08/22] [23:51:55] Emre Kurt - c63w205
[15/08/22] [23:51:59] Jack Harris - m5f90
[15/08/22] [23:52:15] Antu Donmez - c63w205
[15/08/22] [23:52:30] Emre Kurt - m8
[15/08/22] [23:52:58] Antu Donmez - m3e30
[15/08/22] [23:53:15] Emre Kurt - bmw m8
[15/08/22] [23:53:19] Antu Donmez - m3e30
[15/08/22] [23:53:27] Emre Kurt - bmwm8
[15/08/22] [23:53:54] Antu Donmez - m4f82
[15/08/22] [23:54:00] Emre Kurt - m4f82
[15/08/22] [23:54:34] Antu Donmez - impala67
[15/08/22] [23:54:47] Emre Kurt - m3e30
[15/08/22] [23:55:45] Shybw Lone - gt17
[15/08/22] [23:56:27] Shybw Lone - rs6c8
[15/08/22] [23:56:38] Shybw Lone - q820
[15/08/22] [23:56:47] Fuat Kocaeli - impala67
[15/08/22] [23:56:51] Shybw Lone - m3e30
[15/08/22] [23:57:04] Shybw Lone - c68w205
[15/08/22] [23:57:21] Shybw Lone - c68w205
[15/08/22] [23:57:35] Shybw Lone - w210
[15/08/22] [23:57:48] Emre Kurt - m4f82
[15/08/22] [23:57:51] Shybw Lone - c63w205
[15/08/22] [23:58:07] Shybw Lone - 19s650
[15/08/22] [23:58:22] Shybw Lone - bmwm8
[15/08/22] [23:58:23] Emre Kurt - m3e36
[15/08/22] [23:58:51] Emre Kurt - bmwm8
[15/08/22] [23:59:23] Emre Kurt - gt17
[16/08/22] [00:00:03] Fuat Kocaeli - hunter
[16/08/22] [00:00:03] Emre Kurt - 745le
[16/08/22] [00:01:15] Shybw Lone - impala67
[16/08/22] [00:02:22] Emre Kurt - q820
[16/08/22] [00:03:31] Emre Kurt - m4f82
[16/08/22] [00:05:18] Naqasake Komutan - gt17
[16/08/22] [00:08:42] Emre Kurt - m3e30
[16/08/22] [00:09:19] Emre Kurt - m4f82
[16/08/22] [00:09:40] Abbas Devir - m4f82
[16/08/22] [00:09:54] Emre Kurt - 745le
[16/08/22] [00:10:53] Abbas Devir - gt17
[16/08/22] [00:11:53] Fuat Kocaeli - hunter
[16/08/22] [00:22:25] Fuat Kocaeli - hunter
[16/08/22] [00:26:16] Antu Donmez - impala67
[16/08/22] [00:28:51] Jack Harris - m5f90
[16/08/22] [00:30:12] Naqasake Komutan - gt17
[16/08/22] [00:32:00] Naqasake Komutan - boss429
[16/08/22] [00:35:36] Naqasake Komutan - BUZZOFF
[16/08/22] [00:36:40] Jack Harris - gt17
[16/08/22] [00:38:34] Jack Harris - 19s
[16/08/22] [00:38:40] Jack Harris - 18s650
[16/08/22] [00:38:46] Jack Harris - 19s650
[16/08/22] [00:46:34] Naqasake Komutan - c8z0623
[16/08/22] [00:47:16] Naqasake Komutan - 745le
[16/08/22] [00:47:58] Naqasake Komutan - m3e36
[16/08/22] [00:48:41] Naqasake Komutan - m4f82
[16/08/22] [00:49:31] Naqasake Komutan - M3e30
[16/08/22] [00:50:00] Naqasake Komutan - c63w205
[16/08/22] [00:50:37] Naqasake Komutan - w210
[16/08/22] [00:51:01] Naqasake Komutan - 19S650
[16/08/22] [00:51:35] Naqasake Komutan - bmwm8
[16/08/22] [01:01:03] Naqasake Komutan - gt17
[16/08/22] [01:01:32] Naqasake Komutan - lazer
[16/08/22] [01:04:47] Naqasake Komutan - c8z0623
[16/08/22] [01:17:14] Naqasake Komutan - gt17
[16/08/22] [01:17:37] Naqasake Komutan - m5f90
[16/08/22] [01:24:16] Naqasake Komutan - polcorvet
[16/08/22] [01:25:53] Jack Harris - m5f90
[16/08/22] [01:26:02] Naqasake Komutan - m5f90
[16/08/22] [02:47:41] Abbas Devir - 185.203.67.122
[16/08/22] [02:47:53] Abbas Devir - rs6c8
[16/08/22] [03:23:40] Halis Mulis - boss429
[16/08/22] [03:38:40] Halis Mulis - m429
[16/08/22] [03:38:50] Halis Mulis - m5f90
[16/08/22] [03:52:25] Abbas Devir - 19S650
[16/08/22] [03:53:39] Abbas Devir - boss429
[16/08/22] [03:56:06] Abbas Devir - w210
[16/08/22] [03:56:20] Abbas Devir - c8z0623
[16/08/22] [03:57:12] Abbas Devir - c63w205
[16/08/22] [03:57:36] Halis Mulis - m5f90
[16/08/22] [03:58:50] Abbas Devir - bmwm8
[16/08/22] [03:59:53] Halis Mulis - m8
[16/08/22] [03:59:57] Halis Mulis - bmwm8
[16/08/22] [04:30:07] Halis Mulis - bmwm8
[16/08/22] [05:02:25] Halis Mulis - bmwm89
[16/08/22] [05:02:31] Halis Mulis - bmwm8
[16/08/22] [05:34:41] Emre Kurt - m4f82
[16/08/22] [05:37:23] Emre Kurt - bmwm8
[16/08/22] [05:46:34] Emre Kurt - 745le
[16/08/22] [05:51:11] Emre Kurt - m3e30
[16/08/22] [05:58:57] Emre Kurt - m3e30
[16/08/22] [06:02:01] Emre Kurt - c63w205
[16/08/22] [13:45:43] Naqasake Komutan - impala
[16/08/22] [13:46:07] Naqasake Komutan - gt17
[16/08/22] [15:19:36] Jack Harris - boss429
[16/08/22] [15:26:46] Jack Harris - boss429
[16/08/22] [15:35:26] Jack Harris - bmwm8
[16/08/22] [15:35:33] Jack Harris - bmwm8
[16/08/22] [15:38:26] Abbas Devir - m5f90
[16/08/22] [15:38:37] Jack Harris - bmwm8
[16/08/22] [15:40:18] Abbas Devir - rs6c8
[16/08/22] [15:44:22] Abbas Devir - gt17
[16/08/22] [16:14:40] Abbas Devir - gt17
[16/08/22] [16:16:19] Abbas Devir - insurgentü
[16/08/22] [16:16:25] Abbas Devir - insurgent
[16/08/22] [16:18:10] Abbas Devir - apc
[16/08/22] [16:24:42] Abbas Devir - riot
[16/08/22] [16:25:07] Abbas Devir - hunter
[16/08/22] [16:28:53] Jack Harris - bmwm5
[16/08/22] [16:29:06] Jack Harris - bmwm8
[16/08/22] [16:29:20] Abbas Devir - bmwm8
[16/08/22] [16:29:25] Fuat Kocaeli - bmwm8
[16/08/22] [16:39:16] Jack Harris - bmwm8
[16/08/22] [17:28:25] Naqasake Komutan - gt17
[16/08/22] [17:29:21] Naqasake Komutan - gt17
[16/08/22] [17:32:24] Naqasake Komutan - gt17
[16/08/22] [17:34:08] Naqasake Komutan - bmw
[16/08/22] [17:34:31] Naqasake Komutan - gt16
[16/08/22] [17:34:44] Naqasake Komutan - gt17
[16/08/22] [17:39:15] Naqasake Komutan - gt18
[16/08/22] [17:47:02] Naqasake Komutan - gt17
[16/08/22] [18:05:56] Naqasake Komutan - gt17171717171717
[16/08/22] [18:08:39] Naqasake Komutan - gt17
[16/08/22] [19:25:51] Jack Harris - boss429
[16/08/22] [20:02:45] Antu Donmez - impala67
[16/08/22] [20:10:15] Antu Donmez - bmwm8
[16/08/22] [20:13:54] Antu Donmez - rs6c8
[16/08/22] [21:02:00] Jack Harris - LAZER
[16/08/22] [21:03:05] Jack Harris - LAZER
[16/08/22] [21:24:37] Jack Harris - hunter
[16/08/22] [22:05:36] Jack Harris - hunter
[16/08/22] [22:05:45] Jack Harris - hunter
[16/08/22] [22:05:49] Jack Harris - hunter
[16/08/22] [22:48:32] Jack Harris - lazer
[16/08/22] [22:50:24] Jack Harris - lazer
[16/08/22] [22:53:06] Jack Harris - BMWM8
[16/08/22] [23:04:13] Jack Harris - bmwm8
[16/08/22] [23:05:24] Emre Kurt - bmwm8
[16/08/22] [23:09:12] Emre Kurt - m4f82
[16/08/22] [23:10:19] Emre Kurt - m4f82
[16/08/22] [23:15:28] Emre Kurt - bmwm8
[16/08/22] [23:17:16] Emre Kurt - m3e30
[16/08/22] [23:19:24] Emre Kurt - m3e36
[16/08/22] [23:21:57] Emre Kurt - 745le
[16/08/22] [23:24:27] Emre Kurt - w210
[17/08/22] [00:19:11] Antu Donmez - impala67
[17/08/22] [00:29:55] Jack Harris - hunter
[17/08/22] [01:41:50] Fuat Kocaeli - bmwm8
[17/08/22] [02:36:15] Jack Harris - m5f90
[17/08/22] [02:37:53] Fuat Kocaeli - hunter
[17/08/22] [02:38:18] Fuat Kocaeli - hunter
[17/08/22] [02:38:28] Jack Harris - azer
[17/08/22] [02:38:33] Jack Harris - lazer
[17/08/22] [02:42:30] Jack Harris - m5f90
[17/08/22] [02:43:28] Fuat Kocaeli - bmwm8
[17/08/22] [03:34:42] Emre Kurt - bmwm8
[17/08/22] [03:36:19] Emre Kurt - m3e30
[17/08/22] [03:50:38] Fuat Kocaeli - bmwm8
[17/08/22] [03:55:14] Fuat Kocaeli - rs6c8
[17/08/22] [03:55:18] Emre Kurt - m4f82
[17/08/22] [03:55:40] Emre Kurt - M3e30
[17/08/22] [03:55:42] Fuat Kocaeli - GT17
[17/08/22] [03:56:03] Emre Kurt - c63w205
[17/08/22] [03:56:08] Fuat Kocaeli - Q820
[17/08/22] [03:56:24] Emre Kurt - w210
[17/08/22] [03:56:33] Fuat Kocaeli - boss429
[17/08/22] [03:56:47] Emre Kurt - 19S650
[17/08/22] [03:56:57] Fuat Kocaeli - m3e36
[17/08/22] [03:57:11] Emre Kurt - bmwm8
[17/08/22] [03:57:21] Fuat Kocaeli - 745le
[17/08/22] [03:57:41] Fuat Kocaeli - c8z0623
[17/08/22] [04:09:52] Emre Kurt - 19s650
[17/08/22] [04:10:39] Emre Kurt - 19s650
[17/08/22] [04:21:27] Jack Harris - rs6g8
[17/08/22] [04:21:35] Jack Harris - rs6cs
[17/08/22] [04:21:42] Jack Harris - rs6c8
[17/08/22] [04:28:23] Emre Kurt - c8z0623
[17/08/22] [04:28:49] Jack Harris - corvet
[17/08/22] [04:29:04] Jack Harris - c8z0623
[17/08/22] [04:29:22] Emre Kurt - gt17
[17/08/22] [14:16:15] Naqasake Komutan - nisgtr
[17/08/22] [19:20:35] Jack Harris - lazer
[17/08/22] [19:21:41] Jack Harris - lazer
[17/08/22] [19:22:51] Jack Harris - lazer
[17/08/22] [19:26:31] Antu Donmez - impala67
[17/08/22] [19:29:18] Antu Donmez - impala67
[17/08/22] [21:57:05] Antu Donmez - impala67
[17/08/22] [22:09:30] Fuat Kocaeli - gt17
[17/08/22] [22:17:31] Antu Donmez - impala67
[17/08/22] [22:17:42] Ozgur Baba - impala67
[17/08/22] [22:20:31] Ozgur Baba - c8z0623
[17/08/22] [22:21:55] Ozgur Baba - 745le
[17/08/22] [22:23:31] Ozgur Baba - M3e30
[17/08/22] [22:24:05] Ozgur Baba - c63w205
[17/08/22] [22:25:11] Ozgur Baba - 19S650
[17/08/22] [22:27:25] Ozgur Baba - bmwm8
[17/08/22] [22:28:14] Ahmet Tufan - impala67
[17/08/22] [22:29:13] Ozgur Baba - c63w205
[17/08/22] [22:30:56] Ozgur Baba - m4f82
[17/08/22] [22:32:04] Ozgur Baba - boss429
[17/08/22] [22:32:45] Ozgur Baba - GT17
[17/08/22] [22:34:07] Ozgur Baba - Q820
[17/08/22] [22:39:07] Ozgur Baba - Q820
[17/08/22] [22:39:17] Ozgur Baba - c8z0623
[17/08/22] [22:42:01] Ozgur Baba - 745le
[17/08/22] [22:46:26] Ozgur Baba - rs6c8
[17/08/22] [22:48:06] Ozgur Baba - GT17
[17/08/22] [23:53:37] Jack Harris - boss429
[17/08/22] [23:58:38] Antu Donmez - bmwm8
[17/08/22] [23:59:19] Antu Donmez - gt17
[18/08/22] [00:11:05] Antu Donmez - boss429
[18/08/22] [00:14:07] Jack Harris - boss429
[18/08/22] [00:15:52] Antu Donmez - impala67
[18/08/22] [00:16:55] Emre Kurt - gt 17
[18/08/22] [00:17:03] Emre Kurt - gt17
[18/08/22] [00:17:36] Jack Harris - boss429
[18/08/22] [00:18:41] Emre Kurt - m3e30
[18/08/22] [00:20:26] Emre Kurt - bmwm8
[18/08/22] [01:15:32] Jack Harris - m5f90
[18/08/22] [01:21:34] Jack Harris - m5f90
[18/08/22] [01:27:05] Abbas Devir - gt17
[18/08/22] [01:57:52] Jack Harris - boss429
[18/08/22] [02:48:12] Jack Harris - mustang
[18/08/22] [02:48:35] Emre Kurt - R50
[18/08/22] [02:48:36] Jack Harris - cbr1000rrr
[18/08/22] [02:49:57] Fuat Kocaeli - cbr1000rrr
[18/08/22] [02:50:08] Emre Kurt - vwstance
[18/08/22] [02:50:31] Emre Kurt - golfgti
[18/08/22] [02:51:17] Emre Kurt - 19raptor
[18/08/22] [02:51:26] Jack Harris - golf75r
[18/08/22] [02:51:36] Emre Kurt - laferrari
[18/08/22] [02:52:04] Emre Kurt - bug09
[18/08/22] [02:52:10] Jack Harris - mst
[18/08/22] [02:52:42] Fuat Kocaeli - chiron17
[18/08/22] [02:53:17] Emre Kurt - f8t
[18/08/22] [02:54:06] Fuat Kocaeli - laferrari
[18/08/22] [02:54:09] Emre Kurt - e60
[18/08/22] [02:54:17] Fuat Kocaeli - laferrari
[18/08/22] [02:54:26] Fuat Kocaeli - f8t
[18/08/22] [02:54:40] Emre Kurt - R32
[18/08/22] [02:56:06] Emre Kurt - rx7veilside
[18/08/22] [02:56:33] Fuat Kocaeli - gle
[18/08/22] [02:56:45] Fuat Kocaeli - gle
[18/08/22] [02:57:53] Emre Kurt - fpacehm
[18/08/22] [02:58:06] Fuat Kocaeli - mvisiongt
[18/08/22] [02:58:16] Fuat Kocaeli - S8D2
[18/08/22] [02:59:15] Emre Kurt - fpacehm
[18/08/22] [02:59:29] Fuat Kocaeli - GM25 -dfcb29
[18/08/22] [02:59:36] Fuat Kocaeli - GM25
[18/08/22] [02:59:43] Fuat Kocaeli - dfcb29
[18/08/22] [02:59:43] Emre Kurt - gtr7a
[18/08/22] [02:59:53] Emre Kurt - gtr7b
[18/08/22] [03:00:07] Fuat Kocaeli - focusrs
[18/08/22] [03:00:57] Fuat Kocaeli - Z Z33
[18/08/22] [03:03:32] Emre Kurt - Z33
[18/08/22] [03:03:37] Jack Harris - maj350z
[18/08/22] [03:03:58] Emre Kurt - Z Z33
[18/08/22] [03:04:26] Emre Kurt - S8D2
[18/08/22] [03:05:00] Jack Harris - le
[18/08/22] [03:05:03] Jack Harris - gle
[18/08/22] [03:05:15] Jack Harris - evovaris
[18/08/22] [03:05:32] Emre Kurt - evovaris
[18/08/22] [03:06:57] Jack Harris - f8t
[18/08/22] [03:07:52] Jack Harris - cbr1000rrr
[18/08/22] [03:08:48] Emre Kurt - golf75r
[18/08/22] [03:09:16] Jack Harris - 488
[18/08/22] [03:09:45] Emre Kurt - 488
[18/08/22] [03:11:16] Jack Harris - fpacehm
[18/08/22] [03:11:44] Jack Harris - s8d2
[18/08/22] [03:13:47] Jack Harris - rculi
[18/08/22] [03:14:43] Jack Harris - priora
[18/08/22] [03:15:10] Jack Harris - camry18
[18/08/22] [03:15:32] Emre Kurt - camrey18
[18/08/22] [03:15:41] Emre Kurt - camry18
[18/08/22] [03:16:13] Jack Harris - amggt63s
[18/08/22] [03:17:10] Jack Harris - jack
[18/08/22] [03:17:27] Jack Harris - citih
[18/08/22] [03:18:26] Jack Harris - c63w205
[18/08/22] [03:27:37] Jack Harris - bug09
[18/08/22] [03:29:59] Jack Harris - cbr1000rr
[18/08/22] [03:30:09] Jack Harris - cbrr1000r
[18/08/22] [03:33:56] Naqasake Komutan - c8z0623
[18/08/22] [03:34:57] Jack Harris - cbrr1000rr
[18/08/22] [03:35:01] Jack Harris - cbr1000rr
[18/08/22] [03:35:05] Naqasake Komutan - golfgti
[18/08/22] [03:35:10] Jack Harris - cbrr1000r
[18/08/22] [03:35:21] Jack Harris - cbr1000rrr
[18/08/22] [03:35:47] Naqasake Komutan - cbr1000rrr
[18/08/22] [03:35:48] Jack Harris - cbr1000rrr
[18/08/22] [03:36:49] Jack Harris - cbr1000rrr
[18/08/22] [03:39:10] Emre Kurt - bug09
[18/08/22] [03:39:21] Jack Harris - lazer
[18/08/22] [03:40:25] Emre Kurt - GT17
[18/08/22] [03:41:09] Jack Harris - cbr1000rrr
[18/08/22] [03:42:33] Emre Kurt - gt17
[18/08/22] [03:43:12] Emre Kurt - m3e30
[18/08/22] [03:59:45] Naqasake Komutan - cbr1000rrr
[18/08/22] [04:00:13] Emre Kurt - bug09
[18/08/22] [04:08:15] Naqasake Komutan - cbr1000rrr
[18/08/22] [04:08:19] Emre Kurt - BUG09
[18/08/22] [04:09:01] Emre Kurt - rx7veilside
[18/08/22] [04:10:43] Emre Kurt - rx7veilside
[18/08/22] [04:13:30] Emre Kurt - F8T
[18/08/22] [04:13:30] Naqasake Komutan - f8t
[18/08/22] [04:13:52] Emre Kurt - laferrari
[18/08/22] [04:14:00] Naqasake Komutan - f8t
[18/08/22] [04:14:08] Naqasake Komutan - f8t
[18/08/22] [04:14:15] Naqasake Komutan - f8t
[18/08/22] [04:14:22] Naqasake Komutan - g8t
[18/08/22] [04:14:29] Naqasake Komutan - f8t
[18/08/22] [04:14:35] Naqasake Komutan - f8t
[18/08/22] [04:14:41] Naqasake Komutan - f8t
[18/08/22] [04:14:46] Emre Kurt - m4f82
[18/08/22] [04:15:02] Emre Kurt - 488
[18/08/22] [04:15:15] Naqasake Komutan - 488
[18/08/22] [04:15:58] Emre Kurt - golfgti
[18/08/22] [04:16:46] Emre Kurt - golf75r
[18/08/22] [04:22:44] Emre Kurt - mst
[18/08/22] [04:25:25] Naqasake Komutan - cbr1000rrr
[18/08/22] [04:27:51] Jack Harris -  a 
[18/08/22] [04:29:34] Emre Kurt - 488
[18/08/22] [04:30:46] Emre Kurt - M3e30
[18/08/22] [04:31:28] Emre Kurt - m4f82
[18/08/22] [04:32:15] Emre Kurt - bmwm8
[18/08/22] [04:32:27] Emre Kurt - m3e36
[18/08/22] [04:32:41] Emre Kurt - 745le
[18/08/22] [04:32:56] Emre Kurt - 19S650
[18/08/22] [04:33:13] Emre Kurt - boss429
[18/08/22] [04:33:37] Emre Kurt - w210
[18/08/22] [04:33:57] Emre Kurt - R32
[18/08/22] [04:34:35] Emre Kurt - mvisiongt
[18/08/22] [04:34:50] Emre Kurt - gle
[18/08/22] [05:28:30] Jack Harris - m5f90
[18/08/22] [05:39:18] Emre Kurt - m3e30
[18/08/22] [05:41:27] Emre Kurt - 488
[18/08/22] [05:41:43] Emre Kurt - gt17
[18/08/22] [05:42:01] Emre Kurt - bug09
[18/08/22] [05:45:22] Emre Kurt - evovaris
[18/08/22] [13:03:58] Jack Harris - audirs8
[18/08/22] [13:04:08] Jack Harris - cbrr1000rrr
[18/08/22] [13:04:12] Jack Harris - cbr1000rrr
[18/08/22] [13:07:03] Jack Harris - cbrr1000rrr
[18/08/22] [13:07:09] Jack Harris - cbr1000rrr
[18/08/22] [13:08:56] Jack Harris - cbrr1000rr
[18/08/22] [13:09:02] Jack Harris - cbr1000rrr
[18/08/22] [13:09:43] Jack Harris - cbr1000rrr
[18/08/22] [13:12:23] Jack Harris - cbr1000rrr
[18/08/22] [13:18:39] Jack Harris - cbr1000rr
[18/08/22] [13:20:41] Jack Harris - cbr1000rr
[18/08/22] [13:20:44] Jack Harris - m5f90
[18/08/22] [13:35:12] Jack Harris - m5f90
[18/08/22] [14:20:16] Jack Harris - h2r
[18/08/22] [14:21:00] Jack Harris - nh2r
[18/08/22] [14:24:57] Jack Harris - bs17
[18/08/22] [14:25:41] Jack Harris - m3f80
[18/08/22] [14:32:07] Jack Harris - bs17
[18/08/22] [14:32:42] Jack Harris - s1000r
[18/08/22] [17:01:56] Jack Harris - m5f90
[18/08/22] [17:02:01] Jack Harris - m5f90
[18/08/22] [17:02:15] Jack Harris - cbr1000rr
[18/08/22] [17:02:38] Jack Harris - m5f90
[18/08/22] [17:02:49] Jack Harris - bmwm5f90
[18/08/22] [17:35:22] Jack Harris - lazer
[18/08/22] [17:38:20] Jack Harris - bmwm8
[18/08/22] [17:38:23] Firat Donmez - bmwm8
[18/08/22] [17:52:36] Jack Harris - m5f90
[18/08/22] [18:05:14] Jack Harris - m5f90
[18/08/22] [18:59:32] Ozgur Baba - golf75r
[18/08/22] [18:59:54] Ozgur Baba - r50
[18/08/22] [19:00:04] Ozgur Baba - golfgti
[18/08/22] [19:00:42] Ozgur Baba - mustang
[18/08/22] [19:00:53] Ozgur Baba - bug09
[18/08/22] [19:01:26] Ozgur Baba - chiron17
[18/08/22] [19:09:43] Ozgur Baba - gle
[18/08/22] [19:11:20] Ozgur Baba - camry18 
[18/08/22] [19:11:34] Ozgur Baba - s8d2
[18/08/22] [19:13:47] Ozgur Baba - s8d2
[18/08/22] [19:14:29] Ozgur Baba - evovaris
[18/08/22] [19:15:16] Jack Harris - nh2r
[18/08/22] [19:16:14] Jack Harris - nh2r
[18/08/22] [19:16:52] Ozgur Baba - c8z0623
[18/08/22] [19:17:04] Ozgur Baba - chiron17
[18/08/22] [19:17:56] Jack Harris - h2r
[18/08/22] [19:18:01] Jack Harris - nh2r
[18/08/22] [19:18:08] Jack Harris - nh2r
[18/08/22] [19:19:19] Jack Harris - nh2r
[18/08/22] [19:19:27] Ozgur Baba - chiron17
[18/08/22] [19:19:46] Jack Harris - nh2r
[18/08/22] [19:20:16] Jack Harris - nh2r
[18/08/22] [19:20:21] Jack Harris - nh2r
[18/08/22] [19:42:31] Ozgur Baba - gt
[18/08/22] [19:42:45] Ozgur Baba - rhino
[18/08/22] [19:43:49] Ozgur Baba - rhino
[18/08/22] [19:44:16] Jack Harris - rhino
[18/08/22] [19:44:33] Jack Harris - rhinıo
[18/08/22] [19:44:39] Jack Harris - rhino
[18/08/22] [19:51:36] Ozgur Baba - mybach
[18/08/22] [20:06:18] Jack Harris - M5F90
[18/08/22] [20:44:31] Jack Harris - nh2r
[18/08/22] [21:25:25] Antu Donmez - golf75r
[18/08/22] [21:26:52] Antu Donmez - r50
[18/08/22] [21:27:16] Antu Donmez - golfgti
[18/08/22] [21:27:39] Antu Donmez - mustang
[18/08/22] [21:27:52] Antu Donmez - mustang
[18/08/22] [21:28:03] Antu Donmez - bug09
[18/08/22] [21:28:30] Antu Donmez - gle
[18/08/22] [21:28:49] Antu Donmez - s8d2
[18/08/22] [21:29:04] Antu Donmez - evovaris
[18/08/22] [21:30:35] Antu Donmez - camry18
[18/08/22] [21:30:50] Antu Donmez - impala67
[18/08/22] [21:31:04] Antu Donmez - impala67
[18/08/22] [21:41:06] Antu Donmez - impala67
[18/08/22] [21:44:25] Antu Donmez - impala67
[18/08/22] [21:45:53] Firat Donmez - impala67
[18/08/22] [22:26:43] Antu Donmez - rs6c8
[18/08/22] [22:36:38] Antu Donmez - q820
[18/08/22] [22:40:43] Antu Donmez - 745le
[18/08/22] [22:41:25] Antu Donmez - m4f82
[18/08/22] [22:41:49] Antu Donmez - bmwm8
[18/08/22] [22:43:25] Antu Donmez - 19s650
[18/08/22] [22:44:49] Antu Donmez - c8z0623
[18/08/22] [22:45:09] Jack Harris - nh2r
[18/08/22] [22:45:46] Antu Donmez - impala67
[18/08/22] [22:46:35] Antu Donmez - c63w205
[18/08/22] [22:53:07] Jack Harris - nh2r
[18/08/22] [22:53:18] Jack Harris - nh2r
[18/08/22] [22:53:29] Jack Harris - nh2r
[18/08/22] [22:55:34] Antu Donmez - impala67
[18/08/22] [22:55:53] Antu Donmez - q820
[18/08/22] [22:56:02] Jack Harris - n2hr
[18/08/22] [22:56:05] Antu Donmez - rs6c8
[18/08/22] [22:56:16] Antu Donmez - 745le
[18/08/22] [22:56:33] Antu Donmez - s190c250
[18/08/22] [22:56:41] Jack Harris - n2hr
[18/08/22] [22:56:56] Jack Harris - nh2r
[18/08/22] [22:56:57] Antu Donmez - bmwm8
[18/08/22] [22:57:52] Jack Harris - c8z0623
[18/08/22] [22:58:18] Jack Harris - nh2r
[18/08/22] [22:58:25] Jack Harris - c63w205
[18/08/22] [22:58:49] Jack Harris - 19s650
[18/08/22] [22:59:49] Jack Harris - c8z0623
[18/08/22] [22:59:57] Jack Harris - 745le
[18/08/22] [23:00:03] Jack Harris - m3e36
[18/08/22] [23:00:11] Jack Harris - boss429
[18/08/22] [23:00:18] Jack Harris - q820
[18/08/22] [23:00:23] Jack Harris - rs6c8
[18/08/22] [23:00:29] Jack Harris - gt17
[18/08/22] [23:00:35] Jack Harris - m4f82
[18/08/22] [23:00:42] Jack Harris - m3e30
[18/08/22] [23:00:49] Jack Harris - c63w205
[18/08/22] [23:00:56] Jack Harris - c63w210
[18/08/22] [23:01:03] Jack Harris - w210
[18/08/22] [23:01:10] Jack Harris - 19s650
[18/08/22] [23:01:16] Jack Harris - bmwm8
[18/08/22] [23:01:21] Jack Harris - golf75er
[18/08/22] [23:01:27] Jack Harris - golf75r
[18/08/22] [23:01:34] Jack Harris - r50
[18/08/22] [23:01:42] Jack Harris - golfgti
[18/08/22] [23:01:47] Jack Harris - mustang
[18/08/22] [23:01:50] Jack Harris - mustang
[18/08/22] [23:01:59] Jack Harris - bug09
[18/08/22] [23:02:09] Jack Harris - chiron17
[18/08/22] [23:02:13] Jack Harris - gle
[18/08/22] [23:02:22] Jack Harris - s8d2
[18/08/22] [23:02:29] Jack Harris - evovaris
[18/08/22] [23:02:40] Jack Harris - camry18
[18/08/22] [23:02:49] Jack Harris - camry
[18/08/22] [23:02:54] Jack Harris - camry18
[18/08/22] [23:21:30] Antu Donmez - bmwm8
[18/08/22] [23:39:49] Jack Harris - lazer
[19/08/22] [00:37:07] Naqasake Komutan - f8t
[19/08/22] [00:37:55] Naqasake Komutan - mst
[19/08/22] [00:39:25] Naqasake Komutan - r32
[19/08/22] [00:39:39] Naqasake Komutan - vwstance
[19/08/22] [00:40:30] Naqasake Komutan - S8D2
[19/08/22] [00:40:55] Naqasake Komutan - mvisiongt
[19/08/22] [00:41:20] Naqasake Komutan - bug09
[19/08/22] [00:41:58] Naqasake Komutan - bug09
[19/08/22] [00:42:55] Naqasake Komutan - bug09
[19/08/22] [01:12:41] Jack Harris - boss420
[19/08/22] [01:12:44] Jack Harris - boss429
[19/08/22] [01:16:14] Jack Harris - nh2r
[19/08/22] [01:16:27] Jack Harris - nh2r
[19/08/22] [01:16:37] Jack Harris - bmwm8
[19/08/22] [01:16:48] Jack Harris - nh2r
[19/08/22] [19:04:12] Antu Donmez - impala67
[19/08/22] [19:20:26] Jack Harris - m5f90
[19/08/22] [19:35:43] Antu Donmez - bmwm8
[19/08/22] [19:36:34] Jack Harris - n2hr
[19/08/22] [19:36:38] Jack Harris - nh2r
[19/08/22] [19:36:58] Fuat Kocaeli - nh2r
[19/08/22] [19:37:45] Abbas Devir - nh2r
[19/08/22] [19:39:11] Abbas Devir - nh2r
[19/08/22] [19:39:17] Fuat Kocaeli - nh2r
[19/08/22] [19:54:40] Abbas Devir - gt17vp
[19/08/22] [19:54:48] Abbas Devir - gt17vp
[19/08/22] [19:54:57] Abbas Devir - gt17
[19/08/22] [19:54:58] Fuat Kocaeli - gt17
[19/08/22] [20:00:03] Antu Donmez - rs6c8
[19/08/22] [20:12:56] Fuat Kocaeli - titan
[19/08/22] [20:13:04] Fuat Kocaeli - dodo
[19/08/22] [20:15:49] Fuat Kocaeli - titan
[20/08/22] [02:14:22] Jack Harris - M5F90
[20/08/22] [13:28:54] Antu Donmez - rs6c8
[20/08/22] [14:30:39] Noyan Cakiroglu - bmw19
[20/08/22] [14:30:59] Noyan Cakiroglu - passat
[20/08/22] [14:31:13] Jack Harris - m5f90
[20/08/22] [14:31:20] Noyan Cakiroglu - gt17
[20/08/22] [14:37:04] Noyan Cakiroglu - bmw 17
[20/08/22] [14:50:52] Noyan Cakiroglu - jip
[20/08/22] [14:51:45] Noyan Cakiroglu - gt 17,
[20/08/22] [14:52:05] Noyan Cakiroglu - gt17
[20/08/22] [14:57:49] Noyan Cakiroglu - hakuçi
[20/08/22] [15:30:26] Noyan Cakiroglu - gt 17
[20/08/22] [15:30:47] Jack Harris - nh2r
[20/08/22] [15:31:21] Noyan Cakiroglu - nh2r
[20/08/22] [15:32:35] Jack Harris - nh2r
[20/08/22] [15:33:08] Noyan Cakiroglu - nh2r
[20/08/22] [15:42:08] Noyan Cakiroglu - nh2r
[20/08/22] [15:45:05] Noyan Cakiroglu - nh2t
[20/08/22] [15:45:25] Noyan Cakiroglu - nh2t
[20/08/22] [15:45:39] Noyan Cakiroglu - nh2r
[20/08/22] [18:27:28] Jack Harris - nh2r
[20/08/22] [18:29:32] Jack Harris - nh2r
[20/08/22] [18:30:51] Jack Harris - nh2r
[20/08/22] [18:36:14] Jack Harris - nh2r
[20/08/22] [18:42:34] Jack Harris - nh2r
[20/08/22] [18:43:45] Jack Harris - nh2r
[20/08/22] [18:46:58] Jack Harris - nh2r
[20/08/22] [18:47:24] Jack Harris - nh2r
[20/08/22] [18:48:08] Jack Harris - nh2r
[20/08/22] [18:53:31] Jack Harris - nh2r
[20/08/22] [18:59:17] Jack Harris - nh2r
[20/08/22] [19:00:01] Jack Harris - nh2r
[20/08/22] [19:00:06] Jack Harris - nh2r
[20/08/22] [19:13:55] Jack Harris - nh2r
[20/08/22] [19:16:05] Jack Harris - nh2r
[20/08/22] [19:16:30] Jack Harris - nh2r
[20/08/22] [19:16:32] Jack Harris - nh2r
[20/08/22] [19:16:35] Jack Harris - nh2r
[20/08/22] [19:16:38] Jack Harris - nh2r
[20/08/22] [19:16:39] Jack Harris - nh2r
[20/08/22] [19:16:41] Jack Harris - nh2r
[20/08/22] [19:16:43] Jack Harris - nh2r
[20/08/22] [19:16:44] Jack Harris - nh2r
[20/08/22] [19:16:46] Jack Harris - nh2r
[20/08/22] [19:16:52] Jack Harris - hunter
[20/08/22] [19:17:06] Jack Harris - lazer
[20/08/22] [19:17:13] Jack Harris - hunter
[20/08/22] [19:17:34] Jack Harris - gtr
[20/08/22] [19:17:38] Jack Harris - lexus
[20/08/22] [19:17:46] Jack Harris - bmw
[20/08/22] [19:17:49] Jack Harris - bmwm8
[20/08/22] [19:18:01] Jack Harris - r25
[20/08/22] [19:18:05] Jack Harris - x5
[20/08/22] [19:18:15] Jack Harris - hunter
[20/08/22] [20:10:35] Jack Harris - nh2r
[20/08/22] [20:12:49] Jack Harris - nh2r
[20/08/22] [20:13:05] Antu Donmez - rs6c8
[20/08/22] [20:15:10] Jack Harris - nh2r
[20/08/22] [20:15:54] Jack Harris - nh2r
[20/08/22] [20:17:16] Jack Harris - nh2r
[20/08/22] [20:17:40] Jack Harris - rs8
[20/08/22] [20:17:57] Jack Harris - c8z0623
[20/08/22] [20:18:07] Jack Harris - 745le
[20/08/22] [20:18:20] Jack Harris - m3e36
[20/08/22] [20:18:21] Antu Donmez - impala67
[20/08/22] [20:18:28] Jack Harris - boss429
[20/08/22] [20:18:31] Antu Donmez - m4f8
[20/08/22] [20:18:42] Jack Harris - Q820
[20/08/22] [20:18:43] Antu Donmez - bmwm8
[20/08/22] [20:18:50] Jack Harris - rs6c8
[20/08/22] [20:18:51] Antu Donmez - m4f82
[20/08/22] [20:19:34] Antu Donmez - gt17
[20/08/22] [20:19:34] Jack Harris - GT17
[20/08/22] [20:19:45] Jack Harris - m4f82
[20/08/22] [20:19:57] Jack Harris - hunter
[20/08/22] [20:19:58] Antu Donmez - impala67
[20/08/22] [20:20:09] Antu Donmez - bmwm8
[20/08/22] [20:20:30] Jack Harris - c63w205
[20/08/22] [20:20:43] Antu Donmez - c68w205
[20/08/22] [20:20:45] Jack Harris - w210
[20/08/22] [20:20:54] Antu Donmez - 19s650
[20/08/22] [20:20:59] Jack Harris - 19S650
[20/08/22] [20:22:49] Antu Donmez - 19s650
[21/08/22] [02:24:33] Jack Harris - LAZER
[21/08/22] [02:26:03] Jack Harris - N2HR
[21/08/22] [02:26:10] Jack Harris - nh2r
[21/08/22] [02:26:52] Jack Harris - nh2r
[21/08/22] [02:28:07] Jack Harris - nh2r
[21/08/22] [02:37:09] Jack Harris - nh2r
[21/08/22] [03:16:04] Jack Harris - nh2r
[21/08/22] [12:35:11] Mehmet Ekinci - insurgent
[21/08/22] [12:37:05] Mehmet Ekinci - Armored 
[21/08/22] [12:47:05] Mehmet Ekinci -  Insurgent Pick-
[21/08/22] [12:47:29] Mehmet Ekinci - HVY
[21/08/22] [13:23:21] Mehmet Ekinci - insurgent
[21/08/22] [13:24:12] Mehmet Ekinci - insurgent
[21/08/22] [13:24:50] Mehmet Ekinci - insurgent
[21/08/22] [14:22:49] Jack Harris - nh2r
[21/08/22] [14:28:28] Jack Harris - nh2r
[21/08/22] [14:40:12] Jack Harris - NH2R
[21/08/22] [14:45:15] Jack Harris - nh2r
[21/08/22] [15:11:15] Jack Harris - nh2r
[21/08/22] [15:12:08] Jack Harris - nh2r
[21/08/22] [15:14:40] Jack Harris - lazer
[21/08/22] [15:16:22] Jack Harris - lazer
[21/08/22] [15:53:01] Jack Harris - nh2r
[21/08/22] [16:19:48] Jack Harris - nh2r
[21/08/22] [16:21:58] Jack Harris - nh2r
[21/08/22] [16:27:42] Jack Harris - nh2r
[21/08/22] [16:30:16] Jack Harris - nh2r
[21/08/22] [16:36:49] Jack Harris - nh2r
[21/08/22] [16:38:17] Jack Harris - nh2r
[21/08/22] [16:38:53] Jack Harris - nh2r
[21/08/22] [16:39:53] Jack Harris - nh2r
[21/08/22] [17:21:47] Jack Harris - land200
[21/08/22] [17:34:13] Jack Harris - bmwm8
[21/08/22] [17:34:48] Jack Harris - 19S650
[21/08/22] [17:35:09] Jack Harris - w210
[21/08/22] [17:35:24] Jack Harris - c63w205
[21/08/22] [17:35:40] Jack Harris - M3e30
[21/08/22] [17:35:56] Jack Harris - m4f82
[21/08/22] [17:36:11] Jack Harris - M3e30
[21/08/22] [17:36:26] Jack Harris - GT17
[21/08/22] [17:36:50] Jack Harris - rs6c8
[21/08/22] [17:37:05] Jack Harris - Q820
[21/08/22] [17:37:27] Jack Harris - boss429
[21/08/22] [17:37:40] Antu Donmez - le
[21/08/22] [17:37:43] Jack Harris - m3e36
[21/08/22] [17:37:50] Antu Donmez - gle
[21/08/22] [17:38:03] Jack Harris - 745le
[21/08/22] [17:38:21] Jack Harris - c8z0623
[21/08/22] [17:39:12] Antu Donmez - impala67
[21/08/22] [17:39:25] Jack Harris - f8t
[21/08/22] [17:39:37] Antu Donmez - bug09
[21/08/22] [17:39:49] Jack Harris - golf75r
[21/08/22] [17:40:03] Jack Harris - r50
[21/08/22] [17:40:29] Jack Harris - golfgti
[21/08/22] [17:40:34] Antu Donmez - chiron17
[21/08/22] [17:40:56] Antu Donmez - s8d2
[21/08/22] [17:41:28] Antu Donmez - evovaris
[21/08/22] [17:41:28] Jack Harris - mustang
[21/08/22] [17:44:10] Antu Donmez - nh2r
[21/08/22] [17:44:33] Jack Harris - nh2r
[21/08/22] [17:44:35] Antu Donmez - nh2r
[21/08/22] [17:45:07] Jack Harris - nh2r
[21/08/22] [17:45:38] Jack Harris - carmy18
[21/08/22] [17:45:50] Jack Harris - camry18
[21/08/22] [17:45:55] Jack Harris - camry
[21/08/22] [17:47:02] Jack Harris - camry18
[21/08/22] [17:47:17] Antu Donmez - rs6c8
[21/08/22] [18:56:31] Antu Donmez - gle
[21/08/22] [18:56:39] Antu Donmez - bmwm8
[21/08/22] [18:57:27] Jack Harris - 745le
[21/08/22] [18:57:49] Jack Harris - RS6C8
[21/08/22] [19:00:08] Jack Harris - bmwm4
[21/08/22] [19:00:19] Jack Harris - m4f82
[21/08/22] [19:01:40] Jack Harris - rs6c8
[21/08/22] [19:04:07] Jack Harris - nhr2
[21/08/22] [19:18:45] Jack Harris - blazer
[21/08/22] [19:19:00] Jack Harris - blazer
[21/08/22] [19:19:59] Jack Harris - compat
[21/08/22] [19:20:04] Jack Harris - asdas
[21/08/22] [19:20:08] Jack Harris - asdas
[21/08/22] [19:20:15] Jack Harris - asdas
[21/08/22] [19:20:19] Jack Harris - hunter
[21/08/22] [19:20:25] Jack Harris - lazer
[21/08/22] [19:20:41] Jack Harris - rhino
[21/08/22] [19:21:14] Jack Harris - rhino
[21/08/22] [19:21:20] Jack Harris - blazer
[21/08/22] [19:21:25] Jack Harris - roadster
[21/08/22] [19:21:41] Jack Harris - BANDIT
[21/08/22] [19:21:48] Jack Harris - FLYSPRAY 
[21/08/22] [19:21:52] Jack Harris - RAPIDGT
[21/08/22] [19:22:03] Jack Harris - BUZZOFF
[21/08/22] [19:22:07] Jack Harris - comet
[21/08/22] [19:22:35] Jack Harris - brioso
[21/08/22] [19:22:39] Jack Harris - asbo
[21/08/22] [19:22:51] Jack Harris - prairie
[21/08/22] [19:23:39] Jack Harris - issi3
[21/08/22] [19:23:55] Jack Harris - policeold2
[21/08/22] [19:24:08] Jack Harris - policet
[21/08/22] [19:24:22] Jack Harris - fbi2
[21/08/22] [19:24:34] Jack Harris - pbus
[21/08/22] [19:24:48] Jack Harris - shotaro
[21/08/22] [19:25:26] Jack Harris - oppressor
[21/08/22] [19:26:03] Jack Harris - thrust
[21/08/22] [19:26:43] Jack Harris - double
[21/08/22] [19:27:12] Jack Harris - double
[21/08/22] [19:27:26] Jack Harris - dominator6
[21/08/22] [19:27:48] Jack Harris - trophytruck2
[21/08/22] [19:27:59] Jack Harris - blimp
[21/08/22] [19:28:22] Jack Harris - baller2
[21/08/22] [19:28:26] Jack Harris - baller
[21/08/22] [19:28:34] Jack Harris - baller3
[21/08/22] [19:28:40] Jack Harris - baller4
[21/08/22] [19:28:47] Jack Harris - baller5
[21/08/22] [19:28:51] Jack Harris - baller6
[21/08/22] [19:29:05] Jack Harris - cog55
[21/08/22] [19:29:13] Jack Harris - cog552
[21/08/22] [19:29:27] Jack Harris - rallytruck
[21/08/22] [19:29:55] Jack Harris - c8z0623
[21/08/22] [19:30:03] Jack Harris - 745le
[21/08/22] [19:30:12] Jack Harris - m3e36
[21/08/22] [19:30:18] Jack Harris - boss429
[21/08/22] [19:30:24] Jack Harris - Q820
[21/08/22] [19:30:34] Jack Harris - rs6c8
[21/08/22] [19:30:44] Jack Harris - GT17
[21/08/22] [19:30:53] Jack Harris - m4f82
[21/08/22] [19:31:03] Jack Harris - M3e30
[21/08/22] [19:31:15] Jack Harris - c63w205
[21/08/22] [19:31:23] Jack Harris - w210
[21/08/22] [19:31:28] Jack Harris - nh2r
[21/08/22] [19:31:46] Jack Harris - w210
[21/08/22] [19:31:54] Jack Harris - 19S650
[21/08/22] [19:31:54] Abbas Devir - rhino
[21/08/22] [19:32:08] Jack Harris - golf75r
[21/08/22] [19:32:18] Jack Harris - r50
[21/08/22] [19:32:28] Jack Harris - golfgti
[21/08/22] [19:32:36] Jack Harris - mustang
[21/08/22] [19:32:45] Jack Harris - bug09
[21/08/22] [19:32:56] Jack Harris - chiron17
[21/08/22] [19:33:16] Jack Harris - gle
[21/08/22] [19:33:22] Jack Harris - s8d2
[21/08/22] [19:33:30] Jack Harris - evovaris
[21/08/22] [21:33:11] Jack Harris - ingot
[21/08/22] [21:33:18] Jack Harris - asea
[21/08/22] [21:33:27] Jack Harris - glendale
[21/08/22] [21:33:35] Jack Harris - ingot
[21/08/22] [21:33:45] Jack Harris - surge
[21/08/22] [21:33:55] Jack Harris - primo
[21/08/22] [21:34:09] Jack Harris - primo2
[21/08/22] [21:34:33] Jack Harris - bestiagts
[21/08/22] [21:34:42] Jack Harris - blista2
[21/08/22] [21:34:51] Jack Harris - blista3
[21/08/22] [21:34:58] Jack Harris - buffalo
[21/08/22] [21:35:14] Jack Harris - drafter
[21/08/22] [21:35:28] Jack Harris - jester3
[21/08/22] [21:35:35] Jack Harris - jester2
[21/08/22] [21:35:44] Jack Harris - kuruma2
[21/08/22] [21:35:49] Jack Harris - kuruma
[21/08/22] [21:36:05] Jack Harris - raiden
[21/08/22] [21:36:21] Jack Harris - revolter
[21/08/22] [21:36:46] Jack Harris - neon
[21/08/22] [21:37:01] Jack Harris - ninef
[21/08/22] [21:37:11] Jack Harris - neo
[21/08/22] [21:37:24] Jack Harris - neon
[21/08/22] [21:37:38] Jack Harris - schafter4
[21/08/22] [21:37:54] Jack Harris - seven70
[21/08/22] [21:38:06] Jack Harris - schlagen
[21/08/22] [21:40:07] Jack Harris - rt3000
[21/08/22] [21:40:20] Jack Harris - peyote3
[21/08/22] [21:40:37] Jack Harris - tornado2
[21/08/22] [21:40:47] Jack Harris - toreador
[21/08/22] [21:40:58] Jack Harris - banshee2
[21/08/22] [21:41:08] Jack Harris - infernus
[21/08/22] [21:41:18] Jack Harris - tempesta
[21/08/22] [21:41:33] Jack Harris - thrax
[21/08/22] [21:41:57] Jack Harris - xa21
[21/08/22] [21:42:23] Jack Harris - italigtb
[21/08/22] [21:43:42] Jack Harris - xa21
[21/08/22] [21:44:39] Jack Harris - baller
[21/08/22] [21:44:52] Jack Harris - baller2
[21/08/22] [21:46:02] Jack Harris - bjxl
[21/08/22] [21:46:20] Jack Harris - openwheel2
[21/08/22] [21:47:02] Jack Harris - trophytruck2
[21/08/22] [21:47:36] Jack Harris - vigero
[21/08/22] [21:47:53] Jack Harris - vamos
[21/08/22] [21:48:01] Jack Harris - dominator7
[21/08/22] [22:02:00] Antu Donmez - kanjo
[21/08/22] [22:02:00] Jack Harris - kanjo
[21/08/22] [22:02:07] Jack Harris - issi2
[21/08/22] [22:02:14] Antu Donmez - panto
[21/08/22] [22:02:15] Jack Harris - phanto
[21/08/22] [22:02:21] Jack Harris - issi6
[21/08/22] [22:02:24] Antu Donmez - rapsodi
[21/08/22] [22:02:33] Antu Donmez - briosso2
[21/08/22] [22:02:38] Jack Harris - brioso2
[21/08/22] [22:02:46] Jack Harris - weewile
[21/08/22] [22:02:47] Antu Donmez - weevil
[21/08/22] [22:02:57] Antu Donmez - blita
[21/08/22] [22:02:57] Jack Harris - dominator7
[21/08/22] [22:03:03] Antu Donmez - clup
[21/08/22] [22:03:11] Jack Harris - blade
[21/08/22] [22:03:15] Antu Donmez - pantom
[21/08/22] [22:03:22] Antu Donmez - phantom
[21/08/22] [22:03:23] Jack Harris - phantom
[21/08/22] [22:03:30] Antu Donmez - packer
[21/08/22] [22:03:34] Jack Harris - dukes2
[21/08/22] [22:03:39] Antu Donmez - mule
[21/08/22] [22:03:44] Jack Harris - dukes
[21/08/22] [22:03:48] Antu Donmez - beef
[21/08/22] [22:03:50] Jack Harris - gauntlet
[21/08/22] [22:03:55] Jack Harris - ellie
[21/08/22] [22:03:57] Antu Donmez - benson
[21/08/22] [22:04:03] Jack Harris - dukes2
[21/08/22] [22:04:07] Jack Harris - dukes2
[21/08/22] [22:04:15] Jack Harris - dukes
[21/08/22] [22:04:16] Antu Donmez - cereprrus
[21/08/22] [22:04:23] Jack Harris - bruiser3
[21/08/22] [22:04:32] Antu Donmez - phantom2
[21/08/22] [22:04:39] Jack Harris - brutus
[21/08/22] [22:04:40] Antu Donmez - phantom3
[21/08/22] [22:04:49] Antu Donmez - terbayt
[21/08/22] [22:04:50] Jack Harris - brutus2
[21/08/22] [22:05:05] Jack Harris - riata
[21/08/22] [22:05:06] Antu Donmez - stockade
[21/08/22] [22:05:16] Antu Donmez - diletsante
[21/08/22] [22:05:16] Jack Harris - outlaw
[21/08/22] [22:05:28] Antu Donmez - jakal
[21/08/22] [22:05:29] Jack Harris - blimp
[21/08/22] [22:05:44] Jack Harris - blimp3
[21/08/22] [22:05:57] Jack Harris - titan
[21/08/22] [22:06:38] Antu Donmez - gt17
[21/08/22] [22:06:49] Antu Donmez - rs6c8
[21/08/22] [22:07:02] Antu Donmez - bmwm8
[21/08/22] [22:07:18] Antu Donmez - impala67
[21/08/22] [22:07:33] Antu Donmez - q820
[21/08/22] [22:08:58] Antu Donmez - m4f82
[21/08/22] [22:09:19] Antu Donmez - 745le
[21/08/22] [22:09:55] Antu Donmez - m3e36
[21/08/22] [22:11:07] Antu Donmez - boss429
[21/08/22] [22:11:29] Antu Donmez - m3e30
[21/08/22] [22:12:14] Antu Donmez - c63w205
[21/08/22] [22:12:29] Antu Donmez - w210
[21/08/22] [22:12:52] Antu Donmez - 19s650
[21/08/22] [22:13:15] Antu Donmez - golf75r
[21/08/22] [22:13:36] Antu Donmez - r50
[21/08/22] [22:19:04] Jack Harris - golfgti
[21/08/22] [22:19:07] Antu Donmez - bug09
[21/08/22] [22:19:16] Jack Harris - chiron17
[21/08/22] [22:19:51] Antu Donmez - s8d2
[21/08/22] [22:19:54] Jack Harris - gle
[21/08/22] [22:20:09] Jack Harris - boss429
[21/08/22] [22:20:21] Jack Harris - nh2r
[21/08/22] [22:20:43] Jack Harris - evovaris
[21/08/22] [22:21:14] Jack Harris - camaro
[21/08/22] [22:31:03] Antu Donmez - gt17
[21/08/22] [22:31:14] Antu Donmez - rs6c8
[21/08/22] [22:31:27] Antu Donmez - bmwm8
[21/08/22] [22:31:46] Antu Donmez - impala67
[21/08/22] [22:32:01] Antu Donmez - m4f82
[21/08/22] [22:32:25] Antu Donmez - boss429
[21/08/22] [22:33:12] Antu Donmez - c8z0623
[21/08/22] [22:33:33] Antu Donmez - 745le
[21/08/22] [22:34:18] Antu Donmez - q820
[21/08/22] [22:34:49] Antu Donmez - m3e30
[21/08/22] [22:35:54] Antu Donmez - c63w205
[21/08/22] [22:36:14] Antu Donmez - w210
[21/08/22] [22:36:54] Antu Donmez - 19s650
[21/08/22] [22:37:34] Antu Donmez - golf75r
[21/08/22] [22:37:53] Antu Donmez - r50
[21/08/22] [22:38:18] Antu Donmez - golfgt
[21/08/22] [22:38:26] Antu Donmez - golfgti
[21/08/22] [22:38:51] Antu Donmez - bug09
[21/08/22] [22:38:59] Jack Harris - chiron17
[21/08/22] [22:39:16] Antu Donmez - chiron17
[21/08/22] [22:39:36] Jack Harris - chiron17
[21/08/22] [22:39:38] Antu Donmez - gle
[21/08/22] [22:40:07] Antu Donmez - s8d2
[21/08/22] [22:40:44] Antu Donmez - evovaris
[21/08/22] [22:41:04] Antu Donmez - camry18
[21/08/22] [22:41:36] Jack Harris - nh2r
[21/08/22] [22:46:49] Jack Harris - nh2r
[21/08/22] [23:03:42] Jack Harris - camry18
[21/08/22] [23:03:54] Jack Harris - camry18
[21/08/22] [23:06:18] Jack Harris - c8z0623
[21/08/22] [23:06:27] Jack Harris - c8z0623
[21/08/22] [23:06:32] Jack Harris - c8z0623
[21/08/22] [23:06:40] Jack Harris - c8z0623
[21/08/22] [23:06:48] Jack Harris - c8z0623
[21/08/22] [23:06:58] Jack Harris - c8z0623
[21/08/22] [23:10:41] Jack Harris - bmwm8
[21/08/22] [23:12:11] Jack Harris - bmwm8
[21/08/22] [23:12:23] Jack Harris - bmwm8
[21/08/22] [23:13:23] Jack Harris - c8z0623
[21/08/22] [23:14:48] Jack Harris - 745le
[21/08/22] [23:16:06] Jack Harris - m3e36
[21/08/22] [23:16:40] Jack Harris - boss429
[21/08/22] [23:17:20] Jack Harris - Q820
[21/08/22] [23:18:01] Jack Harris - rs6c8
[21/08/22] [23:18:46] Jack Harris - GT17
[21/08/22] [23:19:41] Jack Harris - m4f82
[21/08/22] [23:20:54] Jack Harris - M3e30
[21/08/22] [23:21:38] Jack Harris - c63w205
[21/08/22] [23:22:40] Jack Harris - w210
[21/08/22] [23:25:14] Antu Donmez - 19s650
[21/08/22] [23:26:06] Abbas Devir - m5f90
[21/08/22] [23:26:19] Abbas Devir - gt17
[21/08/22] [23:26:37] Jack Harris - golf75r
[21/08/22] [23:27:32] Jack Harris - r50
[21/08/22] [23:28:12] Jack Harris - golfgti
[21/08/22] [23:29:03] Jack Harris - bug09
[21/08/22] [23:29:51] Jack Harris - chiron17
[21/08/22] [23:30:13] Abbas Devir - chiron17
[21/08/22] [23:30:21] Jack Harris - gle
[21/08/22] [23:30:58] Jack Harris - s8d2
[21/08/22] [23:31:24] Jack Harris - evovaris
[21/08/22] [23:31:49] Jack Harris - impala67
[21/08/22] [23:32:18] Jack Harris - nh2r
[21/08/22] [23:36:52] Antu Donmez - bmwm8
[21/08/22] [23:36:52] Abbas Devir - 745le
[21/08/22] [23:36:52] Jack Harris - c8z0623
[21/08/22] [23:37:36] Antu Donmez - boss429
[21/08/22] [23:37:36] Jack Harris - m3e36
[21/08/22] [23:37:36] Abbas Devir - q820
[21/08/22] [23:38:18] Antu Donmez - rs6c8
[21/08/22] [23:38:18] Jack Harris - m4f82
[21/08/22] [23:38:18] Abbas Devir - gt17
[21/08/22] [23:38:50] Antu Donmez - c63w205
[21/08/22] [23:38:50] Abbas Devir - w210
[21/08/22] [23:38:50] Jack Harris - M3e30
[21/08/22] [23:39:35] Antu Donmez - golf75r
[21/08/22] [23:39:35] Jack Harris - 19S650
[21/08/22] [23:40:05] Antu Donmez - golfgti
[21/08/22] [23:40:06] Jack Harris - r50
[21/08/22] [23:40:27] Jack Harris - bug09
[21/08/22] [23:40:27] Antu Donmez - chiron17
[21/08/22] [23:40:56] Jack Harris - gle
[21/08/22] [23:40:57] Antu Donmez - s8d2
[21/08/22] [23:41:19] Jack Harris - evovaris
[21/08/22] [23:41:19] Antu Donmez - impala67
[21/08/22] [23:45:14] Jack Harris - w210
[21/08/22] [23:45:43] Jack Harris - hunter
[21/08/22] [23:46:09] Jack Harris - rhino
[21/08/22] [23:47:13] Antu Donmez - c63w205
[22/08/22] [01:16:12] Naqasake Komutan - amggt
[22/08/22] [01:16:35] Naqasake Komutan - panarema17turbo
[22/08/22] [01:16:52] Naqasake Komutan - amggt
[22/08/22] [01:17:15] Naqasake Komutan - gt17
[22/08/22] [01:28:22] Jack Harris - bmwm8
[22/08/22] [01:30:50] Naqasake Komutan - lazer
[22/08/22] [01:31:04] Naqasake Komutan - lazer
[22/08/22] [01:33:59] Jack Harris - bmwm8
[22/08/22] [02:06:14] Jack Harris - chiron17
[22/08/22] [02:10:23] Jack Harris - chiron17
[22/08/22] [02:12:38] Jack Harris - chiron17
[22/08/22] [02:23:39] Jack Harris - GT17
[22/08/22] [02:27:21] Jack Harris - chiron17
[22/08/22] [02:31:34] Jack Harris - chiron17
[22/08/22] [02:33:43] Jack Harris - rs6c8
[22/08/22] [02:36:40] Jack Harris - c8z0623
[22/08/22] [02:37:21] Jack Harris - GT17
[22/08/22] [12:58:04] Noyan Cakiroglu - nh1r
[22/08/22] [13:01:15] Noyan Cakiroglu - nh2t
[22/08/22] [13:07:10] Noyan Cakiroglu - nh2r
[22/08/22] [13:07:37] Noyan Cakiroglu - NH2R
[22/08/22] [13:07:50] Noyan Cakiroglu - GT17
[22/08/22] [13:09:15] Noyan Cakiroglu - GT17
[22/08/22] [21:55:50] Naqasake Komutan - amggt
[22/08/22] [21:56:08] Naqasake Komutan - rhino
[22/08/22] [21:56:25] Naqasake Komutan - rhino
[22/08/22] [21:57:44] Naqasake Komutan - g500
[22/08/22] [21:57:55] Naqasake Komutan - gt17
[22/08/22] [23:57:01] Jack Harris - bmwm8
[23/08/22] [00:04:01] Jack Harris - chiron17
[23/08/22] [01:54:09] Jack Harris - chiron17
[23/08/22] [02:26:27] Jack Harris - bmwm8
[23/08/22] [02:34:33] Jack Harris - chiron17
[23/08/22] [02:41:04] Jack Harris - bmwm8
[23/08/22] [02:42:02] Jack Harris - rs6c8
[23/08/22] [02:43:23] Jack Harris - chiron17
[23/08/22] [02:44:31] Jack Harris - gle
[23/08/22] [03:51:30] Jack Harris - lazer
[23/08/22] [03:51:48] Jack Harris - hunter
[23/08/22] [03:53:07] Jack Harris - rhino
[23/08/22] [09:21:17] Noyan Cakiroglu - gt17
[23/08/22] [10:44:13] Noyan Cakiroglu - gh2r
[23/08/22] [10:44:39] Noyan Cakiroglu - gt17 
[23/08/22] [10:44:52] Noyan Cakiroglu - gt17
[23/08/22] [10:47:39] Noyan Cakiroglu - gt17
[23/08/22] [10:50:03] Noyan Cakiroglu - f35
[23/08/22] [10:55:05] Noyan Cakiroglu - gt17
[23/08/22] [11:12:20] Noyan Cakiroglu - gh2t
[23/08/22] [11:12:35] Noyan Cakiroglu - gh2r
[23/08/22] [11:12:59] Noyan Cakiroglu - gt17
[23/08/22] [11:13:46] Noyan Cakiroglu - gt17
[23/08/22] [16:08:27] Noyan Cakiroglu - gt17
[23/08/22] [18:13:38] Jack Harris - hunter
[23/08/22] [18:18:31] Jack Harris - m5f92
[23/08/22] [20:47:35] Jack Harris - gtr34
[23/08/22] [20:47:41] Jack Harris - chiron17
[23/08/22] [20:47:58] Jack Harris - chiron17
[23/08/22] [12:34:44] Jack Harris - bmwm8
[23/08/22] [12:48:49] Antu Donmez - bmwm8
[23/08/22] [13:03:51] Antu Donmez - impala67
[23/08/22] [13:04:04] Antu Donmez - gt17
[23/08/22] [13:06:44] Antu Donmez - gt17
[23/08/22] [13:08:26] Antu Donmez - impala67
[23/08/22] [13:23:50] Mert Diler - bmw
[23/08/22] [13:39:30] Emre Kurt - m4d82
[23/08/22] [14:08:28] Jack Harris - BMWM8
[23/08/22] [14:31:24] Ozgur Baba - gt
[23/08/22] [14:31:40] Ozgur Baba - gt
[23/08/22] [14:31:43] Emre Kurt - asfa
[23/08/22] [14:33:01] Emre Kurt - asfasf
[23/08/22] [14:33:03] Ozgur Baba - hydra
[23/08/22] [14:33:19] Ozgur Baba - hydra
[24/08/22] [01:53:34] Jack Harris - leopard
[24/08/22] [01:57:35] Jack Harris - leopard2a6
[24/08/22] [01:57:58] Jack Harris - chernobob
[24/08/22] [01:58:19] Jack Harris - chernobog
[24/08/22] [02:00:42] Jack Harris - terrorbyte
[24/08/22] [17:06:27] Jack Harris - chernobog
[24/08/22] [17:08:08] Abbas Devir - chernobob
[24/08/22] [17:08:23] Abbas Devir - chernogob
[24/08/22] [17:08:39] Abbas Devir - chernobog
[24/08/22] [18:32:51] Mert Diler - bmw30
[24/08/22] [18:33:07] Mert Diler - bmwm8
[24/08/22] [19:39:07] Jack Harris - bmwm8
[24/08/22] [21:48:39] Jack Harris - bmwm8
[24/08/22] [22:05:31] Antu Donmez - bmwm8
[24/08/22] [22:28:14] Jack Harris - M5f90
[24/08/22] [22:41:23] Jack Harris - rhino
[24/08/22] [22:41:33] Jack Harris - hunter
[24/08/22] [22:41:44] Jack Harris - bmwm8
[24/08/22] [23:03:31] Antu Donmez - rs6c8
[24/08/22] [23:07:36] Emre Kurt - bmwm8
[24/08/22] [23:08:09] Antu Donmez - impala67
[24/08/22] [23:09:41] Emre Kurt - m4f82
[24/08/22] [23:10:09] Antu Donmez - m4f82
[24/08/22] [23:10:42] Emre Kurt - m3e30
[24/08/22] [23:14:32] Antu Donmez - gt17
[24/08/22] [23:16:27] Antu Donmez - 745le
[24/08/22] [23:17:23] Antu Donmez - 19s650
[24/08/22] [23:18:48] Antu Donmez - q820
[24/08/22] [23:19:13] Antu Donmez - gle
[24/08/22] [23:19:15] Emre Kurt - R50
[24/08/22] [23:20:14] Emre Kurt - MST
[24/08/22] [23:20:50] Antu Donmez - mst
[24/08/22] [23:20:52] Emre Kurt - bug09
[24/08/22] [23:23:58] Emre Kurt - laferrari
[24/08/22] [23:24:02] Antu Donmez - laferrari
[24/08/22] [23:24:14] Emre Kurt - f8t
[24/08/22] [23:24:43] Emre Kurt - chiron17
[24/08/22] [23:25:33] Emre Kurt - golfgti
[24/08/22] [23:26:48] Emre Kurt - R32
[24/08/22] [23:28:51] Emre Kurt - Lancer Evo
[24/08/22] [23:29:05] Emre Kurt - dfcb29
[24/08/22] [23:29:19] Emre Kurt - GM25
[24/08/22] [23:29:31] Emre Kurt - evovaris
[24/08/22] [23:44:12] Antu Donmez - chiron17
[25/08/22] [12:53:34] Noyan Cakiroglu - GT17
[25/08/22] [12:53:55] Noyan Cakiroglu - GT17
[25/08/22] [12:55:51] Noyan Cakiroglu - GT17
[25/08/22] [13:02:19] Noyan Cakiroglu - gt17
[25/08/22] [13:03:38] Noyan Cakiroglu - gt17
[25/08/22] [17:20:10] Jack Harris - bmwm8
[25/08/22] [17:21:55] Jack Harris - rs6c8
[25/08/22] [19:47:20] Jack Harris - bmwm8
[25/08/22] [19:48:31] Jack Harris - rs6c8
[25/08/22] [19:49:16] Jack Harris - camry18
[25/08/22] [22:05:41] Antu Donmez - bmwm8
[25/08/22] [22:10:35] Antu Donmez - impala67
[25/08/22] [22:18:55] Jack Harris - CAMRY18
[25/08/22] [22:19:00] Antu Donmez - camry18
[25/08/22] [22:20:21] Jack Harris - clio
[25/08/22] [22:47:29] Mert Diler - bmw5m90
[25/08/22] [22:50:35] Jack Harris - chiron17
[25/08/22] [22:52:40] Antu Donmez -  bmwm8
[25/08/22] [22:52:58] Antu Donmez - impala67
[25/08/22] [22:52:59] Firat Donmez - m8
[25/08/22] [22:53:52] Firat Donmez - m8
[25/08/22] [22:54:08] Firat Donmez - audi
[25/08/22] [22:54:22] Antu Donmez - impala67
[25/08/22] [22:54:37] Antu Donmez - bmwm8
[25/08/22] [22:55:00] Antu Donmez - chiron17
[25/08/22] [22:59:51] Naqasake Komutan - amggt
[25/08/22] [23:00:17] Naqasake Komutan - gt17
[25/08/22] [23:02:27] Jack Harris - m3e30
[25/08/22] [23:03:06] Jack Harris - m3e36
[25/08/22] [23:03:54] Jack Harris - camry18
[25/08/22] [23:04:00] Firat Donmez - police
[25/08/22] [23:04:48] Antu Donmez - rs6c8
[25/08/22] [23:05:32] Jack Harris - c8z0623
[25/08/22] [23:06:16] Jack Harris - w210
[25/08/22] [23:10:18] Jack Harris - r50
[25/08/22] [23:10:46] Jack Harris - ycae60
[25/08/22] [23:11:12] Jack Harris - vwstance
[25/08/22] [23:11:50] Jack Harris - 350z
[25/08/22] [23:12:11] Jack Harris - z33
[25/08/22] [23:12:25] Jack Harris - r32
[25/08/22] [23:16:15] Jack Harris - rhino
[25/08/22] [23:16:55] Jack Harris - hunter
[25/08/22] [23:17:08] Jack Harris - hunter
[25/08/22] [23:18:40] Jack Harris - chernobog
[25/08/22] [23:18:54] Jack Harris - chernobog
[25/08/22] [23:19:10] Jack Harris - chernobog
[25/08/22] [23:19:22] Asena Cakiiroglu - gt17
[25/08/22] [23:25:23] Emre Kurt - c8z0623
[25/08/22] [23:25:55] Antu Donmez - q820
[25/08/22] [23:25:58] Emre Kurt - 745le
[25/08/22] [23:26:35] Emre Kurt - m3e36
[25/08/22] [23:27:46] Emre Kurt - boss429
[25/08/22] [23:28:09] Antu Donmez - mst
[25/08/22] [23:28:29] Emre Kurt - Q820
[25/08/22] [23:28:34] Naqasake Komutan - chernobog
[25/08/22] [23:28:56] Antu Donmez - boss429
[25/08/22] [23:29:02] Emre Kurt - rs6c8
[25/08/22] [23:29:32] Emre Kurt - GT17
[25/08/22] [23:30:01] Emre Kurt - m4f82
[25/08/22] [23:30:26] Emre Kurt - M3e30
[25/08/22] [23:31:00] Emre Kurt - c63w205
[25/08/22] [23:31:24] Emre Kurt - w210
[25/08/22] [23:31:48] Emre Kurt - 19S650
[25/08/22] [23:32:14] Emre Kurt - bmwm8
[25/08/22] [23:33:00] Emre Kurt - golf75r
[25/08/22] [23:33:30] Emre Kurt - gtr7a
[25/08/22] [23:33:45] Emre Kurt - gtr7b
[25/08/22] [23:34:18] Emre Kurt - nisgtr
[25/08/22] [23:34:35] Naqasake Komutan - nisgtr
[25/08/22] [23:34:47] Emre Kurt - R50
[25/08/22] [23:34:59] Naqasake Komutan - chernobog
[25/08/22] [23:35:20] Emre Kurt - vwstance
[25/08/22] [23:35:25] Emre Kurt - vwstance
[25/08/22] [23:35:45] Emre Kurt - golfgti
[25/08/22] [23:36:13] Emre Kurt - 19raptor
[25/08/22] [23:36:29] Emre Kurt - MST
[25/08/22] [23:37:06] Emre Kurt - focusrs
[25/08/22] [23:37:17] Naqasake Komutan - chernobog
[25/08/22] [23:37:28] Emre Kurt - bug09
[25/08/22] [23:38:36] Emre Kurt - chiron17
[25/08/22] [23:38:45] Antu Donmez - bug09
[25/08/22] [23:39:14] Emre Kurt - fpacehm
[25/08/22] [23:39:29] Emre Kurt - R32
[25/08/22] [23:39:46] Emre Kurt - rx7veilside
[25/08/22] [23:40:06] Emre Kurt - mvisiongt
[25/08/22] [23:40:28] Emre Kurt - gle
[25/08/22] [23:41:01] Emre Kurt - S8D2
[25/08/22] [23:41:54] Emre Kurt - evovaris
[25/08/22] [23:44:46] Naqasake Komutan - impala67
[25/08/22] [23:46:27] Naqasake Komutan - lazer
[25/08/22] [23:57:21] Mert Diler - bmwm8
[26/08/22] [00:10:01] Abbas Devir - victor
[26/08/22] [00:10:35] Abbas Devir - raptor
[26/08/22] [00:12:16] Abbas Devir - deluxo
[26/08/22] [00:13:22] Abbas Devir - Oppressor MK II
[26/08/22] [00:20:37] Abbas Devir - deluxo
[26/08/22] [00:45:25] Jack Harris - deluxo
[26/08/22] [00:45:29] Jack Harris - deluxo
[26/08/22] [00:50:39] Faruk Devir - 31
[26/08/22] [00:52:27] Abbas Devir - gt17
[26/08/22] [00:53:45] Faruk Devir - M5
[26/08/22] [00:54:04] Abbas Devir - gt17
[26/08/22] [00:55:10] Faruk Devir - gt17
[26/08/22] [00:56:03] Faruk Devir - M5
[26/08/22] [00:56:26] Abbas Devir - vector
[26/08/22] [00:56:31] Abbas Devir - hydra
[26/08/22] [00:56:46] Abbas Devir - hydra
[26/08/22] [01:16:07] Jack Harris - bmwm8
[26/08/22] [06:56:35] Fuat Kocaeli - m8
[26/08/22] [06:57:03] Fuat Kocaeli - impala67
[26/08/22] [06:59:21] Fuat Kocaeli - n2hr
[26/08/22] [06:59:49] Fuat Kocaeli - nh2r
[26/08/22] [07:00:11] Fuat Kocaeli - nh2r
[26/08/22] [07:00:35] Fuat Kocaeli - nh2r
[26/08/22] [07:00:54] Fuat Kocaeli - gt17
[26/08/22] [20:32:34] Mert Diler - bmwf90
[26/08/22] [20:32:50] Mert Diler - bmwm5
[26/08/22] [20:33:03] Mert Diler - bmwm5f90
[26/08/22] [20:33:18] Mert Diler - bmwm8
[26/08/22] [20:42:17] Jack Harris - bmmwm8
[26/08/22] [20:42:24] Jack Harris - bmwm8
[26/08/22] [20:59:06] Jack Harris - gle
[26/08/22] [21:05:28] Mert Diler - helicopter
[26/08/22] [21:18:00] Antu Donmez - bmwm8
[26/08/22] [21:21:19] Antu Donmez - bmwm8
[26/08/22] [21:50:00] Antu Donmez - bmwm8
[26/08/22] [21:57:25] Mert Diler - m3e36
[26/08/22] [21:57:45] Mert Diler - w210
[26/08/22] [21:58:10] Mert Diler - m4f82
[26/08/22] [22:04:08] Antu Donmez - impala67
[26/08/22] [22:04:19] Antu Donmez - bmwm8
[26/08/22] [22:04:49] Jack Harris - bmwm8
[26/08/22] [22:04:55] Antu Donmez - bmwm8
[26/08/22] [22:06:03] Jack Harris - bmwm8
[26/08/22] [22:07:10] Mert Diler - bmwm8
[26/08/22] [22:07:50] Jack Harris - etron
[26/08/22] [22:07:54] Jack Harris - tron
[26/08/22] [22:08:53] Mert Diler - gt17
[26/08/22] [22:09:08] Mert Diler - gt17
[26/08/22] [23:32:56] Jack Harris - bmwm8
[27/08/22] [00:44:55] Jack Harris - bmwm8
[27/08/22] [00:52:27] Jack Harris - bmwm8
[27/08/22] [00:57:17] Jack Harris - bmwm8
[27/08/22] [04:46:02] Jack Harris - bmwm8
[27/08/22] [13:24:30] Jack Harris - bmwm8
[27/08/22] [13:34:33] Jack Harris - bmwm8
[27/08/22] [13:57:18] Jack Harris - bmwm8
[27/08/22] [14:16:12] Jack Harris - hunter
[27/08/22] [14:35:35] Jack Harris - BMWM8I
[27/08/22] [16:46:09] Mert Diler - m4f82
[27/08/22] [16:54:51] Mert Diler - Leopard 2A3
[27/08/22] [16:55:04] Mert Diler - tank
[27/08/22] [16:57:36] Mert Diler - m3e30
[27/08/22] [17:07:13] Mert Diler - m3e30
[27/08/22] [17:08:55] Mert Diler - gt17
[27/08/22] [17:09:33] Mert Diler - w210
[27/08/22] [17:09:44] Mert Diler - w210
[27/08/22] [17:10:20] Mert Diler - 19S650
[27/08/22] [17:10:59] Mert Diler - m3e36
[27/08/22] [17:11:45] Mert Diler - 745le
[27/08/22] [17:14:56] Mert Diler - Q820
[27/08/22] [17:15:30] Mert Diler - boss429
[27/08/22] [17:42:21] Mert Diler - bmwe38
[27/08/22] [17:42:46] Mert Diler - m3e30
[27/08/22] [18:22:55] Mert Diler - gt17
[27/08/22] [18:25:19] Mert Diler - gt17
[27/08/22] [19:05:49] Mert Diler - bmwm8
[27/08/22] [19:12:37] Jack Harris - insurgent
[27/08/22] [19:13:42] Mert Diler - insurgenıc
[27/08/22] [19:14:37] Mert Diler - insurgent
[27/08/22] [19:15:30] Mert Diler - police
[27/08/22] [19:17:12] Mert Diler - police2
[27/08/22] [19:17:32] Mert Diler - police3
[27/08/22] [19:18:15] Mert Diler - police4
[27/08/22] [19:18:36] Mert Diler - police5
[27/08/22] [19:18:47] Mert Diler - sherrif1
[27/08/22] [19:18:57] Mert Diler - army
[27/08/22] [19:29:04] Mert Diler - bmwm8
[27/08/22] [19:45:32] Mert Diler - w210
[27/08/22] [19:45:54] Mert Diler - gt17
[27/08/22] [19:46:26] Mert Diler - m3e30
[27/08/22] [19:46:48] Mert Diler - m4f82
[27/08/22] [19:54:21] Mert Diler - insurgent
[27/08/22] [19:54:42] Mert Diler - insurgent
[27/08/22] [19:56:23] Mert Diler - apg
[27/08/22] [19:56:46] Mert Diler - 745le
[27/08/22] [19:57:30] Mert Diler - c8z0623
[27/08/22] [19:58:11] Mert Diler - police4
[27/08/22] [19:58:34] Mert Diler - m4f82
[27/08/22] [20:13:35] Mert Diler - insurgent
[27/08/22] [20:15:13] Mert Diler - police
[27/08/22] [20:19:06] Mert Diler - sherif1
[27/08/22] [20:19:18] Mert Diler - war1
[27/08/22] [20:19:28] Mert Diler - bmwm8
[27/08/22] [20:20:05] Mert Diler - fib
[27/08/22] [20:25:16] Mert Diler - taxi
[27/08/22] [20:25:55] Mert Diler - taxi2
[27/08/22] [21:13:05] Naqasake Komutan - gt17
[27/08/22] [21:13:42] Naqasake Komutan - m5f90
[27/08/22] [21:14:04] Naqasake Komutan - g500
[27/08/22] [21:14:51] Naqasake Komutan - m4f82
[27/08/22] [21:15:45] Naqasake Komutan - chiron17
[27/08/22] [22:05:34] Mert Diler - insurgenct
[27/08/22] [22:05:54] Mert Diler - insurgenct
[27/08/22] [22:06:22] Mert Diler - brute
[27/08/22] [22:06:40] Mert Diler - truck
[27/08/22] [22:07:17] Mert Diler - insurgent
[27/08/22] [22:08:43] Mert Diler - lspd
[27/08/22] [22:12:07] Mert Diler - [insurgent
[27/08/22] [22:12:21] Mert Diler - insurgent
[27/08/22] [22:56:47] Mert Diler - Q820
[27/08/22] [23:00:10] Mert Diler - police3
[27/08/22] [23:07:34] Mert Diler - fib
[28/08/22] [19:13:45] Mert Diler - dune5
[28/08/22] [19:14:32] Mert Diler - halftrack
[28/08/22] [19:15:09] Mert Diler - hunter
[28/08/22] [19:15:52] Mert Diler - riot2
[28/08/22] [19:16:15] Mert Diler - khanjali
[28/08/22] [19:18:27] Mert Diler - apc
[28/08/22] [19:20:33] Mert Diler - bmwm8
[28/08/22] [19:25:37] Mert Diler - bmwm8
[28/08/22] [19:29:04] Mert Diler - truck
[28/08/22] [19:35:52] Mert Diler - caracara
[28/08/22] [19:36:19] Mert Diler - menacer
[28/08/22] [20:01:32] Mert Diler - bmwm8
[28/08/22] [20:05:18] Mert Diler - hunter
[28/08/22] [20:07:10] Mert Diler - oppressor2
[28/08/22] [20:26:57] Mert Diler - oppressor2
[28/08/22] [20:30:47] Mert Diler - menacer
[28/08/22] [20:35:36] Mert Diler - menacer
[28/08/22] [20:44:27] Mert Diler - menacer
[28/08/22] [20:44:46] Mert Diler - menacer
[28/08/22] [21:29:34] Mert Diler - rcbandito
[28/08/22] [21:53:18] Jack Harris - BMWM8
[28/08/22] [21:57:43] Mert Diler - rcbandito
[28/08/22] [22:04:27] Mert Diler - rcbandito
[28/08/22] [22:10:33] Mert Diler - cerberus3
[28/08/22] [22:12:10] Mert Diler - insurgent3
[28/08/22] [22:12:42] Mert Diler - havok
[28/08/22] [22:13:16] Mert Diler - bombushka
[28/08/22] [22:25:15] Mert Diler - visione
[28/08/22] [22:45:47] Mert Diler - hunter
[28/08/22] [23:30:09] Mert Diler - apc
[29/08/22] [01:31:58] Jack Harris - BMWM8
[29/08/22] [02:06:42] Jack Harris - m5f90
[29/08/22] [02:06:48] Jack Harris - chiron17
[29/08/22] [02:15:50] Jack Harris - chiron17
[29/08/22] [03:37:53] Jack Harris - bmwm8
[29/08/22] [04:13:13] Jack Harris - bmwm8
[29/08/22] [04:26:44] Jack Harris - chiron17
[29/08/22] [04:42:09] Jack Harris - bmwm8
[29/08/22] [05:13:48] Jack Harris - bmwm8
[29/08/22] [12:38:57] Mert Diler - Buzzard Attack C
[29/08/22] [12:39:41] Mert Diler - Buzzard
[29/08/22] [12:40:25] Mert Diler - Planes
[29/08/22] [13:04:15] Mert Diler - hunter
[29/08/22] [14:08:29] Mert Diler - bmwm8
[29/08/22] [14:40:18] Jack Harris - lazer
[29/08/22] [14:43:33] Jack Harris - lazer
[29/08/22] [16:47:51] Abbas Devir - gt17
[29/08/22] [16:52:27] Abbas Devir - gt17
[29/08/22] [17:00:50] Abbas Devir - police
[29/08/22] [17:00:58] Abbas Devir - police 1
[29/08/22] [17:01:04] Abbas Devir - police2
[29/08/22] [17:01:13] Abbas Devir - police3
[29/08/22] [17:01:18] Abbas Devir - police4
[29/08/22] [17:01:25] Abbas Devir - police5
[29/08/22] [17:01:30] Abbas Devir - police6
[29/08/22] [17:01:36] Abbas Devir - insurgent
[29/08/22] [17:01:43] Abbas Devir - apc
[29/08/22] [17:01:48] Abbas Devir - rhino
[29/08/22] [17:02:19] Abbas Devir - hunter
[29/08/22] [17:02:29] Abbas Devir - hunter
[29/08/22] [17:07:09] Abbas Devir - cargobob
[29/08/22] [17:07:20] Abbas Devir - cargobob
[29/08/22] [17:15:05] Jack Harris - bmwm8
[29/08/22] [17:47:41] Jack Harris - shotaro
[29/08/22] [17:48:28] Jack Harris - lectro
[29/08/22] [17:48:34] Jack Harris - lectro
[29/08/22] [17:48:58] Abbas Devir - Q820
[29/08/22] [17:50:23] Jack Harris - bmwm8
[29/08/22] [17:50:49] Jack Harris - vortex
[29/08/22] [17:51:18] Mert Diler - bmwm8
[29/08/22] [17:51:25] Mert Diler - bmwm8
[29/08/22] [17:53:00] Jack Harris - gtr35
[29/08/22] [17:53:09] Mert Diler - insurgent3
[29/08/22] [17:53:24] Mert Diler - hunter
[29/08/22] [17:53:42] Abbas Devir - rhino
[29/08/22] [17:53:43] Jack Harris - carbonrs
[29/08/22] [17:54:10] Mert Diler - dune5
[29/08/22] [17:55:02] Mert Diler - riot2
[29/08/22] [17:55:33] Mert Diler - khanjali
[29/08/22] [17:57:04] Jack Harris - khanjali
[29/08/22] [17:57:06] Abbas Devir - khanjali
[29/08/22] [17:57:18] Mert Diler - khanjali
[29/08/22] [17:57:24] Abbas Devir - khanjali
[29/08/22] [17:57:40] Abbas Devir - khanjali
[29/08/22] [17:57:42] Jack Harris - HUNTER
[29/08/22] [17:57:55] Abbas Devir - khanjali
[29/08/22] [17:58:12] Jack Harris - hunter
[29/08/22] [17:58:22] Jack Harris - hunter
[29/08/22] [17:58:33] Jack Harris - hunter
[29/08/22] [17:58:34] Mert Diler - phantom2
[29/08/22] [17:58:57] Abbas Devir - phantom2
[29/08/22] [18:00:11] Mert Diler - trailersmall2
[29/08/22] [18:00:34] Abbas Devir - phantom3
[29/08/22] [18:00:41] Abbas Devir - phantom
[29/08/22] [18:00:46] Abbas Devir - phantom4
[29/08/22] [18:00:56] Abbas Devir - phantom5
[29/08/22] [18:01:01] Abbas Devir - hunter
[29/08/22] [18:02:33] Jack Harris - hunter
[29/08/22] [18:02:37] Jack Harris - bmwm8
[29/08/22] [18:29:51] Jack Harris - bmwm8
[29/08/22] [20:34:02] Jack Harris - bmwm8
[30/08/22] [03:40:08] Antu Donmez - m4f82
[30/08/22] [03:50:19] Jack Harris - bmmw8
[30/08/22] [03:51:18] Jack Harris - bmwm8
[30/08/22] [03:52:13] Jack Harris - bmwm8
[30/08/22] [03:58:14] Jack Harris - chiron17
[30/08/22] [11:27:07] Fuat Kocaeli - gh
[30/08/22] [12:41:04] Mert Diler - bmwm8
[30/08/22] [13:27:51] Mert Diler - negan
[30/08/22] [14:08:53] Mert Diler - Annihilator
[30/08/22] [14:09:35] Mert Diler - Akula
[30/08/22] [14:10:21] Mert Diler - cargobob
[30/08/22] [14:11:39] Mert Diler - Valkyrie
[30/08/22] [14:12:25] Mert Diler - P-996 LAZER
[30/08/22] [14:13:43] Mert Diler - jet
[30/08/22] [14:22:41] Mert Diler - Police Cruiser
[30/08/22] [14:22:50] Mert Diler - police
[30/08/22] [14:23:02] Mert Diler - police2
[30/08/22] [14:23:14] Mert Diler - police3
[30/08/22] [14:23:43] Mert Diler - police4
[30/08/22] [14:24:52] Mert Diler - sherrif
[30/08/22] [14:25:05] Mert Diler - Cruiser
[30/08/22] [14:25:19] Mert Diler - Rancher
[30/08/22] [14:25:33] Mert Diler - riot
[30/08/22] [14:26:09] Mert Diler - riot2
[30/08/22] [14:26:22] Mert Diler - Transporter
[30/08/22] [14:26:31] Mert Diler - Prison Bus
[30/08/22] [14:26:38] Mert Diler - PrisonBus
[30/08/22] [14:26:46] Mert Diler - prison
[30/08/22] [14:26:52] Mert Diler - bus
[30/08/22] [14:27:30] Mert Diler - brute
[30/08/22] [14:28:01] Mert Diler - suv
[30/08/22] [14:29:23] Mert Diler - Enforcer
[30/08/22] [14:29:37] Mert Diler - RCV
[30/08/22] [14:29:42] Mert Diler - riot2
[30/08/22] [14:30:40] Mert Diler - LSCS
[30/08/22] [14:30:46] Mert Diler - LSPD
[30/08/22] [14:31:14] Mert Diler - fib
[30/08/22] [14:33:39] Mert Diler - s1
[30/08/22] [14:33:47] Mert Diler - police10
[30/08/22] [15:08:29] Mert Diler - bmwm8
[30/08/22] [15:08:55] Mert Diler - m3e36
[30/08/22] [15:09:28] Mert Diler - gt17
[30/08/22] [15:09:53] Mert Diler - 19s650
[30/08/22] [15:37:43] Jack Harris - rs6c8
[30/08/22] [15:47:20] Jack Harris - bmwm8
[30/08/22] [15:52:51] Mert Diler - hunter
[30/08/22] [15:53:50] Mert Diler - insurgent3
[30/08/22] [15:54:36] Mert Diler - cargobob
[30/08/22] [15:54:51] Mert Diler - cargobob
[30/08/22] [15:55:26] Mert Diler - jet
[30/08/22] [15:55:48] Mert Diler - jet
[30/08/22] [15:56:43] Mert Diler - jet
[30/08/22] [15:57:15] Fuat Kocaeli - jet
[30/08/22] [15:59:07] Mert Diler - tuper
[30/08/22] [16:00:58] Mert Diler - oppressor2
[30/08/22] [16:01:08] Mert Diler - oppressor2
[30/08/22] [16:07:03] Mert Diler - hunter
[30/08/22] [16:12:07] Fuat Kocaeli - gt17
[30/08/22] [16:43:28] Abbas Devir - m5f90
[30/08/22] [16:43:54] Abbas Devir - Q820
[30/08/22] [16:44:32] Mert Diler - 19s650
[30/08/22] [16:44:56] Jack Harris - bmwm8
[30/08/22] [16:45:09] Abbas Devir - m4f82
[30/08/22] [16:49:09] Abbas Devir - rs6c8
[30/08/22] [16:56:54] Abbas Devir - gt17
[30/08/22] [17:00:50] Mert Diler - gt17
[30/08/22] [17:01:05] Abbas Devir - hunter
[30/08/22] [17:02:09] Abbas Devir - raptor
[30/08/22] [17:02:11] Mert Diler - gt17
[30/08/22] [18:43:40] Mert Diler - bmwm8
[30/08/22] [18:49:17] Mert Diler - 19s650
[30/08/22] [18:53:43] Jack Harris - bmwm8
[30/08/22] [18:58:58] Mert Diler - gt17
[30/08/22] [20:29:09] Jack Harris - bmwm8
[30/08/22] [20:30:09] Mert Diler - bmwm8
[30/08/22] [20:46:38] Mert Diler - hunter
[30/08/22] [21:35:54] Jack Harris - bmwm8
[30/08/22] [21:37:46] Jack Harris - bmwm8
[30/08/22] [21:41:31] Jack Harris - bmwm8
[30/08/22] [21:50:33] Mert Diler - gt17
[30/08/22] [21:53:03] Jack Harris - chiron17
[30/08/22] [21:53:30] Jack Harris - chiron17
[30/08/22] [21:55:52] Mert Diler - hunter
[30/08/22] [22:14:27] Mert Diler - jet
[30/08/22] [22:41:48] Mert Diler - Q820
[30/08/22] [22:50:01] Mert Diler - m4f82
[30/08/22] [23:39:53] Jack Harris - bmwm8
[30/08/22] [23:46:48] Mert Diler - bmwm8
[31/08/22] [01:48:06] Jack Harris - bmwm8
[31/08/22] [12:21:50] Noyan Cakiroglu - bb
[31/08/22] [12:22:02] Noyan Cakiroglu - eb
[31/08/22] [16:53:09] Jack Harris - bmwm8
[31/08/22] [17:00:16] Jack Harris - nimbus
[31/08/22] [17:00:31] Jack Harris - nimbus
[31/08/22] [17:01:36] Jack Harris - volatol
[31/08/22] [17:02:57] Jack Harris - alkonost
[31/08/22] [17:03:44] Jack Harris - jet
[31/08/22] [17:04:06] Jack Harris - jet
[31/08/22] [17:04:45] Jack Harris - jet
[31/08/22] [17:09:35] Jack Harris - besra
[31/08/22] [17:11:58] Jack Harris - lazer
[31/08/22] [17:14:21] Jack Harris - lazer
[31/08/22] [17:14:34] Jack Harris - hunter
[31/08/22] [17:14:42] Jack Harris - hunter
[31/08/22] [17:14:50] Jack Harris - blista
[31/08/22] [17:15:08] Jack Harris - cargobob
[31/08/22] [17:15:18] Jack Harris - cargobob
[31/08/22] [17:15:32] Jack Harris - chernobog
[31/08/22] [17:15:43] Jack Harris - lazer
[31/08/22] [17:19:10] Jack Harris - hunter
[31/08/22] [18:15:10] Jack Harris - bmwm8
[31/08/22] [18:29:45] Jack Harris - bmwm8
[31/08/22] [18:38:38] Jack Harris - bmwm8
[31/08/22] [20:41:00] Antu Donmez - impala67
[31/08/22] [23:24:44] Jack Harris - bmwm8
[31/08/22] [23:27:01] Jack Harris - bmwm8
[31/08/22] [23:28:18] Mert Diler - gt17
[31/08/22] [23:28:54] Jack Harris - chiron17
[31/08/22] [23:29:32] Mert Diler - c8z0623
[31/08/22] [23:29:46] Mert Diler - boss429
[31/08/22] [23:30:03] Mert Diler - rs6c8
[01/09/22] [01:39:40] Jack Harris - bmwm8
[01/09/22] [01:41:12] Jack Harris - bmwm8
[01/09/22] [01:45:56] Jack Harris - BMWM8
[01/09/22] [03:58:10] Jack Harris - lazer
[01/09/22] [04:01:37] Jack Harris - lazer
[01/09/22] [04:02:36] Jack Harris - hunter
[01/09/22] [04:07:32] Jack Harris - hunter
[01/09/22] [19:31:30] Jack Harris - rs6c8
[01/09/22] [19:32:33] Mert Diler - 6S850
[01/09/22] [19:32:44] Mert Diler - 19s650
[01/09/22] [19:33:32] Mert Diler - m4f82
[01/09/22] [19:58:45] Jack Harris - bmwm8
[01/09/22] [22:16:47] Jack Harris - bmwm8
[01/09/22] [22:22:50] Firat Donmez - bmwm8
[01/09/22] [22:53:12] Jack Harris - bmwm8
[01/09/22] [23:23:24] Jack Harris - lazer
[01/09/22] [23:27:31] Jack Harris - bmwm8
[01/09/22] [23:34:36] Jack Harris - Focusrs
[01/09/22] [23:34:51] Jack Harris - bmwm8
[01/09/22] [23:35:59] Jack Harris - bmwm8
[01/09/22] [23:40:40] Jack Harris - bmwm8
[01/09/22] [23:43:32] Jack Harris - bmwm8
[01/09/22] [23:50:20] Jack Harris - chiron
[01/09/22] [23:50:26] Jack Harris - chiron17
[02/09/22] [00:45:31] Jack Harris - maverick
[02/09/22] [02:08:12] Jack Harris - bmwm8
[02/09/22] [02:15:02] Jack Harris - bmwm8
[02/09/22] [02:38:48] Jack Harris - bmwm8
[02/09/22] [02:46:07] Jack Harris - RAPIDGT
[02/09/22] [02:50:00] Jack Harris - RS6C8
[02/09/22] [02:55:33] Jack Harris - BMWM8
[02/09/22] [03:04:33] Jack Harris - CHİRION17
[02/09/22] [03:04:38] Jack Harris -  chiron17
[02/09/22] [03:04:43] Jack Harris - chiron17
[02/09/22] [03:27:41] Jack Harris - bmwm8
[02/09/22] [03:30:25] Antu Donmez - gt17
[02/09/22] [03:38:57] Antu Donmez - 745le
[02/09/22] [03:42:49] Antu Donmez - 19s650
[02/09/22] [14:02:20] Mert Diler - bmwm8
[02/09/22] [14:06:02] Mert Diler - bugatti
[02/09/22] [19:23:45] Mert Diler - bmwm8
[02/09/22] [19:26:41] Mert Diler - bmwm8
[02/09/22] [19:35:43] Jack Harris - bmwm8
[02/09/22] [19:37:56] Jack Harris - lazer
[02/09/22] [19:38:06] Jack Harris - hunter
[02/09/22] [19:38:49] Jack Harris - hunter
