[07/08/22] [04:15:09] 1 выдал фракцию 4 пользователю 5
[07/08/22] [04:15:23] 1 выдал фракцию 4 пользователю 3
[07/08/22] [04:19:17] 1 return 
[07/08/22] [15:15:20] 1 выдал -111110233$ в банк 6
[07/08/22] [15:16:06] 1 выдал фракцию 3 пользователю 3
[07/08/22] [15:16:12] 1 выдал ранг 13 пользователю 3
[07/08/22] [15:21:16] 1 выдал хелперку 2 6
[07/08/22] [15:21:24] 1 выдал -111110233$ в банк 6
[07/08/22] [15:22:25] 1 выдал фракцию 3 пользователю 6
[07/08/22] [15:22:30] 1 выдал ранг 14 пользователю 6
[07/08/22] [19:28:42] 1 выдал фракцию 4 пользователю 1
[07/08/22] [19:28:48] 1 выдал ранг 14 пользователю 1
[07/08/22] [19:30:30] 1 выдал фракцию 2 пользователю 1
[07/08/22] [19:30:43] 1 выдал фракцию 7 пользователю 1
[07/08/22] [19:30:48] 1 выдал ранг 14 пользователю 1
[07/08/22] [19:36:54] 1 return 
[07/08/22] [19:38:17] 1 выдал фракцию 3 пользователю 1
[07/08/22] [19:38:28] 1 return 
[07/08/22] [19:50:01] 1 выдал -122698773$ на руки 8
[07/08/22] [19:50:13] 1 выдал 122600000 фишек казино 8
[07/08/22] [20:15:25] 1 выдал фракцию 1 пользователю 8
[07/08/22] [20:15:51] 1 выдал 122697510$ в банк 8
[07/08/22] [23:55:32] 1 выдал ранг 14 пользователю 1
[08/08/22] [00:08:05] 1 выдал фракцию 3 пользователю 3
[08/08/22] [00:08:13] 1 выдал фракцию 3 пользователю 4
[09/08/22] [19:03:51] 3 выдал фракцию 3 пользователю 3
[09/08/22] [19:03:54] 3 выдал ранг 14 пользователю 3
[09/08/22] [19:19:12] 3 выдал -111110000$ на руки 4
[09/08/22] [19:25:41] 3 выдал фракцию 2 пользователю 4
[09/08/22] [19:25:45] 3 выдал ранг 14 пользователю 4
[09/08/22] [22:56:46] 3 выдал фракцию 3 пользователю 1
[09/08/22] [23:00:58] 3 выдал -1111110000$ на руки 7
[09/08/22] [23:23:24] 3 return 
[10/08/22] [21:23:42] 3 выдал фракцию 4 пользователю 9
[10/08/22] [21:23:46] 3 выдал ранг 14 пользователю 9
[10/08/22] [21:24:20] 3 выдал -111110000$ на руки 9
[10/08/22] [21:30:07] 3 выдал фракцию 3 пользователю 9
[10/08/22] [21:30:11] 3 выдал ранг 13 пользователю 9
[11/08/22] [01:00:07] 7 return 
[11/08/22] [04:23:40] 9 return 
[11/08/22] [16:12:29] 9 выдал фракцию 3 пользователю 15
[11/08/22] [16:15:47] 9 выдал ранг 14 пользователю 15
[11/08/22] [16:17:36] 9 выдал фракцию 3 пользователю 9
[11/08/22] [16:17:40] 9 выдал ранг 14 пользователю 9
[11/08/22] [17:17:13] 3 выдал фракцию 9 пользователю 3
[11/08/22] [17:25:55] 9 выдал фракцию 4 пользователю 8
[11/08/22] [17:26:02] 9 выдал ранг 14 пользователю 8
[11/08/22] [17:33:52] 3 выдал -2112120838125010$ в банк 1
[11/08/22] [17:58:05] 3 выдал фракцию 4 пользователю 3
[11/08/22] [17:58:08] 3 выдал ранг 14 пользователю 3
[11/08/22] [17:59:28] 3 выдал фракцию 7 пользователю 3
[11/08/22] [17:59:31] 3 выдал ранг 14 пользователю 3
[11/08/22] [18:01:26] 3 выдал фракцию 2 пользователю 3
[11/08/22] [18:01:31] 3 выдал ранг 14 пользователю 3
[11/08/22] [18:05:10] 3 выдал фракцию 2 пользователю 1
[11/08/22] [18:05:13] 3 выдал ранг 14 пользователю 1
[11/08/22] [18:09:45] 3 выдал фракцию 0 пользователю 3
[11/08/22] [18:09:51] 3 выдал фракцию 9 пользователю 3
[11/08/22] [18:17:19] 3 выдал фракцию 4 пользователю 3
[11/08/22] [18:18:01] 3 выдал ранг 14 пользователю 3
[11/08/22] [18:34:55] 3 выдал -111111100000$ на руки 12
[11/08/22] [18:44:29] 9 выдал фракцию 7 пользователю 9
[11/08/22] [18:44:35] 9 выдал ранг 14 пользователю 9
[12/08/22] [02:39:56] 9 выдал фракцию 3 пользователю 9
[12/08/22] [02:40:02] 9 выдал ранг 14 пользователю 9
[12/08/22] [10:54:02] 9 выдал фракцию 1 пользователю 9
[12/08/22] [10:54:08] 9 выдал ранг 14 пользователю 9
[12/08/22] [10:54:39] 9 выдал фракцию 8 пользователю 9
[12/08/22] [10:54:44] 9 выдал ранг 10 пользователю 9
[12/08/22] [10:55:04] 9 выдал фракцию 11 пользователю 9
[12/08/22] [10:55:08] 9 выдал ранг 10 пользователю 9
[12/08/22] [11:10:53] 9 выдал фракцию 8 пользователю 9
[12/08/22] [11:10:57] 9 выдал ранг 10 пользователю 9
[12/08/22] [11:33:04] 9 выдал фракцию 9 пользователю 9
[12/08/22] [11:33:07] 9 выдал ранг 10 пользователю 9
[12/08/22] [12:18:24] 9 выдал фракцию 3 пользователю 16
[12/08/22] [12:18:31] 9 выдал ранг 14 пользователю 16
[12/08/22] [12:46:58] 9 выдал фракцию 3 пользователю 9
[12/08/22] [13:11:25] 9 выдал фракцию 20 пользователю 16
[12/08/22] [13:11:31] 9 выдал ранг 10 пользователю 16
[12/08/22] [15:23:29] 3 выдал фракцию 16 пользователю 5
[12/08/22] [15:23:33] 3 выдал ранг 14 пользователю 5
[12/08/22] [15:27:21] 3 выдал фракцию 16 пользователю 3
[12/08/22] [15:27:24] 3 выдал ранг 14 пользователю 3
[12/08/22] [15:36:05] 5 выдал фракцию 3 пользователю 5
[12/08/22] [15:36:10] 5 выдал ранг 14 пользователю 5
[12/08/22] [19:16:32] 3 выдал фракцию 3 пользователю 17
[12/08/22] [19:16:37] 3 выдал ранг 14 пользователю 17
[12/08/22] [19:16:46] 3 выдал фракцию 4 пользователю 3
[12/08/22] [19:16:51] 3 выдал ранг 14 пользователю 3
[12/08/22] [19:17:56] 3 выдал фракцию 2 пользователю 3
[12/08/22] [19:18:00] 3 выдал фракцию 3 пользователю 3
[12/08/22] [19:18:03] 3 выдал ранг 14 пользователю 3
[13/08/22] [11:10:05] 9 выдал фракцию 16 пользователю 9
[13/08/22] [11:10:09] 9 выдал ранг 14 пользователю 9
[13/08/22] [12:00:55] 9 выдал -11000000000$ на руки 1
[13/08/22] [12:24:41] 3 выдал фракцию 4 пользователю 3
[13/08/22] [12:24:48] 3 выдал ранг 14 пользователю 3
[13/08/22] [17:14:13] 5 выдал фракцию 7 пользователю 16
[13/08/22] [17:14:18] 5 выдал ранг 13 пользователю 16
[13/08/22] [18:31:14] 3 выдал фракцию 16 пользователю 3
[13/08/22] [18:31:18] 3 выдал ранг 14 пользователю 3
[14/08/22] [19:25:20] 17 выдал ранг 14 пользователю 8
[14/08/22] [19:36:48] 1 выдал -22222000$ на руки 21
[14/08/22] [20:01:33] 8 выдал ранг 13 пользователю 8
[14/08/22] [20:02:13] 8 выдал 583863633 фишек казино 8
[14/08/22] [20:02:19] 8 выдал 583863333 фишек казино 8
[14/08/22] [20:02:26] 8 выдал 0$ на руки 8
[14/08/22] [20:02:32] 8 выдал -1553491$ в банк 8
[14/08/22] [21:28:43] 17 выдал 45865076 фишек казино 17
[14/08/22] [21:28:51] 17 выдал -444444400000000$ на руки 17
[14/08/22] [21:28:59] 17 выдал 444444445865082$ на руки 17
[14/08/22] [21:29:18] 17 выдал -10000000000000000000$ на руки 17
[14/08/22] [21:29:43] 17 выдал 10000000000000000000$ в банк 17
[14/08/22] [21:29:54] 17 выдал 10000000000000000000$ в банк 17
[14/08/22] [21:30:02] 17 выдал 9999000000000000000$ в банк 17
[15/08/22] [02:19:55] 3 выдал фракцию 4 пользователю 3
[15/08/22] [02:20:01] 3 выдал ранг 14 пользователю 3
[15/08/22] [15:10:28] 3 выдал фракцию 3 пользователю 16
[15/08/22] [15:10:31] 3 выдал ранг 14 пользователю 16
[15/08/22] [16:43:35] 3 выдал фракцию 18 пользователю 1
[15/08/22] [16:43:52] 3 выдал ранг 10 пользователю 1
[16/08/22] [00:12:59] 11bir rütbe verdi 1 kullanıcıya 17
[16/08/22] [00:13:13] 11 Bir fraksiyon yayınladı 0kullanıcıya 17
[16/08/22] [00:13:30] 11 Tarafından yayınlandı 7310725$ bankada 17
[16/08/22] [00:17:31] 11 Bir fraksiyon yayınladı 0kullanıcıya 5
[16/08/22] [00:18:39] 17 Tarafından yayınlandı 95156581$ bankada 11
[16/08/22] [00:18:53] 17 Tarafından yayınlandı -1000000000$ elimde 11
[16/08/22] [00:19:01] 17 Tarafından yayınlandı 1107477892$ elimde 11
[16/08/22] [00:19:09] 17 Tarafından yayınlandı 0$ bankada 11
[16/08/22] [00:19:28] 17 Bir yönetici yayınladı 5 11
[16/08/22] [01:23:30] 9 Bir fraksiyon yayınladı 2kullanıcıya 9
[16/08/22] [01:23:35] 9bir rütbe verdi 14 kullanıcıya 9
[16/08/22] [01:29:57] 9 Bir fraksiyon yayınladı 2kullanıcıya 1
[16/08/22] [01:30:07] 9bir rütbe verdi 14 kullanıcıya 1
[16/08/22] [01:33:21] 9 Tarafından yayınlandı 280161103 kumarhane cipleri 1
[16/08/22] [01:34:40] 1 Tarafından yayınlandı 290161002$ elimde 1
[16/08/22] [01:35:00] 9 Tarafından yayınlandı 4738796$ bankada 9
[16/08/22] [01:35:12] 9 Tarafından yayınlandı -99999995261194$ bankada 9
[16/08/22] [01:35:25] 9 Tarafından yayınlandı 4738804$ elimde 9
[16/08/22] [01:35:33] 9 Tarafından yayınlandı -100000000000000000000$ elimde 9
[16/08/22] [01:35:43] 9 Tarafından yayınlandı 100000000000000000000 kumarhane cipleri 9
[16/08/22] [01:57:01] 9 Bir fraksiyon yayınladı 21kullanıcıya 1
[16/08/22] [01:57:05] 9bir rütbe verdi 10 kullanıcıya 1
[16/08/22] [02:01:32] 9 Bir fraksiyon yayınladı 16kullanıcıya 1
[16/08/22] [02:01:36] 9bir rütbe verdi 14 kullanıcıya 1
[16/08/22] [02:17:56] 9 Tarafından yayınlandı 405$ elimde 1
[16/08/22] [02:18:16] 9 Tarafından yayınlandı -999999999999998$ elimde 1
[16/08/22] [02:21:18] 14 parametreyi degiştirdi exp_age => 0 на 50 14
[16/08/22] [02:21:28] 14 parametreyi degiştirdi b_lic => 0 на 1 14
[16/08/22] [02:21:35] 14 parametreyi degiştirdi money => 61150 на 161150 14
[16/08/22] [02:27:51] 17 Bir yönetici yayınladı 1 9
[16/08/22] [02:28:39] 17 Bir yönetici yayınladı 5 9
[16/08/22] [02:29:18] 17 Yardımcıyı verdi3 9
[16/08/22] [02:58:07] 17 Tarafından yayınlandı 2147458166$ bankada 9
[16/08/22] [15:41:40] 17 Tarafından yayınlandı 45999576$ elimde 17
[16/08/22] [15:41:49] 17 Tarafından yayınlandı -99999999999539$ elimde 17
[16/08/22] [15:41:59] 17 Tarafından yayınlandı -9900000000000000$ bankada 17
[16/08/22] [15:42:05] 17 Tarafından yayınlandı -900000000000000$ elimde 17
[16/08/22] [15:42:10] 17 Tarafından yayınlandı -9000000000000001$ elimde 17
[16/08/22] [15:56:01] 17 Tarafından yayınlandı -99999999900000$ elimde 22
[16/08/22] [16:05:07] 17 Bir fraksiyon yayınladı 3kullanıcıya 22
[16/08/22] [16:05:13] 17bir rütbe verdi 14 kullanıcıya 22
[16/08/22] [16:06:14] 17 Bir yönetici yayınladı 5 22
[16/08/22] [16:06:27] 17 Bir yönetici yayınladı 0 22
[16/08/22] [16:32:20] 5 Tarafından yayınlandı -450$ bankada 17
[16/08/22] [19:12:23] 1 parametreyi degiştirdi gun_lic => 0 на 1 16
[16/08/22] [19:12:31] 1 parametreyi degiştirdi b_lic => 0 на 10 16
[16/08/22] [19:12:37] 1 parametreyi degiştirdi b_lic => 10 на 1 16
[16/08/22] [19:12:48] 1 parametreyi degiştirdi exp_age => 0 на 99 16
[16/08/22] [19:13:01] 1 parametreyi degiştirdi exp_age => 99 на 9999 16
[16/08/22] [19:13:28] 1 Bir yönetici yayınladı 5 16
[17/08/22] [00:18:35] 3 Yardımcıyı verdi1 1
[17/08/22] [22:25:52] 3 Yardımcıyı verdi0 3
[17/08/22] [22:26:00] 3 Bir yönetici yayınladı 0 3
[17/08/22] [22:28:03] 1 Bir yönetici yayınladı 5 3
[17/08/22] [22:28:09] 5 Bir yönetici yayınladı 5 3
[18/08/22] [04:16:20] 1 parametreyi degiştirdi money => 1264 на 500000 24
[18/08/22] [04:16:35] 1 Tarafından yayınlandı -4500000$ bankada 24
[18/08/22] [04:16:53] 1 Tarafından yayınlandı -111000000$ elimde 24
[18/08/22] [17:55:28] 1 Bir fraksiyon yayınladı 2kullanıcıya 1
[18/08/22] [17:59:44] 1bir rütbe verdi 14 kullanıcıya 1
[23/08/22] [12:49:41] 1 Bir fraksiyon yayınladı 16kullanıcıya 1
[23/08/22] [12:49:53] 1bir rütbe verdi 14 kullanıcıya 1
[23/08/22] [12:51:11] 1 Bir yönetici yayınladı 5 22
[23/08/22] [12:56:23] 3 Bir fraksiyon yayınladı 3kullanıcıya 2
[23/08/22] [12:56:30] 3bir rütbe verdi 7 kullanıcıya 2
[23/08/22] [13:14:58] 3 Bir yönetici yayınladı 4 22
[23/08/22] [13:22:55] 3 Bir yönetici yayınladı 3 22
[24/08/22] [02:54:23] 1 Bir fraksiyon yayınladı 2kullanıcıya 1
[24/08/22] [02:54:31] 1bir rütbe verdi 11 kullanıcıya 1
[24/08/22] [22:11:05] 1 Bir fraksiyon yayınladı 20kullanıcıya 1
[24/08/22] [22:11:10] 1bir rütbe verdi 10 kullanıcıya 1
[24/08/22] [23:01:49] 3 parametreyi degiştirdi a_lic => 0 на 1 18
[24/08/22] [23:02:30] 3 parametreyi degiştirdi b_lic => 0 на 1 18
[24/08/22] [23:21:20] 3 parametreyi degiştirdi c_lic => 0 на 1 18
[24/08/22] [23:21:29] 3 parametreyi degiştirdi taxi_lic => 0 на 1 18
[24/08/22] [23:21:36] 3 parametreyi degiştirdi fish_lic => 0 на 1 18
[24/08/22] [23:21:43] 3 parametreyi degiştirdi gun_lic => 0 на 1 18
[24/08/22] [23:21:49] 3 parametreyi degiştirdi ship_lic => 0 на 1 18
[24/08/22] [23:21:56] 3 parametreyi degiştirdi air_lic => 0 на 1 18
[24/08/22] [23:22:01] 3 parametreyi değistirdi job => three на three 18
[24/08/22] [23:22:05] 3 parametreyi değistirdi vip_status =>  на 1 18
[24/08/22] [23:22:25] 3 Bir fraksiyon yayınladı 2kullanıcıya 18
[24/08/22] [23:22:29] 3bir rütbe verdi 11 kullanıcıya 18
[24/08/22] [23:40:06] 3 Bir fraksiyon yayınladı 2kullanıcıya 3
[24/08/22] [23:40:08] 3bir rütbe verdi 11 kullanıcıya 3
[24/08/22] [23:53:57] 3 parametreyi degiştirdi gun_lic => 0 на 1 3
[24/08/22] [23:54:25] 3 Bir fraksiyon yayınladı 4kullanıcıya 3
[24/08/22] [23:54:28] 3bir rütbe verdi 16 kullanıcıya 3
[25/08/22] [00:26:59] 3 Bir fraksiyon yayınladı 7kullanıcıya 3
[25/08/22] [00:27:06] 3bir rütbe verdi 14 kullanıcıya 3
[25/08/22] [22:32:22] 1 Bir fraksiyon yayınladı 20kullanıcıya 2
[25/08/22] [22:32:26] 1bir rütbe verdi 9 kullanıcıya 2
[25/08/22] [22:43:07] 1bir rütbe verdi 10 kullanıcıya 1
[25/08/22] [22:58:15] 9 Bir fraksiyon yayınladı 20kullanıcıya 9
[25/08/22] [22:58:21] 9bir rütbe verdi 10 kullanıcıya 9
[25/08/22] [23:48:31] 2 Tarafından yayınlandı 1102271765$ bankada 7
[25/08/22] [23:49:05] 2 Tarafından yayınlandı 1102271765$ elimde 7
[25/08/22] [23:51:16] 2 Bir yönetici yayınladı 1 7
[25/08/22] [23:53:57] 8bir rütbe verdi 16 kullanıcıya 8
[26/08/22] [00:00:34] 2 Bir yönetici yayınladı 1 22
[26/08/22] [00:01:47] 17 Tarafından yayınlandı 112402614$ elimde 24
[26/08/22] [00:01:56] 17 Tarafından yayınlandı -488$ bankada 24
[26/08/22] [00:07:41] 1 Bir fraksiyon yayınladı 2kullanıcıya 1
[26/08/22] [00:08:09] 1bir rütbe verdi 11 kullanıcıya 1
[26/08/22] [00:51:51] 17 Bir yönetici yayınladı 0 4
[26/08/22] [00:52:00] 17 Bir yönetici yayınladı 5 4
[26/08/22] [01:01:07] 17 Bir fraksiyon yayınladı 2kullanıcıya 17
[26/08/22] [21:15:55] 1 Bir yönetici yayınladı 5 22
[26/08/22] [21:16:14] 22 Bir fraksiyon yayınladı 7kullanıcıya 22
[26/08/22] [21:21:05] 22bir rütbe verdi 14 kullanıcıya 22
[26/08/22] [21:22:55] 22 Bir fraksiyon yayınladı 9kullanıcıya 22
[26/08/22] [21:23:16] 22 Bir fraksiyon yayınladı 1kullanıcıya 22
[26/08/22] [21:23:45] 22 Bir fraksiyon yayınladı 7kullanıcıya 22
[26/08/22] [21:23:48] 22bir rütbe verdi 14 kullanıcıya 22
[26/08/22] [21:32:55] 3 parametreyi degiştirdi money_bank => 1063 на 12122121211063 3
[26/08/22] [21:33:01] 3 parametreyi degiştirdi money => 2146333370 на 121221122146333380 3
[26/08/22] [21:33:06] 3 parametreyi değistirdi vip_status =>  на 1 3
[26/08/22] [21:33:10] 3 parametreyi degiştirdi age => 25 на 225 3
[26/08/22] [21:33:14] 3 parametreyi degiştirdi exp_age => 0 на 12210 3
[26/08/22] [21:33:18] 3 parametreyi degiştirdi car_id8 => 0 на 10 3
[26/08/22] [22:07:45] 3 parametreyi degiştirdi car_id8 => 0 на 12210 22
[26/08/22] [22:07:52] 3 parametreyi degiştirdi exp_age => 0 на 122112 22
[26/08/22] [22:07:55] 3 parametreyi degiştirdi id_house => 0 на 12120 22
[26/08/22] [22:07:56] 3 parametreyi degiştirdi apartment_id => 0 на 21120 22
[26/08/22] [22:07:59] 3 parametreyi degiştirdi condo_id => 0 на 121212 22
[26/08/22] [22:08:01] 3 parametreyi degiştirdi stock_id => 0 на 1212 22
[26/08/22] [22:08:04] 3 parametreyi degiştirdi car_id1 => 0 на 21210 22
[26/08/22] [22:08:07] 3 parametreyi degiştirdi car_id2 => 0 на 2121 22
[26/08/22] [22:08:10] 3 parametreyi degiştirdi car_id3 => 0 на 21221 22
[26/08/22] [22:08:12] 3 parametreyi degiştirdi car_id4 => 0 на 121221 22
[26/08/22] [22:08:15] 3 parametreyi degiştirdi car_id5 => 0 на 1221210 22
[26/08/22] [22:08:18] 3 parametreyi degiştirdi car_id6 => 0 на 122121 22
[26/08/22] [22:08:21] 3 parametreyi degiştirdi car_id7 => 0 на 121221 22
[26/08/22] [22:08:28] 3 parametreyi degiştirdi rank2 => 11 на 122112 22
[26/08/22] [22:08:32] 3 parametreyi degiştirdi jail_time => 0 на 1 22
[26/08/22] [22:08:48] 3 parametreyi değistirdi job =>  на 1212 22
[26/08/22] [22:09:08] 3 parametreyi değistirdi vip_status =>  на 1 22
[27/08/22] [17:22:05] 22 Bir fraksiyon yayınladı 3kullanıcıya 22
[27/08/22] [17:22:12] 22bir rütbe verdi 9 kullanıcıya 22
[27/08/22] [17:26:57] 22 Bir fraksiyon yayınladı 7kullanıcıya 22
[27/08/22] [17:27:02] 22bir rütbe verdi 14 kullanıcıya 22
[27/08/22] [17:34:41] 22 Bir fraksiyon yayınladı 16kullanıcıya 22
[27/08/22] [17:34:47] 22bir rütbe verdi 14 kullanıcıya 22
[27/08/22] [17:38:16] 22 Bir fraksiyon yayınladı 18kullanıcıya 22
[27/08/22] [17:38:21] 22bir rütbe verdi 10 kullanıcıya 22
[27/08/22] [17:39:37] 22 Bir fraksiyon yayınladı 2kullanıcıya 22
[27/08/22] [17:39:42] 22bir rütbe verdi 11 kullanıcıya 22
[27/08/22] [17:50:12] 22 Bir fraksiyon yayınladı 7kullanıcıya 22
[27/08/22] [17:50:16] 22bir rütbe verdi 14 kullanıcıya 22
[27/08/22] [19:09:48] 1 Bir fraksiyon yayınladı 3kullanıcıya 1
[27/08/22] [19:09:57] 1bir rütbe verdi 9 kullanıcıya 1
[30/08/22] [15:47:33] 5bir rütbe verdi 1 kullanıcıya 22
[30/08/22] [16:02:47] 5bir rütbe verdi 14 kullanıcıya 5
[30/08/22] [16:04:28] 1bir rütbe verdi 14 kullanıcıya 5
[30/08/22] [16:05:23] 1bir rütbe verdi 9 kullanıcıya 1
[30/08/22] [16:05:35] 5bir rütbe verdi 13 kullanıcıya 5
[30/08/22] [17:22:38] 1bir rütbe verdi 8 kullanıcıya 1
[30/08/22] [17:22:54] 22bir rütbe verdi 14 kullanıcıya 22
[30/08/22] [19:30:06] 1 parametreyi degiştirdi fish_lic => 0 на 1 1
[30/08/22] [21:12:45] 1 Bir fraksiyon yayınladı 7kullanıcıya 1
[30/08/22] [21:12:54] 1bir rütbe verdi 14 kullanıcıya 1
[31/08/22] [01:34:41] 1bir rütbe verdi 1 kullanıcıya 1
[31/08/22] [01:38:44] 1 Bir fraksiyon yayınladı 18kullanıcıya 1
[31/08/22] [19:09:35] 1 parametreyi degiştirdi gun_lic => 0 на 1 1
[01/09/22] [22:28:34] 1 Bir fraksiyon yayınladı 4kullanıcıya 1
[01/09/22] [22:28:42] 1bir rütbe verdi 16 kullanıcıya 1
