[07/08/22] [14:13:56] Antu Donmez - BATU GÖTÜNÜ ELLEYİM | BATU AMINI YALAYIM
[07/08/22] [14:14:19] Antu Donmez - BATU SİKEREM SENİ | yALARIM GÖTÜNÜ
[07/08/22] [14:14:47] Antu Donmez - ajbdjhsajsadjhsadasadssadjsahs | kasdlsdajasasljsadljadjasjlkas
[07/08/22] [14:16:13] Naqasake Xochiquetzal - Naber Lan Yarraaaak | Naber Lan Yarrak
[07/08/22] [19:50:48] Jack Harriq - Test | Test
[07/08/22] [19:51:37] Antu Donmez - MERT GÖTÜNÜ ELLEYİM | SA
[07/08/22] [20:06:19] Antu Donmez - 1 | 2 
[07/08/22] [20:06:32] Antu Donmez - 2 | 2 
[08/08/22] [00:22:52] Firat Donmez - HEY YO | ASDSD
[09/08/22] [00:33:50] Shybw Lone - 31 | 31
[09/08/22] [00:34:03] Shybw Lone - 31 | 31
[09/08/22] [00:34:24] Shybw Lone - 31 | DANS EDEN GURT
[09/08/22] [00:46:10] Jack Harriq - TEST | TEST
[09/08/22] [00:52:19] Jack Harriq - ş | ş 
[09/08/22] [01:14:04] Shybw Lone - 31 | 31 KİŞİSİNDEN 31 MESAJI ALDINI
[09/08/22] [01:18:18] Fuat Kocaeli - sa | sa
[09/08/22] [02:34:55] Fuat Kocaeli - AHMET AMK | AHMET AMK
[09/08/22] [11:14:46] Antu Donmez - ss | ss
[11/08/22] [00:23:54] Ahmet Tufan - sa | sdssa 
[11/08/22] [03:03:48] Naqasake Komutan - Cumhur Başkanı | Selamlar amk 
[11/08/22] [03:06:50] Naqasake Komutan - Cumhur Başkanı | Sa Aq 
[11/08/22] [03:52:20] Jack Harris - ATES | DWA 
[11/08/22] [16:03:45] Naqasake Komutan - Cumhur Başkanı | Mehmet Hoşgeldin Paşaaaaaa 
[11/08/22] [16:04:42] Fuat Kocaeli - Genel Kurmay Başkanı | MEHMET REİS HOŞGELDİN 
[12/08/22] [02:21:44] Naqasake Komutan - asd | Antuhan nerde 
[12/08/22] [13:15:37] Naqasake Komutan - Kero | Ker 
[12/08/22] [15:35:26] Fuat Kocaeli - CumhurBaşkanı | ARKADAŞLAR SA 
[12/08/22] [17:35:15] Fuat Kocaeli - 31 | 31 
[14/08/22] [21:06:55] Abbas Devir - BABAYIM | YARRAK 
[15/08/22] [17:26:46] Jack Harris - wd | wd 
[15/08/22] [17:38:17] Naqasake Komutan - SMS | Deneme ! 
[15/08/22] [17:38:47] Naqasake Komutan - Weazel News | Naber la gevşekler :D 
[18/08/22] [01:12:32] Abbas Devir - SAAAA | SAAAAAAAA
[18/08/22] [03:52:14] Naqasake Komutan - Asd | Asd
[18/08/22] [17:18:31] Firat Donmez - sa | sa
[25/08/22] [23:58:57] Firat Donmez - Bütün oyunculara duyrulur | ANTUHANNN SALAKTIRR.........
[26/08/22] [20:56:09] Mert Diler - 22 | SUNUCUDA KIZ OLANLARIMIZA BMW M8 HEDİYE EDİYORUZ 
[26/08/22] [21:06:25] Mert Diler - HAYIRLI ROLLER | HAYIRLI ROLLER
[26/08/22] [21:48:26] Antu Donmez - seni sikerim | amcık 
[29/08/22] [17:43:18] Jack Harris - SUNUCU | Test 
[29/08/22] [17:43:57] Abbas Devir - ABBAS | ZORT 
[30/08/22] [16:00:58] Fuat Kocaeli - Johny Sins | SİKİLMEDİK KIZ KALMADI DÜNYADA HAYIRLI OLSUN 
[01/09/22] [19:39:04] Mert Diler - DUYURU | SELAM KIZLAR
