[07/08/22] [22:40:49] Shybw Lone (2) - Коробка патронов 12.7mm | -1--1 | 40 | -1
[08/08/22] [00:04:11] Antu Donmez (1) - Фонарик | -1--1 | 1 | -1
[10/08/22] [14:44:26] Jack Harris (1) - Телефон | 111-195685 | 1 | -1
[11/08/22] [02:53:58] Naqasake Komutan (9) - Телефон | 777-379513 | 1 | -1
[11/08/22] [03:52:07] Naqasake Komutan (9) - Телефон | 777-379513 | 1 | -1
[11/08/22] [17:00:40] Naqasake Komutan (9) - Телефон | 777-379513 | 1 | -1
[11/08/22] [17:17:12] Jack Harris (1) - Телефон | 111-195685 | 1 | -1
[11/08/22] [17:35:15] Mehmet Ekinci (8) - Телефон | 111-420088 | 1 | -1
[12/08/22] [02:50:39] Naqasake Komutan (9) - Выкидной нож | -1--1 | 1 | -1
[12/08/22] [02:50:41] Naqasake Komutan (9) - Мачете | -1--1 | 1 | -1
[12/08/22] [02:50:46] Naqasake Komutan (9) - M107 | -1--1 | 1 | -1
[12/08/22] [02:59:43] Naqasake Komutan (9) - Фонарик | -1--1 | 1 | -1
[12/08/22] [12:51:02] Naqasake Komutan (9) - Разводной ключ | -1--1 | 1 | -1
[12/08/22] [12:54:51] Naqasake Komutan (9) - Коробка патронов 12.7mm | -1--1 | 60 | -1
[12/08/22] [13:38:42] Antu Donmez (3) - Нож | -1--1 | 1 | -1
[12/08/22] [13:38:45] Antu Donmez (3) - Выкидной нож | -1--1 | 1 | -1
[12/08/22] [13:38:47] Antu Donmez (3) - Мачете | -1--1 | 1 | -1
[12/08/22] [13:40:16] Antu Donmez (3) - Нож | -1--1 | 1 | -1
[12/08/22] [13:40:21] Antu Donmez (3) - Выкидной нож | -1--1 | 1 | -1
[12/08/22] [13:41:04] Jack Harris (1) - Выкидной нож | -1--1 | 1 | -1
[12/08/22] [13:41:41] Jack Harris (1) - Выкидной нож | -1--1 | 1 | -1
[12/08/22] [13:41:44] Jack Harris (1) - Выкидной нож | -1--1 | 1 | -1
[12/08/22] [13:41:53] Noyan Cakiroglu (16) - Выкидной нож | -1--1 | 1 | -1
[12/08/22] [13:42:30] Antu Donmez (3) - Нож | -1--1 | 1 | -1
[12/08/22] [13:42:31] Antu Donmez (3) - Выкидной нож | -1--1 | 1 | -1
[12/08/22] [13:45:09] Noyan Cakiroglu (16) - M107 | -1--1 | 1 | -1
[12/08/22] [13:46:49] Noyan Cakiroglu (16) - QBZ-95 | -1--1 | 1 | -1
[12/08/22] [13:47:10] Noyan Cakiroglu (16) - Разводной ключ | -1--1 | 1 | -1
[12/08/22] [13:49:31] Jack Harris (1) - Выкидной нож | -1--1 | 1 | -1
[12/08/22] [13:50:01] Jack Harris (1) - QBZ-95 | -1--1 | 1 | -1
[12/08/22] [17:58:14] Abbas Devir (17) - Коробка патронов 9mm (Пистолет) | -1--1 | 140 | -1
[12/08/22] [19:49:59] Mehmet Ekinci (8) - Мачете | -1--1 | 1 | -1
[12/08/22] [19:50:13] Mehmet Ekinci (8) - Мачете | -1--1 | 1 | -1
[13/08/22] [01:27:55] Shybw Lone (11) - Коробка патронов RPG | -1--1 | 1 | -1
[13/08/22] [01:27:58] Shybw Lone (11) - Коробка патронов RPG | -1--1 | 1 | -1
[13/08/22] [01:28:35] Shybw Lone (11) - Коробка патронов RPG | -1--1 | 1 | -1
[13/08/22] [01:28:58] Shybw Lone (11) - Коробка патронов RPG | -1--1 | 1 | -1
[13/08/22] [01:29:00] Shybw Lone (11) - Коробка патронов RPG | -1--1 | 1 | -1
[13/08/22] [01:29:01] Shybw Lone (11) - Коробка патронов RPG | -1--1 | 1 | -1
[13/08/22] [01:29:03] Shybw Lone (11) - Коробка патронов RPG | -1--1 | 1 | -1
[13/08/22] [01:43:35] Shybw Lone (11) - Мачете | -1--1 | 1 | -1
[13/08/22] [01:43:37] Shybw Lone (11) - Нож | -1--1 | 1 | -1
[13/08/22] [01:43:40] Shybw Lone (11) - Разводной ключ | -1--1 | 1 | -1
[13/08/22] [11:39:33] Naqasake Komutan (9) - QBZ-95 | -1--1 | 1 | -1
[13/08/22] [12:27:03] Antu Donmez (3) - Телефон | 111-336871 | 1 | -1
[13/08/22] [13:01:50] Naqasake Komutan (9) - Коробка патронов 18.5mm | -1--1 | 90 | -1
[13/08/22] [13:06:28] Noyan Cakiroglu (16) - M107 | -1--1 | 1 | -1
[13/08/22] [13:28:06] Ahmet Tufan (6) - Коробка патронов 12.7mm | -1--1 | 304 | -1
[13/08/22] [16:44:27] Noyan Cakiroglu (16) - Фонарик | -1--1 | 1 | -1
[13/08/22] [16:51:16] Noyan Cakiroglu (16) - Выкидной нож | -1--1 | 1 | -1
[13/08/22] [16:51:20] Noyan Cakiroglu (16) - Мачете | -1--1 | 1 | -1
[13/08/22] [16:51:25] Noyan Cakiroglu (16) - Нож | -1--1 | 1 | -1
[13/08/22] [17:29:24] Antu Donmez (3) - Коробка патронов 9mm (Пистолет) | -1--1 | 140 | -1
[13/08/22] [17:29:57] Noyan Cakiroglu (16) - L115A3 | -1--1 | 1 | -1
[13/08/22] [17:30:41] Antu Donmez (3) - Коробка патронов 12.7mm | -1--1 | 60 | -1
[13/08/22] [17:30:44] Antu Donmez (3) - Коробка патронов 12.7mm | -1--1 | 60 | -1
[13/08/22] [17:32:24] Noyan Cakiroglu (16) - HK-416 | -1--1 | 1 | -1
[13/08/22] [17:32:35] Noyan Cakiroglu (16) - L115A3 | -1--1 | 1 | -1
[13/08/22] [17:33:11] Noyan Cakiroglu (16) - Сolt SCAMP | -1--1 | 1 | -1
[13/08/22] [18:10:06] Antu Donmez (3) - Коробка патронов 9mm (Пистолет) | -1--1 | 100 | -1
[13/08/22] [18:10:35] Noyan Cakiroglu (16) - Сolt SCAMP | -1--1 | 1 | -1
[13/08/22] [18:11:09] Noyan Cakiroglu (16) - Коробка патронов 9mm (Пистолет) | -1--1 | 110 | -1
[13/08/22] [18:13:16] Noyan Cakiroglu (16) - Сolt SCAMP | -1--1 | 1 | -1
[13/08/22] [18:14:34] Noyan Cakiroglu (16) - Сolt SCAMP | -1--1 | 1 | -1
[13/08/22] [18:14:37] Antu Donmez (3) - Сolt SCAMP | -1--1 | 1 | -1
[13/08/22] [18:16:54] Antu Donmez (3) - Сolt SCAMP | -1--1 | 1 | -1
[13/08/22] [18:17:06] Antu Donmez (3) - Фонарик | -1--1 | 1 | -1
[13/08/22] [18:17:08] Antu Donmez (3) - Мачете | -1--1 | 1 | -1
[13/08/22] [18:17:16] Noyan Cakiroglu (16) - Сolt SCAMP | -1--1 | 1 | -1
[13/08/22] [18:18:00] Noyan Cakiroglu (16) - Сolt SCAMP | -1--1 | 1 | -1
[13/08/22] [18:18:11] Noyan Cakiroglu (16) - Коробка патронов 9mm (Пистолет) | -1--1 | 109 | -1
[13/08/22] [18:20:02] Noyan Cakiroglu (16) - Сolt SCAMP | -1--1 | 1 | -1
[13/08/22] [18:21:20] Noyan Cakiroglu (16) - Коробка патронов 9mm (Пистолет) | -1--1 | 54 | -1
[13/08/22] [18:21:26] Noyan Cakiroglu (16) - Коробка патронов 9mm (Пистолет) | -1--1 | 0 | -1
[13/08/22] [18:26:12] Noyan Cakiroglu (16) - Коробка патронов 9mm (Пистолет) | -1--1 | 0 | -1
[13/08/22] [18:26:29] Noyan Cakiroglu (16) - Коробка патронов 9mm (Пистолет) | -1--1 | 0 | -1
[13/08/22] [18:26:37] Noyan Cakiroglu (16) - Коробка патронов 9mm (Пистолет) | -1--1 | 140 | -1
[13/08/22] [18:32:12] Antu Donmez (3) - Коробка патронов 9mm (Пистолет) | -1--1 | 243 | -1
[13/08/22] [18:33:19] Jack Harris (1) - Сolt SCAMP | -1--1 | 1 | -1
[13/08/22] [18:33:40] Jack Harris (1) - Коробка патронов 12.7mm | -1--1 | 60 | -1
[14/08/22] [21:30:51] Abbas Devir (17) - Сolt SCAMP | -1--1 | 1 | -1
[14/08/22] [21:30:53] Abbas Devir (17) - Сolt SCAMP | -1--1 | 1 | -1
[14/08/22] [22:28:53] Shybw Lone (11) - Нож | -1--1 | 1 | -1
[14/08/22] [22:28:55] Shybw Lone (11) - Выкидной нож | -1--1 | 1 | -1
[15/08/22] [02:11:49] Jack Harris (1) - P-90 | -1--1 | 1 | -1
[15/08/22] [02:11:52] Jack Harris (1) - Коробка патронов 9mm (SMG) | -1--1 | 132 | -1
[15/08/22] [13:18:56] Shybw Lone (11) - Коробка патронов RPG | -1--1 | 1 | -1
[15/08/22] [13:18:59] Shybw Lone (11) - РПГ-7 | -1--1 | 1 | -1
[15/08/22] [13:19:03] Shybw Lone (11) - Нож | -1--1 | 1 | -1
[15/08/22] [13:28:16] Antu Donmez (3) - Выкидной нож | -1--1 | 1 | -1
[15/08/22] [13:28:31] Antu Donmez (3) - Коробка патронов RPG | -1--1 | 17 | -1
[15/08/22] [13:48:15] Antu Donmez (3) - Выкидной нож | -1--1 | 1 | -1
[15/08/22] [15:53:31] Noyan Cakiroglu (16) - M107 | -1--1 | 1 | -1
[15/08/22] [15:55:58] Noyan Cakiroglu (16) - M107 | -1--1 | 1 | -1
[15/08/22] [17:33:26] Noyan Cakiroglu (16) - Выкидной нож | -1--1 | 1 | -1
[15/08/22] [17:48:55] Noyan Cakiroglu (16) - Выкидной нож | -1--1 | 1 | -1
[15/08/22] [18:11:06] Naqasake Komutan (9) - Рельсовое оружие | -1--1 | 1 | -1
[15/08/22] [18:11:12] Naqasake Komutan (9) - M134 | -1--1 | 1 | -1
[15/08/22] [18:11:26] Naqasake Komutan (9) - M134 | -1--1 | 1 | -1
[15/08/22] [18:11:31] Naqasake Komutan (9) - M134 | -1--1 | 1 | -1
[16/08/22] [00:13:03] Emre Kurt (7) - Сolt SCAMP | -1--1 | 1 | -1
[16/08/22] [00:15:16] Emre Kurt (7) - Нож | -1--1 | 1 | -1
[16/08/22] [00:16:46] Emre Kurt (7) - FN Model 1922 | -1--1 | 1 | -1
[16/08/22] [00:24:46] Naqasake Komutan (9) - Бейсбольная бита | -1--1 | 1 | -1
[16/08/22] [13:40:41] Naqasake Komutan (9) - Коробка патронов RPG | -1--1 | 4 | -1
[16/08/22] [16:06:02] Mert Diler (22) - QBZ-95 | -1--1 | 1 | -1
[16/08/22] [16:06:08] Mert Diler (22) - Сolt SCAMP | -1--1 | 1 | -1
[16/08/22] [16:08:15] Mert Diler (22) - Taurus PT92 | -1--1 | 1 | -1
[16/08/22] [16:08:25] Mert Diler (22) - QBZ-95 | -1--1 | 1 | -1
[16/08/22] [16:08:27] Mert Diler (22) - Сolt SCAMP | -1--1 | 1 | -1
[16/08/22] [16:08:53] Mert Diler (22) - Коробка патронов 9mm (Пистолет) | -1--1 | 33 | -1
[16/08/22] [16:10:48] Mert Diler (22) - Коробка патронов 9mm (Пистолет) | -1--1 | 111 | -1
[16/08/22] [16:11:10] Mert Diler (22) - Taurus PT92 | -1--1 | 1 | -1
[16/08/22] [16:11:11] Mert Diler (22) - QBZ-95 | -1--1 | 1 | -1
[16/08/22] [16:11:12] Mert Diler (22) - Сolt SCAMP | -1--1 | 1 | -1
[16/08/22] [16:11:17] Mert Diler (22) - Коробка патронов 9mm (Пистолет) | -1--1 | 100 | -1
[16/08/22] [16:11:24] Mert Diler (22) - Коробка патронов 9mm (Пистолет) | -1--1 | 56 | -1
[16/08/22] [16:11:27] Mert Diler (22) - Коробка патронов 9mm (Пистолет) | -1--1 | 140 | -1
[16/08/22] [16:11:28] Mert Diler (22) - Коробка патронов 9mm (Пистолет) | -1--1 | 60 | -1
[16/08/22] [16:11:29] Mert Diler (22) - Коробка патронов 5.56mm | -1--1 | 66 | -1
[16/08/22] [16:11:32] Mert Diler (22) - Коробка патронов 9mm (Пистолет) | -1--1 | 0 | -1
[16/08/22] [16:11:33] Mert Diler (22) - Коробка патронов 5.56mm | -1--1 | 0 | -1
[16/08/22] [16:11:34] Mert Diler (22) - Коробка патронов 9mm (Пистолет) | -1--1 | 120 | -1
[16/08/22] [16:11:35] Mert Diler (22) - Коробка патронов 5.56mm | -1--1 | 0 | -1
[16/08/22] [16:11:51] Mert Diler (22) - Сolt SCAMP | -1--1 | 1 | -1
[16/08/22] [16:11:55] Mert Diler (22) - Коробка патронов 9mm (Пистолет) | -1--1 | 120 | -1
[16/08/22] [16:11:56] Mert Diler (22) - Коробка патронов 9mm (Пистолет) | -1--1 | 100 | -1
[16/08/22] [16:11:57] Mert Diler (22) - Коробка патронов 9mm (Пистолет) | -1--1 | 140 | -1
[16/08/22] [16:11:59] Mert Diler (22) - Коробка патронов 9mm (Пистолет) | -1--1 | 110 | -1
[16/08/22] [16:24:14] Mert Diler (22) - Коробка патронов 18.5mm | -1--1 | 94 | -1
[16/08/22] [17:25:21] Naqasake Komutan (9) - Сигнальный пистолет | -1--1 | 1 | -1
[16/08/22] [19:18:38] Noyan Cakiroglu (16) - Taurus PT92 | -1--1 | 1 | -1
[16/08/22] [20:23:00] Jack Harris (1) - Телефон | 555-258271 | 1 | -1
[17/08/22] [02:55:33] Jack Harris (1) - L115A3 | -1--1 | 1 | -1
[17/08/22] [02:55:47] Jack Harris (1) - L115A3 | -1--1 | 1 | -1
[17/08/22] [02:56:52] Jack Harris (1) - L115A3 | -1--1 | 1 | -1
[17/08/22] [02:57:06] Jack Harris (1) - L115A3 | -1--1 | 1 | -1
[17/08/22] [03:46:02] Fuat Kocaeli (5) - Сolt SCAMP | -1--1 | 1 | -1
[17/08/22] [17:23:07] Jack Harris (1) - Телефон | 555-258271 | 1 | -1
[17/08/22] [17:25:00] Jack Harris (1) - Телефон | 555-258271 | 1 | -1
[17/08/22] [17:26:06] Fuat Kocaeli (5) - Телефон | 111-224695 | 1 | -1
[17/08/22] [17:29:22] Fuat Kocaeli (5) - Телефон | 111-224695 | 1 | -1
[17/08/22] [17:39:10] Fuat Kocaeli (5) - Телефон | 111-224695 | 1 | -1
[17/08/22] [17:40:48] Jack Harris (1) - Телефон | 777-417250 | 1 | -1
[17/08/22] [17:40:59] Jack Harris (1) - Телефон | 111-94301 | 1 | -1
[17/08/22] [17:49:33] Jack Harris (1) - Телефон | 111-94301 | 1 | -1
[17/08/22] [17:56:11] Fuat Kocaeli (5) - Телефон | 111-224695 | 1 | -1
[17/08/22] [19:23:50] Antu Donmez (3) - Телефон | 111-336871 | 1 | -1
[17/08/22] [19:24:26] Antu Donmez (3) - Телефон | 111-336871 | 1 | -1
[17/08/22] [19:29:42] Antu Donmez (3) - Телефон | 111-336871 | 1 | -1
[17/08/22] [21:13:53] Antu Donmez (3) - Телефон | 111-336871 | 1 | -1
[17/08/22] [21:14:46] Jack Harris (1) - Телефон | 111-94301 | 1 | -1
[17/08/22] [21:47:32] Jack Harris (1) - Телефон | 111-94301 | 1 | -1
[17/08/22] [21:57:52] Jack Harris (1) - Телефон | 111-94301 | 1 | -1
[17/08/22] [22:01:01] Antu Donmez (3) - Телефон | 111-336871 | 1 | -1
[17/08/22] [22:06:58] Fuat Kocaeli (5) - Телефон | 111-224695 | 1 | -1
[17/08/22] [22:07:00] Fuat Kocaeli (5) - Сolt SCAMP | -1--1 | 1 | -1
[17/08/22] [22:07:04] Fuat Kocaeli (5) - Коробка патронов 12.7mm | -1--1 | 60 | -1
[17/08/22] [22:29:27] Jack Harris (1) - Телефон | 111-94301 | 1 | -1
[17/08/22] [22:30:35] Fuat Kocaeli (5) - Телефон | 111-224695 | 1 | -1
[17/08/22] [22:30:57] Fuat Kocaeli (5) - Телефон | 111-224695 | 1 | -1
[17/08/22] [22:34:22] Fuat Kocaeli (5) - Телефон | 111-224695 | 1 | -1
[17/08/22] [22:34:28] Fuat Kocaeli (5) - Телефон | 111-224695 | 1 | -1
[17/08/22] [22:35:30] Fuat Kocaeli (5) - Телефон | 111-224695 | 1 | -1
[17/08/22] [22:37:37] Ahmet Tufan (6) - Телефон | 555-342259 | 1 | -1
[17/08/22] [22:38:05] Fuat Kocaeli (5) - Телефон | 111-224695 | 1 | -1
[17/08/22] [22:38:28] Ahmet Tufan (6) - Телефон | 111-499622 | 1 | -1
[17/08/22] [22:41:10] Ozgur Baba (12) - Телефон | 111-921588 | 1 | -1
[18/08/22] [01:06:50] Emre Kurt (7) - Телефон | 777-417250 | 1 | -1
[18/08/22] [01:07:34] Abbas Devir (17) - Сolt SCAMP | -1--1 | 1 | -1
[18/08/22] [01:08:09] Abbas Devir (17) - Телефон | 555-913064 | 1 | -1
[18/08/22] [01:18:07] Abbas Devir (17) - Телефон | 555-913064 | 1 | -1
[18/08/22] [03:40:20] Jack Harris (1) - Телефон | 111-94301 | 1 | -1
[18/08/22] [03:40:36] Naqasake Komutan (9) - Коробка патронов 12.7mm | -1--1 | 60 | -1
[18/08/22] [03:40:49] Naqasake Komutan (9) - Коробка патронов 12.7mm | -1--1 | 60 | -1
[18/08/22] [03:40:52] Naqasake Komutan (9) - Коробка патронов 12.7mm | -1--1 | 60 | -1
[18/08/22] [03:41:36] Naqasake Komutan (9) - Телефон | 777-379513 | 1 | -1
[18/08/22] [03:44:19] Naqasake Komutan (9) - Телефон | 777-379513 | 1 | -1
[18/08/22] [04:13:12] Jack Harris (1) - Самодельная бомба | -1--1 | 1 | -1
[18/08/22] [05:48:44] Emre Kurt (7) - Телефон | 111-977331 | 1 | -1
[18/08/22] [05:49:17] Emre Kurt (7) - Телефон | 111-977331 | 1 | -1
[18/08/22] [05:49:42] Emre Kurt (7) - Сolt SCAMP | -1--1 | 1 | -1
[18/08/22] [17:27:49] Jack Harris (1) - Телефон | 111-94301 | 1 | -1
[18/08/22] [17:30:51] Jack Harris (1) - Телефон | 111-94301 | 1 | -1
[18/08/22] [17:32:37] Firat Donmez (2) - Телефон | 111-528238 | 1 | -1
[18/08/22] [17:33:14] Firat Donmez (2) - Телефон | 111-528238 | 1 | -1
[18/08/22] [17:36:39] Jack Harris (1) - Телефон | 111-94301 | 1 | -1
[18/08/22] [18:55:15] Ozgur Baba (12) - Телефон | 111-921588 | 1 | -1
[18/08/22] [18:55:41] Ozgur Baba (12) - Телефон | 111-921588 | 1 | -1
[18/08/22] [18:57:37] Ozgur Baba (12) - Телефон | 111-921588 | 1 | -1
[18/08/22] [19:02:52] Ozgur Baba (12) - Телефон | 111-921588 | 1 | -1
[18/08/22] [19:05:54] Ozgur Baba (12) - Телефон | 111-921588 | 1 | -1
[18/08/22] [19:09:26] Ozgur Baba (12) - Телефон | 111-921588 | 1 | -1
[18/08/22] [19:22:47] Ozgur Baba (12) - Телефон | 111-921588 | 1 | -1
[18/08/22] [19:34:49] Ozgur Baba (12) - Телефон | 111-921588 | 1 | -1
[18/08/22] [19:47:28] Ozgur Baba (12) - Телефон | 111-921588 | 1 | -1
[18/08/22] [19:48:02] Jack Harris (1) - Телефон | 111-94301 | 1 | -1
[18/08/22] [20:26:01] Jack Harris (1) - Телефон | 111-94301 | 1 | -1
[18/08/22] [20:27:25] Jack Harris (1) - Телефон | 111-94301 | 1 | -1
[18/08/22] [20:49:21] Jack Harris (1) - Телефон | 111-94301 | 1 | -1
[18/08/22] [21:08:04] Firat Donmez (2) - Фонарик | -1--1 | 1 | -1
[18/08/22] [21:11:57] Jack Harris (1) - Телефон | 111-94301 | 1 | -1
[18/08/22] [22:35:35] Antu Donmez (3) - Телефон | 111-336871 | 1 | -1
[19/08/22] [18:55:58] Jack Harris (1) - Телефон | 111-94301 | 1 | -1
[19/08/22] [19:14:46] Jack Harris (1) - Телефон | 111-94301 | 1 | -1
[19/08/22] [19:42:01] Jack Harris (1) - Телефон | 111-94301 | 1 | -1
[19/08/22] [19:47:30] Fuat Kocaeli (5) - Телефон | 111-224695 | 1 | -1
[19/08/22] [20:10:26] Fuat Kocaeli (5) - Телефон | 111-224695 | 1 | -1
[19/08/22] [20:11:16] Fuat Kocaeli (5) - Телефон | 111-224695 | 1 | -1
[19/08/22] [20:23:58] Fuat Kocaeli (5) - Телефон | 111-224695 | 1 | -1
[20/08/22] [14:19:27] Noyan Cakiroglu (16) - P-90 | -1--1 | 1 | -1
[20/08/22] [15:15:23] Noyan Cakiroglu (16) - Выкидной нож | -1--1 | 1 | -1
[20/08/22] [15:15:36] Noyan Cakiroglu (16) - Выкидной нож | -1--1 | 1 | -1
[20/08/22] [15:15:42] Noyan Cakiroglu (16) - Выкидной нож | -1--1 | 1 | -1
[20/08/22] [15:16:03] Noyan Cakiroglu (16) - Выкидной нож | -1--1 | 1 | -1
[20/08/22] [15:22:41] Noyan Cakiroglu (16) - M107 | -1--1 | 1 | -1
[20/08/22] [15:29:01] Noyan Cakiroglu (16) - Выкидной нож | -1--1 | 1 | -1
[20/08/22] [15:29:08] Noyan Cakiroglu (16) - Выкидной нож | -1--1 | 1 | -1
[20/08/22] [15:29:18] Noyan Cakiroglu (16) - Выкидной нож | -1--1 | 1 | -1
[23/08/22] [09:20:13] Noyan Cakiroglu (16) - M107 | -1--1 | 1 | -1
[23/08/22] [09:38:41] Noyan Cakiroglu (16) - Сolt SCAMP | -1--1 | 1 | -1
[24/08/22] [17:11:04] Jack Harris (1) - Телефон | 111-94301 | 1 | -1
[24/08/22] [18:40:19] Mert Diler (22) - Телефон | 111-464641 | 1 | -1
[24/08/22] [18:41:21] Mert Diler (22) - Телефон | 111-464641 | 1 | -1
[24/08/22] [18:50:59] Mert Diler (22) - Телефон | 111-464641 | 1 | -1
[24/08/22] [18:54:56] Jack Harris (1) - Телефон | 111-94301 | 1 | -1
[24/08/22] [19:46:50] Mert Diler (22) - Телефон | 111-464641 | 1 | -1
[24/08/22] [23:02:11] Antu Donmez (3) - Сolt SCAMP | -1--1 | 1 | -1
[24/08/22] [23:02:35] Emre Kurt (7) - Сolt SCAMP | -1--1 | 1 | -1
[25/08/22] [00:24:46] Antu Donmez (3) - L115A3 | -1--1 | 1 | -1
[25/08/22] [00:25:15] Antu Donmez (3) - Коробка патронов 9mm (SMG) | -1--1 | 140 | -1
[25/08/22] [00:25:25] Antu Donmez (3) - Сolt SCAMP | -1--1 | 1 | -1
[25/08/22] [00:25:27] Antu Donmez (3) - P99 | -1--1 | 1 | -1
[25/08/22] [00:25:31] Antu Donmez (3) - G36C | -1--1 | 1 | -1
[25/08/22] [00:25:33] Antu Donmez (3) - Коробка патронов 9mm (Пистолет) | -1--1 | 140 | -1
[25/08/22] [00:25:35] Antu Donmez (3) - Коробка патронов 12.7mm | -1--1 | 59 | -1
[25/08/22] [00:25:36] Antu Donmez (3) - Коробка патронов 9mm (Пистолет) | -1--1 | 12 | -1
[25/08/22] [00:25:39] Antu Donmez (3) - Коробка патронов 9mm (Пистолет) | -1--1 | 81 | -1
[25/08/22] [22:33:51] Jack Harris (1) - Самодельная бомба | -1--1 | 1 | -1
[25/08/22] [23:06:18] Asena Cakiiroglu (20) - M107 | -1--1 | 1 | -1
[25/08/22] [23:07:26] Asena Cakiiroglu (20) - M107 | -1--1 | 1 | -1
[25/08/22] [23:07:36] Antu Donmez (3) - Коробка патронов 9mm (Пистолет) | -1--1 | 64 | -1
[25/08/22] [23:07:38] Antu Donmez (3) - Коробка патронов 9mm (Пистолет) | -1--1 | 140 | -1
[25/08/22] [23:07:45] Asena Cakiiroglu (20) - Коробка патронов 12.7mm | -1--1 | 60 | -1
[25/08/22] [23:13:54] Firat Donmez (2) - M107 | -1--1 | 1 | -1
[25/08/22] [23:14:11] Firat Donmez (2) - Коробка патронов 12.7mm | -1--1 | 54 | -1
[25/08/22] [23:38:35] Carmelo Rose (24) - Нож | -1--1 | 1 | -1
[25/08/22] [23:38:37] Carmelo Rose (24) - Фонарик | -1--1 | 1 | -1
[25/08/22] [23:38:41] Carmelo Rose (24) - Нож | -1--1 | 1 | -1
[25/08/22] [23:39:39] Carmelo Rose (24) - Мачете | -1--1 | 1 | -1
[26/08/22] [00:03:14] Asena Cakiiroglu (20) - Сигнальный пистолет | -1--1 | 1 | -1
[26/08/22] [00:03:31] Asena Cakiiroglu (20) - M107 | -1--1 | 1 | -1
[26/08/22] [00:03:37] Asena Cakiiroglu (20) - Коробка патронов сингального пистолета | -1--1 | 1 | -1
[26/08/22] [00:04:37] Asena Cakiiroglu (20) - Коробка патронов 12.7mm | -1--1 | 60 | -1
[26/08/22] [00:05:52] Asena Cakiiroglu (20) - Коробка патронов 12.7mm | -1--1 | 60 | -1
[26/08/22] [01:02:33] Jack Harris (1) - Телефон | 111-94301 | 1 | -1
[26/08/22] [01:26:53] Jack Harris (1) - Коробка патронов 12.7mm | -1--1 | 55 | -1
[26/08/22] [01:26:55] Jack Harris (1) - Коробка патронов 12.7mm | -1--1 | 60 | -1
[26/08/22] [21:29:34] Antu Donmez (3) - Сolt SCAMP | -1--1 | 1 | -1
[26/08/22] [21:29:37] Antu Donmez (3) - Коробка патронов 9mm (Пистолет) | -1--1 | 140 | -1
[26/08/22] [21:29:39] Antu Donmez (3) - Коробка патронов 9mm (Пистолет) | -1--1 | 140 | -1
[26/08/22] [21:29:42] Antu Donmez (3) - Коробка патронов 9mm (Пистолет) | -1--1 | 3 | -1
[26/08/22] [21:31:17] Antu Donmez (3) - Сolt SCAMP | -1--1 | 1 | -1
[26/08/22] [21:31:23] Antu Donmez (3) - Сolt SCAMP | -1--1 | 1 | -1
[26/08/22] [21:31:26] Antu Donmez (3) - Коробка патронов 9mm (Пистолет) | -1--1 | 282 | -1
[26/08/22] [21:32:25] Antu Donmez (3) - Сolt SCAMP | -1--1 | 1 | -1
[26/08/22] [21:32:27] Antu Donmez (3) - Коробка патронов 9mm (Пистолет) | -1--1 | 281 | -1
[26/08/22] [22:11:14] Mert Diler (22) - Сolt SCAMP | -1--1 | 1 | -1
[26/08/22] [22:11:23] Jack Harris (1) - M107 | -1--1 | 1 | -1
[26/08/22] [22:11:26] Jack Harris (1) - Коробка патронов 12.7mm | -1--1 | 40 | -1
[26/08/22] [22:11:28] Mert Diler (22) - Коробка патронов 9mm (Пистолет) | -1--1 | 53 | -1
[26/08/22] [22:11:32] Mert Diler (22) - Коробка патронов 9mm (SMG) | -1--1 | 0 | -1
[26/08/22] [22:11:51] Jack Harris (1) - M107 | -1--1 | 1 | -1
[26/08/22] [22:12:17] Jack Harris (1) - M107 | -1--1 | 1 | -1
[26/08/22] [22:13:19] Jack Harris (1) - M107 | -1--1 | 1 | -1
[26/08/22] [22:13:22] Jack Harris (1) - Коробка патронов 12.7mm | -1--1 | 40 | -1
[26/08/22] [22:22:49] Mert Diler (22) - Нож | -1--1 | 1 | -1
[26/08/22] [22:23:01] Mert Diler (22) - QBZ-95 | -1--1 | 1 | -1
[27/08/22] [04:52:48] Halis Mulis (14) - Telefon | 111-779500 | 1 | -1
[27/08/22] [17:02:47] Mert Diler (22) - Сolt SCAMP | -1--1 | 1 | -1
[27/08/22] [17:03:04] Mert Diler (22) - MP5A3 | -1--1 | 1 | -1
[27/08/22] [17:03:08] Mert Diler (22) - Cephane Kutusu 5.56mm | -1--1 | 51 | -1
[27/08/22] [17:03:10] Mert Diler (22) - Cephane Kutusu 12.7mm | -1--1 | 0 | -1
[27/08/22] [17:03:18] Mert Diler (22) - Cephane Kutusu 12.7mm | -1--1 | 0 | -1
[27/08/22] [17:14:13] Mert Diler (22) - MP5A3 | -1--1 | 1 | -1
[27/08/22] [17:14:29] Mert Diler (22) - MP5A3 | -1--1 | 1 | -1
[27/08/22] [17:33:17] Mert Diler (22) - Сolt SCAMP | -1--1 | 1 | -1
[27/08/22] [17:33:22] Mert Diler (22) - MP5A3 | -1--1 | 1 | -1
[27/08/22] [17:45:57] Mert Diler (22) - Сolt SCAMP | -1--1 | 1 | -1
[27/08/22] [17:46:00] Mert Diler (22) - MP5A3 | -1--1 | 1 | -1
[27/08/22] [18:21:28] Mert Diler (22) - Cephane Kutusu 9mm (Tabanca) | -1--1 | 140 | -1
[27/08/22] [18:21:31] Mert Diler (22) - Cephane Kutusu 9mm (Tabanca) | -1--1 | 140 | -1
[27/08/22] [19:34:59] Mert Diler (22) - Pala | -1--1 | 1 | -1
[27/08/22] [19:35:51] Mert Diler (22) - Pala | -1--1 | 1 | -1
[27/08/22] [19:36:14] Mert Diler (22) - QBZ-97 | -1--1 | 1 | -1
[27/08/22] [19:36:17] Mert Diler (22) - G36C | -1--1 | 1 | -1
[27/08/22] [19:36:56] Mert Diler (22) - Taurus PT92 | -1--1 | 1 | -1
[27/08/22] [19:37:11] Mert Diler (22) - Cephane Kutusu 7.62mm | -1--1 | 130 | -1
[27/08/22] [19:37:12] Mert Diler (22) - Cephane Kutusu 7.62mm | -1--1 | 130 | -1
[27/08/22] [19:37:15] Mert Diler (22) - Cephane Kutusu 9mm (Tabanca) | -1--1 | 140 | -1
[27/08/22] [19:37:34] Mert Diler (22) - Cephane Kutusu 5.56mm | -1--1 | 260 | -1
[27/08/22] [19:38:29] Mert Diler (22) - P-90 | -1--1 | 1 | -1
[27/08/22] [19:38:32] Mert Diler (22) - G36C | -1--1 | 1 | -1
[27/08/22] [19:38:40] Mert Diler (22) - Benelli M3 | -1--1 | 1 | -1
[27/08/22] [19:38:49] Mert Diler (22) - P99 | -1--1 | 1 | -1
[27/08/22] [19:39:56] Mert Diler (22) - P99 | -1--1 | 1 | -1
[27/08/22] [19:39:57] Mert Diler (22) - QBZ-97 | -1--1 | 1 | -1
[27/08/22] [19:39:58] Mert Diler (22) - Taurus PT92 | -1--1 | 1 | -1
[27/08/22] [19:39:59] Mert Diler (22) - Pala | -1--1 | 1 | -1
[27/08/22] [19:40:02] Mert Diler (22) - Benelli M3 | -1--1 | 1 | -1
[27/08/22] [19:40:04] Mert Diler (22) - Cephane Kutusu 9mm (Tabanca) | -1--1 | 140 | -1
[27/08/22] [19:40:05] Mert Diler (22) - Cephane Kutusu 9mm (Tabanca) | -1--1 | 111 | -1
[27/08/22] [19:40:07] Mert Diler (22) - Cephane Kutusu 9mm (SMG) | -1--1 | 0 | -1
[27/08/22] [19:40:08] Mert Diler (22) - Cephane Kutusu 9mm (Tabanca) | -1--1 | 111 | -1
[27/08/22] [19:40:09] Mert Diler (22) - Cephane Kutusu 18.5mm | -1--1 | 0 | -1
[27/08/22] [19:40:20] Mert Diler (22) - P-90 | -1--1 | 1 | -1
[27/08/22] [19:40:21] Mert Diler (22) - G36C | -1--1 | 1 | -1
[27/08/22] [19:40:23] Mert Diler (22) - Cephane Kutusu 5.56mm | -1--1 | 220 | -1
[27/08/22] [19:40:24] Mert Diler (22) - Cephane Kutusu 5.56mm | -1--1 | 220 | -1
[27/08/22] [20:21:40] Mert Diler (22) - Taurus PT92 | -1--1 | 1 | -1
[27/08/22] [21:57:32] Mert Diler (22) - QBZ-97 | -1--1 | 1 | -1
[27/08/22] [21:57:33] Mert Diler (22) - P-90 | -1--1 | 1 | -1
[27/08/22] [21:57:36] Mert Diler (22) - P99 | -1--1 | 1 | -1
[27/08/22] [21:57:37] Mert Diler (22) - Taurus PT92 | -1--1 | 1 | -1
[27/08/22] [21:57:37] Mert Diler (22) - Pala | -1--1 | 1 | -1
[27/08/22] [21:57:40] Mert Diler (22) - Cephane Kutusu 5.56mm | -1--1 | 62 | -1
[27/08/22] [21:57:42] Mert Diler (22) - Cephane Kutusu 9mm (Tabanca) | -1--1 | 140 | -1
[27/08/22] [21:57:43] Mert Diler (22) - Cephane Kutusu 9mm (Tabanca) | -1--1 | 62 | -1
[27/08/22] [22:04:46] Mert Diler (22) - MP5A3 | -1--1 | 1 | -1
[27/08/22] [22:04:56] Mert Diler (22) - Cephane Kutusu 9mm (SMG) | -1--1 | 140 | -1
[27/08/22] [22:04:57] Mert Diler (22) - Cephane Kutusu 5.56mm | -1--1 | 62 | -1
[27/08/22] [23:18:32] Mert Diler (22) - QBZ-97 | -1--1 | 1 | -1
[27/08/22] [23:18:41] Mert Diler (22) - P99 | -1--1 | 1 | -1
[27/08/22] [23:18:46] Mert Diler (22) - Cephane Kutusu 9mm (Tabanca) | -1--1 | 116 | -1
[27/08/22] [23:19:17] Mert Diler (22) - MP5A3 | -1--1 | 1 | -1
[27/08/22] [23:19:21] Mert Diler (22) - P-90 | -1--1 | 1 | -1
[27/08/22] [23:19:27] Mert Diler (22) - Taurus PT92 | -1--1 | 1 | -1
[28/08/22] [14:14:42] Mert Diler (22) - P99 | -1--1 | 1 | -1
[28/08/22] [14:14:43] Mert Diler (22) - Taurus PT92 | -1--1 | 1 | -1
[28/08/22] [14:14:44] Mert Diler (22) - P-90 | -1--1 | 1 | -1
[28/08/22] [14:14:45] Mert Diler (22) - MP5A3 | -1--1 | 1 | -1
[28/08/22] [14:14:46] Mert Diler (22) - QBZ-97 | -1--1 | 1 | -1
[28/08/22] [19:57:59] Mert Diler (22) - Cephane Kutusu 9mm (Tabanca) | -1--1 | 140 | -1
[28/08/22] [19:58:01] Mert Diler (22) - P99 | -1--1 | 1 | -1
[28/08/22] [19:58:02] Mert Diler (22) - Taurus PT92 | -1--1 | 1 | -1
[28/08/22] [19:58:04] Mert Diler (22) - Cephane Kutusu 9mm (Tabanca) | -1--1 | 140 | -1
[28/08/22] [21:01:47] Mert Diler (22) - Pala | -1--1 | 1 | -1
[28/08/22] [21:04:58] Jack Marris (18) - QBZ-97 | -1--1 | 1 | -1
[28/08/22] [21:05:35] Jack Marris (18) - QBZ-97 | -1--1 | 1 | -1
[28/08/22] [21:08:35] Jack Marris (18) - Pala | -1--1 | 1 | -1
[28/08/22] [21:10:44] Jack Marris (18) - QBZ-97 | -1--1 | 1 | -1
[28/08/22] [21:10:53] Mert Diler (22) - Taurus PT92 | -1--1 | 1 | -1
[28/08/22] [21:10:54] Mert Diler (22) - MP5A3 | -1--1 | 1 | -1
[28/08/22] [21:10:55] Mert Diler (22) - P-90 | -1--1 | 1 | -1
[28/08/22] [21:17:52] Mert Diler (22) - Cephane Kutusu 9mm (Tabanca) | -1--1 | 140 | -1
[28/08/22] [21:17:53] Mert Diler (22) - Cephane Kutusu 9mm (Tabanca) | -1--1 | 74 | -1
[28/08/22] [21:58:52] Mert Diler (22) - Сolt SCAMP | -1--1 | 1 | -1
[28/08/22] [21:58:54] Mert Diler (22) - Cephane Kutusu 9mm (Tabanca) | -1--1 | 140 | -1
[28/08/22] [21:58:55] Mert Diler (22) - Cephane Kutusu 9mm (Tabanca) | -1--1 | 60 | -1
[28/08/22] [21:58:57] Mert Diler (22) - Cephane Kutusu 9mm (Tabanca) | -1--1 | 140 | -1
[28/08/22] [21:58:58] Mert Diler (22) - Cephane Kutusu 9mm (Tabanca) | -1--1 | 60 | -1
[28/08/22] [21:58:59] Mert Diler (22) - Cephane Kutusu 9mm (Tabanca) | -1--1 | 100 | -1
[28/08/22] [22:09:26] Mert Diler (22) - L115A3 | -1--1 | 1 | -1
[28/08/22] [22:09:27] Mert Diler (22) - HK-416 | -1--1 | 1 | -1
[28/08/22] [22:20:45] Mert Diler (22) - Enterprise Wide Body 1911 | -1--1 | 1 | -1
[28/08/22] [22:20:48] Mert Diler (22) - Cephane Kutusu 9mm (Tabanca) | -1--1 | 96 | -1
[28/08/22] [22:27:35] Jack Harris (1) - FN Model 1922 | -1--1 | 1 | -1
[28/08/22] [22:28:11] Jack Harris (1) - P-90 | -1--1 | 1 | -1
[28/08/22] [22:30:00] Jack Harris (1) - FN Model 1922 | -1--1 | 1 | -1
[28/08/22] [22:30:34] Mert Diler (22) - P99 | -1--1 | 1 | -1
[28/08/22] [22:41:08] Jack Harris (1) - M107 | -1--1 | 1 | -1
[28/08/22] [23:17:15] Mert Diler (22) - Taurus PT92 | -1--1 | 1 | -1
[28/08/22] [23:25:46] Mert Diler (22) - L115A3 | -1--1 | 1 | -1
[28/08/22] [23:26:41] Mert Diler (22) - L115A3 | -1--1 | 1 | -1
[28/08/22] [23:26:45] Mert Diler (22) - L115A3 | -1--1 | 1 | -1
[28/08/22] [23:27:04] Mert Diler (22) - L115A3 | -1--1 | 1 | -1
[28/08/22] [23:27:25] Mert Diler (22) - L115A3 | -1--1 | 1 | -1
[28/08/22] [23:27:29] Mert Diler (22) - Cephane Kutusu 12.7mm | -1--1 | 60 | -1
[28/08/22] [23:27:31] Mert Diler (22) - Cephane Kutusu 5.56mm | -1--1 | 260 | -1
[28/08/22] [23:29:13] Mert Diler (22) - L115A3 | -1--1 | 1 | -1
[28/08/22] [23:29:27] Mert Diler (22) - L115A3 | -1--1 | 1 | -1
[28/08/22] [23:36:28] Mert Diler (22) - Mini Uzi | -1--1 | 1 | -1
[28/08/22] [23:36:40] Mert Diler (22) - Cephane Kutusu 9mm (SMG) | -1--1 | 100 | -1
[28/08/22] [23:36:42] Mert Diler (22) - Cephane Kutusu 5.56mm | -1--1 | 39 | -1
[28/08/22] [23:36:44] Mert Diler (22) - Cephane Kutusu 12.7mm | -1--1 | 60 | -1
[29/08/22] [00:28:05] Jack Harris (1) - L115A3 | -1--1 | 1 | -1
[29/08/22] [00:28:10] Jack Harris (1) - Cephane Kutusu 12.7mm | -1--1 | 100 | -1
[29/08/22] [00:28:16] Jack Harris (1) - Cephane Kutusu 12.7mm | -1--1 | 60 | -1
[29/08/22] [00:28:21] Jack Harris (1) - Cephane Kutusu 12.7mm | -1--1 | 40 | -1
[29/08/22] [00:28:23] Jack Harris (1) - Cephane Kutusu 12.7mm | -1--1 | 60 | -1
[29/08/22] [00:28:25] Jack Harris (1) - Cephane Kutusu 12.7mm | -1--1 | 40 | -1
[29/08/22] [00:28:30] Jack Harris (1) - L115A3 | -1--1 | 1 | -1
[29/08/22] [12:09:30] Mert Diler (22) - Mini Uzi | -1--1 | 1 | -1
[29/08/22] [12:35:21] Mert Diler (22) - L115A3 | -1--1 | 1 | -1
[29/08/22] [18:06:57] Jack Harris (1) - Mini Uzi | -1--1 | 1 | -1
[29/08/22] [18:09:10] Jack Harris (1) - SIG MPX-SD | -1--1 | 1 | -1
[29/08/22] [18:14:23] Mert Diler (22) - SIG MPX-SD | -1--1 | 1 | -1
[29/08/22] [18:14:30] Mert Diler (22) - Cephane Kutusu 9mm (SMG) | -1--1 | 100 | -1
[29/08/22] [18:14:33] Mert Diler (22) - Cephane Kutusu 9mm (SMG) | -1--1 | 140 | -1
[29/08/22] [18:16:20] Jack Harris (1) - Balta | -1--1 | 1 | -1
[29/08/22] [18:16:34] Jack Harris (1) - QBZ-95 | -1--1 | 1 | -1
[29/08/22] [18:16:37] Jack Harris (1) - Cephane Kutusu 5.56mm | -1--1 | 200 | -1
[29/08/22] [18:18:32] Mert Diler (22) - Kartopu | -1--1 | 1 | -1
[29/08/22] [18:18:38] Jack Harris (1) - Cephane Kutusu 9mm (Tabanca) | -1--1 | 82 | -1
[29/08/22] [18:18:39] Jack Harris (1) - Cephane Kutusu 9mm (Tabanca) | -1--1 | 74 | -1
[29/08/22] [18:18:40] Jack Harris (1) - Cephane Kutusu 9mm (Tabanca) | -1--1 | 100 | -1
[29/08/22] [18:18:44] Mert Diler (22) - FN Model 1922 | -1--1 | 1 | -1
[29/08/22] [18:19:02] Mert Diler (22) - Cephane Kutusu 9mm (Tabanca) | -1--1 | 289 | -1
[29/08/22] [18:19:29] Jack Harris (1) - QBZ-95 | -1--1 | 1 | -1
[29/08/22] [18:19:35] Jack Harris (1) - Cephane Kutusu 9mm (SMG) | -1--1 | 100 | -1
[29/08/22] [18:19:37] Jack Harris (1) - Cephane Kutusu 9mm (SMG) | -1--1 | 100 | -1
[29/08/22] [18:19:40] Jack Harris (1) - Cephane Kutusu 12.7mm | -1--1 | 60 | -1
[29/08/22] [18:19:42] Jack Harris (1) - SIG MPX-SD | -1--1 | 1 | -1
[29/08/22] [18:20:37] Mert Diler (22) - Kartopu | -1--1 | 1 | -1
[29/08/22] [18:26:06] Mert Diler (22) - FN Model 1922 | -1--1 | 1 | -1
[29/08/22] [18:26:12] Mert Diler (22) - FN Model 1922 | -1--1 | 1 | -1
[29/08/22] [18:26:18] Mert Diler (22) - Cephane Kutusu 9mm (Tabanca) | -1--1 | 100 | -1
[29/08/22] [20:41:23] Jack Harris (1) - P-90 | -1--1 | 1 | -1
[29/08/22] [21:08:03] Jack Harris (1) - Intratec TEC-9 | -1--1 | 1 | -1
[29/08/22] [21:08:11] Jack Harris (1) - Balta | -1--1 | 1 | -1
[29/08/22] [21:37:46] Jack Harris (1) - P-90 | -1--1 | 1 | -1
[29/08/22] [21:37:51] Jack Harris (1) - Balta | -1--1 | 1 | -1
[29/08/22] [21:37:58] Jack Harris (1) - Intratec TEC-9 | -1--1 | 1 | -1
[29/08/22] [21:38:03] Jack Harris (1) - Balta | -1--1 | 1 | -1
[29/08/22] [21:38:09] Jack Harris (1) - Intratec TEC-9 | -1--1 | 1 | -1
[29/08/22] [21:38:15] Jack Harris (1) - P-90 | -1--1 | 1 | -1
[29/08/22] [21:53:23] Jack Harris (1) - FN Model 1922 | -1--1 | 1 | -1
[29/08/22] [22:05:28] Jack Harris (1) - P-90 | -1--1 | 1 | -1
[29/08/22] [22:15:58] Jack Harris (1) - SIG MPX-SD | -1--1 | 1 | -1
[29/08/22] [22:31:02] Jack Harris (1) - SIG MPX-SD | -1--1 | 1 | -1
[29/08/22] [22:33:39] Jack Harris (1) - SIG MPX-SD | -1--1 | 1 | -1
[29/08/22] [22:34:08] Jack Harris (1) - SIG MPX-SD | -1--1 | 1 | -1
[29/08/22] [22:40:35] Jack Harris (1) - SIG MPX-SD | -1--1 | 1 | -1
[29/08/22] [22:47:11] Jack Harris (1) - SIG MPX-SD | -1--1 | 1 | -1
[29/08/22] [23:33:08] Jack Harris (1) - SIG MPX-SD | -1--1 | 1 | -1
[30/08/22] [00:47:24] Jack Harris (1) - SIG MPX-SD | -1--1 | 1 | -1
[30/08/22] [00:48:17] Jack Harris (1) - SIG MPX-SD | -1--1 | 1 | -1
[30/08/22] [00:48:27] Jack Harris (1) - Cephane Kutusu 9mm (SMG) | -1--1 | 100 | -1
[30/08/22] [00:48:29] Jack Harris (1) - Cephane Kutusu 9mm (SMG) | -1--1 | 39 | -1
[30/08/22] [00:48:31] Jack Harris (1) - Cephane Kutusu 9mm (Tabanca) | -1--1 | 100 | -1
[30/08/22] [03:08:50] Jack Harris (1) - SIG MPX-SD | -1--1 | 1 | -1
[30/08/22] [03:08:57] Jack Harris (1) - Cephane Kutusu 9mm (SMG) | -1--1 | 100 | -1
[30/08/22] [03:09:00] Jack Harris (1) - Cephane Kutusu 9mm (SMG) | -1--1 | 100 | -1
[30/08/22] [03:09:02] Jack Harris (1) - Cephane Kutusu 9mm (SMG) | -1--1 | 100 | -1
[30/08/22] [03:09:05] Jack Harris (1) - Cephane Kutusu 9mm (SMG) | -1--1 | 100 | -1
[30/08/22] [03:09:08] Jack Harris (1) - Cephane Kutusu 9mm (SMG) | -1--1 | 100 | -1
[30/08/22] [03:09:11] Jack Harris (1) - Cephane Kutusu 9mm (SMG) | -1--1 | 100 | -1
[30/08/22] [03:09:13] Jack Harris (1) - Cephane Kutusu 9mm (SMG) | -1--1 | 100 | -1
[30/08/22] [03:09:59] Jack Harris (1) - SIG MPX-SD | -1--1 | 1 | -1
[30/08/22] [03:16:23] Jack Harris (1) - Cephane Kutusu 9mm (SMG) | -1--1 | 100 | -1
[30/08/22] [03:16:24] Jack Harris (1) - Cephane Kutusu 9mm (SMG) | -1--1 | 140 | -1
[30/08/22] [03:17:20] Jack Harris (1) - Сolt SCAMP | -1--1 | 1 | -1
[30/08/22] [03:17:26] Jack Harris (1) - SIG MPX-SD | -1--1 | 1 | -1
[30/08/22] [03:17:34] Jack Harris (1) - Сolt SCAMP | -1--1 | 1 | -1
[30/08/22] [03:22:11] Jack Harris (1) - SIG MPX-SD | -1--1 | 1 | -1
[30/08/22] [03:22:48] Jack Harris (1) - FN Model 1922 | -1--1 | 1 | -1
[30/08/22] [03:49:07] Jack Harris (1) - Cephane Kutusu 9mm (Tabanca) | -1--1 | 140 | -1
[30/08/22] [04:01:33] Jack Harris (1) - Cephane Kutusu 9mm (Tabanca) | -1--1 | 140 | -1
[30/08/22] [04:01:45] Jack Harris (1) - Cephane Kutusu 9mm (Tabanca) | -1--1 | 105 | -1
[30/08/22] [04:02:23] Antu Donmez (3) - Сolt SCAMP | -1--1 | 1 | -1
[30/08/22] [04:02:25] Antu Donmez (3) - Cephane Kutusu 9mm (SMG) | -1--1 | 140 | -1
[30/08/22] [04:02:28] Antu Donmez (3) - Cephane Kutusu 9mm (SMG) | -1--1 | 140 | -1
[30/08/22] [04:04:19] Jack Harris (1) - Cephane Kutusu 9mm (SMG) | -1--1 | 97 | -1
[30/08/22] [04:09:35] Antu Donmez (3) - SIG MPX-SD | -1--1 | 1 | -1
[30/08/22] [04:09:57] Antu Donmez (3) - Savaş Baltası | -1--1 | 1 | -1
[30/08/22] [04:22:41] Antu Donmez (3) - SIG MPX-SD | -1--1 | 1 | -1
[30/08/22] [04:22:44] Antu Donmez (3) - SIG MPX-SD | -1--1 | 1 | -1
[30/08/22] [04:22:46] Antu Donmez (3) - SIG MPX-SD | -1--1 | 1 | -1
[30/08/22] [04:29:35] Jack Harris (1) - SIG MPX-SD | -1--1 | 1 | -1
[30/08/22] [04:29:37] Jack Harris (1) - Cephane Kutusu 9mm (SMG) | -1--1 | 80 | -1
[30/08/22] [04:35:39] Jack Harris (1) - SIG MPX-SD | -1--1 | 1 | -1
[30/08/22] [12:39:17] Mert Diler (22) - FN Model 1922 | -1--1 | 1 | -1
[30/08/22] [12:39:29] Mert Diler (22) - FN Model 1922 | -1--1 | 1 | -1
[30/08/22] [12:39:37] Mert Diler (22) - Cephane Kutusu 9mm (Tabanca) | -1--1 | 140 | -1
[30/08/22] [12:48:32] Mert Diler (22) - FN Model 1922 | -1--1 | 1 | -1
[30/08/22] [12:54:52] Mert Diler (22) - FN Model 1922 | -1--1 | 1 | -1
[30/08/22] [13:27:09] Mert Diler (22) - FN Model 1922 | -1--1 | 1 | -1
[30/08/22] [13:27:19] Mert Diler (22) - Cephane Kutusu 9mm (Tabanca) | -1--1 | 94 | -1
[30/08/22] [13:27:21] Mert Diler (22) - Cephane Kutusu 9mm (Tabanca) | -1--1 | 79 | -1
[30/08/22] [15:36:06] Jack Harris (1) - SIG MPX-SD | -1--1 | 1 | -1
[30/08/22] [15:36:11] Mert Diler (22) - FN Model 1922 | -1--1 | 1 | -1
[30/08/22] [15:41:28] Mert Diler (22) - FN Model 1922 | -1--1 | 1 | -1
[30/08/22] [15:41:48] Jack Harris (1) - SIG MPX-SD | -1--1 | 1 | -1
[30/08/22] [15:42:45] Jack Harris (1) - FN Model 1922 | -1--1 | 1 | -1
[30/08/22] [15:42:50] Jack Harris (1) - Cephane Kutusu 9mm (Tabanca) | -1--1 | 100 | -1
[30/08/22] [15:45:49] Fuat Kocaeli (5) - Сolt SCAMP | -1--1 | 1 | -1
[30/08/22] [15:46:58] Fuat Kocaeli (5) - Сolt SCAMP | -1--1 | 1 | -1
[30/08/22] [16:06:16] Fuat Kocaeli (5) - Cephane Kutusu RPG | -1--1 | 1 | -1
[30/08/22] [16:06:34] Fuat Kocaeli (5) - Cephane Kutusu RPG | -1--1 | 1 | -1
[30/08/22] [16:06:39] Fuat Kocaeli (5) - Cephane Kutusu RPG | -1--1 | 1 | -1
[30/08/22] [16:06:42] Fuat Kocaeli (5) - Rocket Launher RPG | -1--1 | 1 | -1
[30/08/22] [16:06:47] Fuat Kocaeli (5) - Rocket Launher RPG | -1--1 | 1 | -1
[30/08/22] [16:06:54] Fuat Kocaeli (5) - Rocket Launher RPG | -1--1 | 1 | -1
[30/08/22] [16:07:02] Fuat Kocaeli (5) - Rocket Launher RPG | -1--1 | 1 | -1
[30/08/22] [16:07:07] Fuat Kocaeli (5) - Rocket Launher RPG | -1--1 | 1 | -1
[30/08/22] [16:07:10] Fuat Kocaeli (5) - Cephane Kutusu RPG | -1--1 | 1 | -1
[30/08/22] [16:07:16] Fuat Kocaeli (5) - Rocket Launher RPG | -1--1 | 1 | -1
[30/08/22] [16:07:26] Fuat Kocaeli (5) - Rocket Launher RPG | -1--1 | 1 | -1
[30/08/22] [16:07:28] Fuat Kocaeli (5) - Rocket Launher RPG | -1--1 | 1 | -1
[30/08/22] [16:15:45] Abbas Devir (17) - Cephane Kutusu RPG | -1--1 | 1 | -1
[30/08/22] [16:15:56] Abbas Devir (17) - Cephane Kutusu RPG | -1--1 | 1 | -1
[30/08/22] [16:15:58] Abbas Devir (17) - Cephane Kutusu RPG | -1--1 | 1 | -1
[30/08/22] [16:16:27] Abbas Devir (17) - Cephane Kutusu RPG | -1--1 | 1 | -1
[30/08/22] [16:16:59] Abbas Devir (17) - Cephane Kutusu RPG | -1--1 | 1 | -1
[30/08/22] [16:40:35] Mert Diler (22) - Cephane Kutusu RPG | -1--1 | 1 | -1
[30/08/22] [16:41:09] Mert Diler (22) - Сolt SCAMP | -1--1 | 1 | -1
[30/08/22] [16:41:10] Mert Diler (22) - Stun-Gun | -1--1 | 1 | -1
[30/08/22] [16:41:22] Mert Diler (22) - Cephane Kutusu 9mm (Tabanca) | -1--1 | 136 | -1
[30/08/22] [16:41:28] Mert Diler (22) - Cephane Kutusu 12.7mm | -1--1 | 40 | -1
[30/08/22] [16:41:35] Mert Diler (22) - Rocket Launher RPG | -1--1 | 1 | -1
[30/08/22] [16:41:46] Mert Diler (22) - Cephane Kutusu RPG | -1--1 | 1 | -1
[30/08/22] [16:47:32] Mert Diler (22) - Cephane Kutusu RPG | -1--1 | 1 | -1
[30/08/22] [18:32:29] Mert Diler (22) - Cephane Kutusu RPG | -1--1 | 1 | -1
[30/08/22] [18:43:30] Mert Diler (22) - Mini Uzi | -1--1 | 1 | -1
[30/08/22] [18:43:32] Mert Diler (22) - Cephane Kutusu 9mm (SMG) | -1--1 | 57 | -1
[30/08/22] [19:28:06] Mert Diler (22) - Mini Uzi | -1--1 | 1 | -1
[30/08/22] [19:28:11] Mert Diler (22) - Cephane Kutusu 12.7mm | -1--1 | 30 | -1
[30/08/22] [19:28:16] Mert Diler (22) - Su Anahtarı | -1--1 | 1 | -1
[30/08/22] [19:28:26] Mert Diler (22) - Cephane Kutusu 12.7mm | -1--1 | 60 | -1
[30/08/22] [19:50:46] Mert Diler (22) - Su Anahtarı | -1--1 | 1 | -1
[30/08/22] [22:16:26] Mert Diler (22) - FN Model 1922 | -1--1 | 1 | -1
[30/08/22] [22:42:06] Mert Diler (22) - Su Anahtarı | -1--1 | 1 | -1
[30/08/22] [22:44:50] Mert Diler (22) - Su Anahtarı | -1--1 | 1 | -1
[30/08/22] [22:45:21] Mert Diler (22) - Su Anahtarı | -1--1 | 1 | -1
[31/08/22] [00:47:00] Jack Harris (1) - El Feneri | -1--1 | 1 | -1
[31/08/22] [12:21:25] Noyan Cakiroglu (16) - M107 | -1--1 | 1 | -1
[31/08/22] [12:21:33] Noyan Cakiroglu (16) - M107 | -1--1 | 1 | -1
[31/08/22] [12:21:37] Noyan Cakiroglu (16) - M107 | -1--1 | 1 | -1
[31/08/22] [18:50:01] Antu Donmez (3) - SIG MPX-SD | -1--1 | 1 | -1
[31/08/22] [18:50:11] Antu Donmez (3) - Cephane Kutusu 9mm (SMG) | -1--1 | 0 | -1
[31/08/22] [19:09:47] Jack Harris (1) - P99 | -1--1 | 1 | -1
[31/08/22] [19:10:03] Jack Harris (1) - Cephane Kutusu 9mm (Tabanca) | -1--1 | 140 | -1
[31/08/22] [19:13:07] Jack Harris (1) - Taurus PT92 | -1--1 | 1 | -1
[31/08/22] [19:13:29] Jack Harris (1) - Benelli M3 | -1--1 | 1 | -1
[31/08/22] [19:13:38] Jack Harris (1) - P-90 | -1--1 | 1 | -1
[31/08/22] [19:13:52] Jack Harris (1) - MP5A3 | -1--1 | 1 | -1
[31/08/22] [19:18:09] Jack Harris (1) - Taurus PT92 | -1--1 | 1 | -1
[31/08/22] [19:20:31] Jack Harris (1) - G36C | -1--1 | 1 | -1
[31/08/22] [19:26:52] Jack Harris (1) - Обрез | -1--1 | 1 | -1
[31/08/22] [19:34:49] Mert Diler (22) - Bıçak | -1--1 | 1 | -1
[31/08/22] [22:33:27] Mert Diler (22) - Bıçak | -1--1 | 1 | -1
[31/08/22] [22:34:50] Mert Diler (22) - Bıçak | -1--1 | 1 | -1
[31/08/22] [22:59:14] Mert Diler (22) - Bıçak | -1--1 | 1 | -1
[31/08/22] [23:12:59] Mert Diler (22) - Benelli M3 | -1--1 | 1 | -1
[31/08/22] [23:13:01] Mert Diler (22) - Cephane Kutusu 9mm (SMG) | -1--1 | 140 | -1
[31/08/22] [23:13:25] Mert Diler (22) - Cephane Kutusu 12.7mm | -1--1 | 60 | -1
[31/08/22] [23:13:32] Mert Diler (22) - Cephane Kutusu 18.5mm | -1--1 | 60 | -1
[31/08/22] [23:14:25] Mert Diler (22) - Bıçak | -1--1 | 1 | -1
[01/09/22] [03:31:15] Jack Harris (1) - P99 | -1--1 | 1 | -1
[01/09/22] [03:31:18] Jack Harris (1) - Cephane Kutusu 5.56mm | -1--1 | 1 | -1
[01/09/22] [03:31:23] Jack Harris (1) - P99 | -1--1 | 1 | -1
[01/09/22] [03:31:36] Jack Harris (1) - Обрез | -1--1 | 1 | -1
[01/09/22] [03:31:45] Jack Harris (1) - Cephane Kutusu 9mm (Tabanca) | -1--1 | 1 | -1
[01/09/22] [03:32:10] Jack Harris (1) - Cephane Kutusu 9mm (Tabanca) | -1--1 | 1 | -1
[01/09/22] [03:45:26] Jack Harris (1) - Taurus PT92 | -1--1 | 1 | -1
[01/09/22] [03:45:27] Jack Harris (1) - Cephane Kutusu 9mm (Tabanca) | -1--1 | 140 | -1
[01/09/22] [03:46:13] Jack Harris (1) - Cephane Kutusu 9mm (Tabanca) | -1--1 | 140 | -1
[01/09/22] [03:46:15] Jack Harris (1) - Cephane Kutusu 9mm (Tabanca) | -1--1 | 140 | -1
[01/09/22] [03:46:18] Jack Harris (1) - Cephane Kutusu 9mm (Tabanca) | -1--1 | 140 | -1
[01/09/22] [03:46:46] Jack Harris (1) - Cephane Kutusu 9mm (Tabanca) | -1--1 | 140 | -1
[01/09/22] [03:46:47] Jack Harris (1) - Cephane Kutusu 9mm (Tabanca) | -1--1 | 140 | -1
[01/09/22] [03:46:48] Jack Harris (1) - Cephane Kutusu 9mm (Tabanca) | -1--1 | 140 | -1
[01/09/22] [18:18:30] Mert Diler (22) - Benelli M3 | -1--1 | 1 | -1
[01/09/22] [18:18:44] Mert Diler (22) - Bıçak | -1--1 | 1 | -1
[01/09/22] [18:30:24] Mert Diler (22) - Cephane Kutusu 9mm (Tabanca) | -1--1 | 140 | -1
[01/09/22] [18:47:06] Mert Diler (22) - Bıçak | -1--1 | 1 | -1
[01/09/22] [18:47:34] Jack Harris (1) - Taurus PT92 | -1--1 | 1 | -1
[01/09/22] [18:47:37] Jack Harris (1) - Cephane Kutusu 9mm (Tabanca) | -1--1 | 140 | -1
[01/09/22] [18:50:18] Jack Harris (1) - AKS-47u | -1--1 | 1 | -1
[01/09/22] [18:50:21] Jack Harris (1) - Cephane Kutusu 5.56mm | -1--1 | 100 | -1
[01/09/22] [18:55:52] Jack Harris (1) - P99 | -1--1 | 1 | -1
[01/09/22] [18:56:01] Jack Harris (1) - Benelli M3 | -1--1 | 1 | -1
[01/09/22] [18:57:10] Jack Harris (1) - Pala | -1--1 | 1 | -1
[01/09/22] [18:57:27] Jack Harris (1) - Pala | -1--1 | 1 | -1
[01/09/22] [18:57:35] Mert Diler (22) - Rocket Launher RPG | -1--1 | 1 | -1
[01/09/22] [18:57:38] Mert Diler (22) - Rocket Launher RPG | -1--1 | 1 | -1
[01/09/22] [19:04:05] Jack Harris (1) - Pala | -1--1 | 1 | -1
[01/09/22] [19:04:17] Jack Harris (1) - AKS-47u | -1--1 | 1 | -1
[01/09/22] [19:19:09] Mert Diler (22) - SIG MPX-SD | -1--1 | 1 | -1
[01/09/22] [19:20:51] Mert Diler (22) - L115A3 | -1--1 | 1 | -1
[01/09/22] [19:28:17] Mert Diler (22) - Bıçak | -1--1 | 1 | -1
[01/09/22] [19:28:19] Mert Diler (22) - Balta | -1--1 | 1 | -1
[01/09/22] [19:28:23] Mert Diler (22) - L115A3 | -1--1 | 1 | -1
[01/09/22] [22:36:16] Firat Donmez (2) - L115A3 | -1--1 | 1 | -1
[01/09/22] [22:37:05] Firat Donmez (2) - Benelli M3 | -1--1 | 1 | -1
[01/09/22] [22:38:07] Jack Harris (1) - Benelli M3 | -1--1 | 1 | -1
[01/09/22] [22:38:11] Jack Harris (1) - Cephane Kutusu 18.5mm | -1--1 | 0 | -1
[02/09/22] [02:23:26] Antu Donmez (3) - P99 | -1--1 | 1 | -1
[02/09/22] [02:23:29] Antu Donmez (3) - Cephane Kutusu 9mm (Tabanca) | -1--1 | 140 | -1
[02/09/22] [02:23:30] Antu Donmez (3) - Cephane Kutusu 9mm (Tabanca) | -1--1 | 140 | -1
[02/09/22] [02:23:31] Antu Donmez (3) - Cephane Kutusu 9mm (Tabanca) | -1--1 | 140 | -1
[02/09/22] [02:23:32] Antu Donmez (3) - Cephane Kutusu 9mm (Tabanca) | -1--1 | 140 | -1
[02/09/22] [13:11:49] Mert Diler (22) - Balta | -1--1 | 1 | -1
[02/09/22] [13:12:04] Mert Diler (22) - L115A3 | -1--1 | 1 | -1
[02/09/22] [13:58:42] Mert Diler (22) - L115A3 | -1--1 | 1 | -1
[02/09/22] [14:01:16] Mert Diler (22) - Balta | -1--1 | 1 | -1
[02/09/22] [14:01:18] Mert Diler (22) - L115A3 | -1--1 | 1 | -1
