[08/08/22] [22:59:28] Antu Donmez give to Antu Donmez - 1 - adsd
[08/08/22] [22:59:40] Antu Donmez give to Shybw Lone - 1 - adsdsada
[08/08/22] [22:59:54] Antu Donmez give to Shybw Lone - 1 - adsdsada
[08/08/22] [23:00:02] Antu Donmez give to Shybw Lone - 0 - clear
[08/08/22] [23:00:54] Antu Donmez give to Shybw Lone - 1 - Ahmet seni sikerim
[08/08/22] [23:01:00] Antu Donmez give to Shybw Lone - 1 - Ahmet seni sikerim
[08/08/22] [23:01:04] Antu Donmez give to Shybw Lone - 0 - clear
[09/08/22] [15:06:13] Antu Donmez give to Jack Harriq - 1 - adskdssa
[09/08/22] [15:06:17] Antu Donmez give to Jack Harriq - 1 - adskdssa
[09/08/22] [15:06:26] Antu Donmez give to Jack Harriq - 0 - clear
[11/08/22] [16:31:35] Naqasake Komutan give to Mehmet Ekinci - 1 - 123
[11/08/22] [16:31:39] Naqasake Komutan give to Mehmet Ekinci - 1 - 123
[11/08/22] [16:31:39] Naqasake Komutan give to Mehmet Ekinci - 1 - 123
[11/08/22] [16:31:40] Naqasake Komutan give to Mehmet Ekinci - 1 - 123
[11/08/22] [16:31:41] Naqasake Komutan give to Mehmet Ekinci - 1 - 123
[11/08/22] [16:31:44] Naqasake Komutan give to Mehmet Ekinci - 6 - 123
[16/08/22] [01:28:02] Naqasake Komutan give to Asena Cakiiroglu - 1 - Asiri Hiz Limit Asimi
[16/08/22] [01:28:08] Naqasake Komutan give to Asena Cakiiroglu - 6 - Asiri Hiz Limit Asimi
[16/08/22] [01:28:46] Naqasake Komutan give to Asena Cakiiroglu - 0 - clear
[16/08/22] [01:57:36] Naqasake Komutan give to Jack Harris - 10 - Bilinmiyor
[16/08/22] [01:58:11] Naqasake Komutan give to Jack Harris - 0 - clear
[18/08/22] [17:59:09] Firat Donmez give to Jack Harris - 2 - 12312
[18/08/22] [17:59:20] Firat Donmez give to Jack Harris - 5 - 12312
[18/08/22] [18:00:43] Jack Harris give to Firat Donmez - 10 - Yarrak
[23/08/22] [12:54:12] Antu Donmez give to Antu Donmez - 1 - ds
[23/08/22] [14:11:58] Abbas Devir give to Jack Harris - 3 - ZorT
[23/08/22] [14:12:06] Abbas Devir give to Jack Harris - 10 - ZorT
[23/08/22] [14:12:18] Abbas Devir give to Jack Harris - 0 - clear
[23/08/22] [14:16:39] Abbas Devir give to Jack Harris - 10 - Yarrak
[24/08/22] [02:54:44] Jack Harris give to Jack Harris - 1 - asdas
[24/08/22] [02:55:06] Jack Harris give to Jack Harris - 2 - 2asdas
[24/08/22] [02:55:13] Jack Harris give to Jack Harris - 4 - 2asdasasda
[24/08/22] [02:55:18] Jack Harris give to Jack Harris - 7 - 2asdasasda
[24/08/22] [02:55:21] Jack Harris give to Jack Harris - 9 - 2asdasasda
[24/08/22] [02:55:22] Jack Harris give to Jack Harris - 10 - 2asdasasda
[24/08/22] [02:55:24] Jack Harris give to Jack Harris - 1 - 2asdasasda
[24/08/22] [02:56:41] Jack Harris give to Jack Harris - 1 - 252523
[24/08/22] [02:56:43] Jack Harris give to Jack Harris - 2 - 252523
[24/08/22] [02:56:44] Jack Harris give to Jack Harris - 3 - 252523
[24/08/22] [02:56:46] Jack Harris give to Jack Harris - 5 - 252523
[24/08/22] [02:56:48] Jack Harris give to Jack Harris - 4 - 252523
[24/08/22] [02:56:48] Jack Harris give to Jack Harris - 4 - 252523
[24/08/22] [02:56:49] Jack Harris give to Jack Harris - 4 - 252523
[24/08/22] [02:56:49] Jack Harris give to Jack Harris - 4 - 252523
[24/08/22] [02:56:50] Jack Harris give to Jack Harris - 4 - 252523
[24/08/22] [02:56:50] Jack Harris give to Jack Harris - 4 - 252523
[24/08/22] [02:58:09] Jack Harris give to Jack Harris - 5 - asddasdasasd
[24/08/22] [02:58:14] Jack Harris give to Jack Harris - 3 - asddasdasasd
[24/08/22] [03:19:08] Jack Harris give to Jack Harris - 1 - asdasas
[24/08/22] [03:19:13] Jack Harris give to Jack Harris - 1 - asdasas
[24/08/22] [03:19:15] Jack Harris give to Jack Harris - 1 - asdasas
[24/08/22] [03:19:16] Jack Harris give to Jack Harris - 1 - asdasas
[24/08/22] [03:19:16] Jack Harris give to Jack Harris - 1 - asdasas
[24/08/22] [03:19:27] Jack Harris give to Jack Harris - 2 - asdasasasdas
[24/08/22] [03:19:30] Jack Harris give to Jack Harris - 3 - asdasasasdas
[24/08/22] [03:19:31] Jack Harris give to Jack Harris - 3 - asdasasasdas
[24/08/22] [03:19:33] Jack Harris give to Jack Harris - 4 - asdasasasdas
[24/08/22] [03:19:34] Jack Harris give to Jack Harris - 4 - asdasasasdas
[24/08/22] [03:19:34] Jack Harris give to Jack Harris - 4 - asdasasasdas
[24/08/22] [03:24:06] Jack Harris give to Jack Harris - 1 - asdas
[24/08/22] [03:24:08] Jack Harris give to Jack Harris - 2 - asdas
[24/08/22] [03:24:10] Jack Harris give to Jack Harris - 3 - asdas
[24/08/22] [03:24:12] Jack Harris give to Jack Harris - 5 - asdas
[24/08/22] [03:24:12] Jack Harris give to Jack Harris - 5 - asdas
[24/08/22] [03:29:07] Jack Harris give to Jack Harris - 1 - asdasdasdas
[24/08/22] [03:29:09] Jack Harris give to Jack Harris - 4 - asdasdasdas
[24/08/22] [03:29:12] Jack Harris give to Jack Harris - 0 - clear
[24/08/22] [03:29:24] Jack Harris give to Jack Harris - 4 - asddasda
[24/08/22] [03:30:15] Jack Harris give to Jack Harris - 0 - clear
[24/08/22] [03:44:38] Jack Harris give to Jack Harris - 1 - assdad
[24/08/22] [03:44:43] Jack Harris give to Jack Harris - 2 - assdad
[24/08/22] [03:44:46] Jack Harris give to Jack Harris - 4 - assdad
[24/08/22] [03:44:47] Jack Harris give to Jack Harris - 3 - assdad
[24/08/22] [03:44:48] Jack Harris give to Jack Harris - 3 - assdad
[24/08/22] [03:44:49] Jack Harris give to Jack Harris - 2 - assdad
[24/08/22] [03:44:49] Jack Harris give to Jack Harris - 2 - assdad
[24/08/22] [03:46:46] Jack Harris give to Jack Harris - 2 - assdad
[24/08/22] [03:46:48] Jack Harris give to Jack Harris - 3 - assdad
[24/08/22] [03:46:50] Jack Harris give to Jack Harris - 4 - assdad
[24/08/22] [03:47:05] Jack Harris give to Jack Harris - 1 - adas
[24/08/22] [03:47:07] Jack Harris give to Jack Harris - 10 - adas
[24/08/22] [03:50:18] Jack Harris give to Jack Harris - 1 - asasdas
[24/08/22] [03:50:20] Jack Harris give to Jack Harris - 2 - asasdas
[24/08/22] [03:50:23] Jack Harris give to Jack Harris - 3 - asasdas
[24/08/22] [03:50:25] Jack Harris give to Jack Harris - 4 - asasdas
[24/08/22] [03:50:30] Jack Harris give to Jack Harris - 0 - clear
[24/08/22] [03:50:36] Jack Harris give to Jack Harris - 5 - asasd
[24/08/22] [03:51:02] Jack Harris give to Jack Harris - 0 - clear
[24/08/22] [03:51:12] Jack Harris give to Jack Harris - 7 - 1231231
[24/08/22] [03:51:20] Jack Harris give to Jack Harris - 8 - 1231231
[24/08/22] [03:51:25] Jack Harris give to Jack Harris - 9 - 1231231
[24/08/22] [03:51:27] Jack Harris give to Jack Harris - 10 - 1231231
[24/08/22] [03:51:29] Jack Harris give to Jack Harris - 1 - 1231231
[24/08/22] [03:51:35] Jack Harris give to Jack Harris - 0 - clear
[24/08/22] [03:51:45] Jack Harris give to Jack Harris - 10 - asdas
[24/08/22] [04:05:39] Jack Harris give to Jack Harris - 1 - asdasdasd
[24/08/22] [04:05:40] Jack Harris give to Jack Harris - 2 - asdasdasd
[24/08/22] [04:05:42] Jack Harris give to Jack Harris - 2 - asdasdasd
[24/08/22] [04:05:43] Jack Harris give to Jack Harris - 3 - asdasdasd
[24/08/22] [04:05:44] Jack Harris give to Jack Harris - 3 - asdasdasd
[24/08/22] [04:05:45] Jack Harris give to Jack Harris - 3 - asdasdasd
[24/08/22] [04:05:45] Jack Harris give to Jack Harris - 3 - asdasdasd
[24/08/22] [04:05:46] Jack Harris give to Jack Harris - 4 - asdasdasd
[24/08/22] [04:05:46] Jack Harris give to Jack Harris - 4 - asdasdasd
[24/08/22] [04:05:48] Jack Harris give to Jack Harris - 5 - asdasdasd
[24/08/22] [04:15:57] Jack Harris give to Jack Harris - 1 - sadasdas
[24/08/22] [04:15:59] Jack Harris give to Jack Harris - 2 - sadasdas
[24/08/22] [04:16:01] Jack Harris give to Jack Harris - 3 - sadasdas
[24/08/22] [04:16:03] Jack Harris give to Jack Harris - 4 - sadasdas
[24/08/22] [16:42:49] Jack Harris give to Jack Harris - 3 - ASASSAD
[24/08/22] [16:49:20] Jack Harris give to Jack Harris - 0 - clear
[24/08/22] [16:49:25] Jack Harris give to Jack Harris - 5 - asd
[24/08/22] [16:49:29] Jack Harris give to Jack Harris - 4 - asd
[24/08/22] [16:49:34] Jack Harris give to Jack Harris - 1 - asd
[24/08/22] [16:49:37] Jack Harris give to Jack Harris - 0 - clear
[24/08/22] [16:49:41] Jack Harris give to Jack Harris - 10 - axdasdasd
[24/08/22] [16:49:50] Jack Harris give to Jack Harris - 9 - axdasdasd
[24/08/22] [16:49:53] Jack Harris give to Jack Harris - 0 - clear
[24/08/22] [16:49:58] Jack Harris give to Jack Harris - 10 - asdasgsdhdf
[24/08/22] [16:50:05] Jack Harris give to Jack Harris - 5 - asdasgsdhdf
[24/08/22] [16:50:09] Jack Harris give to Jack Harris - 3 - asdasgsdhdf
[24/08/22] [16:50:11] Jack Harris give to Jack Harris - 2 - asdasgsdhdf
[24/08/22] [16:50:12] Jack Harris give to Jack Harris - 2 - asdasgsdhdf
[24/08/22] [16:50:12] Jack Harris give to Jack Harris - 2 - asdasgsdhdf
[24/08/22] [16:50:14] Jack Harris give to Jack Harris - 1 - asdasgsdhdf
[24/08/22] [16:51:09] Jack Harris give to Jack Harris - 0 - clear
[24/08/22] [16:56:51] Jack Harris give to Jack Harris - 1 - Selam
[24/08/22] [17:01:06] Jack Harris give to Jack Harris - 1 - asdassa
[24/08/22] [17:01:09] Jack Harris give to Jack Harris - 2 - asdassa
[24/08/22] [17:01:11] Jack Harris give to Jack Harris - 0 - clear
[24/08/22] [17:01:15] Jack Harris give to Jack Harris - 1 - asdasdasdas
[24/08/22] [17:01:45] Jack Harris give to Jack Harris - 0 - clear
[24/08/22] [17:01:51] Jack Harris give to Jack Harris - 1 - asdasdad
[24/08/22] [17:01:56] Jack Harris give to Jack Harris - 0 - clear
[24/08/22] [17:02:02] Jack Harris give to Jack Harris - 6 - qsasd
[24/08/22] [17:02:06] Jack Harris give to Jack Harris - 7 - qsasd
[24/08/22] [17:02:08] Jack Harris give to Jack Harris - 8 - qsasd
[24/08/22] [17:02:09] Jack Harris give to Jack Harris - 9 - qsasd
[24/08/22] [17:02:11] Jack Harris give to Jack Harris - 10 - qsasd
[24/08/22] [17:02:12] Jack Harris give to Jack Harris - 1 - qsasd
[24/08/22] [17:20:12] Jack Harris give to Jack Harris - 0 - clear
[24/08/22] [17:20:16] Jack Harris give to Jack Harris - 1 - asdasda
[24/08/22] [17:20:18] Jack Harris give to Jack Harris - 2 - asdasda
[24/08/22] [17:20:19] Jack Harris give to Jack Harris - 3 - asdasda
[24/08/22] [17:20:21] Jack Harris give to Jack Harris - 4 - asdasda
[24/08/22] [17:21:41] Jack Harris give to Jack Harris - 4 - asdas
[24/08/22] [17:21:45] Jack Harris give to Jack Harris - 0 - clear
[24/08/22] [17:21:49] Jack Harris give to Jack Harris - 10 - asdasd
[24/08/22] [17:21:55] Jack Harris give to Jack Harris - 9 - asdasd
[24/08/22] [17:21:57] Jack Harris give to Jack Harris - 8 - asdasd
[24/08/22] [17:21:59] Jack Harris give to Jack Harris - 7 - asdasd
[24/08/22] [17:22:00] Jack Harris give to Jack Harris - 6 - asdasd
[24/08/22] [17:22:01] Jack Harris give to Jack Harris - 5 - asdasd
[24/08/22] [17:22:03] Jack Harris give to Jack Harris - 4 - asdasd
[24/08/22] [17:22:04] Jack Harris give to Jack Harris - 3 - asdasd
[24/08/22] [17:22:06] Jack Harris give to Jack Harris - 2 - asdasd
[24/08/22] [17:22:07] Jack Harris give to Jack Harris - 1 - asdasd
[24/08/22] [18:38:49] Jack Harris give to Jack Harris - 2 - asasasd
[24/08/22] [18:38:51] Jack Harris give to Jack Harris - 3 - asasasd
[24/08/22] [18:38:52] Jack Harris give to Jack Harris - 3 - asasasd
[24/08/22] [18:38:54] Jack Harris give to Jack Harris - 0 - clear
[24/08/22] [21:44:32] Jack Harris give to Jack Harris - 3 - asdasd
[24/08/22] [23:38:22] Antu Donmez give to Jack Marris - 0 - clear
[25/08/22] [23:58:46] Abbas Devir give to Emre Kurt - 10 - ..
[26/08/22] [00:00:25] Abbas Devir give to Firat Donmez - 10 - ..
[26/08/22] [00:07:32] Abbas Devir give to Emre Kurt - 0 - clear
[26/08/22] [00:07:44] Abbas Devir give to Abbas Devir - 5 - ..
[26/08/22] [00:07:47] Abbas Devir give to Abbas Devir - 10 - ..
[26/08/22] [00:07:49] Abbas Devir give to Abbas Devir - 0 - clear
[26/08/22] [20:41:09] Mert Diler give to Mert Diler - 1 - can sıkıntısı
[26/08/22] [21:02:12] Mert Diler give to Mert Diler - 0 - clear
[28/08/22] [20:32:41] Jack Harris adlı kişi Jack Harris hakkında arama çıkardı. - 1 - ASDASDASDSA
[28/08/22] [20:32:43] Jack Harris adlı kişi Jack Harris hakkında arama çıkardı. - 3 - ASDASDASDSA
[28/08/22] [20:32:47] Jack Harris adlı kişi Jack Harris hakkında arama çıkardı. - 5 - ASDASDASDSA
[28/08/22] [20:41:08] Mert Diler adlı kişi Jack Marris hakkında arama çıkardı. - 1 - Madde 28
[28/08/22] [20:41:42] Mert Diler adlı kişi Jack Marris hakkında arama çıkardı. - 0 - clear
[30/08/22] [11:24:06] Fuat Kocaeli adlı kişi Fuat Kocaeli hakkında arama çıkardı. - 1 - dgsdg
[30/08/22] [11:24:13] Fuat Kocaeli adlı kişi Fuat Kocaeli hakkında arama çıkardı. - 0 - clear
