[06/08/22] [22:34:11] Jack Harris (66923) 0
[06/08/22] [22:34:22] Antu Donmez (66922) 0
[06/08/22] [23:24:16] Naqasake Xochiquetzal (4) kill by Antu Donmez (1) 2725352035 [60.09015655517578, -1065.598388671875, 29.427873611450195]
[06/08/22] [23:24:23] Shybw Lone (2) 0
[06/08/22] [23:30:40] Jack Harriq (3) 0
[06/08/22] [23:31:36] Naqasake Xochiquetzal (4) 0
[06/08/22] [23:40:09] Shybw Lone (2) 3452007600
[07/08/22] [04:12:40] Antu Donmez (1) kill by Antu Donmez (1) 2741846334 [-440.60980224609375, 679.09912109375, 152.0209197998047]
[07/08/22] [04:14:13] Jack Harriq (3) 3452007600
[07/08/22] [14:21:32] Antu Donmez (1) kill by Naqasake Xochiquetzal (4) 100416529 [-142.0705108642578, -921.0706176757812, 385.1761169433594]
[07/08/22] [14:22:44] Naqasake Xochiquetzal (4) 3452007600
[07/08/22] [14:51:08] Firat Donmez (6) kill by Naqasake Xochiquetzal (4) 2228681469 [760.962158203125, -652.80322265625, 37.99443435668945]
[07/08/22] [14:51:50] Firat Donmez (6) kill by Naqasake Xochiquetzal (4) 2228681469 [546.4666748046875, -851.145751953125, 40.7898063659668]
[07/08/22] [15:03:38] Jack Harriq (3) 0
[07/08/22] [15:07:46] Firat Donmez (6) kill by Jack Harriq (3) 100416529 [-70.5794906616211, -1142.283447265625, 25.825363159179688]
[07/08/22] [15:12:20] Firat Donmez (6) 0
[07/08/22] [15:13:18] Firat Donmez (6) 0
[07/08/22] [15:13:38] Firat Donmez (6) 0
[07/08/22] [15:14:46] Firat Donmez (6) 3452007600
[07/08/22] [15:18:39] Jack Harriq (3) 0
[07/08/22] [15:18:53] Firat Donmez (6) 3452007600
[07/08/22] [15:32:20] Antu Donmez (1) 3452007600
[07/08/22] [19:57:37] Mert Diler (8) kill by Jack Harriq (3) 2741846334 [-2636.76806640625, 1991.2198486328125, 121.09022521972656]
[07/08/22] [19:59:49] Antu Donmez (1) 3452007600
[07/08/22] [20:13:02] Jack Harriq (3) 0
[07/08/22] [20:14:55] Mert Diler (8) 3452007600
[07/08/22] [22:19:08] Jack Harriq (3) 0
[07/08/22] [22:32:09] Naqasake Xochiquetzal (4) 3452007600
[07/08/22] [22:46:57] Shybw Lone (2) kill by Shybw Lone (2) 539292904 [-400.578857421875, -307.1410827636719, 59.28752136230469]
[07/08/22] [22:58:03] Naqasake Xochiquetzal (4) 539292904
[07/08/22] [22:58:03] Naqasake Xochiquetzal (4) kill by Naqasake Xochiquetzal (4) 539292904 [-754.5147705078125, 307.8341369628906, 198.32058715820312]
[07/08/22] [23:01:07] Naqasake Xochiquetzal (4) kill by Fuat Kocaeli (10) 2741846334 [240.97581481933594, -562.5919189453125, 42.828834533691406]
[07/08/22] [23:17:57] Naqasake Xochiquetzal (4) kill by Naqasake Xochiquetzal (4) 539292904 [2019.1162109375, 1462.3262939453125, 76.93799591064453]
[07/08/22] [23:17:57] Naqasake Xochiquetzal (4) kill by Naqasake Xochiquetzal (4) 539292904 [2016.061279296875, 1456.287841796875, 77.13117218017578]
[07/08/22] [23:19:34] Naqasake Xochiquetzal (4) 0
[07/08/22] [23:24:36] Ozgur Baba (7) kill by Jack Harriq (3) 2741846334 [320.0309753417969, -1317.374267578125, 41.29389953613281]
[07/08/22] [23:25:55] Jack Harriq (3) kill by Jack Harriq (3) 539292904 [-302.2442321777344, 630.4660034179688, 192.95169067382812]
[07/08/22] [23:25:55] Jack Harriq (3) kill by Jack Harriq (3) 539292904 [-302.2442321777344, 630.4660034179688, 192.95169067382812]
[08/08/22] [00:15:34] Antu Donmez (1) 3452007600
[08/08/22] [00:16:53] Naqasake Xochiquetzal (4) kill by Naqasake Xochiquetzal (4) 3452007600 [-2803.732421875, 2408.6708984375, 0.20237945020198822]
[08/08/22] [00:18:42] Antu Donmez (1) kill by Antu Donmez (1) 133987706 [1142.9947509765625, -935.099609375, 49.25293731689453]
[08/08/22] [00:32:16] Naqasake Xochiquetzal (4) kill by Naqasake Xochiquetzal (4) 133987706 [-310.73638916015625, -2646.14892578125, 6.108015060424805]
[08/08/22] [00:59:44] Fuat Kocaeli (10) kill by Fuat Kocaeli (10) 133987706 [398.0274658203125, -667.7488403320312, 29.039527893066406]
[08/08/22] [02:59:50] Shybw Lone (2) kill by Shybw Lone (2) 133987706 [-123.03691864013672, 56.97850799560547, 70.51426696777344]
[08/08/22] [03:02:10] Shybw Lone (2) kill by Shybw Lone (2) 133987706 [-480.3187255859375, 1.260477066040039, 45.997074127197266]
[08/08/22] [22:36:20] Shybw Lone (2) kill by Antu Donmez (1) 2725352035 [125.60704803466797, -531.9552612304688, 42.47489929199219]
[08/08/22] [22:36:21] Antu Donmez (1) kill by Antu Donmez (1) 2741846334 [125.65476989746094, -531.3549194335938, 42.40571594238281]
[08/08/22] [22:37:12] Antu Donmez (1) kill by Shybw Lone (2) 177293209 [81.53670501708984, -610.3807983398438, 44.26064682006836]
[08/08/22] [22:51:47] Jack Harriq (3) kill by Shybw Lone (2) 2741846334 [-2266.4248046875, 2924.138427734375, 32.51174545288086]
[08/08/22] [22:52:28] Jack Harriq (3) kill by Shybw Lone (2) 2982836145 [-2088.846435546875, 2862.188720703125, 32.810447692871094]
[08/08/22] [22:55:38] Jack Harriq (3) kill by Shybw Lone (2) 177293209 [-661.7484741210938, -843.0419311523438, 24.466445922851562]
[08/08/22] [22:55:56] Antu Donmez (1) kill by Shybw Lone (2) 177293209 [-662.6281127929688, -851.5628051757812, 24.428176879882812]
[09/08/22] [00:12:16] Emre Kurt (15) kill by Shybw Lone (2) 177293209 [922.3424682617188, 52.164764404296875, 80.89846801757812]
[09/08/22] [00:15:11] Firat Donmez (6) kill by Naqasake Xochiquetzal (4) 177293209 [871.8041381835938, 55.55122756958008, 77.8446273803711]
[09/08/22] [00:15:21] Emre Kurt (15) 3452007600
[09/08/22] [00:15:40] Emre Kurt (15) 3452007600
[09/08/22] [00:16:21] Emre Kurt (15) 3452007600
[09/08/22] [00:16:32] Emre Kurt (15) 3452007600
[09/08/22] [00:16:49] Emre Kurt (15) 3452007600
[09/08/22] [00:16:49] Naqasake Xochiquetzal (4) 0
[09/08/22] [00:17:00] Emre Kurt (15) 3452007600
[09/08/22] [00:17:11] Emre Kurt (15) 3452007600
[09/08/22] [00:17:21] Naqasake Xochiquetzal (4) 0
[09/08/22] [00:17:23] Emre Kurt (15) 3452007600
[09/08/22] [00:28:09] Emre Kurt (15) 3452007600
[09/08/22] [00:28:19] Emre Kurt (15) 3452007600
[09/08/22] [00:28:29] Emre Kurt (15) 3452007600
[09/08/22] [00:28:41] Emre Kurt (15) 3452007600
[09/08/22] [00:28:51] Emre Kurt (15) 3452007600
[09/08/22] [00:29:40] Emre Kurt (15) 3452007600
[09/08/22] [00:29:53] Emre Kurt (15) 3452007600
[09/08/22] [00:35:13] Emre Kurt (15) 3452007600
[09/08/22] [01:14:30] Naqasake Xochiquetzal (4) kill by Shybw Lone (2) 2982836145 [-1077.4578857421875, 2704.169189453125, 20.86179542541504]
[09/08/22] [01:15:31] Fuat Kocaeli (13) kill by Shybw Lone (2) 2982836145 [408.8989562988281, -992.9285888671875, 29.266632080078125]
[09/08/22] [01:27:51] Fuat Kocaeli (13) 0
[09/08/22] [01:29:55] Naqasake Xochiquetzal (4) 539292904
[09/08/22] [01:29:55] Naqasake Xochiquetzal (4) kill by Naqasake Xochiquetzal (4) 539292904 [-2517.833740234375, 3199.58740234375, 38.936058044433594]
[09/08/22] [01:32:07] Naqasake Xochiquetzal (4) 539292904
[09/08/22] [01:32:08] Naqasake Xochiquetzal (4) kill by Naqasake Xochiquetzal (4) 539292904 [-2574.14599609375, 3354.462646484375, 13.442739486694336]
[09/08/22] [01:36:55] Naqasake Xochiquetzal (4) 539292904
[09/08/22] [01:36:55] Naqasake Xochiquetzal (4) kill by Naqasake Xochiquetzal (4) 539292904 [934.89990234375, -3133.982421875, 5.900803089141846]
[09/08/22] [01:38:51] Naqasake Xochiquetzal (4) kill by Naqasake Xochiquetzal (4) 539292904 [-724.1878051757812, -1933.1224365234375, 17.876747131347656]
[09/08/22] [01:38:51] Naqasake Xochiquetzal (4) kill by Naqasake Xochiquetzal (4) 539292904 [-724.1878051757812, -1933.1224365234375, 17.876747131347656]
[09/08/22] [01:45:01] Naqasake Xochiquetzal (4) 0
[09/08/22] [19:17:31] Antu Donmez (3) kill by Jack Harris (1) 2741846334 [922.9826049804688, 61.087974548339844, 80.57012939453125]
[09/08/22] [20:56:18] Fuat Kocaeli (5) 3452007600
[09/08/22] [21:08:11] Jack Harris (1) 4284007675
[09/08/22] [22:25:18] Ahmet Tufan (6) 3452007600
[09/08/22] [22:57:09] Antu Donmez (3) 0
[09/08/22] [22:59:20] Jack Harris (1) kill by Jack Harris (1) 133987706 [6.637446880340576, -1156.4918212890625, 27.84309959411621]
[09/08/22] [23:02:49] Antu Donmez (3) kill by Jack Harris (1) 2741846334 [147.93846130371094, -725.3966064453125, 34.054290771484375]
[09/08/22] [23:11:16] Antu Donmez (3) kill by Antu Donmez (3) 133987706 [667.59912109375, -1421.7099609375, 30.487468719482422]
[09/08/22] [23:25:03] Ahmet Tufan (6) 3452007600
[09/08/22] [23:25:13] Ahmet Tufan (6) 0
[10/08/22] [14:52:47] Jack Harris (1) 3452007600
[10/08/22] [14:54:38] Jack Harris (1) 3452007600
[10/08/22] [14:54:47] Jack Harris (1) 0
[10/08/22] [14:56:08] Jack Harris (1) 0
[10/08/22] [15:01:21] Jack Harris (1) kill by Jack Harris (1) 539292904 [170.09494018554688, -1551.453125, 29.261768341064453]
[10/08/22] [21:28:56] Antu Donmez (3) kill by Naqasake Komutan (9) 2741846334 [-2363.08251953125, 3343.748046875, 32.4827880859375]
[10/08/22] [21:29:26] Fuat Kocaeli (5) 3452007600
[10/08/22] [22:19:24] Ahmet Tufan (6) 3452007600
[10/08/22] [22:36:35] Asena Cakiroglu (10) kill by Naqasake Komutan (9) 133987706 [-132.35861206054688, -223.57730102539062, 44.10042190551758]
[10/08/22] [22:36:35] Naqasake Komutan (9) kill by Naqasake Komutan (9) 2741846334 [-131.84823608398438, -223.5066375732422, 43.982025146484375]
[10/08/22] [22:47:08] Jack Harris (1) kill by Jack Harris (1) 133987706 [-46.74163055419922, -749.4886474609375, 43.83099365234375]
[11/08/22] [00:02:51] Jack Harris (1) 0
[11/08/22] [00:03:42] Jack Harris (1) kill by Emre Kurt (7) 2725352035 [-2280.735595703125, 1775.29345703125, 252.65504455566406]
[11/08/22] [00:04:39] Emre Kurt (7) 3452007600
[11/08/22] [00:20:39] Emre Kurt (7) 3452007600
[11/08/22] [00:30:38] Ahmet Tufan (6) 0
[11/08/22] [00:32:37] Ahmet Tufan (6) 0
[11/08/22] [00:35:43] Fuat Kocaeli (5) 3452007600
[11/08/22] [00:38:37] Fuat Kocaeli (5) kill by Shybw Lone (11) 3249783761 [434.02703857421875, -1016.0814819335938, 28.810354232788086]
[11/08/22] [00:50:13] Fuat Kocaeli (5) 3452007600
[11/08/22] [01:00:41] Emre Kurt (7) 0
[11/08/22] [02:18:20] Jack Harris (1) 3452007600
[11/08/22] [02:35:57] Naqasake Komutan (9) 3452007600
[11/08/22] [02:37:18] Naqasake Komutan (9) 3452007600
[11/08/22] [02:38:01] Jack Harris (1) 3452007600
[11/08/22] [02:38:11] Jack Harris (1) 0
[11/08/22] [02:42:43] Emre Kurt (7) 3452007600
[11/08/22] [02:46:08] Emre Kurt (7) 3452007600
[11/08/22] [02:53:02] Jack Harris (1) 3452007600
[11/08/22] [02:53:13] Naqasake Komutan (9) 3452007600
[11/08/22] [03:24:41] Halis Mulis (14) 3452007600
[11/08/22] [03:54:37] Naqasake Komutan (9) 539292904
[11/08/22] [03:55:57] Naqasake Komutan (9) 539292904
[11/08/22] [03:56:14] Naqasake Komutan (9) 3452007600
[11/08/22] [03:57:22] Jack Harris (1) 3452007600
[11/08/22] [04:15:10] Naqasake Komutan (9) 2741846334
[11/08/22] [04:15:36] Naqasake Komutan (9) 3452007600
[11/08/22] [15:42:14] Naqasake Komutan (9) kill by Jack Harris (1) 2971687502 [-119.19739532470703, 6405.54833984375, 31.4591064453125]
[11/08/22] [16:01:10] Naqasake Komutan (9) 0
[11/08/22] [16:04:53] Mehmet Ekinci (15) 3452007600
[11/08/22] [16:09:41] Mehmet Ekinci (15) 539292904
[11/08/22] [16:16:01] Fuat Kocaeli (5) 2741846334
[11/08/22] [16:53:19] Mehmet Ekinci (8) 0
[11/08/22] [17:02:35] Antu Donmez (3) 3452007600
[11/08/22] [17:02:40] Naqasake Komutan (9) kill by Naqasake Komutan (9) 3452007600 [-651.4175415039062, -849.0555419921875, 24.298763275146484]
[11/08/22] [17:02:52] Naqasake Komutan (9) kill by Jack Harris (1) 2741846334 [-650.68017578125, -847.0736694335938, 24.156503677368164]
[11/08/22] [17:03:05] Ahmet Tufan (6) kill by Jack Harris (1) 2741846334 [-649.8720092773438, -834.0450439453125, 24.378786087036133]
[11/08/22] [17:03:19] Mehmet Ekinci (8) 3452007600
[11/08/22] [17:04:03] Mehmet Ekinci (8) 0
[11/08/22] [17:04:15] Naqasake Komutan (9) kill by Naqasake Komutan (9) 133987706 [578.9832153320312, -1465.2608642578125, 28.14322280883789]
[11/08/22] [17:14:01] Mehmet Ekinci (8) kill by Naqasake Komutan (9) 2971687502 [-334.08203125, -2206.63232421875, 248.93016052246094]
[11/08/22] [17:15:52] Mehmet Ekinci (8) 3452007600
[11/08/22] [17:56:05] Antu Donmez (3) 0
[11/08/22] [17:56:26] Antu Donmez (3) 0
[11/08/22] [17:56:52] Jack Harris (1) 0
[11/08/22] [18:01:02] Jack Harris (1) 0
[11/08/22] [18:07:32] Jack Harris (1) 0
[11/08/22] [18:08:48] Jack Harris (1) 3452007600
[11/08/22] [18:34:04] Naqasake Komutan (9) 3452007600
[11/08/22] [18:35:15] Naqasake Komutan (9) kill by Naqasake Komutan (9) 133987706 [2042.916259765625, 6135.34912109375, 49.331050872802734]
[11/08/22] [18:37:00] Naqasake Komutan (9) kill by Jack Harris (1) 2725352035 [809.520263671875, -1186.8077392578125, 45.666351318359375]
[11/08/22] [18:37:26] Jack Harris (1) kill by Naqasake Komutan (9) 2725352035 [811.3469848632812, -1186.539794921875, 45.65304183959961]
[11/08/22] [18:38:31] Antu Donmez (3) kill by Antu Donmez (3) 133987706 [-2488.29833984375, -222.74314880371094, 17.38509750366211]
[11/08/22] [18:38:56] Antu Donmez (3) kill by Antu Donmez (3) 2741846334 [-2046.7078857421875, -375.3099670410156, 10.753771781921387]
[11/08/22] [18:46:07] Antu Donmez (3) kill by Naqasake Komutan (9) 2971687502 [-222.3836212158203, 6317.701171875, 141.0196990966797]
[11/08/22] [18:46:16] Antu Donmez (3) kill by Naqasake Komutan (9) 2971687502 [-59.23723602294922, 6476.828125, 202.63858032226562]
[11/08/22] [18:47:30] Antu Donmez (3) kill by Naqasake Komutan (9) 2971687502 [-477.83758544921875, 6003.96923828125, 31.7042236328125]
[11/08/22] [18:47:41] Antu Donmez (3) kill by Naqasake Komutan (9) 2971687502 [-475.0968322753906, 6002.0322265625, 61.269935607910156]
[11/08/22] [18:47:51] Antu Donmez (3) kill by Naqasake Komutan (9) 2971687502 [-365.12799072265625, 5909.41796875, 103.4718017578125]
[11/08/22] [18:48:01] Antu Donmez (3) kill by Naqasake Komutan (9) 2971687502 [-339.09637451171875, 6002.453125, 115.28080749511719]
[11/08/22] [18:48:11] Antu Donmez (3) kill by Naqasake Komutan (9) 2971687502 [-112.79972839355469, 6269.48095703125, 143.40528869628906]
[11/08/22] [19:45:14] Naqasake Komutan (9) 4284007675
[12/08/22] [12:07:39] Mehmet Ekinci (8) kill by Mehmet Ekinci (8) 133987706 [-3009.731689453125, 179.71176147460938, 15.93745231628418]
[12/08/22] [12:15:16] Noyan Cakiroglu (16) 0
[12/08/22] [12:15:34] Noyan Cakiroglu (16) 0
[12/08/22] [12:15:43] Noyan Cakiroglu (16) kill by Naqasake Komutan (9) 2725352035 [1642.65087890625, 2572.90673828125, 45.564876556396484]
[12/08/22] [12:16:25] Noyan Cakiroglu (16) 0
[12/08/22] [12:25:17] Noyan Cakiroglu (16) 3452007600
[12/08/22] [12:25:44] Noyan Cakiroglu (16) kill by Naqasake Komutan (9) 741814745 [-139.06997680664062, -986.5123291015625, 296.2057189941406]
[12/08/22] [12:26:23] Noyan Cakiroglu (16) kill by Naqasake Komutan (9) 741814745 [-87.03556060791016, -963.0316162109375, 345.3085632324219]
[12/08/22] [12:29:42] Noyan Cakiroglu (16) 3452007600
[12/08/22] [12:44:01] Noyan Cakiroglu (16) 3452007600
[12/08/22] [12:44:07] Noyan Cakiroglu (16) 3452007600
[12/08/22] [12:46:14] Noyan Cakiroglu (16) 0
[12/08/22] [12:47:35] Noyan Cakiroglu (16) kill by Naqasake Komutan (9) 2741846334 [93.80548858642578, -1018.625, 28.75973892211914]
[12/08/22] [12:51:46] Noyan Cakiroglu (16) kill by Naqasake Komutan (9) 2228681469 [323.02679443359375, -737.0260009765625, 29.351783752441406]
[12/08/22] [12:52:07] Noyan Cakiroglu (16) kill by Naqasake Komutan (9) 2228681469 [310.4579772949219, -756.9207763671875, 29.240707397460938]
[12/08/22] [12:55:44] Noyan Cakiroglu (16) kill by Naqasake Komutan (9) 3800352039 [311.2532958984375, -755.3333740234375, 29.256715774536133]
[12/08/22] [12:57:15] Noyan Cakiroglu (16) kill by Naqasake Komutan (9) 2228681469 [315.6391906738281, -753.95263671875, 29.349895477294922]
[12/08/22] [12:57:34] Noyan Cakiroglu (16) kill by Naqasake Komutan (9) 2228681469 [307.86614990234375, -768.1740112304688, 29.299161911010742]
[12/08/22] [12:58:30] Noyan Cakiroglu (16) kill by Naqasake Komutan (9) 2228681469 [303.0853576660156, -700.2534790039062, 55.810691833496094]
[12/08/22] [12:59:10] Noyan Cakiroglu (16) kill by Naqasake Komutan (9) 2228681469 [316.62591552734375, -661.7433471679688, 33.33543014526367]
[12/08/22] [13:02:08] Noyan Cakiroglu (16) kill by Naqasake Komutan (9) 2228681469 [346.5072326660156, -681.36865234375, 29.345003128051758]
[12/08/22] [13:13:16] Noyan Cakiroglu (16) kill by Noyan Cakiroglu (16) 133987706 [-235.2399139404297, -1432.6884765625, 31.05279541015625]
[12/08/22] [13:15:42] Noyan Cakiroglu (16) kill by Naqasake Komutan (9) 3800352039 [-114.53502655029297, -1122.57373046875, 25.619831085205078]
[12/08/22] [13:17:24] Antu Donmez (3) kill by Naqasake Komutan (9) 3800352039 [790.986083984375, -2994.689453125, 22.590959548950195]
[12/08/22] [13:39:40] Jack Harris (1) 0
[12/08/22] [13:39:42] Antu Donmez (3) 0
[12/08/22] [13:40:45] Noyan Cakiroglu (16) 0
[12/08/22] [13:42:00] Antu Donmez (3) 0
[12/08/22] [13:42:08] Jack Harris (1) 0
[12/08/22] [13:49:37] Noyan Cakiroglu (16) 0
[12/08/22] [13:52:14] Antu Donmez (3) 0
[12/08/22] [13:52:49] Noyan Cakiroglu (16) 0
[12/08/22] [13:53:50] Antu Donmez (3) 0
[12/08/22] [13:56:03] Noyan Cakiroglu (16) 0
[12/08/22] [13:57:32] Noyan Cakiroglu (16) 0
[12/08/22] [14:47:15] Fuat Kocaeli (5) 3452007600
[12/08/22] [14:48:11] Fuat Kocaeli (5) 0
[12/08/22] [15:01:06] Fuat Kocaeli (5) 3452007600
[12/08/22] [15:09:23] Antu Donmez (3) 0
[12/08/22] [15:09:30] Jack Harris (1) 0
[12/08/22] [15:17:49] Fuat Kocaeli (5) kill by Fuat Kocaeli (5) 133987706 [193.32606506347656, -281.3638000488281, 47.10569381713867]
[12/08/22] [15:22:17] Fuat Kocaeli (5) kill by Fuat Kocaeli (5) 133987706 [-1050.689697265625, -3238.760498046875, 15.767965316772461]
[12/08/22] [15:22:51] Jack Harris (1) kill by Jack Harris (1) 2741846334 [1366.959228515625, 6490.73095703125, 19.876506805419922]
[12/08/22] [15:23:50] Jack Harris (1) 3452007600
[12/08/22] [15:26:28] Jack Harris (1) 3452007600
[12/08/22] [15:26:50] Jack Harris (1) 3452007600
[12/08/22] [15:27:47] Jack Harris (1) 3452007600
[12/08/22] [16:40:37] Jack Harris (1) 3452007600
[12/08/22] [17:25:33] Mehmet Ekinci (8) kill by Abbas Devir (17) 2741846334 [811.5101928710938, -339.0538635253906, 53.6329460144043]
[12/08/22] [17:26:01] Abbas Devir (17) kill by Abbas Devir (17) 133987706 [500.9483947753906, -643.1891479492188, 24.580829620361328]
[12/08/22] [17:27:30] Abbas Devir (17) kill by Ahmet Tufan (6) 2725352035 [507.1434020996094, -651.5827026367188, 24.75115394592285]
[12/08/22] [17:28:40] Abbas Devir (17) 0
[12/08/22] [17:35:27] Fuat Kocaeli (5) kill by Ahmet Tufan (6) 584646201 [-2244.30712890625, 2976.0732421875, 32.81035232543945]
[12/08/22] [17:36:37] Abbas Devir (17) kill by Ahmet Tufan (6) 584646201 [-2608.05615234375, 3232.427734375, 32.81175231933594]
[12/08/22] [17:43:00] Mehmet Ekinci (8) kill by Abbas Devir (17) 205991906 [-2573.5009765625, 3182.048095703125, 32.81604766845703]
[12/08/22] [17:43:02] Jack Harris (1) kill by Abbas Devir (17) 205991906 [-2573.5771484375, 3182.0048828125, 32.8160400390625]
[12/08/22] [17:44:55] Abbas Devir (17) 3452007600
[12/08/22] [17:47:05] Abbas Devir (17) 0
[12/08/22] [17:48:44] Abbas Devir (17) 0
[12/08/22] [17:57:18] Mehmet Ekinci (8) 539292904
[12/08/22] [18:16:23] Jack Marris (18) kill by Abbas Devir (17) 584646201 [315.45684814453125, -274.1977844238281, 53.92264175415039]
[12/08/22] [18:24:44] Jack Marris (18) 3452007600
[12/08/22] [18:26:36] Jack Marris (18) kill by Abbas Devir (17) 584646201 [-539.8764038085938, -220.8613739013672, 37.64847183227539]
[12/08/22] [18:34:14] Jack Marris (18) 0
[12/08/22] [18:52:10] Jack Harris (1) 0
[12/08/22] [18:57:25] Jack Harris (1) 3452007600
[12/08/22] [19:00:45] Mehmet Ekinci (8) kill by Abbas Devir (17) 984333226 [-294.5133056640625, -859.2036743164062, 31.764171600341797]
[12/08/22] [19:10:42] Mehmet Ekinci (8) 0
[12/08/22] [19:10:54] Antu Donmez (3) kill by Abbas Devir (17) 984333226 [-641.0619506835938, -809.0052490234375, 25.082965850830078]
[12/08/22] [19:10:59] Antu Donmez (3) kill by Abbas Devir (17) 984333226 [-641.5628051757812, -805.0775756835938, 25.112409591674805]
[12/08/22] [19:11:04] Antu Donmez (3) kill by Abbas Devir (17) 984333226 [-641.2730102539062, -800.3704833984375, 25.163551330566406]
[12/08/22] [19:11:14] Mehmet Ekinci (8) kill by Abbas Devir (17) 984333226 [-637.428466796875, -803.489990234375, 25.205276489257812]
[12/08/22] [19:11:33] Antu Donmez (3) kill by Abbas Devir (17) 984333226 [-640.798095703125, -842.2600708007812, 24.848291397094727]
[12/08/22] [19:11:43] Abbas Devir (17) 3452007600
[12/08/22] [19:11:56] Antu Donmez (3) 0
[12/08/22] [19:12:12] Abbas Devir (17) 3452007600
[12/08/22] [19:13:10] Antu Donmez (3) 3452007600
[12/08/22] [19:31:50] Mehmet Ekinci (8) 3452007600
[12/08/22] [19:44:34] Antu Donmez (3) 3452007600
[12/08/22] [20:27:47] Antu Donmez (3) 0
[12/08/22] [21:22:03] Jack Harris (1) 539292904
[12/08/22] [21:26:34] Jack Harris (1) 539292904
[12/08/22] [23:07:21] Jack Harris (1) 539292904
[12/08/22] [23:10:39] Ozgur Baba (12) 0
[12/08/22] [23:17:39] Jack Harris (1) kill by Jack Harris (1) 328167896 [-1118.068359375, -3219.74462890625, 14.023228645324707]
[12/08/22] [23:30:48] Jack Harris (1) 2741846334
[12/08/22] [23:35:16] Ozgur Baba (12) 0
[12/08/22] [23:44:00] Emre Kurt (7) kill by Ozgur Baba (12) 2741846334 [753.4375, 107.71358489990234, 78.91192626953125]
[12/08/22] [23:49:42] Jack Harris (1) kill by Ozgur Baba (12) 2725352035 [760.1624755859375, 111.3857421875, 78.92845153808594]
[12/08/22] [23:50:26] Ozgur Baba (12) kill by Jack Harris (1) 2741846334 [737.6900634765625, 68.00996398925781, 82.03223419189453]
[12/08/22] [23:52:12] Jack Harris (1) 539292904
[12/08/22] [23:54:24] Ozgur Baba (12) 3452007600
[12/08/22] [23:56:08] Shybw Lone (11) kill by Shybw Lone (11) 539292904 [-108.26393127441406, -832.1235961914062, 136.81442260742188]
[12/08/22] [23:56:15] Ozgur Baba (12) 3452007600
[13/08/22] [00:04:11] Shybw Lone (11) 3452007600
[13/08/22] [00:12:34] Jack Harris (1) kill by Ozgur Baba (12) 539292904 [770.0791015625, 126.62752532958984, 79.00174713134766]
[13/08/22] [00:13:42] Mehmet Ekinci (8) kill by Mehmet Ekinci (8) 539292904 [903.3202514648438, 499.16131591796875, 125.55663299560547]
[13/08/22] [00:16:49] Mehmet Ekinci (8) kill by Mehmet Ekinci (8) 539292904 [747.4987182617188, -52.16596221923828, 77.20838928222656]
[13/08/22] [00:17:32] Jack Harris (1) kill by Jack Harris (1) 539292904 [588.25439453125, 177.5140838623047, 136.32357788085938]
[13/08/22] [00:21:51] Mehmet Ekinci (8) kill by Shybw Lone (11) 2982836145 [968.2113037109375, 265.3179931640625, 81.38551330566406]
[13/08/22] [00:22:01] Mehmet Ekinci (8) kill by Shybw Lone (11) 2982836145 [976.0043334960938, 255.519287109375, 80.71131896972656]
[13/08/22] [00:22:55] Naqasake Komutan (9) 3452007600
[13/08/22] [00:28:12] Mehmet Ekinci (8) kill by Shybw Lone (11) 1945616459 [721.9107055664062, 48.39545822143555, 83.92367553710938]
[13/08/22] [00:28:23] Mehmet Ekinci (8) kill by Shybw Lone (11) 1945616459 [710.925048828125, 44.0013313293457, 84.42229461669922]
[13/08/22] [00:28:28] Mehmet Ekinci (8) kill by Shybw Lone (11) 1945616459 [709.2666015625, 40.74171447753906, 84.2198486328125]
[13/08/22] [00:30:13] Jack Harris (1) kill by Shybw Lone (11) 1945616459 [706.39599609375, 37.794090270996094, 84.22248077392578]
[13/08/22] [00:31:59] Mehmet Ekinci (8) kill by Shybw Lone (11) 1945616459 [740.7423706054688, 7.557074546813965, 65.53117370605469]
[13/08/22] [00:52:31] Naqasake Komutan (9) 3452007600
[13/08/22] [00:59:23] Fuat Kocaeli (5) 2971687502
[13/08/22] [01:08:47] Ozgur Baba (12) 539292904
[13/08/22] [01:11:31] Naqasake Komutan (9) 539292904
[13/08/22] [01:20:08] Ozgur Baba (12) 3452007600
[13/08/22] [01:21:09] Jack Harris (1) 3452007600
[13/08/22] [01:22:44] Ozgur Baba (12) 3452007600
[13/08/22] [01:23:12] Ozgur Baba (12) 3452007600
[13/08/22] [01:26:34] Ozgur Baba (12) 3452007600
[13/08/22] [01:39:10] Naqasake Komutan (9) kill by Ozgur Baba (12) 2741846334 [-440.1778259277344, 5941.74755859375, 31.60369300842285]
[13/08/22] [01:39:12] Fuat Kocaeli (5) 3452007600
[13/08/22] [01:40:15] Fuat Kocaeli (5) 3452007600
[13/08/22] [01:40:50] Ozgur Baba (12) 3452007600
[13/08/22] [01:41:20] Jack Harris (1) 3452007600
[13/08/22] [01:44:58] Ozgur Baba (12) 3452007600
[13/08/22] [01:45:22] Jack Harris (1) 3452007600
[13/08/22] [01:49:00] Ozgur Baba (12) 3452007600
[13/08/22] [01:56:16] Jack Harris (1) 3452007600
[13/08/22] [02:07:39] Jack Harris (1) 3452007600
[13/08/22] [02:42:18] Ozgur Baba (12) 3452007600
[13/08/22] [03:00:06] Jack Harris (1) 3452007600
[13/08/22] [03:04:11] Emre Kurt (7) 539292904
[13/08/22] [03:11:31] Emre Kurt (7) 3452007600
[13/08/22] [03:23:15] Abbas Devir (17) kill by Emre Kurt (7) 785467445 [-2440.949951171875, 3128.2177734375, 36.928157806396484]
[13/08/22] [03:36:17] Emre Kurt (7) 3452007600
[13/08/22] [03:36:32] Emre Kurt (7) 0
[13/08/22] [12:01:54] Faruk Devir (4) 0
[13/08/22] [12:17:12] Faruk Devir (4) 0
[13/08/22] [12:18:44] Faruk Devir (4) 3452007600
[13/08/22] [12:18:59] Antu Donmez (3) 3452007600
[13/08/22] [12:21:02] Antu Donmez (3) 0
[13/08/22] [12:21:09] Antu Donmez (3) 0
[13/08/22] [12:21:49] Faruk Devir (4) kill by Mehmet Ekinci (8) 2725352035 [781.5101318359375, -32.607276916503906, 80.72036743164062]
[13/08/22] [12:26:06] Faruk Devir (4) kill by Antu Donmez (3) 2741846334 [-2328.326171875, 3338.42919921875, 32.51902770996094]
[13/08/22] [12:27:45] Faruk Devir (4) kill by Antu Donmez (3) 328167896 [-2333.5, 3332.828125, 32.60643768310547]
[13/08/22] [12:27:47] Antu Donmez (3) kill by Antu Donmez (3) 328167896 [-2334.463134765625, 3331.7626953125, 32.52996826171875]
[13/08/22] [12:29:09] Antu Donmez (3) kill by Antu Donmez (3) 1945616459 [-2320.11328125, 3354.40625, 32.7987060546875]
[13/08/22] [12:39:21] Mehmet Ekinci (8) kill by Naqasake Komutan (9) 4171469727 [-2123.099365234375, 3140.146484375, 33.30876922607422]
[13/08/22] [12:44:18] Noyan Cakiroglu (16) 0
[13/08/22] [12:45:27] Noyan Cakiroglu (16) kill by Naqasake Komutan (9) 177293209 [-1948.505859375, 3295.60595703125, 47.95976257324219]
[13/08/22] [12:53:58] Noyan Cakiroglu (16) 539292904
[13/08/22] [13:01:43] Noyan Cakiroglu (16) 0
[13/08/22] [13:05:17] Noyan Cakiroglu (16) kill by Mehmet Ekinci (8) 205991906 [-2445.201416015625, 3211.57177734375, 32.82762908935547]
[13/08/22] [13:05:37] Mehmet Ekinci (8) 3452007600
[13/08/22] [13:05:48] Noyan Cakiroglu (16) kill by Naqasake Komutan (9) 3686625920 [-2422.486083984375, 3214.921142578125, 32.82766342163086]
[13/08/22] [13:14:39] Fuat Kocaeli (5) 3452007600
[13/08/22] [13:20:42] Ahmet Tufan (6) 3452007600
[13/08/22] [13:25:24] Noyan Cakiroglu (16) kill by Fuat Kocaeli (5) 2741846334 [-2729.88037109375, 3270.49462890625, 33.639976501464844]
[13/08/22] [13:27:38] Mehmet Ekinci (8) 3452007600
[13/08/22] [13:28:30] Mehmet Ekinci (8) kill by Fuat Kocaeli (5) 2971687502 [-2717.789306640625, 3259.64111328125, 33.62944793701172]
[13/08/22] [15:03:01] Jack Harris (1) 3452007600
[13/08/22] [16:16:56] Noyan Cakiroglu (16) 3452007600
[13/08/22] [16:17:08] Noyan Cakiroglu (16) 0
[13/08/22] [16:21:26] Jack Harris (1) kill by Jack Harris (1) 539292904 [2495.482421875, 818.968505859375, 104.96011352539062]
[13/08/22] [16:43:16] Emre Kurt (7) kill by Fuat Kocaeli (5) 2741846334 [-2537.233642578125, 3162.57080078125, 32.04689407348633]
[13/08/22] [16:56:25] Fuat Kocaeli (5) kill by Fuat Kocaeli (5) 539292904 [60.279640197753906, 2282.8623046875, 109.66574096679688]
[13/08/22] [17:15:07] Noyan Cakiroglu (16) 2971687502
[13/08/22] [17:59:35] Antu Donmez (3) kill by Antu Donmez (3) 133987706 [1503.8846435546875, 779.9557495117188, 77.0114517211914]
[13/08/22] [18:04:55] Antu Donmez (3) kill by Noyan Cakiroglu (16) 3425972830 [-429.5425720214844, 6040.12890625, 31.219629287719727]
[13/08/22] [18:12:32] Jack Harris (1) kill by Noyan Cakiroglu (16) 584646201 [-194.13607788085938, 6345.390625, 31.412376403808594]
[13/08/22] [18:13:16] Antu Donmez (3) kill by Mehmet Ekinci (8) 324215364 [-208.5989990234375, 6318.87646484375, 47.225467681884766]
[13/08/22] [18:13:18] Noyan Cakiroglu (16) kill by Mehmet Ekinci (8) 324215364 [-213.7904815673828, 6302.029296875, 56.65148162841797]
[13/08/22] [18:13:23] Jack Harris (1) kill by Mehmet Ekinci (8) 324215364 [-213.7904815673828, 6302.029296875, 56.65148162841797]
[13/08/22] [18:13:25] Antu Donmez (3) kill by Mehmet Ekinci (8) 324215364 [-213.7904815673828, 6302.029296875, 56.65148162841797]
[13/08/22] [18:13:34] Mehmet Ekinci (8) 3452007600
[13/08/22] [18:14:13] Mehmet Ekinci (8) 3452007600
[13/08/22] [18:14:23] Mehmet Ekinci (8) 3452007600
[13/08/22] [18:14:49] Antu Donmez (3) kill by Noyan Cakiroglu (16) 2725352035 [-180.49652099609375, 6357.15478515625, 31.478927612304688]
[13/08/22] [18:14:57] Antu Donmez (3) 0
[13/08/22] [18:15:10] Noyan Cakiroglu (16) kill by Emre Kurt (7) 324215364 [-188.13951110839844, 6354.24951171875, 31.3094482421875]
[13/08/22] [18:15:20] Antu Donmez (3) 0
[13/08/22] [18:15:44] Mehmet Ekinci (8) 0
[13/08/22] [18:15:44] Noyan Cakiroglu (16) 0
[13/08/22] [18:15:52] Mehmet Ekinci (8) 0
[13/08/22] [18:17:24] Noyan Cakiroglu (16) kill by Antu Donmez (3) 3713923289 [-179.143310546875, 6357.5595703125, 31.49431037902832]
[13/08/22] [18:17:56] Emre Kurt (7) 3452007600
[13/08/22] [18:18:09] Mehmet Ekinci (8) 0
[13/08/22] [18:18:13] Emre Kurt (7) 3452007600
[13/08/22] [18:19:16] Noyan Cakiroglu (16) kill by Mehmet Ekinci (8) 324215364 [-197.9647216796875, 6340.92919921875, 32.0496940612793]
[13/08/22] [18:19:37] Mehmet Ekinci (8) 3452007600
[13/08/22] [18:20:43] Mehmet Ekinci (8) 3452007600
[13/08/22] [18:21:02] Mehmet Ekinci (8) 0
[13/08/22] [18:21:16] Jack Harris (1) 0
[13/08/22] [18:21:40] Mehmet Ekinci (8) 0
[13/08/22] [18:21:49] Jack Harris (1) 0
[13/08/22] [18:21:59] Jack Harris (1) 0
[13/08/22] [18:26:40] Mehmet Ekinci (8) 0
[13/08/22] [18:27:12] Mehmet Ekinci (8) 0
[13/08/22] [18:27:25] Mehmet Ekinci (8) 0
[13/08/22] [18:28:49] Mehmet Ekinci (8) 0
[13/08/22] [18:29:44] Mehmet Ekinci (8) 0
[14/08/22] [12:27:37] Naqasake Komutan (9) kill by Naqasake Komutan (9) 133987706 [-2995.135986328125, 109.98229217529297, 13.918156623840332]
[14/08/22] [16:18:43] Antu Donmez (3) kill by Naqasake Komutan (9) 584646201 [-2133.98974609375, 2846.39697265625, 32.810340881347656]
[14/08/22] [16:30:37] Naqasake Komutan (9) kill by Naqasake Komutan (9) 2694266206 [-2119.393798828125, 2881.4501953125, 32.810340881347656]
[14/08/22] [18:50:39] Jack Harris (1) kill by Jack Harris (1) 3452007600 [-816.730712890625, -437.71527099609375, 44.33195114135742]
[14/08/22] [18:58:36] Antu Donmez (3) kill by Jack Harris (1) 2741846334 [-1951.1328125, 2854.241455078125, 32.559410095214844]
[14/08/22] [19:10:08] Mehmet Ekinci (8) 3452007600
[14/08/22] [19:15:57] Mehmet Ekinci (8) kill by Mehmet Ekinci (8) 133987706 [-2647.76318359375, 3135.35498046875, 33.624820709228516]
[14/08/22] [19:18:23] Antu Donmez (3) 3452007600
[14/08/22] [19:21:28] Abbas Devir (17) 3452007600
[14/08/22] [19:21:58] Jack Harris (1) 3452007600
[14/08/22] [19:22:50] Jack Harris (1) 0
[14/08/22] [19:23:00] Abbas Devir (17) kill by Jack Harris (1) 2725352035 [-2014.9755859375, 2935.659423828125, 32.80990219116211]
[14/08/22] [19:24:55] Mehmet Ekinci (8) 3452007600
[14/08/22] [19:25:09] Mehmet Ekinci (8) 3452007600
[14/08/22] [19:25:15] Mehmet Ekinci (8) 3452007600
[14/08/22] [19:42:43] Antuan Donmez (21) kill by Antuan Donmez (21) 133987706 [371.4793395996094, -224.63623046875, 57.09077835083008]
[14/08/22] [19:45:45] Jack Harris (1) kill by Jack Harris (1) 2741846334 [-209.29624938964844, 6158.70166015625, 31.24925422668457]
[14/08/22] [19:46:40] Antu Donmez (3) 3452007600
[14/08/22] [19:51:34] Ozgur Baba (12) kill by Ozgur Baba (12) 133987706 [412.4811706542969, -548.72998046875, 28.041061401367188]
[14/08/22] [20:05:12] Mehmet Ekinci (8) 3452007600
[14/08/22] [20:08:56] Fuat Kocaeli (5) 3452007600
[14/08/22] [20:11:53] Jack Harris (1) 0
[14/08/22] [20:15:13] Ozgur Baba (12) kill by Abbas Devir (17) 584646201 [-2302.87060546875, 3045.63330078125, 32.809974670410156]
[14/08/22] [20:16:52] Jack Harris (1) kill by Abbas Devir (17) 584646201 [-2301.220458984375, 3047.365478515625, 32.81002426147461]
[14/08/22] [20:20:38] Ozgur Baba (12) kill by Abbas Devir (17) 584646201 [1677.471435546875, 2501.523193359375, 45.56485366821289]
[14/08/22] [20:30:08] Ozgur Baba (12) kill by Abbas Devir (17) 584646201 [1641.18408203125, 2555.059326171875, 45.564903259277344]
[14/08/22] [20:35:38] Jack Harris (1) kill by Ozgur Baba (12) 2741846334 [1626.128662109375, 2548.588623046875, 44.911869049072266]
[14/08/22] [20:37:10] Jack Harris (1) 0
[14/08/22] [20:38:00] Jack Harris (1) kill by Ozgur Baba (12) 2741846334 [1722.87890625, 2527.54443359375, 44.91634750366211]
[14/08/22] [20:38:47] Ozgur Baba (12) 0
[14/08/22] [20:43:07] Jack Harris (1) kill by Abbas Devir (17) 2971687502 [1719.439697265625, 2531.07958984375, 46.69942092895508]
[14/08/22] [20:43:34] Ozgur Baba (12) kill by Abbas Devir (17) 2971687502 [1704.80322265625, 2512.89306640625, 46.907230377197266]
[14/08/22] [20:45:19] Jack Harris (1) kill by Ozgur Baba (12) 2741846334 [1709.92822265625, 2544.364990234375, 45.35200119018555]
[14/08/22] [21:00:25] Jack Harris (1) 0
[14/08/22] [21:02:23] Jack Harris (1) kill by Ozgur Baba (12) 2741846334 [1690.01318359375, 2489.19970703125, 45.501121520996094]
[14/08/22] [21:03:34] Antu Donmez (3) 0
[14/08/22] [21:04:09] Antu Donmez (3) 0
[14/08/22] [21:08:29] Antu Donmez (3) 3452007600
[14/08/22] [21:08:34] Antu Donmez (3) 3452007600
[14/08/22] [21:08:39] Antu Donmez (3) 3452007600
[14/08/22] [21:08:41] Jack Harris (1) kill by Ozgur Baba (12) 2741846334 [1706.642333984375, 2542.20361328125, 44.845130920410156]
[14/08/22] [21:08:43] Antu Donmez (3) 3452007600
[14/08/22] [21:08:52] Antu Donmez (3) 3452007600
[14/08/22] [21:08:57] Antu Donmez (3) 3452007600
[14/08/22] [21:09:07] Antu Donmez (3) 3452007600
[14/08/22] [21:09:20] Antu Donmez (3) 3452007600
[14/08/22] [21:09:44] Abbas Devir (17) 3452007600
[14/08/22] [21:09:55] Abbas Devir (17) 3452007600
[14/08/22] [21:10:00] Ozgur Baba (12) 0
[14/08/22] [21:10:05] Abbas Devir (17) 3452007600
[14/08/22] [21:10:16] Abbas Devir (17) 3452007600
[14/08/22] [21:10:21] Ozgur Baba (12) 0
[14/08/22] [21:10:35] Mehmet Ekinci (8) 3452007600
[14/08/22] [21:10:40] Antu Donmez (3) 3452007600
[14/08/22] [21:10:43] Antu Donmez (3) 3452007600
[14/08/22] [21:10:53] Antu Donmez (3) 3452007600
[14/08/22] [21:11:03] Antu Donmez (3) 3452007600
[14/08/22] [21:11:14] Antu Donmez (3) 3452007600
[14/08/22] [21:11:24] Antu Donmez (3) 3452007600
[14/08/22] [21:12:37] Mehmet Ekinci (8) 0
[14/08/22] [21:12:49] Mehmet Ekinci (8) kill by Abbas Devir (17) 2725352035 [1729.4791259765625, 2530.218994140625, 45.56487274169922]
[14/08/22] [21:14:06] Jack Harris (1) kill by Jack Harris (1) 539292904 [1716.1092529296875, 2540.017578125, 45.539306640625]
[14/08/22] [21:20:55] Jack Harris (1) 0
[14/08/22] [21:35:52] Jack Harris (1) 0
[14/08/22] [21:37:08] Mehmet Ekinci (8) 0
[14/08/22] [21:37:23] Ozgur Baba (12) 0
[14/08/22] [21:37:27] Mehmet Ekinci (8) 0
[14/08/22] [21:37:34] Mehmet Ekinci (8) kill by Abbas Devir (17) 2725352035 [1680.9755859375, 2507.90771484375, 45.564876556396484]
[14/08/22] [21:37:46] Mehmet Ekinci (8) 0
[14/08/22] [21:37:59] Mehmet Ekinci (8) 0
[14/08/22] [21:38:06] Jack Harris (1) 0
[14/08/22] [21:38:13] Mehmet Ekinci (8) 0
[14/08/22] [21:39:33] Jack Harris (1) 0
[14/08/22] [21:42:37] Jack Harris (1) 0
[14/08/22] [21:44:03] Jack Harris (1) kill by Abbas Devir (17) 2725352035 [285.99969482421875, -1343.1968994140625, 24.537799835205078]
[14/08/22] [21:45:01] Ozgur Baba (12) 0
[14/08/22] [21:57:40] Naqasake Komutan (9) 3452007600
[14/08/22] [22:00:42] Jack Harris (1) kill by Abbas Devir (17) 3249783761 [-88.88529968261719, -1190.851318359375, 37.33946228027344]
[14/08/22] [22:04:21] Naqasake Komutan (9) kill by Abbas Devir (17) 3249783761 [17.251615524291992, -1137.4615478515625, 29.032506942749023]
[14/08/22] [22:05:06] Naqasake Komutan (9) kill by Abbas Devir (17) 3249783761 [1708.854248046875, 2549.381103515625, 45.564849853515625]
[14/08/22] [22:06:33] Naqasake Komutan (9) kill by Abbas Devir (17) 3249783761 [1703.038818359375, 2526.240478515625, 45.56486511230469]
[14/08/22] [22:09:33] Jack Harris (1) kill by Abbas Devir (17) 584646201 [3060.011474609375, -4602.0927734375, 15.273211479187012]
[14/08/22] [22:10:24] Naqasake Komutan (9) 3452007600
[14/08/22] [22:11:31] Naqasake Komutan (9) kill by Abbas Devir (17) 3249783761 [-187.27606201171875, -1194.0523681640625, 37.285926818847656]
[14/08/22] [22:11:50] Naqasake Komutan (9) 0
[14/08/22] [22:11:52] Jack Harris (1) kill by Abbas Devir (17) 3249783761 [287.2660217285156, -1344.60107421875, 24.555879592895508]
[14/08/22] [22:12:53] Jack Harris (1) kill by Abbas Devir (17) 3249783761 [290.73052978515625, -1347.911376953125, 24.537803649902344]
[14/08/22] [22:13:08] Jack Harris (1) 0
[14/08/22] [22:25:52] Jack Harris (1) 539292904
[15/08/22] [00:52:05] Jack Harris (1) kill by Abbas Devir (17) 584646201 [252.0880889892578, -1363.842529296875, 24.53778648376465]
[15/08/22] [00:53:58] Jack Harris (1) kill by Abbas Devir (17) 584646201 [253.67080688476562, -1363.9942626953125, 24.537797927856445]
[15/08/22] [01:22:19] Jack Harris (1) kill by Abbas Devir (17) 584646201 [271.0200500488281, -1342.2879638671875, 24.537784576416016]
[15/08/22] [02:12:45] Jack Harris (1) 3452007600
[15/08/22] [03:38:25] Jack Harris (1) 3452007600
[15/08/22] [03:44:47] Jack Harris (1) 3452007600
[15/08/22] [13:03:34] Jack Harris (1) kill by Jack Harris (1) 3452007600 [-1591.67822265625, -754.1535034179688, 11.179362297058105]
[15/08/22] [13:04:51] Emre Kurt (7) kill by Shybw Lone (11) 2982836145 [-2079.32666015625, 2840.25048828125, 32.81044006347656]
[15/08/22] [13:05:53] Jack Harris (1) kill by Antu Donmez (3) 539292904 [-2104.815673828125, 2841.010986328125, 32.810211181640625]
[15/08/22] [13:06:36] Jack Harris (1) kill by Shybw Lone (11) 3249783761 [-2098.592041015625, 2850.25830078125, 32.810386657714844]
[15/08/22] [13:28:09] Shybw Lone (11) kill by Antu Donmez (3) 2725352035 [-2102.919921875, 2839.19384765625, 32.81010818481445]
[15/08/22] [13:29:44] Shybw Lone (11) kill by Antu Donmez (3) 3800352039 [-2110.7099609375, 2850.286865234375, 32.81039047241211]
[15/08/22] [13:47:11] Antu Donmez (3) 3452007600
[15/08/22] [13:54:15] Antu Donmez (3) kill by Antu Donmez (3) 133987706 [-1545.2271728515625, 2744.81396484375, 17.10341453552246]
[15/08/22] [13:54:38] Jack Harris (1) 3452007600
[15/08/22] [13:54:48] Jack Harris (1) 3452007600
[15/08/22] [14:03:17] Noyan Cakiroglu (16) 3452007600
[15/08/22] [14:06:35] Noyan Cakiroglu (16) 3452007600
[15/08/22] [14:46:11] Noyan Cakiroglu (16) 539292904
[15/08/22] [14:57:45] Antu Donmez (3) kill by Antu Donmez (3) 133987706 [-3023.29541015625, 1875.0328369140625, 29.18271255493164]
[15/08/22] [15:08:37] Emre Kurt (7) 0
[15/08/22] [15:27:38] Emre Kurt (7) 3452007600
[15/08/22] [15:28:41] Antu Donmez (3) kill by Antu Donmez (3) 133987706 [2780.66064453125, 4418.98583984375, 48.2036018371582]
[15/08/22] [15:34:10] Antu Donmez (3) 3452007600
[15/08/22] [15:45:12] Antu Donmez (3) 0
[15/08/22] [15:49:00] Antu Donmez (3) 0
[15/08/22] [15:49:42] Antu Donmez (3) kill by Emre Kurt (7) 2741846334 [-83.1490707397461, -815.5416259765625, 325.88720703125]
[15/08/22] [15:49:42] Emre Kurt (7) 3452007600
[15/08/22] [16:11:42] Antu Donmez (3) kill by Mert Diler (22) 2741846334 [-2068.27294921875, -310.21221923828125, 12.529478073120117]
[15/08/22] [16:12:19] Antu Donmez (3) kill by Mert Diler (22) 2741846334 [-2862.87451171875, 56.5822639465332, 13.596259117126465]
[15/08/22] [16:13:32] Mert Diler (22) 0
[15/08/22] [16:13:46] Antu Donmez (3) 0
[15/08/22] [16:13:59] Mert Diler (22) 0
[15/08/22] [16:18:21] Mert Diler (22) kill by Antu Donmez (3) 2725352035 [-435.0716247558594, 6042.7109375, 31.34051513671875]
[15/08/22] [16:46:37] Noyan Cakiroglu (16) 0
[15/08/22] [16:46:54] Mert Diler (22) 3452007600
[15/08/22] [17:01:19] Mert Diler (22) 3452007600
[15/08/22] [17:03:10] Jack Harris (1) 0
[15/08/22] [17:03:17] Jack Harris (1) 0
[15/08/22] [17:08:06] Mert Diler (22) 3452007600
[15/08/22] [17:08:43] Mert Diler (22) 3452007600
[15/08/22] [17:20:21] Noyan Cakiroglu (16) 3452007600
[15/08/22] [17:24:41] Mert Diler (22) kill by Naqasake Komutan (9) 1834241177 [-641.5494384765625, -487.6267395019531, 34.81638717651367]
[15/08/22] [17:26:18] Mert Diler (22) 0
[15/08/22] [17:29:51] Mert Diler (22) kill by Naqasake Komutan (9) 1834241177 [204.3840789794922, -1227.283203125, 38.29677200317383]
[15/08/22] [17:35:46] Mert Diler (22) 0
[15/08/22] [18:39:18] Noyan Cakiroglu (16) kill by Noyan Cakiroglu (16) 2741846334 [-24.30037498474121, -913.5296020507812, 29.182666778564453]
[15/08/22] [23:46:03] Shybw Lone (11) 3452007600
[15/08/22] [23:46:23] Fuat Kocaeli (5) 3452007600
[15/08/22] [23:46:33] Fuat Kocaeli (5) 0
[15/08/22] [23:49:21] Antu Donmez (3) 3452007600
[15/08/22] [23:50:45] Antu Donmez (3) 0
[15/08/22] [23:51:00] Jack Harris (1) 0
[15/08/22] [23:52:01] Fuat Kocaeli (5) 0
[15/08/22] [23:53:09] Shybw Lone (11) 3452007600
[16/08/22] [00:07:40] Abbas Devir (17) kill by Antu Donmez (3) 2741846334 [786.7188720703125, -1116.9676513671875, 28.917692184448242]
[16/08/22] [00:12:49] Abbas Devir (17) 3452007600
[16/08/22] [00:13:02] Abbas Devir (17) kill by Fuat Kocaeli (5) 2971687502 [240.5818634033203, -1002.0555419921875, 30.653976440429688]
[16/08/22] [00:13:18] Abbas Devir (17) 0
[16/08/22] [00:14:58] Emre Kurt (7) 3452007600
[16/08/22] [00:15:13] Fuat Kocaeli (5) 3452007600
[16/08/22] [00:19:23] Fuat Kocaeli (5) 0
[16/08/22] [00:19:30] Fuat Kocaeli (5) 0
[16/08/22] [00:19:37] Abbas Devir (17) 0
[16/08/22] [00:20:16] Shybw Lone (11) 3452007600
[16/08/22] [00:58:17] Jack Harris (1) kill by Naqasake Komutan (9) 3696079510 [1905.0380859375, 3910.664306640625, 36.745853424072266]
[16/08/22] [01:03:15] Asena Cakiiroglu (20) kill by Naqasake Komutan (9) 3696079510 [-711.2289428710938, -152.566162109375, 37.41514587402344]
[16/08/22] [01:07:24] Asena Cakiiroglu (20) 0
[16/08/22] [01:17:15] Firat Donmez (2) 3452007600
[16/08/22] [01:24:28] Jack Harris (1) 0
[16/08/22] [01:35:53] Jack Harris (1) kill by Naqasake Komutan (9) 2725352035 [-621.0935668945312, 2693.806396484375, 33.461421966552734]
[16/08/22] [02:09:12] Jack Harris (1) 3452007600
[16/08/22] [02:25:22] Abbas Devir (17) 0
[16/08/22] [02:29:50] Abbas Devir (17) 3452007600
[16/08/22] [02:31:09] Abbas Devir (17) 3452007600
[16/08/22] [02:51:44] Abbas Devir (17) 3452007600
[16/08/22] [02:51:56] Abbas Devir (17) 3452007600
[16/08/22] [02:55:18] Naqasake Komutan (9) 0
[16/08/22] [02:56:23] Abbas Devir (17) 0
[16/08/22] [02:56:40] Abbas Devir (17) 3452007600
[16/08/22] [03:55:02] Halis Mulis (14) kill by Abbas Devir (17) 584646201 [-1733.8482666015625, -2909.732421875, 13.944260597229004]
[16/08/22] [03:55:17] Halis Mulis (14) kill by Abbas Devir (17) 584646201 [-1728.77880859375, -2905.139892578125, 13.9442777633667]
[16/08/22] [04:29:39] Halis Mulis (14) 3452007600
[16/08/22] [05:46:17] Halis Mulis (14) kill by Halis Mulis (14) 3452007600 [-1165.6463623046875, -2858.593017578125, 14.496681213378906]
[16/08/22] [06:01:06] Halis Mulis (14) kill by Halis Mulis (14) 2741846334 [-1376.05419921875, -3247.939697265625, 14.067627906799316]
[16/08/22] [13:40:09] Naqasake Komutan (9) kill by Naqasake Komutan (9) 2982836145 [998.6051635742188, 34.51409149169922, 72.7359390258789]
[16/08/22] [15:37:15] Mert Diler (22) kill by Mert Diler (22) 133987706 [1014.81494140625, 283.2351989746094, 82.04647827148438]
[16/08/22] [15:37:22] Jack Harris (1) kill by Abbas Devir (17) 2982836145 [1015.443359375, 289.2862243652344, 82.86273193359375]
[16/08/22] [15:37:22] Abbas Devir (17) kill by Abbas Devir (17) 2982836145 [1015.479736328125, 289.2890930175781, 82.86829376220703]
[16/08/22] [15:45:42] Mert Diler (22) kill by Abbas Devir (17) 2982836145 [-1648.7305908203125, -696.7373046875, 11.202134132385254]
[16/08/22] [15:52:22] Mert Diler (22) kill by Abbas Devir (17) 2982836145 [-202.77792358398438, -1599.05224609375, 42.54988479614258]
[16/08/22] [15:55:21] Mert Diler (22) 0
[16/08/22] [15:56:43] Mert Diler (22) 3452007600
[16/08/22] [15:57:27] Abbas Devir (17) 3452007600
[16/08/22] [16:00:14] Mert Diler (22) 0
[16/08/22] [16:03:24] Mert Diler (22) kill by Abbas Devir (17) 2228681469 [-1666.162353515625, -686.1148681640625, 11.231451034545898]
[16/08/22] [16:08:02] Mert Diler (22) 0
[16/08/22] [16:10:51] Mert Diler (22) 0
[16/08/22] [16:12:25] Abbas Devir (17) kill by Mert Diler (22) 584646201 [-1764.136474609375, -717.6069946289062, 10.238929748535156]
[16/08/22] [16:13:54] Mert Diler (22) kill by Abbas Devir (17) 2982836145 [-1718.805419921875, -548.7427368164062, 51.23118209838867]
[16/08/22] [16:15:03] Mert Diler (22) kill by Abbas Devir (17) 2741846334 [-1737.718994140625, -534.4164428710938, 36.88739013671875]
[16/08/22] [16:16:25] Mert Diler (22) 3452007600
[16/08/22] [16:20:18] Fuat Kocaeli (5) 3452007600
[16/08/22] [16:20:36] Fuat Kocaeli (5) kill by Mert Diler (22) 2741846334 [-649.5740356445312, -851.9600219726562, 24.187053680419922]
[16/08/22] [16:23:35] Abbas Devir (17) kill by Mert Diler (22) 2725352035 [-1730.8016357421875, -551.9730224609375, 37.38235092163086]
[16/08/22] [16:26:37] Abbas Devir (17) 0
[16/08/22] [16:26:48] Mert Diler (22) kill by Fuat Kocaeli (5) 2725352035 [1652.9644775390625, 2573.24072265625, 51.5167350769043]
[16/08/22] [16:28:40] Mert Diler (22) kill by Abbas Devir (17) 2726580491 [-1716.6077880859375, -570.70654296875, 36.99925994873047]
[16/08/22] [16:28:46] Abbas Devir (17) kill by Abbas Devir (17) 2726580491 [-1710.8616943359375, -570.4429321289062, 37.184078216552734]
[16/08/22] [16:29:56] Jack Harris (1) kill by Jack Harris (1) 133987706 [62.96010208129883, -1332.9913330078125, 28.92470932006836]
[16/08/22] [16:31:56] Abbas Devir (17) 3452007600
[16/08/22] [16:34:30] Jack Harris (1) kill by Abbas Devir (17) 1119849093 [278.79852294921875, 2587.8740234375, 44.52634048461914]
[16/08/22] [16:34:30] Mert Diler (22) kill by Abbas Devir (17) 1119849093 [278.2654113769531, 2588.37255859375, 44.53759002685547]
[16/08/22] [16:34:54] Mert Diler (22) 0
[16/08/22] [16:46:21] Mert Diler (22) 3452007600
[16/08/22] [17:45:21] Naqasake Komutan (9) 3452007600
[16/08/22] [18:46:32] Noyan Cakiroglu (16) 3452007600
[16/08/22] [19:27:23] Jack Harris (1) 539292904
[16/08/22] [19:30:13] Noyan Cakiroglu (16) 3452007600
[16/08/22] [20:27:26] Jack Harris (1) 3452007600
[16/08/22] [20:44:01] Jack Harris (1) 3452007600
[16/08/22] [20:48:24] Jack Harris (1) 3452007600
[16/08/22] [20:58:02] Jack Harris (1) 3452007600
[16/08/22] [21:02:38] Jack Harris (1) 539292904
[17/08/22] [00:26:27] Antu Donmez (3) 3452007600
[17/08/22] [00:26:41] Antu Donmez (3) 3452007600
[17/08/22] [00:29:36] Antu Donmez (3) kill by Abbas Devir (17) 2982836145 [-98.90760803222656, -806.9107666015625, 303.1591491699219]
[17/08/22] [01:54:12] Asena Cakiiroglu (20) 0
[17/08/22] [02:37:58] Fuat Kocaeli (5) kill by Fuat Kocaeli (5) 539292904 [-2200.35498046875, 3193.731201171875, 33.95658493041992]
[17/08/22] [03:29:32] Jack Harris (1) 0
[17/08/22] [03:30:24] Emre Kurt (7) 0
[17/08/22] [03:34:58] Emre Kurt (7) kill by Fuat Kocaeli (5) 584646201 [-333.0538635253906, -1961.4552001953125, 66.59249114990234]
[17/08/22] [04:09:05] Jack Harris (1) kill by Jack Harris (1) 2741846334 [-2217.20556640625, 3211.7734375, 32.28316116333008]
[17/08/22] [04:12:24] Jack Harris (1) kill by Jack Harris (1) 133987706 [-126.28315734863281, -347.3577880859375, 36.75318908691406]
[17/08/22] [14:18:12] Naqasake Komutan (9) 4284007675
[17/08/22] [19:21:15] Jack Harris (1) 539292904
[17/08/22] [19:22:30] Jack Harris (1) 539292904
[17/08/22] [20:39:16] Antu Donmez (3) kill by Antu Donmez (3) 539292904 [-1590.531005859375, 5191.162109375, 4.310012340545654]
[17/08/22] [21:13:32] Antu Donmez (3) 3452007600
[17/08/22] [21:16:14] Antu Donmez (3) 3452007600
[17/08/22] [21:30:33] Antu Donmez (3) 3452007600
[17/08/22] [21:31:05] Antu Donmez (3) 0
[17/08/22] [21:31:11] Antu Donmez (3) 0
[17/08/22] [21:31:27] Antu Donmez (3) 0
[17/08/22] [21:31:34] Antu Donmez (3) 0
[17/08/22] [22:23:44] Antu Donmez (3) kill by Ozgur Baba (12) 2741846334 [-2401.078857421875, 3590.927978515625, 16.203006744384766]
[17/08/22] [22:24:13] Antu Donmez (3) kill by Fuat Kocaeli (5) 2741846334 [-2409.70361328125, 3597.833984375, 16.080455780029297]
[17/08/22] [22:24:42] Antu Donmez (3) kill by Fuat Kocaeli (5) 2741846334 [-2403.744140625, 3621.037109375, 15.111761093139648]
[17/08/22] [22:24:57] Antu Donmez (3) kill by Fuat Kocaeli (5) 2741846334 [-2416.42333984375, 3630.769287109375, 14.34195327758789]
[17/08/22] [22:31:41] Antu Donmez (3) 3452007600
[17/08/22] [22:31:47] Antu Donmez (3) 3452007600
[17/08/22] [22:31:55] Antu Donmez (3) 3452007600
[17/08/22] [22:34:21] Antu Donmez (3) 3452007600
[17/08/22] [22:36:24] Antu Donmez (3) kill by Antu Donmez (3) 133987706 [-2578.964111328125, 3374.781982421875, 12.922484397888184]
[17/08/22] [22:37:05] Antu Donmez (3) kill by Antu Donmez (3) 133987706 [-2753.927978515625, 2219.810302734375, 22.995336532592773]
[17/08/22] [22:47:13] Ozgur Baba (12) kill by Ozgur Baba (12) 133987706 [-1145.7603759765625, -1385.6927490234375, 4.745018482208252]
[18/08/22] [00:30:00] Antu Donmez (3) kill by Antu Donmez (3) 133987706 [-1676.42529296875, -719.6901245117188, 11.396596908569336]
[18/08/22] [00:36:59] Emre Kurt (7) kill by Emre Kurt (7) 3452007600 [1899.9317626953125, 4924.822265625, 48.80533218383789]
[18/08/22] [01:06:50] Emre Kurt (7) 0
[18/08/22] [01:09:05] Emre Kurt (7) 0
[18/08/22] [01:23:31] Jack Harris (1) kill by Abbas Devir (17) 584646201 [-2347.224365234375, 3101.80224609375, 32.931453704833984]
[18/08/22] [01:26:28] Abbas Devir (17) kill by Abbas Devir (17) 133987706 [-2074.310302734375, 3133.815185546875, 32.72975540161133]
[18/08/22] [01:51:33] Jack Harris (1) 3452007600
[18/08/22] [02:51:41] Fuat Kocaeli (5) kill by Fuat Kocaeli (5) 133987706 [-1396.0347900390625, 5305.4677734375, -0.07606294751167297]
[18/08/22] [03:04:50] Emre Kurt (7) 3452007600
[18/08/22] [03:39:06] Naqasake Komutan (9) 3750660587
[18/08/22] [03:50:50] Naqasake Komutan (9) kill by Naqasake Komutan (9) 2461879995 [1855.8763427734375, 3695.32080078125, 33.463565826416016]
[18/08/22] [03:51:49] Asena Cakiiroglu (20) kill by Asena Cakiiroglu (20) 2461879995 [1854.1240234375, 3694.308837890625, 33.56414794921875]
[18/08/22] [03:52:40] Asena Cakiiroglu (20) kill by Asena Cakiiroglu (20) 2461879995 [1855.4521484375, 3696.4765625, 33.3596076965332]
[18/08/22] [03:52:41] Jack Harris (1) kill by Jack Harris (1) 2461879995 [1857.3604736328125, 3695.19775390625, 33.41130065917969]
[18/08/22] [03:54:32] Asena Cakiiroglu (20) kill by Naqasake Komutan (9) 2725352035 [1641.90283203125, 2571.2451171875, 45.564876556396484]
[18/08/22] [03:55:36] Asena Cakiiroglu (20) kill by Naqasake Komutan (9) 1834241177 [1639.232421875, 2572.106689453125, 45.56489562988281]
[18/08/22] [03:56:26] Jack Harris (1) 0
[18/08/22] [03:56:48] Jack Harris (1) 0
[18/08/22] [03:56:54] Carmelo Rose (24) 0
[18/08/22] [03:59:09] Asena Cakiiroglu (20) kill by Naqasake Komutan (9) 1834241177 [1853.208984375, 2599.792724609375, 45.672359466552734]
[18/08/22] [03:59:20] Carmelo Rose (24) kill by Naqasake Komutan (9) 1834241177 [1865.3997802734375, 2593.238525390625, 45.67201232910156]
[18/08/22] [04:00:09] Carmelo Rose (24) kill by Carmelo Rose (24) 2741846334 [1664.395263671875, 2608.344970703125, 44.621334075927734]
[18/08/22] [04:00:09] Asena Cakiiroglu (20) kill by Carmelo Rose (24) 2725352035 [1664.395263671875, 2608.344970703125, 44.621334075927734]
[18/08/22] [04:01:53] Carmelo Rose (24) kill by Naqasake Komutan (9) 3750660587 [1668.9122314453125, 2604.20703125, 45.564849853515625]
[18/08/22] [04:02:10] Carmelo Rose (24) 0
[18/08/22] [04:02:27] Asena Cakiiroglu (20) 0
[18/08/22] [04:05:13] Asena Cakiiroglu (20) kill by Emre Kurt (7) 615608432 [1686.6182861328125, 2603.119873046875, 45.56486892700195]
[18/08/22] [04:11:18] Asena Cakiiroglu (20) kill by Naqasake Komutan (9) 2982836145 [1164.335205078125, 224.50071716308594, 95.50247192382812]
[18/08/22] [04:12:09] Asena Cakiiroglu (20) kill by Emre Kurt (7) 615608432 [1136.44384765625, 185.70680236816406, 93.4312973022461]
[18/08/22] [04:12:21] Emre Kurt (7) 3452007600
[18/08/22] [04:12:57] Jack Harris (1) 3452007600
[18/08/22] [04:13:45] Jack Harris (1) kill by Jack Harris (1) 3125143736 [999.7479248046875, 29.114465713500977, 72.80946350097656]
[18/08/22] [04:17:40] Emre Kurt (7) 3452007600
[18/08/22] [04:25:11] Asena Cakiiroglu (20) 3452007600
[18/08/22] [04:26:23] Asena Cakiiroglu (20) kill by Naqasake Komutan (9) 3452007600 [-829.3936157226562, -2488.424072265625, 12.943291664123535]
[18/08/22] [05:21:30] Naqasake Komutan (9) 3452007600
[18/08/22] [05:49:47] Jack Harris (1) 0
[18/08/22] [05:50:12] Jack Harris (1) 0
[18/08/22] [05:50:20] Jack Harris (1) 0
[18/08/22] [05:50:28] Jack Harris (1) 0
[18/08/22] [05:50:34] Jack Harris (1) 0
[18/08/22] [14:23:56] Jack Harris (1) kill by Jack Harris (1) 2741846334 [2908.092041015625, 3668.1826171875, 42.9428825378418]
[18/08/22] [17:40:44] Firat Donmez (2) kill by Firat Donmez (2) 133987706 [-844.9124145507812, -3412.49560546875, 13.953903198242188]
[18/08/22] [18:01:28] Jack Harris (1) 0
[18/08/22] [19:16:26] Jack Harris (1) kill by Jack Harris (1) 2741846334 [1401.5511474609375, 2479.132080078125, 55.36522674560547]
[18/08/22] [19:16:31] Jack Harris (1) kill by Ozgur Baba (12) 2725352035 [1401.01123046875, 2481.20849609375, 56.29146194458008]
[18/08/22] [19:18:33] Ozgur Baba (12) kill by Ozgur Baba (12) 133987706 [1530.65283203125, 3784.838134765625, 33.824562072753906]
[18/08/22] [19:41:44] Ozgur Baba (12) 0
[18/08/22] [19:42:49] Jack Harris (1) kill by Ozgur Baba (12) 2741846334 [1857.439697265625, 2626.156982421875, 45.762020111083984]
[18/08/22] [19:44:19] Jack Harris (1) kill by Jack Harris (1) 1945616459 [-1385.2293701171875, -1497.812255859375, 4.00855827331543]
[18/08/22] [19:46:19] Ozgur Baba (12) kill by Jack Harris (1) 1945616459 [-1358.8521728515625, -1669.8284912109375, 2.041236639022827]
[18/08/22] [20:19:52] Jack Harris (1) 0
[18/08/22] [20:26:14] Jack Harris (1) 0
[18/08/22] [20:45:45] Firat Donmez (2) 3452007600
[18/08/22] [20:48:11] Jack Harris (1) kill by Jack Harris (1) 2741846334 [1504.2713623046875, 3038.9775390625, 40.267452239990234]
[18/08/22] [20:49:37] Jack Harris (1) 3452007600
[18/08/22] [21:01:41] Firat Donmez (2) 3452007600
[18/08/22] [21:12:19] Firat Donmez (2) 3452007600
[18/08/22] [21:12:39] Jack Harris (1) 0
[18/08/22] [21:14:32] Firat Donmez (2) 0
[18/08/22] [21:14:51] Jack Harris (1) 0
[18/08/22] [21:18:39] Jack Harris (1) 3452007600
[18/08/22] [21:21:20] Jack Harris (1) 3452007600
[18/08/22] [21:26:00] Jack Harris (1) kill by Antu Donmez (3) 2741846334 [-2658.4638671875, 2678.996826171875, 16.201080322265625]
[18/08/22] [21:27:28] Antu Donmez (3) kill by Antu Donmez (3) 2741846334 [-2632.3779296875, 2845.2431640625, 16.19612693786621]
[18/08/22] [21:32:46] Antu Donmez (3) kill by Antu Donmez (3) 133987706 [-3075.171630859375, 743.1336669921875, 21.44960594177246]
[18/08/22] [21:33:46] Firat Donmez (2) 3452007600
[18/08/22] [21:37:10] Antu Donmez (3) kill by Antu Donmez (3) 133987706 [-1161.5316162109375, -665.1082763671875, 10.556035995483398]
[18/08/22] [21:39:36] Antu Donmez (3) kill by Antu Donmez (3) 133987706 [-2437.05224609375, 3769.11669921875, 20.05716323852539]
[18/08/22] [21:41:02] Firat Donmez (2) 3452007600
[18/08/22] [22:26:33] Antu Donmez (3) 3452007600
[18/08/22] [22:45:53] Mehmet Ekinci (8) 3452007600
[18/08/22] [23:24:45] Antu Donmez (3) 3452007600
[18/08/22] [23:40:25] Jack Harris (1) kill by Jack Harris (1) 539292904 [310.84619140625, 2846.742919921875, 56.57320785522461]
[19/08/22] [00:32:39] Asena Cakiiroglu (20) 3452007600
[19/08/22] [00:38:55] Naqasake Komutan (9) kill by Asena Cakiiroglu (20) 2741846334 [-401.5524597167969, -2815.669921875, 5.252015113830566]
[19/08/22] [00:44:06] Naqasake Komutan (9) kill by Naqasake Komutan (9) 133987706 [-305.0184020996094, -160.22482299804688, 40.697357177734375]
[19/08/22] [00:51:05] Asena Cakiiroglu (20) kill by Asena Cakiiroglu (20) 3452007600 [-2194.26904296875, -330.5146179199219, 12.675241470336914]
[19/08/22] [18:56:56] Jack Harris (1) 0
[19/08/22] [19:27:09] Antuan Donmez (21) 3452007600
[19/08/22] [19:37:43] Jack Harris (1) kill by Jack Harris (1) 2741846334 [339.6654357910156, 6588.4169921875, 27.507360458374023]
[19/08/22] [19:39:34] Jack Harris (1) kill by Abbas Devir (17) 584646201 [88.49388885498047, 6456.96826171875, 31.335298538208008]
[19/08/22] [19:40:39] Abbas Devir (17) 3452007600
[19/08/22] [19:40:58] Abbas Devir (17) kill by Fuat Kocaeli (5) 584646201 [630.0326538085938, -2657.6259765625, 46.280906677246094]
[19/08/22] [19:43:31] Fuat Kocaeli (5) 3452007600
[19/08/22] [19:43:56] Abbas Devir (17) 3452007600
[19/08/22] [19:44:05] Abbas Devir (17) 3452007600
[19/08/22] [20:13:04] Fuat Kocaeli (5) 539292904
[19/08/22] [20:20:12] Jack Harris (1) kill by Jack Harris (1) 539292904 [-2956.092041015625, 3066.860595703125, 5.7080183029174805]
[19/08/22] [22:37:22] Mehmet Ekinci (8) 3452007600
[20/08/22] [14:45:33] Jack Harris (1) 3452007600
[20/08/22] [15:13:24] Jack Harris (1) kill by Noyan Cakiroglu (16) 4024951519 [-2359.220458984375, 3252.67236328125, 97.6541519165039]
[20/08/22] [15:14:07] Jack Harris (1) kill by Noyan Cakiroglu (16) 4024951519 [-2355.18359375, 3252.5263671875, 101.09136199951172]
[20/08/22] [15:16:28] Jack Harris (1) kill by Noyan Cakiroglu (16) 4024951519 [-2343.524169921875, 3267.995361328125, 32.82762145996094]
[20/08/22] [15:17:20] Jack Harris (1) kill by Noyan Cakiroglu (16) 4024951519 [287.2333068847656, -1346.891845703125, 26.0338134765625]
[20/08/22] [15:20:45] Jack Harris (1) kill by Noyan Cakiroglu (16) 4024951519 [2523.388427734375, -339.4339294433594, 114.08466339111328]
[20/08/22] [15:31:07] Jack Harris (1) kill by Jack Harris (1) 2741846334 [241.63815307617188, -1366.51708984375, 38.678916931152344]
[20/08/22] [18:29:15] Jack Harris (1) kill by Jack Harris (1) 2741846334 [1339.50732421875, -2487.849365234375, 46.31116485595703]
[20/08/22] [19:57:56] Jack Harris (1) 0
[20/08/22] [19:58:03] Jack Harris (1) 0
[20/08/22] [19:58:29] Jack Harris (1) 0
[20/08/22] [19:58:38] Jack Harris (1) kill by Antu Donmez (3) 584646201 [-599.2617797851562, 55.255733489990234, 120.16497802734375]
[20/08/22] [19:58:44] Jack Harris (1) kill by Antu Donmez (3) 584646201 [-598.8712158203125, 56.86408615112305, 120.16510772705078]
[20/08/22] [19:58:51] Jack Harris (1) 0
[20/08/22] [19:59:10] Jack Harris (1) kill by Antu Donmez (3) 584646201 [-594.114013671875, 54.00090026855469, 120.16510772705078]
[20/08/22] [19:59:42] Jack Harris (1) 0
[20/08/22] [19:59:48] Jack Harris (1) 0
[20/08/22] [19:59:53] Jack Harris (1) 0
[20/08/22] [20:00:04] Antu Donmez (3) 3452007600
[20/08/22] [20:00:11] Antu Donmez (3) 3452007600
[20/08/22] [20:00:16] Antu Donmez (3) 3452007600
[20/08/22] [20:00:20] Antu Donmez (3) 3452007600
[20/08/22] [20:00:27] Antu Donmez (3) 3452007600
[20/08/22] [20:00:31] Antu Donmez (3) 3452007600
[20/08/22] [20:00:33] Antu Donmez (3) 3452007600
[20/08/22] [20:00:42] Antu Donmez (3) 3452007600
[20/08/22] [20:00:53] Antu Donmez (3) 3452007600
[21/08/22] [01:03:59] Jack Harris (1) 3452007600
[21/08/22] [02:25:35] Jack Harris (1) kill by Jack Harris (1) 539292904 [559.0833740234375, -3234.786865234375, 42.7028923034668]
[21/08/22] [15:55:04] Jack Harris (1) 133987706
[21/08/22] [16:44:47] Jack Harris (1) 3452007600
[21/08/22] [16:47:25] Jack Harris (1) 3452007600
[21/08/22] [17:07:36] Jack Harris (1) 3452007600
[21/08/22] [17:46:05] Jack Harris (1) kill by Jack Harris (1) 2741846334 [-105.5331802368164, -1088.99169921875, 25.769695281982422]
[21/08/22] [17:49:23] Jack Harris (1) kill by Antu Donmez (3) 2741846334 [-60.07264709472656, -1132.3162841796875, 25.42091941833496]
[21/08/22] [17:51:13] Jack Harris (1) 0
[21/08/22] [19:03:18] Jack Harris (1) kill by Jack Harris (1) 133987706 [-303.10028076171875, -157.232177734375, 40.902469635009766]
[21/08/22] [19:20:30] Iam Batu (25) 3452007600
[21/08/22] [19:21:29] Iam Batu (25) kill by Jack Harris (1) 2741846334 [785.7702026367188, -2052.785888671875, 29.216304779052734]
[21/08/22] [19:28:11] Abbas Devir (17) kill by Abbas Devir (17) 2982836145 [775.294677734375, -2066.97216796875, 29.44964599609375]
[21/08/22] [22:01:29] Jack Harris (1) 0
[21/08/22] [22:03:58] Antu Donmez (3) kill by Antu Donmez (3) 2741846334 [765.1416015625, -2070.242919921875, 31.010465621948242]
[21/08/22] [22:19:29] Antu Donmez (3) 3452007600
[21/08/22] [22:30:38] Antu Donmez (3) 3452007600
[21/08/22] [22:34:35] Jack Harris (1) 3452007600
[21/08/22] [22:35:06] Antu Donmez (3) kill by Jack Harris (1) 2725352035 [-2018.549560546875, -483.5020751953125, 11.389046669006348]
[21/08/22] [23:16:09] Jack Harris (1) kill by Jack Harris (1) 2741846334 [-2610.455810546875, 3557.4736328125, 4.676039218902588]
[21/08/22] [23:25:50] Jack Harris (1) kill by Antu Donmez (3) 2725352035 [-1977.5111083984375, 545.2249755859375, 111.13556671142578]
[21/08/22] [23:35:39] Jack Harris (1) 0
[21/08/22] [23:35:50] Jack Harris (1) 0
[21/08/22] [23:36:03] Abbas Devir (17) 0
[21/08/22] [23:44:36] Jack Harris (1) 0
[22/08/22] [02:06:04] Jack Harris (1) 3452007600
[22/08/22] [03:49:52] Jack Harris (1) 3452007600
[22/08/22] [12:58:57] Jack Harris (1) kill by Noyan Cakiroglu (16) 205991906 [-443.08221435546875, -1472.4166259765625, 44.18065643310547]
[22/08/22] [13:00:16] Jack Harris (1) kill by Noyan Cakiroglu (16) 205991906 [285.4664001464844, -1343.989013671875, 25.569259643554688]
[22/08/22] [13:02:17] Jack Harris (1) 0
[22/08/22] [13:02:38] Jack Harris (1) kill by Noyan Cakiroglu (16) 205991906 [284.8028869628906, -1344.71142578125, 25.90226936340332]
[22/08/22] [13:02:59] Jack Harris (1) kill by Noyan Cakiroglu (16) 205991906 [285.66558837890625, -1342.5948486328125, 25.554122924804688]
[22/08/22] [13:08:06] Noyan Cakiroglu (16) 3452007600
[23/08/22] [00:25:36] Jack Harris (1) 3452007600
[23/08/22] [00:26:24] Jack Harris (1) 3452007600
[23/08/22] [01:04:24] Jack Harris (1) 3452007600
[23/08/22] [01:25:44] Jack Harris (1) 3452007600
[23/08/22] [03:04:16] Jack Harris (1) 0
[23/08/22] [03:06:53] Jack Harris (1) 0
[23/08/22] [03:19:55] Jack Harris (1) 3452007600
[23/08/22] [03:26:15] Jack Harris (1) 0
[23/08/22] [03:33:03] Jack Harris (1) 0
[23/08/22] [03:42:01] Jack Harris (1) 0
[23/08/22] [03:42:28] Halis Mulis (14) 0
[23/08/22] [03:44:34] Halis Mulis (14) 0
[23/08/22] [10:55:07] Noyan Cakiroglu (16) 2741846334
[23/08/22] [20:47:47] Jack Harris (1) 3452007600
[23/08/22] [20:49:37] Jack Harris (1) kill by Jack Harris (1) 133987706 [-766.9409790039062, -3226.5498046875, 14.703232765197754]
[23/08/22] [12:45:50] Mert Diler (22) 3452007600
[23/08/22] [12:45:56] Jack Harris (1) 0
[23/08/22] [12:49:44] Firat Donmez (2) 539292904
[23/08/22] [12:49:48] Mert Diler (22) 3452007600
[23/08/22] [12:50:09] Mert Diler (22) 0
[23/08/22] [12:52:21] Firat Donmez (2) 3452007600
[23/08/22] [12:52:35] Mert Diler (22) kill by Antu Donmez (3) 2725352035 [230.08865356445312, -1458.4989013671875, 29.28921890258789]
[23/08/22] [13:02:21] Mert Diler (22) 0
[23/08/22] [13:02:39] Mert Diler (22) 3452007600
[23/08/22] [13:02:56] Mert Diler (22) 3452007600
[23/08/22] [13:06:23] Antu Donmez (3) 3452007600
[23/08/22] [13:11:56] Firat Donmez (2) 0
[23/08/22] [13:12:58] Mert Diler (22) 0
[23/08/22] [13:15:34] Jack Harris (1) 0
[23/08/22] [13:15:47] Mert Diler (22) 0
[23/08/22] [13:19:32] Firat Donmez (2) 0
[23/08/22] [13:19:41] Firat Donmez (2) 0
[23/08/22] [13:19:49] Firat Donmez (2) 0
[23/08/22] [13:21:33] Mert Diler (22) 0
[23/08/22] [14:04:23] Emre Kurt (7) kill by Jack Harris (1) 2725352035 [-1558.80029296875, 834.8453369140625, 183.77462768554688]
[23/08/22] [14:07:18] Jack Harris (1) 3452007600
[23/08/22] [14:17:13] Jack Harris (1) 0
[23/08/22] [14:17:21] Jack Harris (1) 0
[23/08/22] [14:17:37] Jack Harris (1) 0
[23/08/22] [14:19:34] Jack Harris (1) kill by Abbas Devir (17) 584646201 [-2280.865234375, 3127.94921875, 32.812931060791016]
[23/08/22] [14:19:46] Abbas Devir (17) kill by Abbas Devir (17) 2982836145 [-2282.88427734375, 3131.257080078125, 32.843929290771484]
[23/08/22] [14:26:18] Ozgur Baba (12) 3452007600
[23/08/22] [14:27:44] Ozgur Baba (12) 3452007600
[23/08/22] [14:28:24] Emre Kurt (7) kill by Ozgur Baba (12) 2725352035 [779.7791137695312, 1175.0594482421875, 344.174072265625]
[23/08/22] [14:29:34] Ozgur Baba (12) kill by Emre Kurt (7) 2725352035 [2743.9296875, 6190.78271484375, 251.40257263183594]
[23/08/22] [14:29:51] Jack Harris (1) 0
[23/08/22] [14:32:08] Emre Kurt (7) 2741846334
[24/08/22] [00:43:32] Jack Harris (1) 3452007600
[24/08/22] [18:53:18] Mert Diler (22) 3452007600
[24/08/22] [21:49:08] Jack Harris (1) kill by Jack Harris (1) 133987706 [141.31394958496094, 6543.07470703125, 31.333993911743164]
[24/08/22] [21:57:00] Firat Donmez (2) 3452007600
[24/08/22] [22:04:14] Firat Donmez (2) 0
[24/08/22] [22:19:07] Jack Harris (1) 0
[24/08/22] [22:30:32] Antu Donmez (3) kill by Antu Donmez (3) 133987706 [-304.00128173828125, -156.9045867919922, 40.16222381591797]
[24/08/22] [22:59:19] Antu Donmez (3) kill by Jack Marris (18) 2741846334 [-298.3697204589844, -194.0285186767578, 38.12112808227539]
[24/08/22] [23:01:49] Antu Donmez (3) kill by Jack Marris (18) 2741846334 [-542.8587036132812, -209.41366577148438, 37.053565979003906]
[24/08/22] [23:02:13] Emre Kurt (7) 0
[24/08/22] [23:04:32] Jack Marris (18) kill by Antu Donmez (3) 584646201 [-424.3002014160156, -2855.201416015625, 5.3752336502075195]
[24/08/22] [23:06:34] Jack Marris (18) kill by Jack Marris (18) 584646201 [-215.1180419921875, -1446.7923583984375, 30.85486602783203]
[24/08/22] [23:07:39] Antu Donmez (3) kill by Jack Marris (18) 2741846334 [-278.7209167480469, -1309.239990234375, 30.768108367919922]
[24/08/22] [23:07:54] Antu Donmez (3) 3452007600
[24/08/22] [23:11:16] Jack Marris (18) kill by Antu Donmez (3) 584646201 [67.24809265136719, 107.24032592773438, 79.1435317993164]
[24/08/22] [23:14:18] Antu Donmez (3) 3452007600
[24/08/22] [23:28:32] Emre Kurt (7) kill by Antu Donmez (3) 2741846334 [245.7999267578125, -581.2242431640625, 42.527061462402344]
[24/08/22] [23:31:36] Antu Donmez (3) 0
[24/08/22] [23:31:40] Antu Donmez (3) 0
[24/08/22] [23:31:53] Antu Donmez (3) kill by Jack Marris (18) 2725352035 [3596.403564453125, 3783.58447265625, 29.95966339111328]
[24/08/22] [23:32:21] Jack Marris (18) 0
[24/08/22] [23:35:30] Antu Donmez (3) 0
[24/08/22] [23:36:34] Antu Donmez (3) 0
[24/08/22] [23:36:59] Antu Donmez (3) 0
[25/08/22] [00:01:32] Jack Marris (18) kill by Antu Donmez (3) 736523883 [1664.9329833984375, -36.204185485839844, 172.05746459960938]
[25/08/22] [00:01:44] Antu Donmez (3) 0
[25/08/22] [00:01:47] Antu Donmez (3) 0
[25/08/22] [00:02:09] Jack Marris (18) 0
[25/08/22] [00:02:15] Jack Marris (18) 0
[25/08/22] [00:02:22] Jack Marris (18) 0
[25/08/22] [00:02:52] Jack Marris (18) 3452007600
[25/08/22] [00:03:46] Jack Marris (18) kill by Antu Donmez (3) 2725352035 [-1191.2294921875, -1485.1708984375, 4.37966775894165]
[25/08/22] [00:11:14] Jack Marris (18) 0
[25/08/22] [00:15:57] Jack Marris (18) kill by Antu Donmez (3) 539292904 [-1185.3173828125, -1439.7998046875, 4.4238152503967285]
[25/08/22] [00:18:12] Jack Marris (18) kill by Antu Donmez (3) 584646201 [-1188.9013671875, -1487.8968505859375, 4.379672050476074]
[25/08/22] [00:28:54] Jack Marris (18) kill by Antu Donmez (3) 1593441988 [-1163.5626220703125, -1520.5498046875, 4.275514125823975]
[25/08/22] [01:02:51] Jack Marris (18) 3452007600
[25/08/22] [01:06:44] Jack Marris (18) 3452007600
[25/08/22] [01:14:31] Asena Cakiiroglu (20) kill by Asena Cakiiroglu (20) 133987706 [-699.9849243164062, -354.762939453125, 34.128963470458984]
[25/08/22] [13:25:27] Jack Marris (18) kill by Jack Marris (18) 133987706 [-1034.9793701171875, -2570.186279296875, 14.682865142822266]
[25/08/22] [15:24:46] Jack Marris (18) 539292904
[25/08/22] [15:34:26] Halis Mulis (14) 0
[25/08/22] [17:21:44] Jack Harris (1) kill by Jack Harris (1) 133987706 [-1262.1322021484375, -924.4979858398438, 10.84110164642334]
[25/08/22] [17:43:26] Jack Harris (1) kill by Jack Harris (1) 133987706 [1237.10595703125, -1412.4283447265625, 34.33903121948242]
[25/08/22] [19:26:06] Jack Harris (1) 3452007600
[25/08/22] [20:57:31] Jack Marris (18) 539292904
[25/08/22] [21:03:02] Jack Marris (18) kill by Jack Marris (18) 2741846334 [-3112.9140625, 881.8624267578125, 23.030405044555664]
[25/08/22] [22:08:02] Jack Harris (1) kill by Antu Donmez (3) 2741846334 [-838.3934326171875, 17.36038589477539, 42.82882308959961]
[25/08/22] [22:09:39] Jack Harris (1) kill by Antu Donmez (3) 2741846334 [-838.3834228515625, 23.526464462280273, 43.663307189941406]
[25/08/22] [22:33:33] Jack Harris (1) kill by Jack Harris (1) 3125143736 [998.356689453125, 29.777042388916016, 72.80773162841797]
[25/08/22] [22:33:34] Firat Donmez (2) kill by Jack Harris (1) 3125143736 [999.266845703125, 29.442171096801758, 73.7413101196289]
[25/08/22] [22:35:54] Jack Harris (1) kill by Antu Donmez (3) 2982836145 [1005.355712890625, 38.4588508605957, 72.73072814941406]
[25/08/22] [22:35:55] Firat Donmez (2) kill by Antu Donmez (3) 741814745 [1005.03173828125, 38.29410171508789, 72.7309341430664]
[25/08/22] [22:42:16] Jack Harris (1) kill by Antu Donmez (3) 2982836145 [1039.7811279296875, -2376.031494140625, 48.127662658691406]
[25/08/22] [22:48:33] Asena Cakiiroglu (20) 0
[25/08/22] [22:52:26] Firat Donmez (2) 0
[25/08/22] [22:52:44] Asena Cakiiroglu (20) 0
[25/08/22] [22:55:13] Firat Donmez (2) kill by Antu Donmez (3) 584646201 [1001.697021484375, -2363.508544921875, 51.856754302978516]
[25/08/22] [22:56:22] Jack Harris (1) 0
[25/08/22] [22:58:31] Firat Donmez (2) kill by Antu Donmez (3) 584646201 [2184.517333984375, 5122.1328125, 49.446327209472656]
[25/08/22] [23:02:40] Asena Cakiiroglu (20) kill by Naqasake Komutan (9) 2741846334 [-1574.9505615234375, -198.66293334960938, 54.90228271484375]
[25/08/22] [23:06:28] Firat Donmez (2) 0
[25/08/22] [23:06:45] Asena Cakiiroglu (20) kill by Antu Donmez (3) 584646201 [-1445.5787353515625, -73.63459014892578, 51.87209701538086]
[25/08/22] [23:06:56] Naqasake Komutan (9) kill by Antu Donmez (3) 584646201 [-1427.6070556640625, -66.87158966064453, 52.9343376159668]
[25/08/22] [23:07:50] Firat Donmez (2) 0
[25/08/22] [23:13:23] Asena Cakiiroglu (20) 0
[25/08/22] [23:14:28] Antu Donmez (3) 3452007600
[25/08/22] [23:16:00] Jack Harris (1) kill by Firat Donmez (2) 205991906 [768.5789184570312, 6.689944744110107, 63.51474380493164]
[25/08/22] [23:16:55] Jack Harris (1) kill by Jack Harris (1) 133987706 [667.0006103515625, -207.91680908203125, 46.707462310791016]
[25/08/22] [23:17:52] Jack Harris (1) kill by Antu Donmez (3) 539292904 [681.8721313476562, -169.122802734375, 47.95576095581055]
[25/08/22] [23:17:56] Jack Harris (1) kill by Antu Donmez (3) 2741846334 [676.6873168945312, -167.62789916992188, 48.079158782958984]
[25/08/22] [23:20:00] Firat Donmez (2) 3452007600
[25/08/22] [23:21:05] Firat Donmez (2) 3452007600
[25/08/22] [23:21:13] Jack Harris (1) 3452007600
[25/08/22] [23:21:21] Antu Donmez (3) 3452007600
[25/08/22] [23:21:27] Antu Donmez (3) 3452007600
[25/08/22] [23:21:32] Antu Donmez (3) kill by Jack Harris (1) 2725352035 [704.477294921875, -160.1182098388672, 49.139793395996094]
[25/08/22] [23:21:36] Antu Donmez (3) 3452007600
[25/08/22] [23:21:39] Antu Donmez (3) 3452007600
[25/08/22] [23:21:49] Antu Donmez (3) 3452007600
[25/08/22] [23:21:57] Antu Donmez (3) 3452007600
[25/08/22] [23:22:03] Antu Donmez (3) 3452007600
[25/08/22] [23:22:08] Antu Donmez (3) 3452007600
[25/08/22] [23:22:19] Naqasake Komutan (9) 3452007600
[25/08/22] [23:22:29] Firat Donmez (2) 3452007600
[25/08/22] [23:22:35] Jack Harris (1) 3452007600
[25/08/22] [23:22:40] Asena Cakiiroglu (20) 3452007600
[25/08/22] [23:22:49] Jack Harris (1) 3452007600
[25/08/22] [23:23:02] Antu Donmez (3) 3452007600
[25/08/22] [23:25:07] Asena Cakiiroglu (20) 0
[25/08/22] [23:39:14] Asena Cakiiroglu (20) 3452007600
[25/08/22] [23:41:11] Jack Harris (1) 3452007600
[25/08/22] [23:41:56] Carmelo Rose (24) kill by Carmelo Rose (24) 539292904 [-1900.7783203125, 3030.521240234375, 38.6031494140625]
[25/08/22] [23:45:35] Carmelo Rose (24) kill by Emre Kurt (7) 2725352035 [-1978.1124267578125, 2839.255859375, 32.81598663330078]
[25/08/22] [23:46:43] Mehmet Ekinci (8) 0
[25/08/22] [23:47:35] Mehmet Ekinci (8) 0
[25/08/22] [23:47:46] Mehmet Ekinci (8) 3452007600
[25/08/22] [23:48:15] Emre Kurt (7) 3452007600
[25/08/22] [23:49:25] Emre Kurt (7) 3452007600
[25/08/22] [23:49:29] Carmelo Rose (24) kill by Mert Diler (22) 2741846334 [-2063.611083984375, 2902.760498046875, 32.44669723510742]
[25/08/22] [23:49:32] Emre Kurt (7) 3452007600
[25/08/22] [23:49:41] Emre Kurt (7) 3452007600
[25/08/22] [23:50:38] Emre Kurt (7) 3452007600
[25/08/22] [23:50:54] Mehmet Ekinci (8) 0
[25/08/22] [23:52:23] Emre Kurt (7) 3452007600
[25/08/22] [23:52:53] Emre Kurt (7) 3452007600
[25/08/22] [23:53:51] Naqasake Komutan (9) 3452007600
[25/08/22] [23:55:23] Asena Cakiiroglu (20) 3452007600
[25/08/22] [23:55:43] Asena Cakiiroglu (20) 3452007600
[25/08/22] [23:56:00] Naqasake Komutan (9) 3452007600
[26/08/22] [00:03:59] Emre Kurt (7) 3452007600
[26/08/22] [00:06:08] Carmelo Rose (24) kill by Abbas Devir (17) 584646201 [-1981.862548828125, 2842.32666015625, 32.81039047241211]
[26/08/22] [00:09:03] Jack Harris (1) 3452007600
[26/08/22] [00:49:52] Faruk Devir (4) kill by Abbas Devir (17) 2982836145 [-2803.7412109375, 1417.4366455078125, 100.89985656738281]
[26/08/22] [00:50:48] Faruk Devir (4) kill by Abbas Devir (17) 3249783761 [-2814.15673828125, 1413.89404296875, 102.71559143066406]
[26/08/22] [00:58:36] Abbas Devir (17) 3452007600
[26/08/22] [20:48:56] Mert Diler (22) kill by Jack Harris (1) 2741846334 [-2323.475830078125, 3070.0048828125, 32.23008728027344]
[26/08/22] [21:14:38] Mert Diler (22) 3452007600
[26/08/22] [21:16:22] Mert Diler (22) kill by Jack Harris (1) 2725352035 [-428.447265625, 6019.6298828125, 31.64568519592285]
[26/08/22] [21:26:57] Antu Donmez (3) 3452007600
[26/08/22] [21:27:09] Antu Donmez (3) 3452007600
[26/08/22] [21:27:13] Antu Donmez (3) 3452007600
[26/08/22] [21:27:19] Antu Donmez (3) 3452007600
[26/08/22] [21:27:23] Antu Donmez (3) 3452007600
[26/08/22] [21:27:29] Antu Donmez (3) 3452007600
[26/08/22] [21:27:32] Antu Donmez (3) 3452007600
[26/08/22] [21:27:35] Antu Donmez (3) 3452007600
[26/08/22] [21:27:39] Antu Donmez (3) 3452007600
[26/08/22] [21:27:42] Antu Donmez (3) 3452007600
[26/08/22] [21:27:45] Antu Donmez (3) 3452007600
[26/08/22] [21:27:47] Antu Donmez (3) 3452007600
[26/08/22] [21:27:50] Antu Donmez (3) 3452007600
[26/08/22] [21:27:53] Antu Donmez (3) 3452007600
[26/08/22] [21:27:57] Antu Donmez (3) 3452007600
[26/08/22] [21:30:22] Antu Donmez (3) 3452007600
[26/08/22] [21:30:22] Jack Harris (1) 2741846334
[26/08/22] [21:32:06] Antu Donmez (3) 3452007600
[26/08/22] [21:35:48] Antu Donmez (3) 0
[26/08/22] [21:36:51] Jack Harris (1) kill by Mert Diler (22) 2741846334 [-365.5893859863281, 6026.56640625, 30.571638107299805]
[26/08/22] [21:37:00] Antu Donmez (3) kill by Mert Diler (22) 2741846334 [-385.15191650390625, 6022.09619140625, 30.76458740234375]
[26/08/22] [21:41:22] Antu Donmez (3) 0
[26/08/22] [21:43:29] Antu Donmez (3) 0
[26/08/22] [21:43:35] Antu Donmez (3) 0
[26/08/22] [21:44:30] Antu Donmez (3) 0
[26/08/22] [21:45:04] Antu Donmez (3) 0
[26/08/22] [21:45:30] Mert Diler (22) 3452007600
[26/08/22] [21:45:38] Mert Diler (22) 3452007600
[26/08/22] [21:45:48] Mert Diler (22) 3452007600
[26/08/22] [21:46:05] Mert Diler (22) 3452007600
[26/08/22] [21:46:11] Mert Diler (22) 3452007600
[26/08/22] [21:46:30] Mert Diler (22) 3452007600
[26/08/22] [21:47:33] Antu Donmez (3) 3452007600
[26/08/22] [21:47:38] Antu Donmez (3) 3452007600
[26/08/22] [21:48:15] Antu Donmez (3) 3452007600
[26/08/22] [21:50:22] Antu Donmez (3) 3452007600
[26/08/22] [21:50:27] Antu Donmez (3) 3452007600
[26/08/22] [21:50:32] Antu Donmez (3) 3452007600
[26/08/22] [21:50:36] Antu Donmez (3) 3452007600
[26/08/22] [21:50:40] Antu Donmez (3) 3452007600
[26/08/22] [21:50:45] Antu Donmez (3) 0
[26/08/22] [21:51:48] Jack Harris (1) 2741846334
[26/08/22] [21:57:07] Jack Harris (1) kill by Antu Donmez (3) 2725352035 [-1386.1217041015625, -1054.0692138671875, 7.864131927490234]
[26/08/22] [22:10:43] Jack Harris (1) 0
[26/08/22] [22:11:37] Jack Harris (1) kill by Mert Diler (22) 584646201 [209.5476531982422, -827.6171875, 30.747920989990234]
[26/08/22] [22:11:56] Jack Harris (1) kill by Mert Diler (22) 584646201 [208.21234130859375, -828.0615234375, 30.773521423339844]
[26/08/22] [22:12:33] Jack Harris (1) kill by Mert Diler (22) 584646201 [208.5089111328125, -831.5817260742188, 30.73464012145996]
[26/08/22] [22:12:56] Jack Harris (1) kill by Mert Diler (22) 584646201 [208.22154235839844, -832.67333984375, 30.735492706298828]
[26/08/22] [22:14:49] Jack Harris (1) kill by Mert Diler (22) 584646201 [252.27342224121094, -49.18096160888672, 69.94107818603516]
[26/08/22] [22:19:28] Jack Harris (1) 0
[27/08/22] [13:32:14] Jack Harris (1) kill by Jack Harris (1) 133987706 [-2178.521240234375, 3084.60498046875, 32.319007873535156]
[27/08/22] [14:17:25] Jack Harris (1) 3452007600
[27/08/22] [16:41:24] Jack Harris (1) 0
[27/08/22] [16:41:31] Jack Harris (1) 0
[27/08/22] [17:44:09] Mert Diler (22) kill by Mert Diler (22) 133987706 [1795.8663330078125, 3641.04052734375, 34.78856658935547]
[27/08/22] [18:31:45] Mert Diler (22) 3452007600
[27/08/22] [19:01:08] Mert Diler (22) 3452007600
[27/08/22] [19:39:33] Mert Diler (22) 3452007600
[27/08/22] [21:12:04] Naqasake Komutan (9) 3452007600
[27/08/22] [21:15:17] Naqasake Komutan (9) kill by Naqasake Komutan (9) 2741846334 [-2351.957763671875, 3037.7666015625, 32.90637969970703]
[28/08/22] [19:44:14] Mert Diler (22) 539292904
[28/08/22] [20:51:01] Jack Marris (18) 0
[28/08/22] [20:51:48] Jack Marris (18) kill by Mert Diler (22) 453432689 [121.23590850830078, -1291.82568359375, 29.28664207458496]
[28/08/22] [21:02:49] Jack Marris (18) 0
[28/08/22] [21:12:12] Jack Marris (18) 0
[28/08/22] [21:17:02] Jack Marris (18) 0
[28/08/22] [21:18:53] Jack Marris (18) 3452007600
[28/08/22] [21:19:02] Jack Marris (18) 0
[28/08/22] [21:19:33] Jack Marris (18) 3452007600
[28/08/22] [21:20:39] Jack Marris (18) 3452007600
[28/08/22] [21:24:31] Jack Marris (18) kill by Mert Diler (22) 137902532 [-170.21932983398438, -844.8162231445312, 30.250137329101562]
[28/08/22] [21:25:41] Jack Marris (18) kill by Mert Diler (22) 615608432 [-134.67135620117188, -760.7946166992188, 33.668609619140625]
[28/08/22] [21:26:19] Jack Marris (18) kill by Mert Diler (22) 137902532 [-119.17012023925781, -709.5948486328125, 35.01852035522461]
[28/08/22] [21:27:01] Jack Marris (18) kill by Mert Diler (22) 137902532 [-148.0247344970703, -763.1128540039062, 33.32365417480469]
[28/08/22] [21:28:29] Jack Marris (18) kill by Mert Diler (22) 4256991824 [-135.39271545410156, -766.3272094726562, 33.383949279785156]
[28/08/22] [21:39:30] Jack Marris (18) kill by Mert Diler (22) 2741846334 [-138.07369995117188, -760.171875, 32.787174224853516]
[28/08/22] [21:58:18] Mert Diler (22) kill by Jack Harris (1) 171789620 [-3155.739501953125, 870.8987426757812, 15.096610069274902]
[28/08/22] [21:59:43] Mert Diler (22) kill by Jack Harris (1) 171789620 [-3145.779541015625, 846.0972900390625, 15.892420768737793]
[28/08/22] [22:00:04] Jack Harris (1) kill by Mert Diler (22) 100416529 [-3143.7421875, 909.3148803710938, 14.470966339111328]
[28/08/22] [22:02:54] Jack Harris (1) 0
[28/08/22] [22:03:24] Jack Harris (1) kill by Mert Diler (22) 100416529 [-1818.7889404296875, -714.0234375, 9.527135848999023]
[28/08/22] [22:20:02] Jack Harris (1) kill by Mert Diler (22) 3523564046 [-2497.017578125, 3128.69873046875, 32.82122039794922]
[28/08/22] [22:27:15] Jack Harris (1) kill by Mert Diler (22) 1593441988 [-1826.2730712890625, -721.273681640625, 9.300321578979492]
[28/08/22] [22:27:55] Jack Harris (1) kill by Mert Diler (22) 1593441988 [-1817.657958984375, -773.0338134765625, 8.178170204162598]
[28/08/22] [22:28:54] Mert Diler (22) kill by Jack Harris (1) 4024951519 [-1827.82470703125, -727.3999633789062, 9.170096397399902]
[28/08/22] [22:29:04] Mert Diler (22) kill by Jack Harris (1) 4024951519 [-1827.03271484375, -731.701416015625, 9.099475860595703]
[28/08/22] [22:29:32] Mert Diler (22) kill by Jack Harris (1) 4024951519 [-1816.1942138671875, -760.1399536132812, 8.344223976135254]
[28/08/22] [22:29:51] Mert Diler (22) 0
[28/08/22] [22:30:12] Mert Diler (22) kill by Jack Harris (1) 137902532 [-1823.890869140625, -763.3953247070312, 8.247842788696289]
[28/08/22] [22:30:42] Jack Harris (1) 0
[28/08/22] [23:35:50] Jack Harris (1) 0
[29/08/22] [03:37:31] Jack Harris (1) kill by Jack Harris (1) 133987706 [-557.2836303710938, 2868.619140625, 33.74653625488281]
[29/08/22] [05:13:31] Jack Harris (1) kill by Jack Harris (1) 2741846334 [-2815.63671875, 3281.95947265625, 31.709508895874023]
[29/08/22] [12:43:28] Jack Harris (1) kill by Mert Diler (22) 4171469727 [-2318.963623046875, 3044.16845703125, 36.329959869384766]
[29/08/22] [12:43:58] Jack Harris (1) kill by Mert Diler (22) 4171469727 [-2323.42919921875, 3043.662841796875, 32.754356384277344]
[29/08/22] [12:46:34] Mert Diler (22) 3452007600
[29/08/22] [13:02:44] Jack Harris (1) 0
[29/08/22] [13:05:46] Jack Harris (1) kill by Mert Diler (22) 153396725 [-2379.60400390625, 3016.47021484375, 40.78654479980469]
[29/08/22] [14:43:22] Jack Harris (1) 3452007600
[29/08/22] [14:50:12] Jack Harris (1) 539292904
[29/08/22] [15:50:54] Jack Harris (1) 0
[29/08/22] [17:26:53] Abbas Devir (17) 3452007600
[29/08/22] [17:27:04] Jack Harris (1) 3452007600
[29/08/22] [17:35:26] Jack Harris (1) 3452007600
[29/08/22] [17:35:35] Jack Harris (1) 0
[29/08/22] [17:45:50] Mert Diler (22) 0
[29/08/22] [17:45:57] Mert Diler (22) 0
[29/08/22] [17:46:21] Mert Diler (22) 0
[29/08/22] [17:46:28] Mert Diler (22) 0
[29/08/22] [17:48:59] Jack Harris (1) kill by Mert Diler (22) 2725352035 [407.5278625488281, -878.6231689453125, 28.651308059692383]
[29/08/22] [17:49:08] Jack Harris (1) kill by Mert Diler (22) 2741846334 [413.72900390625, -858.2467041015625, 28.56800079345703]
[29/08/22] [18:18:02] Mert Diler (22) kill by Jack Harris (1) 2228681469 [-90.18495178222656, 6282.0419921875, 31.31234359741211]
[29/08/22] [18:18:10] Mert Diler (22) kill by Jack Harris (1) 4024951519 [-97.6985092163086, 6290.896484375, 31.34773063659668]
[29/08/22] [20:33:04] Jack Harris (1) kill by Jack Harris (1) 133987706 [2764.134033203125, 3355.008056640625, 55.57573318481445]
[30/08/22] [03:39:34] Antu Donmez (3) 3452007600
[30/08/22] [03:50:40] Antu Donmez (3) kill by Antu Donmez (3) 133987706 [-2327.47021484375, -288.7497253417969, 14.013641357421875]
[30/08/22] [04:00:26] Antu Donmez (3) kill by Jack Harris (1) 539292904 [403.329833984375, -2475.892822265625, -1.6130026578903198]
[30/08/22] [04:00:56] Antu Donmez (3) 0
[30/08/22] [04:01:03] Antu Donmez (3) 0
[30/08/22] [04:01:14] Antu Donmez (3) 0
[30/08/22] [04:01:18] Antu Donmez (3) 0
[30/08/22] [04:01:26] Antu Donmez (3) 0
[30/08/22] [04:03:25] Antu Donmez (3) 0
[30/08/22] [04:03:30] Antu Donmez (3) 0
[30/08/22] [04:04:07] Antu Donmez (3) 0
[30/08/22] [04:05:12] Antu Donmez (3) 0
[30/08/22] [04:05:24] Antu Donmez (3) 0
[30/08/22] [04:09:48] Jack Harris (1) 0
[30/08/22] [04:15:52] Jack Harris (1) 0
[30/08/22] [04:16:03] Jack Harris (1) 0
[30/08/22] [04:16:12] Jack Harris (1) 0
[30/08/22] [04:16:31] Jack Harris (1) 0
[30/08/22] [04:16:39] Jack Harris (1) 0
[30/08/22] [04:21:04] Jack Harris (1) 0
[30/08/22] [15:42:52] Mert Diler (22) kill by Jack Harris (1) 137902532 [-2417.38818359375, 3121.34130859375, 32.82387924194336]
[30/08/22] [15:47:07] Fuat Kocaeli (5) 3452007600
[30/08/22] [15:47:29] Mert Diler (22) 3452007600
[30/08/22] [15:47:38] Mert Diler (22) 3452007600
[30/08/22] [15:47:45] Mert Diler (22) 3452007600
[30/08/22] [15:51:26] Jack Harris (1) 0
[30/08/22] [16:18:14] Jack Harris (1) kill by Abbas Devir (17) 584646201 [-1609.7161865234375, 5256.03662109375, 3.974102020263672]
[30/08/22] [16:19:01] Jack Harris (1) kill by Abbas Devir (17) 584646201 [259.66802978515625, -1357.2623291015625, 24.537776947021484]
[30/08/22] [16:19:25] Jack Harris (1) kill by Abbas Devir (17) 584646201 [260.32672119140625, -1356.6217041015625, 24.537805557250977]
[30/08/22] [16:20:36] Jack Harris (1) 0
[30/08/22] [16:21:56] Jack Harris (1) kill by Abbas Devir (17) 584646201 [452.0422058105469, -979.8087158203125, 30.6893367767334]
[30/08/22] [16:22:18] Jack Harris (1) 0
[30/08/22] [16:34:54] Mert Diler (22) 3452007600
[30/08/22] [16:35:29] Mert Diler (22) kill by Abbas Devir (17) 584646201 [454.6697082519531, -990.7581176757812, 30.689308166503906]
[30/08/22] [16:47:11] Mert Diler (22) kill by Abbas Devir (17) 205991906 [1855.5445556640625, 2943.396240234375, 45.667816162109375]
[30/08/22] [16:51:55] Mert Diler (22) kill by Abbas Devir (17) 205991906 [-1152.647216796875, -2006.8138427734375, 13.25031566619873]
[30/08/22] [16:52:11] Mert Diler (22) kill by Abbas Devir (17) 2741846334 [-1152.9716796875, -1999.169921875, 12.540905952453613]
[30/08/22] [16:54:49] Mert Diler (22) kill by Abbas Devir (17) 2741846334 [-406.6539306640625, -1786.9481201171875, 20.788049697875977]
[30/08/22] [16:56:10] Mert Diler (22) kill by Abbas Devir (17) 205991906 [-406.2877197265625, -1778.2376708984375, 21.134950637817383]
[30/08/22] [16:59:47] Mert Diler (22) 3452007600
[30/08/22] [17:03:15] Mert Diler (22) 3452007600
[30/08/22] [17:06:40] Jack Harris (1) 3452007600
[30/08/22] [17:09:12] Jack Harris (1) 0
[30/08/22] [19:28:17] Jack Harris (1) 0
[30/08/22] [19:48:22] Jack Harris (1) kill by Mert Diler (22) 3249783761 [1380.668701171875, -720.3150634765625, 67.25566101074219]
[30/08/22] [19:48:56] Jack Harris (1) kill by Mert Diler (22) 3249783761 [1380.663330078125, -724.5687255859375, 67.1903076171875]
[30/08/22] [19:49:43] Jack Harris (1) kill by Mert Diler (22) 3249783761 [1380.49365234375, -732.3069458007812, 67.18041229248047]
[30/08/22] [19:50:29] Jack Harris (1) kill by Mert Diler (22) 3249783761 [1387.86669921875, -741.5698852539062, 67.04169464111328]
[30/08/22] [19:50:54] Jack Harris (1) 3249783761
[30/08/22] [19:51:53] Mert Diler (22) kill by Jack Harris (1) 3249783761 [1374.7889404296875, -758.2162475585938, 67.19025421142578]
[30/08/22] [19:52:28] Jack Harris (1) kill by Mert Diler (22) 3249783761 [1376.498779296875, -723.99609375, 67.19027709960938]
[30/08/22] [19:53:28] Mert Diler (22) kill by Jack Harris (1) 3249783761 [1371.3067626953125, -757.9539184570312, 67.18949890136719]
[30/08/22] [19:54:26] Mert Diler (22) 3249783761
[30/08/22] [19:55:30] Mert Diler (22) kill by Jack Harris (1) 3249783761 [1372.91845703125, -759.0136108398438, 67.21503448486328]
[30/08/22] [21:33:11] Mert Diler (22) 0
[30/08/22] [21:33:18] Mert Diler (22) 0
[30/08/22] [22:14:32] Mehmet Ekinci (8) kill by Mert Diler (22) 133987706 [-1311.851806640625, -2737.899658203125, 22.709671020507812]
[30/08/22] [22:27:58] Mehmet Ekinci (8) 3452007600
[30/08/22] [22:31:42] Mert Diler (22) 0
[30/08/22] [22:31:53] Mehmet Ekinci (8) 0
[30/08/22] [22:38:06] Mehmet Ekinci (8) 3452007600
[31/08/22] [16:56:48] Jack Harris (1) kill by Jack Harris (1) 133987706 [-864.6036987304688, 67.92223358154297, 52.38719177246094]
[31/08/22] [17:01:15] Jack Harris (1) 3452007600
[31/08/22] [17:23:24] Jack Harris (1) 3452007600
[31/08/22] [19:33:40] Mert Diler (22) 0
[31/08/22] [19:34:56] Jack Harris (1) 0
[31/08/22] [22:36:10] Mert Diler (22) kill by Jack Harris (1) 2725352035 [5.695549011230469, -1121.6051025390625, 28.368026733398438]
[01/09/22] [04:01:30] Jack Harris (1) 3452007600
[01/09/22] [04:07:41] Jack Harris (1) 539292904
[01/09/22] [18:46:35] Mert Diler (22) kill by Jack Harris (1) 2725352035 [-60.962196350097656, -1106.8817138671875, 26.435810089111328]
[01/09/22] [19:09:35] Mert Diler (22) 0
[01/09/22] [19:11:59] Jack Harris (1) 0
[01/09/22] [19:15:29] Jack Harris (1) 0
[01/09/22] [19:26:01] Jack Harris (1) 0
[01/09/22] [19:28:32] Jack Harris (1) 0
[01/09/22] [19:48:08] Jack Harris (1) 0
[01/09/22] [22:20:46] Firat Donmez (2) 3452007600
[01/09/22] [22:21:11] Jack Harris (1) kill by Jack Harris (1) 2741846334 [-1868.387451171875, 3295.8740234375, 32.5040168762207]
[01/09/22] [22:21:37] Jack Harris (1) 0
[01/09/22] [22:29:39] Firat Donmez (2) 3452007600
[01/09/22] [22:31:35] Jack Harris (1) 0
[01/09/22] [22:37:57] Firat Donmez (2) 0
[01/09/22] [22:40:11] Firat Donmez (2) 0
[01/09/22] [22:41:41] Firat Donmez (2) 0
[01/09/22] [23:42:54] Jack Harris (1) kill by Jack Harris (1) 133987706 [797.0313720703125, -895.1077270507812, 24.492210388183594]
[02/09/22] [00:17:14] Jack Harris (1) 3452007600
[02/09/22] [00:48:44] Jack Harris (1) kill by Jack Harris (1) 133987706 [-143.0358428955078, -1573.39453125, 50.91812515258789]
[02/09/22] [02:18:18] Jack Harris (1) kill by Jack Harris (1) 133987706 [-2819.43359375, 63.0713005065918, 14.611454963684082]
[02/09/22] [02:20:32] Antu Donmez (3) 0
[02/09/22] [02:55:16] Jack Harris (1) kill by Jack Harris (1) 133987706 [2728.298828125, 4639.99072265625, 45.15670394897461]
[02/09/22] [03:03:18] Jack Harris (1) kill by Jack Harris (1) 133987706 [-1917.9334716796875, 3051.070068359375, 32.273887634277344]
[02/09/22] [13:05:58] Mert Diler (22) 3452007600
