[13/08/22] [18:11:57] Emre Kurt (7) uncuffed by Noyan Cakiroglu (16)
[16/08/22] [01:23:45] Firat Donmez (2) cuffed by Jack Harris (1)
[16/08/22] [01:24:13] Firat Donmez (2) uncuffed by Jack Harris (1)
[16/08/22] [01:25:34] Firat Donmez (2) cuffed by Jack Harris (1)
[16/08/22] [01:27:38] Firat Donmez (2) uncuffed by Jack Harris (1)
[16/08/22] [01:50:09] Naqasake Komutan (9) cuffed by Jack Harris (1)
[16/08/22] [01:50:22] Naqasake Komutan (9) uncuffed by Jack Harris (1)
[16/08/22] [01:52:46] Naqasake Komutan (9) uncuffed by Jack Harris (1)
[16/08/22] [01:53:39] Jack Harris (1) uncuffed by Naqasake Komutan (9)
[16/08/22] [01:54:10] Naqasake Komutan (9) uncuffed by Jack Harris (1)
[16/08/22] [02:56:58] Naqasake Komutan (9) uncuffed by Halis Mulis (14)
[23/08/22] [12:51:49] Antu Donmez (3) uncuffed by Mert Diler (22)
[23/08/22] [13:26:09] Antu Donmez (3) cuffed by Mert Diler (22)
[23/08/22] [13:26:19] Antu Donmez (3) uncuffed by Mert Diler (22)
[25/08/22] [23:56:05] Emre Kurt (7) uncuffed by Mert Diler (22)
[26/08/22] [21:37:56] Antu Donmez (3) uncuffed by Mert Diler (22)
[27/08/22] [17:33:50] Jack Harris (1) cuffed by Mert Diler (22)
[27/08/22] [17:33:59] Jack Harris (1) uncuffed by Mert Diler (22)
[27/08/22] [19:05:09] Jack Harris (1) cuffed by Mert Diler (22)
[27/08/22] [19:07:43] Jack Harris (1) uncuffed by Mert Diler (22)
[27/08/22] [19:07:53] Jack Harris (1) cuffed by Mert Diler (22)
[27/08/22] [19:08:49] Jack Harris (1) uncuffed by Mert Diler (22)
[27/08/22] [19:13:32] Mert Diler (22) uncuffed by Jack Harris (1)
[27/08/22] [19:15:55] Jack Harris (1) cuffed by Mert Diler (22)
[27/08/22] [19:21:33] Jack Harris (1) uncuffed by Mert Diler (22)
[28/08/22] [20:37:35] Jack Marris (18) cuffed by Mert Diler (22)
[28/08/22] [20:37:39] Jack Marris (18) uncuffed by Mert Diler (22)
[28/08/22] [20:38:05] Jack Marris (18) cuffed by Mert Diler (22)
[28/08/22] [20:38:11] Jack Marris (18) uncuffed by Mert Diler (22)
[28/08/22] [20:39:42] Jack Marris (18) uncuffed by Mert Diler (22)
[28/08/22] [20:39:52] Jack Marris (18) uncuffed by Mert Diler (22)
[28/08/22] [20:40:20] Jack Marris (18) uncuffed by Mert Diler (22)
[28/08/22] [20:45:12] Jack Marris (18) cuffed by Mert Diler (22)
[28/08/22] [20:46:36] Jack Marris (18) uncuffed by Mert Diler (22)
[28/08/22] [20:59:05] Jack Marris (18) uncuffed by Mert Diler (22)
[28/08/22] [21:01:32] Jack Marris (18) uncuffed by Mert Diler (22)
[28/08/22] [21:02:27] Jack Marris (18) uncuffed by Mert Diler (22)
[28/08/22] [21:03:12] Jack Marris (18) uncuffed by Mert Diler (22)
[28/08/22] [21:04:55] Jack Marris (18) uncuffed by Mert Diler (22)
[28/08/22] [21:05:31] Jack Marris (18) uncuffed by Mert Diler (22)
[28/08/22] [21:06:00] Jack Marris (18) uncuffed by Mert Diler (22)
[28/08/22] [21:08:23] Mert Diler (22) cuffed by Jack Marris (18)
[28/08/22] [21:09:16] Mert Diler (22) uncuffed by Jack Marris (18)
[28/08/22] [21:11:20] Jack Marris (18) uncuffed by Mert Diler (22)
[28/08/22] [22:07:15] Jack Harris (1) uncuffed by Mert Diler (22)
[28/08/22] [23:38:30] Jack Harris (1) uncuffed by Mert Diler (22)
[30/08/22] [15:42:32] Jack Harris (1) Kişinin kelepçeleri Mert Diler (22) tarafından çıkarıldı.
[30/08/22] [15:52:36] Fuat Kocaeli (5) Kişinin kelepçeleri Mert Diler (22) tarafından çıkarıldı.
[30/08/22] [15:59:43] Fuat Kocaeli (5) Kişinin kelepçeleri Mert Diler (22) tarafından çıkarıldı.
[30/08/22] [16:40:06] Abbas Devir (17) Kişinin kelepçeleri Mert Diler (22) tarafından çıkarıldı.
[30/08/22] [16:40:52] Mert Diler (22) Kişinin kelepçeleri Abbas Devir (17) tarafından çıkarıldı.
[30/08/22] [16:43:18] Jack Harris (1) Kişinin kelepçeleri Abbas Devir (17) tarafından çıkarıldı.
