[06/11/21] [17:36:39] listening on 1222
[06/11/21] [17:48:39] listening on 1222
[06/11/21] [17:58:05] listening on 1222
[06/11/21] [18:15:31] listening on 1222
[06/11/21] [18:24:03] listening on 1222
[06/11/21] [18:43:30] listening on 1222
[06/11/21] [18:56:03] listening on 1222
[06/11/21] [19:01:41] listening on 1222
[06/11/21] [19:05:27] listening on 1222
[06/11/21] [19:06:25] listening on 1222
[06/11/21] [19:06:39] listening on 1222
[09/11/21] [13:35:31] listening on 1222
[07/08/22] [16:10:26] WeirdNewbie call web:socket with 3400 | 194.15.154.250 | nONbuGwEXZ0LpNMxXiKhd60jY | false
[07/08/22] [16:10:26] DarGeldiSanaAnkara call web:socket with 3400 | 194.15.154.250 | rj3ZoBVwBwgG1dqiptvCn09gJ | false
[07/08/22] [16:10:34] WeirdNewbie call web:socket with 3400 | 194.15.154.250 | toSQf6e0z2liwy7UDkYJiI3QN | false
[07/08/22] [19:26:35] DarGeldiSanaAnkara call web:socket with 3400 | 194.15.154.250 | Ogx73BjnvZXSxSZXa8WJwiKb0 | false
[07/08/22] [19:26:35] WeirdNewbie call web:socket with 3400 | 194.15.154.250 | xsLNkQGp7TY1ehOeTWBLF6bPz | false
[09/08/22] [16:29:58] listening on 1222
[09/08/22] [16:35:02] listening on 1222
[09/08/22] [16:59:35] listening on 1222
[09/08/22] [17:22:26] listening on 1222
[09/08/22] [17:26:58] listening on 1222
[09/08/22] [17:36:13] listening on 1222
[09/08/22] [17:38:12] listening on 1222
[09/08/22] [17:51:43] listening on 1222
[09/08/22] [17:54:32] listening on 1222
[09/08/22] [17:58:22] listening on 1222
[09/08/22] [18:01:57] listening on 1222
[09/08/22] [18:29:27] listening on 1222
[09/08/22] [18:43:58] listening on 1222
[09/08/22] [18:54:06] listening on 1222
[10/08/22] [12:15:11] listening on 1222
[10/08/22] [14:36:41] listening on 1222
[10/08/22] [14:51:37] listening on 1222
[10/08/22] [15:21:07] listening on 1222
[10/08/22] [16:14:29] listening on 1222
[10/08/22] [16:19:11] listening on 1222
[10/08/22] [19:46:53] listening on 1222
[10/08/22] [20:59:50] listening on 1222
[10/08/22] [21:42:18] listening on 1222
[10/08/22] [21:49:21] listening on 1222
[10/08/22] [22:41:56] listening on 1222
[10/08/22] [22:49:26] listening on 1222
[11/08/22] [00:07:03] listening on 1222
[11/08/22] [00:10:19] listening on 1222
[11/08/22] [00:28:39] listening on 1222
[11/08/22] [00:35:13] listening on 1222
[11/08/22] [00:43:50] listening on 1222
[11/08/22] [00:46:54] listening on 1222
[11/08/22] [01:13:21] listening on 1222
[11/08/22] [01:27:07] listening on 1222
[11/08/22] [01:35:26] listening on 1222
[11/08/22] [01:48:10] listening on 1222
[11/08/22] [01:52:05] listening on 1222
[11/08/22] [01:55:18] listening on 1222
[11/08/22] [02:05:51] listening on 1222
[11/08/22] [02:37:37] listening on 1222
[11/08/22] [02:52:24] listening on 1222
[11/08/22] [04:12:01] listening on 1222
[11/08/22] [13:12:45] listening on 1222
[11/08/22] [14:18:03] listening on 1222
[11/08/22] [14:31:30] listening on 1222
[11/08/22] [14:41:14] listening on 1222
[11/08/22] [14:58:20] listening on 1222
[11/08/22] [16:41:58] listening on 1222
[11/08/22] [16:54:20] listening on 1222
[11/08/22] [17:53:15] listening on 1222
[11/08/22] [18:19:16] listening on 1222
[11/08/22] [19:30:33] listening on 1222
[12/08/22] [00:55:10] listening on 1222
[12/08/22] [01:18:45] listening on 1222
[12/08/22] [01:36:43] listening on 1222
[12/08/22] [01:44:39] listening on 1222
[12/08/22] [01:46:34] listening on 1222
[12/08/22] [01:52:57] listening on 1222
[12/08/22] [01:58:44] listening on 1222
[12/08/22] [02:00:43] listening on 1222
[12/08/22] [02:03:13] listening on 1222
[12/08/22] [02:13:10] listening on 1222
[12/08/22] [02:27:21] listening on 1222
[12/08/22] [02:31:35] listening on 1222
[12/08/22] [02:34:05] listening on 1222
[12/08/22] [03:20:09] listening on 1222
[12/08/22] [13:25:35] listening on 1222
[12/08/22] [14:10:49] listening on 1222
[12/08/22] [14:42:37] listening on 1222
[12/08/22] [15:00:28] listening on 1222
[12/08/22] [15:07:47] listening on 1222
[12/08/22] [15:41:32] listening on 1222
[12/08/22] [15:48:04] listening on 1222
[12/08/22] [16:37:53] listening on 1222
[12/08/22] [16:52:11] listening on 1222
[12/08/22] [17:03:32] listening on 1222
[12/08/22] [17:05:03] listening on 1222
[12/08/22] [17:05:22] listening on 1222
[12/08/22] [17:11:31] listening on 1222
[12/08/22] [17:16:03] listening on 1222
[12/08/22] [17:19:23] listening on 1222
[12/08/22] [17:29:38] listening on 1222
[12/08/22] [18:44:04] listening on 1222
[12/08/22] [18:55:21] listening on 1222
[12/08/22] [21:15:21] listening on 1222
[12/08/22] [22:39:28] listening on 1222
[12/08/22] [23:05:50] listening on 1222
[12/08/22] [23:11:27] listening on 1222
[12/08/22] [23:24:34] listening on 1222
[12/08/22] [23:32:49] listening on 1222
[12/08/22] [23:51:10] listening on 1222
[13/08/22] [00:03:50] listening on 1222
[13/08/22] [00:11:09] listening on 1222
[13/08/22] [00:23:08] listening on 1222
[13/08/22] [00:42:40] listening on 1222
[13/08/22] [00:45:58] listening on 1222
[13/08/22] [00:50:07] listening on 1222
[13/08/22] [01:16:53] listening on 1222
[13/08/22] [01:39:22] listening on 1222
[13/08/22] [01:44:00] listening on 1222
[13/08/22] [01:48:12] listening on 1222
[13/08/22] [01:55:28] listening on 1222
[13/08/22] [01:59:59] listening on 1222
[13/08/22] [02:06:17] listening on 1222
[13/08/22] [02:16:39] listening on 1222
[13/08/22] [02:23:49] listening on 1222
[13/08/22] [03:32:31] listening on 1222
[13/08/22] [03:37:38] listening on 1222
[13/08/22] [03:49:51] listening on 1222
[13/08/22] [03:53:11] listening on 1222
[13/08/22] [04:04:46] listening on 1222
[13/08/22] [04:08:51] listening on 1222
[13/08/22] [12:06:30] listening on 1222
[13/08/22] [13:10:04] listening on 1222
[13/08/22] [17:39:56] listening on 1222
[13/08/22] [18:36:29] listening on 1222
[13/08/22] [18:44:26] listening on 1222
[13/08/22] [18:52:46] listening on 1222
[13/08/22] [19:04:00] listening on 1222
[13/08/22] [19:07:41] listening on 1222
[13/08/22] [19:13:43] listening on 1222
[13/08/22] [19:28:37] listening on 1222
[13/08/22] [20:04:31] listening on 1222
[13/08/22] [20:12:00] listening on 1222
[13/08/22] [20:15:00] listening on 1222
[14/08/22] [05:52:00] listening on 1222
[14/08/22] [05:58:00] listening on 1222
[14/08/22] [11:37:40] listening on 1222
[14/08/22] [11:49:43] listening on 1222
[14/08/22] [12:14:01] listening on 1222
[14/08/22] [12:44:35] listening on 1222
[14/08/22] [18:27:26] listening on 1222
[14/08/22] [19:17:09] listening on 1222
[14/08/22] [20:35:51] listening on 1222
[14/08/22] [20:52:20] listening on 1222
[14/08/22] [21:07:15] listening on 1222
[14/08/22] [21:14:21] listening on 1222
[14/08/22] [21:17:05] listening on 1222
[14/08/22] [21:25:15] listening on 1222
[14/08/22] [21:32:18] listening on 1222
[14/08/22] [21:38:22] listening on 1222
[14/08/22] [22:21:03] listening on 1222
[15/08/22] [00:44:55] listening on 1222
[15/08/22] [01:00:26] listening on 1222
[15/08/22] [01:03:15] listening on 1222
[15/08/22] [01:06:01] listening on 1222
[15/08/22] [01:08:39] listening on 1222
[15/08/22] [01:18:39] listening on 1222
[15/08/22] [01:26:42] listening on 1222
[15/08/22] [03:37:15] listening on 1222
[15/08/22] [03:40:01] listening on 1222
[15/08/22] [12:52:59] listening on 1222
[15/08/22] [13:46:52] listening on 1222
[15/08/22] [23:42:14] listening on 1222
[16/08/22] [00:23:43] listening on 1222
[16/08/22] [02:26:14] listening on 1222
[16/08/22] [15:53:44] listening on 1222
[16/08/22] [15:58:24] listening on 1222
[16/08/22] [16:21:22] listening on 1222
[16/08/22] [16:27:22] listening on 1222
[16/08/22] [16:35:15] listening on 1222
[16/08/22] [16:38:29] listening on 1222
[16/08/22] [16:40:32] listening on 1222
[16/08/22] [19:28:29] listening on 1222
[16/08/22] [20:22:16] listening on 1222
[16/08/22] [20:47:14] listening on 1222
[16/08/22] [20:54:46] listening on 1222
[16/08/22] [20:58:32] listening on 1222
[17/08/22] [02:40:07] listening on 1222
[17/08/22] [02:53:14] listening on 1222
[17/08/22] [19:12:49] listening on 1222
[17/08/22] [19:28:52] listening on 1222
[17/08/22] [20:10:55] listening on 1222
[17/08/22] [20:11:43] listening on 1222
[17/08/22] [21:04:54] listening on 1222
[17/08/22] [21:07:31] listening on 1222
[17/08/22] [21:09:47] listening on 1222
[17/08/22] [21:51:34] listening on 1222
[17/08/22] [21:53:21] listening on 1222
[17/08/22] [21:54:13] listening on 1222
[17/08/22] [23:20:38] listening on 1222
[17/08/22] [23:28:37] listening on 1222
[17/08/22] [23:46:29] listening on 1222
[17/08/22] [23:58:07] listening on 1222
[18/08/22] [00:55:48] listening on 1222
[18/08/22] [01:11:38] listening on 1222
[18/08/22] [02:35:11] listening on 1222
[18/08/22] [02:37:44] listening on 1222
[18/08/22] [02:38:58] listening on 1222
[18/08/22] [02:44:18] listening on 1222
[18/08/22] [05:47:16] listening on 1222
[18/08/22] [14:02:14] listening on 1222
[18/08/22] [14:15:07] listening on 1222
[18/08/22] [14:26:13] listening on 1222
[18/08/22] [14:29:07] listening on 1222
[18/08/22] [17:45:42] listening on 1222
[18/08/22] [18:57:02] listening on 1222
[18/08/22] [19:02:17] listening on 1222
[18/08/22] [19:05:13] listening on 1222
[18/08/22] [19:05:27] listening on 1222
[18/08/22] [19:08:37] listening on 1222
[18/08/22] [19:21:58] listening on 1222
[18/08/22] [19:34:08] listening on 1222
[18/08/22] [19:43:05] listening on 1222
[18/08/22] [19:46:48] listening on 1222
[18/08/22] [19:54:36] listening on 1222
[18/08/22] [21:11:12] listening on 1222
[18/08/22] [21:17:41] listening on 1222
[18/08/22] [21:40:23] listening on 1222
[18/08/22] [23:05:16] listening on 1222
[18/08/22] [23:30:54] listening on 1222
[19/08/22] [20:09:24] listening on 1222
[20/08/22] [01:02:46] listening on 1222
[20/08/22] [01:08:30] listening on 1222
[20/08/22] [01:20:42] listening on 1222
[20/08/22] [01:33:10] listening on 1222
[20/08/22] [01:36:39] listening on 1222
[20/08/22] [01:36:54] listening on 1222
[20/08/22] [02:15:23] listening on 1222
[20/08/22] [02:19:13] listening on 1222
[20/08/22] [02:22:24] listening on 1222
[20/08/22] [13:23:37] listening on 1222
[20/08/22] [16:38:29] listening on 1222
[20/08/22] [18:24:45] listening on 1222
[20/08/22] [23:58:24] listening on 1222
[21/08/22] [15:29:38] listening on 1222
[21/08/22] [16:12:38] listening on 1222
[21/08/22] [16:15:52] listening on 1222
[21/08/22] [16:18:24] listening on 1222
[21/08/22] [16:43:51] listening on 1222
[21/08/22] [16:45:55] listening on 1222
[21/08/22] [17:15:11] listening on 1222
[21/08/22] [21:49:01] listening on 1222
[21/08/22] [21:59:31] listening on 1222
[21/08/22] [22:30:13] listening on 1222
[21/08/22] [22:47:12] listening on 1222
[21/08/22] [23:04:30] listening on 1222
[21/08/22] [23:10:08] listening on 1222
[21/08/22] [23:11:38] listening on 1222
[22/08/22] [02:05:18] listening on 1222
[22/08/22] [03:49:14] listening on 1222
[22/08/22] [20:45:53] listening on 1222
[23/08/22] [01:02:51] listening on 1222
[23/08/22] [03:03:38] listening on 1222
[23/08/22] [03:11:44] listening on 1222
[23/08/22] [03:25:26] listening on 1222
[23/08/22] [03:36:26] listening on 1222
[23/08/22] [03:38:39] listening on 1222
[23/08/22] [12:13:34] listening on 1222
[23/08/22] [12:29:58] listening on 1222
[23/08/22] [12:34:23] listening on 1222
[23/08/22] [13:15:08] listening on 1222
[24/08/22] [00:41:03] listening on 1222
[24/08/22] [02:47:02] listening on 1222
[24/08/22] [03:17:43] listening on 1222
[24/08/22] [03:23:02] listening on 1222
[24/08/22] [03:27:52] listening on 1222
[24/08/22] [03:49:01] listening on 1222
[24/08/22] [04:05:19] listening on 1222
[24/08/22] [16:48:56] listening on 1222
[24/08/22] [16:59:39] listening on 1222
[24/08/22] [17:18:53] listening on 1222
[24/08/22] [17:19:49] listening on 1222
[24/08/22] [18:38:24] listening on 1222
[24/08/22] [18:49:37] listening on 1222
[24/08/22] [19:05:29] listening on 1222
[24/08/22] [19:16:29] listening on 1222
[24/08/22] [19:31:11] listening on 1222
[24/08/22] [19:32:04] listening on 1222
[24/08/22] [22:37:09] listening on 1222
[24/08/22] [23:14:02] listening on 1222
[25/08/22] [00:09:21] listening on 1222
[25/08/22] [00:10:03] listening on 1222
[25/08/22] [00:37:08] listening on 1222
[25/08/22] [19:10:14] listening on 1222
[25/08/22] [19:19:32] listening on 1222
[25/08/22] [20:12:08] listening on 1222
[25/08/22] [20:16:50] listening on 1222
[25/08/22] [20:18:36] listening on 1222
[25/08/22] [20:23:56] listening on 1222
[25/08/22] [20:30:59] listening on 1222
[25/08/22] [20:38:54] listening on 1222
[25/08/22] [20:49:31] listening on 1222
[25/08/22] [21:17:07] listening on 1222
[25/08/22] [21:21:40] listening on 1222
[25/08/22] [21:28:24] listening on 1222
[25/08/22] [21:42:11] listening on 1222
[25/08/22] [21:46:17] listening on 1222
[25/08/22] [21:49:48] listening on 1222
[25/08/22] [21:52:04] listening on 1222
[25/08/22] [21:57:10] listening on 1222
[25/08/22] [22:01:20] listening on 1222
[26/08/22] [20:26:58] listening on 1222
[26/08/22] [22:23:10] listening on 1222
[27/08/22] [04:02:23] listening on 1222
[27/08/22] [04:05:37] listening on 1222
[27/08/22] [04:26:03] listening on 1222
[27/08/22] [04:33:27] listening on 1222
[28/08/22] [21:42:30] listening on 1222
[28/08/22] [22:14:32] listening on 1222
[28/08/22] [22:25:45] listening on 1222
[28/08/22] [22:33:06] listening on 1222
[28/08/22] [22:36:47] listening on 1222
[28/08/22] [22:40:39] listening on 1222
[28/08/22] [22:44:54] listening on 1222
[28/08/22] [22:51:32] listening on 1222
[28/08/22] [23:13:48] listening on 1222
[28/08/22] [23:21:27] listening on 1222
[28/08/22] [23:24:30] listening on 1222
[29/08/22] [16:42:57] listening on 1222
[29/08/22] [17:44:00] listening on 1222
[29/08/22] [18:05:26] listening on 1222
[29/08/22] [18:08:16] listening on 1222
[29/08/22] [21:46:41] listening on 1222
[29/08/22] [21:52:44] listening on 1222
[29/08/22] [22:04:30] listening on 1222
[29/08/22] [22:07:38] listening on 1222
[29/08/22] [22:15:20] listening on 1222
[29/08/22] [22:20:15] listening on 1222
[29/08/22] [22:30:12] listening on 1222
[29/08/22] [22:33:09] listening on 1222
[29/08/22] [22:35:04] listening on 1222
[29/08/22] [22:39:59] listening on 1222
[29/08/22] [22:43:57] listening on 1222
[29/08/22] [23:13:28] listening on 1222
[29/08/22] [23:32:44] listening on 1222
[30/08/22] [00:20:05] listening on 1222
[30/08/22] [00:28:22] listening on 1222
[30/08/22] [00:39:31] listening on 1222
[30/08/22] [02:22:01] listening on 1222
[30/08/22] [02:24:05] listening on 1222
[30/08/22] [02:30:01] listening on 1222
[30/08/22] [02:55:55] listening on 1222
[30/08/22] [02:56:57] listening on 1222
[30/08/22] [03:00:15] listening on 1222
[30/08/22] [03:01:35] listening on 1222
[30/08/22] [03:04:01] listening on 1222
[30/08/22] [03:04:52] listening on 1222
[30/08/22] [03:15:02] listening on 1222
[30/08/22] [03:20:15] listening on 1222
[30/08/22] [03:24:03] listening on 1222
[30/08/22] [03:24:14] listening on 1222
[30/08/22] [03:31:20] listening on 1222
[30/08/22] [04:30:23] listening on 1222
[30/08/22] [04:34:26] listening on 1222
[30/08/22] [04:37:33] listening on 1222
[30/08/22] [17:02:59] listening on 1222
[30/08/22] [17:31:43] listening on 1222
[30/08/22] [17:33:42] listening on 1222
[30/08/22] [17:36:43] listening on 1222
[30/08/22] [17:38:57] listening on 1222
[30/08/22] [17:39:59] listening on 1222
[30/08/22] [17:41:21] listening on 1222
[30/08/22] [17:42:47] listening on 1222
[30/08/22] [17:45:06] listening on 1222
[30/08/22] [17:46:52] listening on 1222
[30/08/22] [17:47:42] listening on 1222
[30/08/22] [17:56:21] listening on 1222
[31/08/22] [01:35:09] listening on 1222
[31/08/22] [03:09:59] listening on 1222
[31/08/22] [03:25:03] listening on 1222
[31/08/22] [03:27:40] listening on 1222
[31/08/22] [03:29:27] listening on 1222
[31/08/22] [03:52:33] listening on 1222
[31/08/22] [03:54:53] listening on 1222
[31/08/22] [04:06:01] listening on 1222
[31/08/22] [04:07:47] listening on 1222
[31/08/22] [04:20:52] listening on 1222
[31/08/22] [04:21:54] listening on 1222
[31/08/22] [04:30:43] listening on 1222
[31/08/22] [04:34:04] listening on 1222
[31/08/22] [06:40:42] listening on 1222
[31/08/22] [06:55:29] listening on 1222
[31/08/22] [06:56:42] listening on 1222
[31/08/22] [07:12:20] listening on 1222
[31/08/22] [07:14:44] listening on 1222
[31/08/22] [07:48:45] listening on 1222
[31/08/22] [07:55:36] listening on 1222
[31/08/22] [07:57:00] listening on 1222
[31/08/22] [08:00:42] listening on 1222
[31/08/22] [08:09:12] listening on 1222
[31/08/22] [08:30:43] listening on 1222
[31/08/22] [08:33:40] listening on 1222
[31/08/22] [08:44:22] listening on 1222
[31/08/22] [08:49:55] listening on 1222
[31/08/22] [08:53:17] listening on 1222
[01/09/22] [03:11:00] listening on 1222
[01/09/22] [03:15:19] listening on 1222
[01/09/22] [03:30:20] listening on 1222
[01/09/22] [03:42:48] listening on 1222
[01/09/22] [18:38:58] listening on 1222
[01/09/22] [19:05:19] listening on 1222
[01/09/22] [19:07:53] listening on 1222
[01/09/22] [23:39:04] listening on 1222
[01/09/22] [23:43:12] listening on 1222
[02/09/22] [00:16:38] listening on 1222
[02/09/22] [00:17:26] listening on 1222
[02/09/22] [02:14:19] listening on 1222
[02/09/22] [02:18:58] listening on 1222
